[0.062s] Invoking command in 'C:\TCC-Autonomous-Ship\src\main_ws\src\build\path_following_interfaces': C:\Program Files\CMake\bin\cmake.EXE C:\TCC-Autonomous-Ship\src\main_ws\src\path_following_interfaces -DCMAKE_INSTALL_PREFIX=C:\TCC-Autonomous-Ship\src\main_ws\src\install -G Visual Studio 16 2019
[0.078s] -- Selecting Windows SDK version 10.0.19041.0 to target Windows 10.0.19042.
[1.344s] -- The C compiler identification is MSVC 19.29.30133.0
[2.031s] -- The CXX compiler identification is MSVC 19.29.30133.0
[2.094s] -- Detecting C compiler ABI info
[2.797s] -- Detecting C compiler ABI info - done
[2.797s] -- Check for working C compiler: C:/Program Files (x86)/Microsoft Visual Studio/2019/Community/VC/Tools/MSVC/14.29.30133/bin/Hostx64/x64/cl.exe - skipped
[2.797s] -- Detecting C compile features
[2.797s] -- Detecting C compile features - done
[2.812s] -- Detecting CXX compiler ABI info
[3.437s] -- Detecting CXX compiler ABI info - done
[3.437s] -- Check for working CXX compiler: C:/Program Files (x86)/Microsoft Visual Studio/2019/Community/VC/Tools/MSVC/14.29.30133/bin/Hostx64/x64/cl.exe - skipped
[3.437s] -- Detecting CXX compile features
[3.453s] -- Detecting CXX compile features - done
[3.453s] -- Found ament_cmake: 1.1.4 (C:/dev/ros2_galactic/install/share/ament_cmake/cmake)
[3.594s] -- Found PythonInterp: C:/Users/phmar/AppData/Local/Programs/Python/Python36/python.exe (found suitable version "3.6.8", minimum required is "3") 
[3.594s] -- Using PYTHON_EXECUTABLE: C:/Users/phmar/AppData/Local/Programs/Python/Python36/python.exe
[3.844s] -- Found rosidl_default_generators: 1.1.1 (C:/dev/ros2_galactic/install/share/rosidl_default_generators/cmake)
[3.844s] -- Using all available rosidl_typesupport_c: rosidl_typesupport_fastrtps_c;rosidl_typesupport_introspection_c
[3.875s] -- Found rosidl_adapter: 2.2.1 (C:/dev/ros2_galactic/install/share/rosidl_adapter/cmake)
[4.140s] -- Found FastRTPS: C:/dev/ros2_galactic/install/include  
[4.250s] -- Using all available rosidl_typesupport_cpp: rosidl_typesupport_fastrtps_cpp;rosidl_typesupport_introspection_cpp
[4.390s] -- Found PythonInterp: C:/Users/phmar/AppData/Local/Programs/Python/Python36/python.exe (found version "3.6.8") 
[4.672s] -- Found ament_cmake_ros: 0.9.2 (C:/dev/ros2_galactic/install/share/ament_cmake_ros/cmake)
[4.812s] -- Using all available rosidl_typesupport_c: rosidl_typesupport_fastrtps_c;rosidl_typesupport_introspection_c
[4.844s] -- Using all available rosidl_typesupport_cpp: rosidl_typesupport_fastrtps_cpp;rosidl_typesupport_introspection_cpp
[4.890s] -- Found PythonInterp: C:/Users/phmar/AppData/Local/Programs/Python/Python36/python.exe (found suitable version "3.6.8", minimum required is "3.5") 
[4.906s] -- Found python_cmake_module: 0.8.1 (C:/dev/ros2_galactic/install/share/python_cmake_module/cmake)
[4.969s] -- Found PythonLibs: C:/Users/phmar/AppData/Local/Programs/Python/Python36/libs/python36.lib (found suitable version "3.6.8", minimum required is "3.5") 
[4.969s] -- Using PYTHON_EXECUTABLE: C:/Users/phmar/AppData/Local/Programs/Python/Python36/python.exe
[4.969s] -- Using PYTHON_INCLUDE_DIRS: C:/Users/phmar/AppData/Local/Programs/Python/Python36/include
[4.969s] -- Using PYTHON_LIBRARIES: C:/Users/phmar/AppData/Local/Programs/Python/Python36/libs/python36.lib
[5.015s] -- Found PythonExtra: .pyd  
[5.297s] -- Using numpy include directory: C:\Users\phmar\AppData\Local\Programs\Python\Python36\lib\site-packages\numpy\core\include
[5.312s] -- Found ament_lint_auto: 0.10.6 (C:/dev/ros2_galactic/install/share/ament_lint_auto/cmake)
[5.453s] -- Added test 'copyright' to check source files copyright and LICENSE
[5.469s] -- Added test 'lint_cmake' to check CMake code style
[5.500s] -- Added test 'xmllint' to check XML markup files
[5.594s] -- Configuring done
[6.078s] -- Generating done
[6.094s] -- Build files have been written to: C:/TCC-Autonomous-Ship/src/main_ws/src/build/path_following_interfaces
[6.094s] Invoked command in 'C:\TCC-Autonomous-Ship\src\main_ws\src\build\path_following_interfaces' returned '0': C:\Program Files\CMake\bin\cmake.EXE C:\TCC-Autonomous-Ship\src\main_ws\src\path_following_interfaces -DCMAKE_INSTALL_PREFIX=C:\TCC-Autonomous-Ship\src\main_ws\src\install -G Visual Studio 16 2019
[6.094s] Invoking command in 'C:\TCC-Autonomous-Ship\src\main_ws\src\build\path_following_interfaces': CL=/MP C:\Program Files\CMake\bin\cmake.EXE --build C:\TCC-Autonomous-Ship\src\main_ws\src\build\path_following_interfaces --config Release
[6.203s] Microsoft (R) Build Engine version 16.11.0+0538acc04 for .NET Framework
[6.203s] Copyright (C) Microsoft Corporation. All rights reserved.
[6.203s] 
[6.531s]   Checking Build System
[6.703s]   Generating C++ code for ROS interfaces
[7.500s]   Building Custom Rule C:/TCC-Autonomous-Ship/src/main_ws/src/path_following_interfaces/CMakeLists.txt
[7.625s]   Generating C code for ROS interfaces
[8.437s]   Building Custom Rule C:/TCC-Autonomous-Ship/src/main_ws/src/path_following_interfaces/CMakeLists.txt
[8.594s]   position__functions.c
[8.594s]   velocity__functions.c
[8.594s]   state__functions.c
[8.594s]   positions_xy__functions.c
[8.594s]   waypoints__functions.c
[8.594s]   control__functions.c
[8.594s]   init_values__functions.c
[8.750s]      Creating library C:/TCC-Autonomous-Ship/src/main_ws/src/build/path_following_interfaces/Release/path_following_interfaces__rosidl_generator_c.lib and object C:/TCC-Autonomous-Ship/src/main_ws/src/build/path_following_interfaces/Release/path_following_interfaces__rosidl_generator_c.exp
[8.828s]   path_following_interfaces__rosidl_generator_c.vcxproj -> C:\TCC-Autonomous-Ship\src\main_ws\src\build\path_following_interfaces\Release\path_following_interfaces__rosidl_generator_c.dll
[8.890s]   Generating C type support dispatch for ROS interfaces
[9.453s]   Building Custom Rule C:/TCC-Autonomous-Ship/src/main_ws/src/path_following_interfaces/CMakeLists.txt
[9.562s]   position__type_support.cpp
[9.562s]   velocity__type_support.cpp
[9.562s]   state__type_support.cpp
[9.562s]   positions_xy__type_support.cpp
[9.562s]   waypoints__type_support.cpp
[9.562s]   control__type_support.cpp
[9.562s]   init_values__type_support.cpp
[9.703s]      Creating library C:/TCC-Autonomous-Ship/src/main_ws/src/build/path_following_interfaces/Release/path_following_interfaces__rosidl_typesupport_c.lib and object C:/TCC-Autonomous-Ship/src/main_ws/src/build/path_following_interfaces/Release/path_following_interfaces__rosidl_typesupport_c.exp
[9.765s]   path_following_interfaces__rosidl_typesupport_c.vcxproj -> C:\TCC-Autonomous-Ship\src\main_ws\src\build\path_following_interfaces\Release\path_following_interfaces__rosidl_typesupport_c.dll
[9.828s]   Generating C++ type support dispatch for ROS interfaces
[10.422s]   Building Custom Rule C:/TCC-Autonomous-Ship/src/main_ws/src/path_following_interfaces/CMakeLists.txt
[10.547s]   position__type_support.cpp
[10.547s]   velocity__type_support.cpp
[10.547s]   state__type_support.cpp
[10.547s]   positions_xy__type_support.cpp
[10.547s]   waypoints__type_support.cpp
[10.547s]   control__type_support.cpp
[10.547s]   init_values__type_support.cpp
[10.906s]      Creating library C:/TCC-Autonomous-Ship/src/main_ws/src/build/path_following_interfaces/Release/path_following_interfaces__rosidl_typesupport_cpp.lib and object C:/TCC-Autonomous-Ship/src/main_ws/src/build/path_following_interfaces/Release/path_following_interfaces__rosidl_typesupport_cpp.exp
[10.969s]   path_following_interfaces__rosidl_typesupport_cpp.vcxproj -> C:\TCC-Autonomous-Ship\src\main_ws\src\build\path_following_interfaces\Release\path_following_interfaces__rosidl_typesupport_cpp.dll
[11.062s]   Generating C++ type support for eProsima Fast-RTPS
[11.781s]   Building Custom Rule C:/TCC-Autonomous-Ship/src/main_ws/src/path_following_interfaces/CMakeLists.txt
[11.906s]   position__type_support.cpp
[11.906s]   velocity__type_support.cpp
[11.906s]   state__type_support.cpp
[11.906s]   positions_xy__type_support.cpp
[11.906s]   waypoints__type_support.cpp
[11.906s]   control__type_support.cpp
[11.906s]   init_values__type_support.cpp
[12.515s]      Creating library C:/TCC-Autonomous-Ship/src/main_ws/src/build/path_following_interfaces/Release/path_following_interfaces__rosidl_typesupport_fastrtps_cpp.lib and object C:/TCC-Autonomous-Ship/src/main_ws/src/build/path_following_interfaces/Release/path_following_interfaces__rosidl_typesupport_fastrtps_cpp.exp
[12.578s]   path_following_interfaces__rosidl_typesupport_fastrtps_cpp.vcxproj -> C:\TCC-Autonomous-Ship\src\main_ws\src\build\path_following_interfaces\Release\path_following_interfaces__rosidl_typesupport_fastrtps_cpp.dll
[12.609s]   Generating C type support for eProsima Fast-RTPS
[13.344s]   Building Custom Rule C:/TCC-Autonomous-Ship/src/main_ws/src/path_following_interfaces/CMakeLists.txt
[13.453s]   position__type_support_c.cpp
[13.453s]   velocity__type_support_c.cpp
[13.453s]   state__type_support_c.cpp
[13.453s]   positions_xy__type_support_c.cpp
[13.453s]   waypoints__type_support_c.cpp
[13.453s]   control__type_support_c.cpp
[13.453s]   init_values__type_support_c.cpp
[14.094s]      Creating library C:/TCC-Autonomous-Ship/src/main_ws/src/build/path_following_interfaces/Release/path_following_interfaces__rosidl_typesupport_fastrtps_c.lib and object C:/TCC-Autonomous-Ship/src/main_ws/src/build/path_following_interfaces/Release/path_following_interfaces__rosidl_typesupport_fastrtps_c.exp
[14.172s]   path_following_interfaces__rosidl_typesupport_fastrtps_c.vcxproj -> C:\TCC-Autonomous-Ship\src\main_ws\src\build\path_following_interfaces\Release\path_following_interfaces__rosidl_typesupport_fastrtps_c.dll
[14.281s]   Generating C introspection for ROS interfaces
[15.094s]   Building Custom Rule C:/TCC-Autonomous-Ship/src/main_ws/src/path_following_interfaces/CMakeLists.txt
[15.203s]   position__type_support.c
[15.203s]   velocity__type_support.c
[15.203s]   state__type_support.c
[15.203s]   positions_xy__type_support.c
[15.203s]   waypoints__type_support.c
[15.203s]   control__type_support.c
[15.203s]   init_values__type_support.c
[15.328s]      Creating library C:/TCC-Autonomous-Ship/src/main_ws/src/build/path_following_interfaces/Release/path_following_interfaces__rosidl_typesupport_introspection_c.lib and object C:/TCC-Autonomous-Ship/src/main_ws/src/build/path_following_interfaces/Release/path_following_interfaces__rosidl_typesupport_introspection_c.exp
[15.406s]   path_following_interfaces__rosidl_typesupport_introspection_c.vcxproj -> C:\TCC-Autonomous-Ship\src\main_ws\src\build\path_following_interfaces\Release\path_following_interfaces__rosidl_typesupport_introspection_c.dll
[15.453s]   Generating C++ introspection for ROS interfaces
[16.094s]   Building Custom Rule C:/TCC-Autonomous-Ship/src/main_ws/src/path_following_interfaces/CMakeLists.txt
[16.219s]   position__type_support.cpp
[16.219s]   velocity__type_support.cpp
[16.219s]   state__type_support.cpp
[16.219s]   positions_xy__type_support.cpp
[16.219s]   waypoints__type_support.cpp
[16.219s]   control__type_support.cpp
[16.219s]   init_values__type_support.cpp
[16.687s]      Creating library C:/TCC-Autonomous-Ship/src/main_ws/src/build/path_following_interfaces/Release/path_following_interfaces__rosidl_typesupport_introspection_cpp.lib and object C:/TCC-Autonomous-Ship/src/main_ws/src/build/path_following_interfaces/Release/path_following_interfaces__rosidl_typesupport_introspection_cpp.exp
[16.750s]   path_following_interfaces__rosidl_typesupport_introspection_cpp.vcxproj -> C:\TCC-Autonomous-Ship\src\main_ws\src\build\path_following_interfaces\Release\path_following_interfaces__rosidl_typesupport_introspection_cpp.dll
[16.781s]   Building Custom Rule C:/TCC-Autonomous-Ship/src/main_ws/src/path_following_interfaces/CMakeLists.txt
[16.937s]   Generating Python code for ROS interfaces
[18.422s]   Building Custom Rule C:/TCC-Autonomous-Ship/src/main_ws/src/build/path_following_interfaces/path_following_interfaces__py/CMakeLists.txt
[18.484s]   Building Custom Rule C:/TCC-Autonomous-Ship/src/main_ws/src/path_following_interfaces/CMakeLists.txt
[18.594s]   _position_s.c
[18.594s]   _velocity_s.c
[18.594s]   _state_s.c
[18.594s]   _positions_xy_s.c
[18.594s]   _waypoints_s.c
[18.594s]   _control_s.c
[18.594s]   _init_values_s.c
[18.828s]      Creating library C:/TCC-Autonomous-Ship/src/main_ws/src/build/path_following_interfaces/Release/path_following_interfaces__python.lib and object C:/TCC-Autonomous-Ship/src/main_ws/src/build/path_following_interfaces/Release/path_following_interfaces__python.exp
[18.875s]   path_following_interfaces__python.vcxproj -> C:\TCC-Autonomous-Ship\src\main_ws\src\build\path_following_interfaces\rosidl_generator_py\path_following_interfaces\path_following_interfaces__python.dll
[18.953s]   Building Custom Rule C:/TCC-Autonomous-Ship/src/main_ws/src/path_following_interfaces/CMakeLists.txt
[19.047s]   _path_following_interfaces_s.ep.rosidl_typesupport_c.c
[19.187s]      Creating library C:/TCC-Autonomous-Ship/src/main_ws/src/build/path_following_interfaces/Release/path_following_interfaces_s__rosidl_typesupport_c.lib and object C:/TCC-Autonomous-Ship/src/main_ws/src/build/path_following_interfaces/Release/path_following_interfaces_s__rosidl_typesupport_c.exp
[19.250s]   path_following_interfaces__rosidl_typesupport_c__pyext.vcxproj -> C:\TCC-Autonomous-Ship\src\main_ws\src\build\path_following_interfaces\rosidl_generator_py\path_following_interfaces\path_following_interfaces_s__rosidl_typesupport_c.pyd
[19.328s]   Building Custom Rule C:/TCC-Autonomous-Ship/src/main_ws/src/path_following_interfaces/CMakeLists.txt
[19.422s]   _path_following_interfaces_s.ep.rosidl_typesupport_fastrtps_c.c
[19.578s]      Creating library C:/TCC-Autonomous-Ship/src/main_ws/src/build/path_following_interfaces/Release/path_following_interfaces_s__rosidl_typesupport_fastrtps_c.lib and object C:/TCC-Autonomous-Ship/src/main_ws/src/build/path_following_interfaces/Release/path_following_interfaces_s__rosidl_typesupport_fastrtps_c.exp
[19.640s]   path_following_interfaces__rosidl_typesupport_fastrtps_c__pyext.vcxproj -> C:\TCC-Autonomous-Ship\src\main_ws\src\build\path_following_interfaces\rosidl_generator_py\path_following_interfaces\path_following_interfaces_s__rosidl_typesupport_fastrtps_c.pyd
[19.703s]   Building Custom Rule C:/TCC-Autonomous-Ship/src/main_ws/src/path_following_interfaces/CMakeLists.txt
[19.781s]   _path_following_interfaces_s.ep.rosidl_typesupport_introspection_c.c
[19.953s]      Creating library C:/TCC-Autonomous-Ship/src/main_ws/src/build/path_following_interfaces/Release/path_following_interfaces_s__rosidl_typesupport_introspection_c.lib and object C:/TCC-Autonomous-Ship/src/main_ws/src/build/path_following_interfaces/Release/path_following_interfaces_s__rosidl_typesupport_introspection_c.exp
[20.000s]   path_following_interfaces__rosidl_typesupport_introspection_c__pyext.vcxproj -> C:\TCC-Autonomous-Ship\src\main_ws\src\build\path_following_interfaces\rosidl_generator_py\path_following_interfaces\path_following_interfaces_s__rosidl_typesupport_introspection_c.pyd
[20.047s]   Building Custom Rule C:/TCC-Autonomous-Ship/src/main_ws/src/path_following_interfaces/CMakeLists.txt
[20.109s] Invoked command in 'C:\TCC-Autonomous-Ship\src\main_ws\src\build\path_following_interfaces' returned '0': CL=/MP C:\Program Files\CMake\bin\cmake.EXE --build C:\TCC-Autonomous-Ship\src\main_ws\src\build\path_following_interfaces --config Release
[20.125s] Invoking command in 'C:\TCC-Autonomous-Ship\src\main_ws\src\build\path_following_interfaces': C:\Program Files\CMake\bin\cmake.EXE --install C:\TCC-Autonomous-Ship\src\main_ws\src\build\path_following_interfaces --config Release
[20.156s] -- Installing: C:/TCC-Autonomous-Ship/src/main_ws/src/install/share/ament_index/resource_index/rosidl_interfaces/path_following_interfaces
[20.156s] -- Installing: C:/TCC-Autonomous-Ship/src/main_ws/src/install/include/path_following_interfaces
[20.156s] -- Installing: C:/TCC-Autonomous-Ship/src/main_ws/src/install/include/path_following_interfaces/msg
[20.156s] -- Installing: C:/TCC-Autonomous-Ship/src/main_ws/src/install/include/path_following_interfaces/msg/control.h
[20.156s] -- Installing: C:/TCC-Autonomous-Ship/src/main_ws/src/install/include/path_following_interfaces/msg/detail
[20.156s] -- Installing: C:/TCC-Autonomous-Ship/src/main_ws/src/install/include/path_following_interfaces/msg/detail/control__functions.c
[20.172s] -- Installing: C:/TCC-Autonomous-Ship/src/main_ws/src/install/include/path_following_interfaces/msg/detail/control__functions.h
[20.172s] -- Installing: C:/TCC-Autonomous-Ship/src/main_ws/src/install/include/path_following_interfaces/msg/detail/control__struct.h
[20.172s] -- Installing: C:/TCC-Autonomous-Ship/src/main_ws/src/install/include/path_following_interfaces/msg/detail/control__type_support.h
[20.172s] -- Installing: C:/TCC-Autonomous-Ship/src/main_ws/src/install/include/path_following_interfaces/msg/detail/positions_xy__functions.c
[20.172s] -- Installing: C:/TCC-Autonomous-Ship/src/main_ws/src/install/include/path_following_interfaces/msg/detail/positions_xy__functions.h
[20.187s] -- Installing: C:/TCC-Autonomous-Ship/src/main_ws/src/install/include/path_following_interfaces/msg/detail/positions_xy__struct.h
[20.187s] -- Installing: C:/TCC-Autonomous-Ship/src/main_ws/src/install/include/path_following_interfaces/msg/detail/positions_xy__type_support.h
[20.187s] -- Installing: C:/TCC-Autonomous-Ship/src/main_ws/src/install/include/path_following_interfaces/msg/detail/position__functions.c
[20.187s] -- Installing: C:/TCC-Autonomous-Ship/src/main_ws/src/install/include/path_following_interfaces/msg/detail/position__functions.h
[20.203s] -- Installing: C:/TCC-Autonomous-Ship/src/main_ws/src/install/include/path_following_interfaces/msg/detail/position__struct.h
[20.203s] -- Installing: C:/TCC-Autonomous-Ship/src/main_ws/src/install/include/path_following_interfaces/msg/detail/position__type_support.h
[20.203s] -- Installing: C:/TCC-Autonomous-Ship/src/main_ws/src/install/include/path_following_interfaces/msg/detail/state__functions.c
[20.203s] -- Installing: C:/TCC-Autonomous-Ship/src/main_ws/src/install/include/path_following_interfaces/msg/detail/state__functions.h
[20.203s] -- Installing: C:/TCC-Autonomous-Ship/src/main_ws/src/install/include/path_following_interfaces/msg/detail/state__struct.h
[20.203s] -- Installing: C:/TCC-Autonomous-Ship/src/main_ws/src/install/include/path_following_interfaces/msg/detail/state__type_support.h
[20.203s] -- Installing: C:/TCC-Autonomous-Ship/src/main_ws/src/install/include/path_following_interfaces/msg/detail/velocity__functions.c
[20.219s] -- Installing: C:/TCC-Autonomous-Ship/src/main_ws/src/install/include/path_following_interfaces/msg/detail/velocity__functions.h
[20.219s] -- Installing: C:/TCC-Autonomous-Ship/src/main_ws/src/install/include/path_following_interfaces/msg/detail/velocity__struct.h
[20.219s] -- Installing: C:/TCC-Autonomous-Ship/src/main_ws/src/install/include/path_following_interfaces/msg/detail/velocity__type_support.h
[20.234s] -- Installing: C:/TCC-Autonomous-Ship/src/main_ws/src/install/include/path_following_interfaces/msg/detail/waypoints__functions.c
[20.234s] -- Installing: C:/TCC-Autonomous-Ship/src/main_ws/src/install/include/path_following_interfaces/msg/detail/waypoints__functions.h
[20.234s] -- Installing: C:/TCC-Autonomous-Ship/src/main_ws/src/install/include/path_following_interfaces/msg/detail/waypoints__struct.h
[20.250s] -- Installing: C:/TCC-Autonomous-Ship/src/main_ws/src/install/include/path_following_interfaces/msg/detail/waypoints__type_support.h
[20.250s] -- Installing: C:/TCC-Autonomous-Ship/src/main_ws/src/install/include/path_following_interfaces/msg/position.h
[20.250s] -- Installing: C:/TCC-Autonomous-Ship/src/main_ws/src/install/include/path_following_interfaces/msg/positions_xy.h
[20.250s] -- Installing: C:/TCC-Autonomous-Ship/src/main_ws/src/install/include/path_following_interfaces/msg/rosidl_generator_c__visibility_control.h
[20.250s] -- Installing: C:/TCC-Autonomous-Ship/src/main_ws/src/install/include/path_following_interfaces/msg/state.h
[20.265s] -- Installing: C:/TCC-Autonomous-Ship/src/main_ws/src/install/include/path_following_interfaces/msg/velocity.h
[20.265s] -- Installing: C:/TCC-Autonomous-Ship/src/main_ws/src/install/include/path_following_interfaces/msg/waypoints.h
[20.265s] -- Installing: C:/TCC-Autonomous-Ship/src/main_ws/src/install/include/path_following_interfaces/srv
[20.265s] -- Installing: C:/TCC-Autonomous-Ship/src/main_ws/src/install/include/path_following_interfaces/srv/detail
[20.265s] -- Installing: C:/TCC-Autonomous-Ship/src/main_ws/src/install/include/path_following_interfaces/srv/detail/init_values__functions.c
[20.281s] -- Installing: C:/TCC-Autonomous-Ship/src/main_ws/src/install/include/path_following_interfaces/srv/detail/init_values__functions.h
[20.281s] -- Installing: C:/TCC-Autonomous-Ship/src/main_ws/src/install/include/path_following_interfaces/srv/detail/init_values__struct.h
[20.281s] -- Installing: C:/TCC-Autonomous-Ship/src/main_ws/src/install/include/path_following_interfaces/srv/detail/init_values__type_support.h
[20.297s] -- Installing: C:/TCC-Autonomous-Ship/src/main_ws/src/install/include/path_following_interfaces/srv/init_values.h
[20.297s] -- Installing: C:/TCC-Autonomous-Ship/src/main_ws/src/install/lib/path_following_interfaces__rosidl_generator_c.lib
[20.312s] -- Installing: C:/TCC-Autonomous-Ship/src/main_ws/src/install/bin/path_following_interfaces__rosidl_generator_c.dll
[20.312s] -- Up-to-date: C:/TCC-Autonomous-Ship/src/main_ws/src/install/include/path_following_interfaces
[20.312s] -- Up-to-date: C:/TCC-Autonomous-Ship/src/main_ws/src/install/include/path_following_interfaces/msg
[20.312s] -- Up-to-date: C:/TCC-Autonomous-Ship/src/main_ws/src/install/include/path_following_interfaces/msg/detail
[20.312s] -- Installing: C:/TCC-Autonomous-Ship/src/main_ws/src/install/include/path_following_interfaces/msg/detail/control__rosidl_typesupport_fastrtps_c.h
[20.312s] -- Installing: C:/TCC-Autonomous-Ship/src/main_ws/src/install/include/path_following_interfaces/msg/detail/positions_xy__rosidl_typesupport_fastrtps_c.h
[20.328s] -- Installing: C:/TCC-Autonomous-Ship/src/main_ws/src/install/include/path_following_interfaces/msg/detail/position__rosidl_typesupport_fastrtps_c.h
[20.328s] -- Installing: C:/TCC-Autonomous-Ship/src/main_ws/src/install/include/path_following_interfaces/msg/detail/state__rosidl_typesupport_fastrtps_c.h
[20.328s] -- Installing: C:/TCC-Autonomous-Ship/src/main_ws/src/install/include/path_following_interfaces/msg/detail/velocity__rosidl_typesupport_fastrtps_c.h
[20.328s] -- Installing: C:/TCC-Autonomous-Ship/src/main_ws/src/install/include/path_following_interfaces/msg/detail/waypoints__rosidl_typesupport_fastrtps_c.h
[20.328s] -- Installing: C:/TCC-Autonomous-Ship/src/main_ws/src/install/include/path_following_interfaces/msg/rosidl_typesupport_fastrtps_c__visibility_control.h
[20.328s] -- Up-to-date: C:/TCC-Autonomous-Ship/src/main_ws/src/install/include/path_following_interfaces/srv
[20.328s] -- Up-to-date: C:/TCC-Autonomous-Ship/src/main_ws/src/install/include/path_following_interfaces/srv/detail
[20.344s] -- Installing: C:/TCC-Autonomous-Ship/src/main_ws/src/install/include/path_following_interfaces/srv/detail/init_values__rosidl_typesupport_fastrtps_c.h
[20.344s] -- Installing: C:/TCC-Autonomous-Ship/src/main_ws/src/install/lib/path_following_interfaces__rosidl_typesupport_fastrtps_c.lib
[20.359s] -- Installing: C:/TCC-Autonomous-Ship/src/main_ws/src/install/bin/path_following_interfaces__rosidl_typesupport_fastrtps_c.dll
[20.359s] -- Up-to-date: C:/TCC-Autonomous-Ship/src/main_ws/src/install/include/path_following_interfaces
[20.359s] -- Up-to-date: C:/TCC-Autonomous-Ship/src/main_ws/src/install/include/path_following_interfaces/msg
[20.359s] -- Up-to-date: C:/TCC-Autonomous-Ship/src/main_ws/src/install/include/path_following_interfaces/msg/detail
[20.359s] -- Installing: C:/TCC-Autonomous-Ship/src/main_ws/src/install/include/path_following_interfaces/msg/detail/control__rosidl_typesupport_fastrtps_cpp.hpp
[20.359s] -- Installing: C:/TCC-Autonomous-Ship/src/main_ws/src/install/include/path_following_interfaces/msg/detail/dds_fastrtps
[20.359s] -- Installing: C:/TCC-Autonomous-Ship/src/main_ws/src/install/include/path_following_interfaces/msg/detail/positions_xy__rosidl_typesupport_fastrtps_cpp.hpp
[20.375s] -- Installing: C:/TCC-Autonomous-Ship/src/main_ws/src/install/include/path_following_interfaces/msg/detail/position__rosidl_typesupport_fastrtps_cpp.hpp
[20.375s] -- Installing: C:/TCC-Autonomous-Ship/src/main_ws/src/install/include/path_following_interfaces/msg/detail/state__rosidl_typesupport_fastrtps_cpp.hpp
[20.390s] -- Installing: C:/TCC-Autonomous-Ship/src/main_ws/src/install/include/path_following_interfaces/msg/detail/velocity__rosidl_typesupport_fastrtps_cpp.hpp
[20.390s] -- Installing: C:/TCC-Autonomous-Ship/src/main_ws/src/install/include/path_following_interfaces/msg/detail/waypoints__rosidl_typesupport_fastrtps_cpp.hpp
[20.390s] -- Installing: C:/TCC-Autonomous-Ship/src/main_ws/src/install/include/path_following_interfaces/msg/rosidl_typesupport_fastrtps_cpp__visibility_control.h
[20.390s] -- Up-to-date: C:/TCC-Autonomous-Ship/src/main_ws/src/install/include/path_following_interfaces/srv
[20.390s] -- Up-to-date: C:/TCC-Autonomous-Ship/src/main_ws/src/install/include/path_following_interfaces/srv/detail
[20.390s] -- Installing: C:/TCC-Autonomous-Ship/src/main_ws/src/install/include/path_following_interfaces/srv/detail/dds_fastrtps
[20.390s] -- Installing: C:/TCC-Autonomous-Ship/src/main_ws/src/install/include/path_following_interfaces/srv/detail/init_values__rosidl_typesupport_fastrtps_cpp.hpp
[20.390s] -- Installing: C:/TCC-Autonomous-Ship/src/main_ws/src/install/lib/path_following_interfaces__rosidl_typesupport_fastrtps_cpp.lib
[20.406s] -- Installing: C:/TCC-Autonomous-Ship/src/main_ws/src/install/bin/path_following_interfaces__rosidl_typesupport_fastrtps_cpp.dll
[20.406s] -- Up-to-date: C:/TCC-Autonomous-Ship/src/main_ws/src/install/include/path_following_interfaces
[20.406s] -- Up-to-date: C:/TCC-Autonomous-Ship/src/main_ws/src/install/include/path_following_interfaces/msg
[20.406s] -- Up-to-date: C:/TCC-Autonomous-Ship/src/main_ws/src/install/include/path_following_interfaces/msg/detail
[20.406s] -- Installing: C:/TCC-Autonomous-Ship/src/main_ws/src/install/include/path_following_interfaces/msg/detail/control__rosidl_typesupport_introspection_c.h
[20.422s] -- Installing: C:/TCC-Autonomous-Ship/src/main_ws/src/install/include/path_following_interfaces/msg/detail/control__type_support.c
[20.422s] -- Installing: C:/TCC-Autonomous-Ship/src/main_ws/src/install/include/path_following_interfaces/msg/detail/positions_xy__rosidl_typesupport_introspection_c.h
[20.422s] -- Installing: C:/TCC-Autonomous-Ship/src/main_ws/src/install/include/path_following_interfaces/msg/detail/positions_xy__type_support.c
[20.422s] -- Installing: C:/TCC-Autonomous-Ship/src/main_ws/src/install/include/path_following_interfaces/msg/detail/position__rosidl_typesupport_introspection_c.h
[20.437s] -- Installing: C:/TCC-Autonomous-Ship/src/main_ws/src/install/include/path_following_interfaces/msg/detail/position__type_support.c
[20.437s] -- Installing: C:/TCC-Autonomous-Ship/src/main_ws/src/install/include/path_following_interfaces/msg/detail/state__rosidl_typesupport_introspection_c.h
[20.437s] -- Installing: C:/TCC-Autonomous-Ship/src/main_ws/src/install/include/path_following_interfaces/msg/detail/state__type_support.c
[20.437s] -- Installing: C:/TCC-Autonomous-Ship/src/main_ws/src/install/include/path_following_interfaces/msg/detail/velocity__rosidl_typesupport_introspection_c.h
[20.453s] -- Installing: C:/TCC-Autonomous-Ship/src/main_ws/src/install/include/path_following_interfaces/msg/detail/velocity__type_support.c
[20.453s] -- Installing: C:/TCC-Autonomous-Ship/src/main_ws/src/install/include/path_following_interfaces/msg/detail/waypoints__rosidl_typesupport_introspection_c.h
[20.453s] -- Installing: C:/TCC-Autonomous-Ship/src/main_ws/src/install/include/path_following_interfaces/msg/detail/waypoints__type_support.c
[20.469s] -- Installing: C:/TCC-Autonomous-Ship/src/main_ws/src/install/include/path_following_interfaces/msg/rosidl_typesupport_introspection_c__visibility_control.h
[20.469s] -- Up-to-date: C:/TCC-Autonomous-Ship/src/main_ws/src/install/include/path_following_interfaces/srv
[20.469s] -- Up-to-date: C:/TCC-Autonomous-Ship/src/main_ws/src/install/include/path_following_interfaces/srv/detail
[20.469s] -- Installing: C:/TCC-Autonomous-Ship/src/main_ws/src/install/include/path_following_interfaces/srv/detail/init_values__rosidl_typesupport_introspection_c.h
[20.469s] -- Installing: C:/TCC-Autonomous-Ship/src/main_ws/src/install/include/path_following_interfaces/srv/detail/init_values__type_support.c
[20.484s] -- Installing: C:/TCC-Autonomous-Ship/src/main_ws/src/install/lib/path_following_interfaces__rosidl_typesupport_introspection_c.lib
[20.500s] -- Installing: C:/TCC-Autonomous-Ship/src/main_ws/src/install/bin/path_following_interfaces__rosidl_typesupport_introspection_c.dll
[20.500s] -- Installing: C:/TCC-Autonomous-Ship/src/main_ws/src/install/lib/path_following_interfaces__rosidl_typesupport_c.lib
[20.515s] -- Installing: C:/TCC-Autonomous-Ship/src/main_ws/src/install/bin/path_following_interfaces__rosidl_typesupport_c.dll
[20.515s] -- Up-to-date: C:/TCC-Autonomous-Ship/src/main_ws/src/install/include/path_following_interfaces
[20.515s] -- Up-to-date: C:/TCC-Autonomous-Ship/src/main_ws/src/install/include/path_following_interfaces/msg
[20.515s] -- Installing: C:/TCC-Autonomous-Ship/src/main_ws/src/install/include/path_following_interfaces/msg/control.hpp
[20.515s] -- Up-to-date: C:/TCC-Autonomous-Ship/src/main_ws/src/install/include/path_following_interfaces/msg/detail
[20.515s] -- Installing: C:/TCC-Autonomous-Ship/src/main_ws/src/install/include/path_following_interfaces/msg/detail/control__builder.hpp
[20.515s] -- Installing: C:/TCC-Autonomous-Ship/src/main_ws/src/install/include/path_following_interfaces/msg/detail/control__struct.hpp
[20.531s] -- Installing: C:/TCC-Autonomous-Ship/src/main_ws/src/install/include/path_following_interfaces/msg/detail/control__traits.hpp
[20.531s] -- Installing: C:/TCC-Autonomous-Ship/src/main_ws/src/install/include/path_following_interfaces/msg/detail/positions_xy__builder.hpp
[20.531s] -- Installing: C:/TCC-Autonomous-Ship/src/main_ws/src/install/include/path_following_interfaces/msg/detail/positions_xy__struct.hpp
[20.547s] -- Installing: C:/TCC-Autonomous-Ship/src/main_ws/src/install/include/path_following_interfaces/msg/detail/positions_xy__traits.hpp
[20.547s] -- Installing: C:/TCC-Autonomous-Ship/src/main_ws/src/install/include/path_following_interfaces/msg/detail/position__builder.hpp
[20.547s] -- Installing: C:/TCC-Autonomous-Ship/src/main_ws/src/install/include/path_following_interfaces/msg/detail/position__struct.hpp
[20.562s] -- Installing: C:/TCC-Autonomous-Ship/src/main_ws/src/install/include/path_following_interfaces/msg/detail/position__traits.hpp
[20.562s] -- Installing: C:/TCC-Autonomous-Ship/src/main_ws/src/install/include/path_following_interfaces/msg/detail/state__builder.hpp
[20.562s] -- Installing: C:/TCC-Autonomous-Ship/src/main_ws/src/install/include/path_following_interfaces/msg/detail/state__struct.hpp
[20.578s] -- Installing: C:/TCC-Autonomous-Ship/src/main_ws/src/install/include/path_following_interfaces/msg/detail/state__traits.hpp
[20.578s] -- Installing: C:/TCC-Autonomous-Ship/src/main_ws/src/install/include/path_following_interfaces/msg/detail/velocity__builder.hpp
[20.578s] -- Installing: C:/TCC-Autonomous-Ship/src/main_ws/src/install/include/path_following_interfaces/msg/detail/velocity__struct.hpp
[20.594s] -- Installing: C:/TCC-Autonomous-Ship/src/main_ws/src/install/include/path_following_interfaces/msg/detail/velocity__traits.hpp
[20.594s] -- Installing: C:/TCC-Autonomous-Ship/src/main_ws/src/install/include/path_following_interfaces/msg/detail/waypoints__builder.hpp
[20.594s] -- Installing: C:/TCC-Autonomous-Ship/src/main_ws/src/install/include/path_following_interfaces/msg/detail/waypoints__struct.hpp
[20.594s] -- Installing: C:/TCC-Autonomous-Ship/src/main_ws/src/install/include/path_following_interfaces/msg/detail/waypoints__traits.hpp
[20.609s] -- Installing: C:/TCC-Autonomous-Ship/src/main_ws/src/install/include/path_following_interfaces/msg/position.hpp
[20.609s] -- Installing: C:/TCC-Autonomous-Ship/src/main_ws/src/install/include/path_following_interfaces/msg/positions_xy.hpp
[20.625s] -- Installing: C:/TCC-Autonomous-Ship/src/main_ws/src/install/include/path_following_interfaces/msg/state.hpp
[20.625s] -- Installing: C:/TCC-Autonomous-Ship/src/main_ws/src/install/include/path_following_interfaces/msg/velocity.hpp
[20.625s] -- Installing: C:/TCC-Autonomous-Ship/src/main_ws/src/install/include/path_following_interfaces/msg/waypoints.hpp
[20.625s] -- Up-to-date: C:/TCC-Autonomous-Ship/src/main_ws/src/install/include/path_following_interfaces/srv
[20.625s] -- Up-to-date: C:/TCC-Autonomous-Ship/src/main_ws/src/install/include/path_following_interfaces/srv/detail
[20.640s] -- Installing: C:/TCC-Autonomous-Ship/src/main_ws/src/install/include/path_following_interfaces/srv/detail/init_values__builder.hpp
[20.640s] -- Installing: C:/TCC-Autonomous-Ship/src/main_ws/src/install/include/path_following_interfaces/srv/detail/init_values__struct.hpp
[20.640s] -- Installing: C:/TCC-Autonomous-Ship/src/main_ws/src/install/include/path_following_interfaces/srv/detail/init_values__traits.hpp
[20.640s] -- Installing: C:/TCC-Autonomous-Ship/src/main_ws/src/install/include/path_following_interfaces/srv/init_values.hpp
[20.640s] -- Up-to-date: C:/TCC-Autonomous-Ship/src/main_ws/src/install/include/path_following_interfaces
[20.640s] -- Up-to-date: C:/TCC-Autonomous-Ship/src/main_ws/src/install/include/path_following_interfaces/msg
[20.640s] -- Up-to-date: C:/TCC-Autonomous-Ship/src/main_ws/src/install/include/path_following_interfaces/msg/detail
[20.656s] -- Installing: C:/TCC-Autonomous-Ship/src/main_ws/src/install/include/path_following_interfaces/msg/detail/control__rosidl_typesupport_introspection_cpp.hpp
[20.656s] -- Installing: C:/TCC-Autonomous-Ship/src/main_ws/src/install/include/path_following_interfaces/msg/detail/control__type_support.cpp
[20.656s] -- Installing: C:/TCC-Autonomous-Ship/src/main_ws/src/install/include/path_following_interfaces/msg/detail/positions_xy__rosidl_typesupport_introspection_cpp.hpp
[20.656s] -- Installing: C:/TCC-Autonomous-Ship/src/main_ws/src/install/include/path_following_interfaces/msg/detail/positions_xy__type_support.cpp
[20.656s] -- Installing: C:/TCC-Autonomous-Ship/src/main_ws/src/install/include/path_following_interfaces/msg/detail/position__rosidl_typesupport_introspection_cpp.hpp
[20.672s] -- Installing: C:/TCC-Autonomous-Ship/src/main_ws/src/install/include/path_following_interfaces/msg/detail/position__type_support.cpp
[20.672s] -- Installing: C:/TCC-Autonomous-Ship/src/main_ws/src/install/include/path_following_interfaces/msg/detail/state__rosidl_typesupport_introspection_cpp.hpp
[20.672s] -- Installing: C:/TCC-Autonomous-Ship/src/main_ws/src/install/include/path_following_interfaces/msg/detail/state__type_support.cpp
[20.672s] -- Installing: C:/TCC-Autonomous-Ship/src/main_ws/src/install/include/path_following_interfaces/msg/detail/velocity__rosidl_typesupport_introspection_cpp.hpp
[20.687s] -- Installing: C:/TCC-Autonomous-Ship/src/main_ws/src/install/include/path_following_interfaces/msg/detail/velocity__type_support.cpp
[20.687s] -- Installing: C:/TCC-Autonomous-Ship/src/main_ws/src/install/include/path_following_interfaces/msg/detail/waypoints__rosidl_typesupport_introspection_cpp.hpp
[20.687s] -- Installing: C:/TCC-Autonomous-Ship/src/main_ws/src/install/include/path_following_interfaces/msg/detail/waypoints__type_support.cpp
[20.687s] -- Up-to-date: C:/TCC-Autonomous-Ship/src/main_ws/src/install/include/path_following_interfaces/srv
[20.687s] -- Up-to-date: C:/TCC-Autonomous-Ship/src/main_ws/src/install/include/path_following_interfaces/srv/detail
[20.703s] -- Installing: C:/TCC-Autonomous-Ship/src/main_ws/src/install/include/path_following_interfaces/srv/detail/init_values__rosidl_typesupport_introspection_cpp.hpp
[20.703s] -- Installing: C:/TCC-Autonomous-Ship/src/main_ws/src/install/include/path_following_interfaces/srv/detail/init_values__type_support.cpp
[20.703s] -- Installing: C:/TCC-Autonomous-Ship/src/main_ws/src/install/lib/path_following_interfaces__rosidl_typesupport_introspection_cpp.lib
[20.719s] -- Installing: C:/TCC-Autonomous-Ship/src/main_ws/src/install/bin/path_following_interfaces__rosidl_typesupport_introspection_cpp.dll
[20.719s] -- Installing: C:/TCC-Autonomous-Ship/src/main_ws/src/install/lib/path_following_interfaces__rosidl_typesupport_cpp.lib
[20.734s] -- Installing: C:/TCC-Autonomous-Ship/src/main_ws/src/install/bin/path_following_interfaces__rosidl_typesupport_cpp.dll
[20.734s] -- Installing: C:/TCC-Autonomous-Ship/src/main_ws/src/install/share/path_following_interfaces/environment/pythonpath.bat
[20.750s] -- Installing: C:/TCC-Autonomous-Ship/src/main_ws/src/install/share/path_following_interfaces/environment/pythonpath.dsv
[20.750s] -- Installing: C:/TCC-Autonomous-Ship/src/main_ws/src/install/Lib/site-packages/path_following_interfaces/__init__.py
[20.797s] Compiling 'C:/TCC-Autonomous-Ship/src/main_ws/src/install/Lib/site-packages/path_following_interfaces/__init__.py'...
[20.812s] -- Installing: C:/TCC-Autonomous-Ship/src/main_ws/src/install/Lib/site-packages/path_following_interfaces/msg
[20.812s] -- Installing: C:/TCC-Autonomous-Ship/src/main_ws/src/install/Lib/site-packages/path_following_interfaces/msg/_control.py
[20.812s] -- Installing: C:/TCC-Autonomous-Ship/src/main_ws/src/install/Lib/site-packages/path_following_interfaces/msg/_control_s.c
[20.812s] -- Installing: C:/TCC-Autonomous-Ship/src/main_ws/src/install/Lib/site-packages/path_following_interfaces/msg/_position.py
[20.812s] -- Installing: C:/TCC-Autonomous-Ship/src/main_ws/src/install/Lib/site-packages/path_following_interfaces/msg/_positions_xy.py
[20.828s] -- Installing: C:/TCC-Autonomous-Ship/src/main_ws/src/install/Lib/site-packages/path_following_interfaces/msg/_positions_xy_s.c
[20.844s] -- Installing: C:/TCC-Autonomous-Ship/src/main_ws/src/install/Lib/site-packages/path_following_interfaces/msg/_position_s.c
[20.844s] -- Installing: C:/TCC-Autonomous-Ship/src/main_ws/src/install/Lib/site-packages/path_following_interfaces/msg/_state.py
[20.844s] -- Installing: C:/TCC-Autonomous-Ship/src/main_ws/src/install/Lib/site-packages/path_following_interfaces/msg/_state_s.c
[20.844s] -- Installing: C:/TCC-Autonomous-Ship/src/main_ws/src/install/Lib/site-packages/path_following_interfaces/msg/_velocity.py
[20.844s] -- Installing: C:/TCC-Autonomous-Ship/src/main_ws/src/install/Lib/site-packages/path_following_interfaces/msg/_velocity_s.c
[20.844s] -- Installing: C:/TCC-Autonomous-Ship/src/main_ws/src/install/Lib/site-packages/path_following_interfaces/msg/_waypoints.py
[20.844s] -- Installing: C:/TCC-Autonomous-Ship/src/main_ws/src/install/Lib/site-packages/path_following_interfaces/msg/_waypoints_s.c
[20.844s] -- Installing: C:/TCC-Autonomous-Ship/src/main_ws/src/install/Lib/site-packages/path_following_interfaces/msg/__init__.py
[20.844s] -- Installing: C:/TCC-Autonomous-Ship/src/main_ws/src/install/Lib/site-packages/path_following_interfaces/srv
[20.859s] -- Installing: C:/TCC-Autonomous-Ship/src/main_ws/src/install/Lib/site-packages/path_following_interfaces/srv/_init_values.py
[20.859s] -- Installing: C:/TCC-Autonomous-Ship/src/main_ws/src/install/Lib/site-packages/path_following_interfaces/srv/_init_values_s.c
[20.859s] -- Installing: C:/TCC-Autonomous-Ship/src/main_ws/src/install/Lib/site-packages/path_following_interfaces/srv/__init__.py
[20.859s] -- Installing: C:/TCC-Autonomous-Ship/src/main_ws/src/install/Lib/site-packages/path_following_interfaces/path_following_interfaces_s__rosidl_typesupport_fastrtps_c.lib
[20.875s] -- Installing: C:/TCC-Autonomous-Ship/src/main_ws/src/install/Lib/site-packages/path_following_interfaces/path_following_interfaces_s__rosidl_typesupport_fastrtps_c.pyd
[20.875s] -- Installing: C:/TCC-Autonomous-Ship/src/main_ws/src/install/Lib/site-packages/path_following_interfaces/path_following_interfaces_s__rosidl_typesupport_introspection_c.lib
[20.890s] -- Installing: C:/TCC-Autonomous-Ship/src/main_ws/src/install/Lib/site-packages/path_following_interfaces/path_following_interfaces_s__rosidl_typesupport_introspection_c.pyd
[20.890s] -- Installing: C:/TCC-Autonomous-Ship/src/main_ws/src/install/Lib/site-packages/path_following_interfaces/path_following_interfaces_s__rosidl_typesupport_c.lib
[20.906s] -- Installing: C:/TCC-Autonomous-Ship/src/main_ws/src/install/Lib/site-packages/path_following_interfaces/path_following_interfaces_s__rosidl_typesupport_c.pyd
[20.906s] -- Installing: C:/TCC-Autonomous-Ship/src/main_ws/src/install/lib/path_following_interfaces__python.lib
[20.922s] -- Installing: C:/TCC-Autonomous-Ship/src/main_ws/src/install/bin/path_following_interfaces__python.dll
[20.922s] -- Installing: C:/TCC-Autonomous-Ship/src/main_ws/src/install/share/path_following_interfaces/msg/Position.idl
[20.922s] -- Installing: C:/TCC-Autonomous-Ship/src/main_ws/src/install/share/path_following_interfaces/msg/Velocity.idl
[20.922s] -- Installing: C:/TCC-Autonomous-Ship/src/main_ws/src/install/share/path_following_interfaces/msg/State.idl
[20.922s] -- Installing: C:/TCC-Autonomous-Ship/src/main_ws/src/install/share/path_following_interfaces/msg/PositionsXY.idl
[20.922s] -- Installing: C:/TCC-Autonomous-Ship/src/main_ws/src/install/share/path_following_interfaces/msg/Waypoints.idl
[20.922s] -- Installing: C:/TCC-Autonomous-Ship/src/main_ws/src/install/share/path_following_interfaces/msg/Control.idl
[20.922s] -- Installing: C:/TCC-Autonomous-Ship/src/main_ws/src/install/share/path_following_interfaces/srv/InitValues.idl
[20.937s] -- Installing: C:/TCC-Autonomous-Ship/src/main_ws/src/install/share/path_following_interfaces/msg/Position.msg
[20.937s] -- Installing: C:/TCC-Autonomous-Ship/src/main_ws/src/install/share/path_following_interfaces/msg/Velocity.msg
[20.937s] -- Installing: C:/TCC-Autonomous-Ship/src/main_ws/src/install/share/path_following_interfaces/msg/State.msg
[20.937s] -- Installing: C:/TCC-Autonomous-Ship/src/main_ws/src/install/share/path_following_interfaces/msg/PositionsXY.msg
[20.937s] -- Installing: C:/TCC-Autonomous-Ship/src/main_ws/src/install/share/path_following_interfaces/msg/Waypoints.msg
[20.937s] -- Installing: C:/TCC-Autonomous-Ship/src/main_ws/src/install/share/path_following_interfaces/msg/Control.msg
[20.937s] -- Installing: C:/TCC-Autonomous-Ship/src/main_ws/src/install/share/path_following_interfaces/srv/InitValues.srv
[20.937s] -- Installing: C:/TCC-Autonomous-Ship/src/main_ws/src/install/share/path_following_interfaces/srv/InitValues_Request.msg
[20.937s] -- Installing: C:/TCC-Autonomous-Ship/src/main_ws/src/install/share/path_following_interfaces/srv/InitValues_Response.msg
[20.953s] -- Installing: C:/TCC-Autonomous-Ship/src/main_ws/src/install/share/ament_index/resource_index/package_run_dependencies/path_following_interfaces
[20.953s] -- Installing: C:/TCC-Autonomous-Ship/src/main_ws/src/install/share/ament_index/resource_index/parent_prefix_path/path_following_interfaces
[20.953s] -- Installing: C:/TCC-Autonomous-Ship/src/main_ws/src/install/share/path_following_interfaces/environment/ament_prefix_path.bat
[20.953s] -- Installing: C:/TCC-Autonomous-Ship/src/main_ws/src/install/share/path_following_interfaces/environment/ament_prefix_path.dsv
[20.953s] -- Installing: C:/TCC-Autonomous-Ship/src/main_ws/src/install/share/path_following_interfaces/environment/path.bat
[20.953s] -- Installing: C:/TCC-Autonomous-Ship/src/main_ws/src/install/share/path_following_interfaces/environment/path.dsv
[20.953s] -- Installing: C:/TCC-Autonomous-Ship/src/main_ws/src/install/share/path_following_interfaces/local_setup.bat
[20.969s] -- Installing: C:/TCC-Autonomous-Ship/src/main_ws/src/install/share/path_following_interfaces/local_setup.dsv
[20.969s] -- Installing: C:/TCC-Autonomous-Ship/src/main_ws/src/install/share/path_following_interfaces/package.dsv
[20.969s] -- Installing: C:/TCC-Autonomous-Ship/src/main_ws/src/install/share/ament_index/resource_index/packages/path_following_interfaces
[20.969s] -- Installing: C:/TCC-Autonomous-Ship/src/main_ws/src/install/share/path_following_interfaces/cmake/path_following_interfaces__rosidl_generator_cExport.cmake
[20.969s] -- Installing: C:/TCC-Autonomous-Ship/src/main_ws/src/install/share/path_following_interfaces/cmake/path_following_interfaces__rosidl_generator_cExport-release.cmake
[20.984s] -- Installing: C:/TCC-Autonomous-Ship/src/main_ws/src/install/share/path_following_interfaces/cmake/path_following_interfaces__rosidl_typesupport_introspection_cExport.cmake
[21.000s] -- Installing: C:/TCC-Autonomous-Ship/src/main_ws/src/install/share/path_following_interfaces/cmake/path_following_interfaces__rosidl_typesupport_introspection_cExport-release.cmake
[21.000s] -- Installing: C:/TCC-Autonomous-Ship/src/main_ws/src/install/share/path_following_interfaces/cmake/path_following_interfaces__rosidl_typesupport_cExport.cmake
[21.000s] -- Installing: C:/TCC-Autonomous-Ship/src/main_ws/src/install/share/path_following_interfaces/cmake/path_following_interfaces__rosidl_typesupport_cExport-release.cmake
[21.015s] -- Installing: C:/TCC-Autonomous-Ship/src/main_ws/src/install/share/path_following_interfaces/cmake/path_following_interfaces__rosidl_generator_cppExport.cmake
[21.015s] -- Installing: C:/TCC-Autonomous-Ship/src/main_ws/src/install/share/path_following_interfaces/cmake/path_following_interfaces__rosidl_typesupport_introspection_cppExport.cmake
[21.015s] -- Installing: C:/TCC-Autonomous-Ship/src/main_ws/src/install/share/path_following_interfaces/cmake/path_following_interfaces__rosidl_typesupport_introspection_cppExport-release.cmake
[21.015s] -- Installing: C:/TCC-Autonomous-Ship/src/main_ws/src/install/share/path_following_interfaces/cmake/path_following_interfaces__rosidl_typesupport_cppExport.cmake
[21.031s] -- Installing: C:/TCC-Autonomous-Ship/src/main_ws/src/install/share/path_following_interfaces/cmake/path_following_interfaces__rosidl_typesupport_cppExport-release.cmake
[21.031s] -- Installing: C:/TCC-Autonomous-Ship/src/main_ws/src/install/share/path_following_interfaces/cmake/rosidl_cmake-extras.cmake
[21.031s] -- Installing: C:/TCC-Autonomous-Ship/src/main_ws/src/install/share/path_following_interfaces/cmake/ament_cmake_export_dependencies-extras.cmake
[21.031s] -- Installing: C:/TCC-Autonomous-Ship/src/main_ws/src/install/share/path_following_interfaces/cmake/ament_cmake_export_libraries-extras.cmake
[21.031s] -- Installing: C:/TCC-Autonomous-Ship/src/main_ws/src/install/share/path_following_interfaces/cmake/ament_cmake_export_targets-extras.cmake
[21.031s] -- Installing: C:/TCC-Autonomous-Ship/src/main_ws/src/install/share/path_following_interfaces/cmake/ament_cmake_export_include_directories-extras.cmake
[21.031s] -- Installing: C:/TCC-Autonomous-Ship/src/main_ws/src/install/share/path_following_interfaces/cmake/rosidl_cmake_export_typesupport_libraries-extras.cmake
[21.031s] -- Installing: C:/TCC-Autonomous-Ship/src/main_ws/src/install/share/path_following_interfaces/cmake/rosidl_cmake_export_typesupport_targets-extras.cmake
[21.031s] -- Installing: C:/TCC-Autonomous-Ship/src/main_ws/src/install/share/path_following_interfaces/cmake/path_following_interfacesConfig.cmake
[21.047s] -- Installing: C:/TCC-Autonomous-Ship/src/main_ws/src/install/share/path_following_interfaces/cmake/path_following_interfacesConfig-version.cmake
[21.047s] -- Installing: C:/TCC-Autonomous-Ship/src/main_ws/src/install/share/path_following_interfaces/package.xml
[21.047s] Invoked command in 'C:\TCC-Autonomous-Ship\src\main_ws\src\build\path_following_interfaces' returned '0': C:\Program Files\CMake\bin\cmake.EXE --install C:\TCC-Autonomous-Ship\src\main_ws\src\build\path_following_interfaces --config Release
