C:\TCC-Autonomous-Ship\src\main_ws\src\install\Lib\site-packages\pydyna_simple\pydyna_simple.py
C:\TCC-Autonomous-Ship\src\main_ws\src\install\Lib\site-packages\pydyna_simple\__init__.py
C:\TCC-Autonomous-Ship\src\main_ws\src\install\Lib\site-packages\pydyna_simple\__pycache__\pydyna_simple.cpython-36.pyc
C:\TCC-Autonomous-Ship\src\main_ws\src\install\Lib\site-packages\pydyna_simple\__pycache__\__init__.cpython-36.pyc
C:\TCC-Autonomous-Ship\src\main_ws\src\install\share\ament_index\resource_index\packages\pydyna_simple
C:\TCC-Autonomous-Ship\src\main_ws\src\install\share\pydyna_simple\package.xml
C:\TCC-Autonomous-Ship\src\main_ws\src\install\lib\pydyna_simple\config\changes.txt
C:\TCC-Autonomous-Ship\src\main_ws\src\install\lib\pydyna_simple\config\exemplo.p3d
C:\TCC-Autonomous-Ship\src\main_ws\src\install\lib\pydyna_simple\config\pydyna-7.2.3-py3-none-any.whl
C:\TCC-Autonomous-Ship\src\main_ws\src\install\lib\pydyna_simple\config\requirements.txt
C:\TCC-Autonomous-Ship\src\main_ws\src\install\lib\pydyna_simple\config\TankerL186B32_T085.p3d
C:\TCC-Autonomous-Ship\src\main_ws\src\install\share\pydyna_simple\logs\mylogs
C:\TCC-Autonomous-Ship\src\main_ws\src\install\share\pydyna_simple\logs\pydynalogs
C:\TCC-Autonomous-Ship\src\main_ws\src\install\share\pydyna_simple\logs\roslogs
C:\TCC-Autonomous-Ship\src\main_ws\src\install\share\pydyna_simple\db
C:\TCC-Autonomous-Ship\src\main_ws\src\install\share\pydyna_simple\pydyna_simple.launch.py
C:\TCC-Autonomous-Ship\src\main_ws\src\install\Lib\site-packages\pydyna_simple-0.0.0-py3.6.egg-info\dependency_links.txt
C:\TCC-Autonomous-Ship\src\main_ws\src\install\Lib\site-packages\pydyna_simple-0.0.0-py3.6.egg-info\entry_points.txt
C:\TCC-Autonomous-Ship\src\main_ws\src\install\Lib\site-packages\pydyna_simple-0.0.0-py3.6.egg-info\PKG-INFO
C:\TCC-Autonomous-Ship\src\main_ws\src\install\Lib\site-packages\pydyna_simple-0.0.0-py3.6.egg-info\requires.txt
C:\TCC-Autonomous-Ship\src\main_ws\src\install\Lib\site-packages\pydyna_simple-0.0.0-py3.6.egg-info\SOURCES.txt
C:\TCC-Autonomous-Ship\src\main_ws\src\install\Lib\site-packages\pydyna_simple-0.0.0-py3.6.egg-info\top_level.txt
C:\TCC-Autonomous-Ship\src\main_ws\src\install\Lib\site-packages\pydyna_simple-0.0.0-py3.6.egg-info\zip-safe
C:\TCC-Autonomous-Ship\src\main_ws\src\install\lib\pydyna_simple\simul-script.py
C:\TCC-Autonomous-Ship\src\main_ws\src\install\lib\pydyna_simple\simul.exe
