[0.000000] (-) TimerEvent: {}
[0.000000] (path_following_interfaces) JobQueued: {'identifier': 'path_following_interfaces', 'dependencies': OrderedDict()}
[0.000000] (path_following) JobQueued: {'identifier': 'path_following', 'dependencies': OrderedDict([('path_following_interfaces', 'C:\\TCC-Autonomous-Ship\\src\\main_ws\\src\\install')])}
[0.000000] (pydyna_simple) JobQueued: {'identifier': 'pydyna_simple', 'dependencies': OrderedDict([('path_following_interfaces', 'C:\\TCC-Autonomous-Ship\\src\\main_ws\\src\\install')])}
[0.000000] (path_following_interfaces) JobStarted: {'identifier': 'path_following_interfaces'}
[0.062000] (path_following_interfaces) JobProgress: {'identifier': 'path_following_interfaces', 'progress': 'cmake'}
[0.062000] (path_following_interfaces) Command: {'cmd': ['C:\\Program Files\\CMake\\bin\\cmake.EXE', 'C:\\TCC-Autonomous-Ship\\src\\main_ws\\src\\path_following_interfaces', '-DCMAKE_INSTALL_PREFIX=C:\\TCC-Autonomous-Ship\\src\\main_ws\\src\\install'], 'cwd': 'C:\\TCC-Autonomous-Ship\\src\\main_ws\\src\\build\\path_following_interfaces', 'env': OrderedDict([('ALLUSERSPROFILE', 'C:\\ProgramData'), ('AMENT_PREFIX_PATH', 'C:\\TCC-Autonomous-Ship\\src\\main_ws\\src\\install;C:\\dev\\ros2_galactic\\install'), ('APPDATA', 'C:\\Users\\phmar\\AppData\\Roaming'), ('ChocolateyInstall', 'C:\\ProgramData\\chocolatey'), ('ChocolateyLastPathUpdate', '132753457070742031'), ('CMAKE_PREFIX_PATH', 'C:\\TCC-Autonomous-Ship\\src\\main_ws\\src\\install;C:\\dev\\ros2_galactic\\install'), ('COLCON', '1'), ('COLCON_PREFIX_PATH', 'C:\\TCC-Autonomous-Ship\\src\\main_ws\\src\\install\\;C:\\dev\\ros2_galactic\\install\\'), ('CommonProgramFiles', 'C:\\Program Files\\Common Files'), ('CommonProgramFiles(x86)', 'C:\\Program Files (x86)\\Common Files'), ('CommonProgramW6432', 'C:\\Program Files\\Common Files'), ('COMPUTERNAME', 'DESKTOP-SM5IN4D'), ('ComSpec', 'C:\\Windows\\system32\\cmd.exe'), ('configsetroot', 'C:\\Windows\\ConfigSetRoot'), ('DriverData', 'C:\\Windows\\System32\\Drivers\\DriverData'), ('HOMEDRIVE', 'C:'), ('HOMEPATH', '\\Users\\phmar'), ('LOCALAPPDATA', 'C:\\Users\\phmar\\AppData\\Local'), ('LOGONSERVER', '\\\\DESKTOP-SM5IN4D'), ('NDDSHOME', 'C:\\Program Files\\rti_connext_dds-6.1.0'), ('NUMBER_OF_PROCESSORS', '12'), ('OneDrive', 'C:\\Users\\phmar\\OneDrive'), ('OneDriveConsumer', 'C:\\Users\\phmar\\OneDrive'), ('OpenCV_DIR', 'C:\\opencv'), ('OPENSSL_CONF', 'C:\\Program Files\\OpenSSL-Win64\\bin\\openssl.cfg'), ('OS', 'Windows_NT'), ('Path', 'c:\\users\\phmar\\appdata\\local\\programs\\python\\python36\\lib\\site-packages\\pywin32_system32;C:\\TCC-Autonomous-Ship\\src\\main_ws\\src\\install\\bin;C:\\dev\\ros2_galactic\\install\\opt\\yaml_cpp_vendor\\bin;C:\\dev\\ros2_galactic\\install\\opt\\rviz_ogre_vendor\\bin;C:\\dev\\ros2_galactic\\install\\opt\\rviz_assimp_vendor\\bin;C:\\dev\\ros2_galactic\\install\\opt\\libcurl_vendor\\bin;C:\\dev\\ros2_galactic\\install\\Scripts;C:\\dev\\ros2_galactic\\install\\bin;C:\\Python36\\Scripts\\;C:\\Python36\\;C:\\Users\\phmar\\AppData\\Local\\Programs\\Python\\Python38\\Scripts\\;C:\\Users\\phmar\\AppData\\Local\\Programs\\Python\\Python38\\;C:\\Program Files (x86)\\VMware\\VMware Player\\bin\\;C:\\Python38\\Scripts\\;C:\\Python38\\;C:\\Windows\\system32;C:\\Windows;C:\\Windows\\System32\\Wbem;C:\\Windows\\System32\\WindowsPowerShell\\v1.0\\;C:\\Windows\\System32\\OpenSSH\\;C:\\Program Files (x86)\\NVIDIA Corporation\\PhysX\\Common;C:\\Program Files\\NVIDIA Corporation\\NVIDIA NvDLISR;C:\\ProgramData\\chocolatey\\bin;C:\\ProgramData\\chocolatey\\lib\\cunit\\lib;C:\\ProgramData\\chocolatey\\lib\\tinyxml2\\lib;C:\\ProgramData\\chocolatey\\lib\\log4cxx\\lib;C:\\ProgramData\\chocolatey\\lib\\bullet\\lib;C:\\Program Files\\Graphviz\\bin;C:\\Program Files\\Cppcheck;C:\\Program Files\\Git\\cmd;C:\\Users\\phmar\\AppData\\Local\\Programs\\Python\\Python36\\Scripts\\;C:\\Users\\phmar\\AppData\\Local\\Programs\\Python\\Python36\\;C:\\Users\\phmar\\AppData\\Local\\Microsoft\\WindowsApps;C:\\Program Files\\OpenSSL-Win64\\bin\\;C:\\opencv\\x64\\vc16\\bin;C:\\Program Files\\CMake\\bin;C:\\Program Files\\rti_connext_dds-6.1.0;C:\\Users\\phmar\\AppData\\Local\\Programs\\Microsoft VS Code\\bin;C:\\Program Files\\Git\\cmd;C:\\Program Files\\Git\\usr\\bin;C:\\xmllint\\bin;C:\\Qt\\5.15.0\\msvc2019_64\\plugins\\platforms;'), ('PATHEXT', '.COM;.EXE;.BAT;.CMD;.VBS;.VBE;.JS;.JSE;.WSF;.WSH;.MSC;.PY;.PYW'), ('PKG_CONFIG_PATH', 'C:\\dev\\ros2_galactic\\install\\lib\\pkgconfig'), ('PROCESSOR_ARCHITECTURE', 'AMD64'), ('PROCESSOR_IDENTIFIER', 'Intel64 Family 6 Model 165 Stepping 2, GenuineIntel'), ('PROCESSOR_LEVEL', '6'), ('PROCESSOR_REVISION', 'a502'), ('ProgramData', 'C:\\ProgramData'), ('ProgramFiles', 'C:\\Program Files'), ('ProgramFiles(x86)', 'C:\\Program Files (x86)'), ('ProgramW6432', 'C:\\Program Files'), ('PROMPT', '$P$G'), ('PSModulePath', 'C:\\Program Files\\WindowsPowerShell\\Modules;C:\\Windows\\system32\\WindowsPowerShell\\v1.0\\Modules'), ('PUBLIC', 'C:\\Users\\Public'), ('PYTHONPATH', 'C:\\TCC-Autonomous-Ship\\src\\main_ws\\src\\install\\Lib\\site-packages;C:\\dev\\ros2_galactic\\install\\Lib\\site-packages'), ('Qt5_DIR', 'C:\\Qt\\5.15.0\\msvc2019_64'), ('QT_QPA_PLATFORM_PLUGIN_PATH', 'C:\\Qt\\5.15.0\\msvc2019_64\\plugins\\platforms'), ('ROS_DISTRO', 'galactic'), ('ROS_DOMAIN_ID', '0'), ('ROS_LOCALHOST_ONLY', '0'), ('ROS_PYTHON_VERSION', '3'), ('ROS_VERSION', '2'), ('SESSIONNAME', 'Console'), ('SystemDrive', 'C:'), ('SystemRoot', 'C:\\Windows'), ('TEMP', 'C:\\Users\\phmar\\AppData\\Local\\Temp'), ('TMP', 'C:\\Users\\phmar\\AppData\\Local\\Temp'), ('USERDOMAIN', 'DESKTOP-SM5IN4D'), ('USERDOMAIN_ROAMINGPROFILE', 'DESKTOP-SM5IN4D'), ('USERNAME', 'phmar'), ('USERPROFILE', 'C:\\Users\\phmar'), ('windir', 'C:\\Windows'), ('ZES_ENABLE_SYSMAN', '1')]), 'shell': False}
[0.078000] (path_following_interfaces) StdoutLine: {'line': b'-- Selecting Windows SDK version 10.0.19041.0 to target Windows 10.0.19042.\n'}
[0.094000] (path_following_interfaces) StdoutLine: {'line': b'-- Found ament_cmake: 1.1.4 (C:/dev/ros2_galactic/install/share/ament_cmake/cmake)\n'}
[0.109000] (-) TimerEvent: {}
[0.156000] (path_following_interfaces) StdoutLine: {'line': b'-- Found PythonInterp: C:/Users/phmar/AppData/Local/Programs/Python/Python36/python.exe (found suitable version "3.6.8", minimum required is "3") \n'}
[0.156000] (path_following_interfaces) StdoutLine: {'line': b'-- Using PYTHON_EXECUTABLE: C:/Users/phmar/AppData/Local/Programs/Python/Python36/python.exe\n'}
[0.219000] (-) TimerEvent: {}
[0.328000] (-) TimerEvent: {}
[0.328000] (path_following_interfaces) StdoutLine: {'line': b'-- Found rosidl_default_generators: 1.1.1 (C:/dev/ros2_galactic/install/share/rosidl_default_generators/cmake)\n'}
[0.328000] (path_following_interfaces) StdoutLine: {'line': b'-- Using all available rosidl_typesupport_c: rosidl_typesupport_fastrtps_c;rosidl_typesupport_introspection_c\n'}
[0.344000] (path_following_interfaces) StdoutLine: {'line': b'-- Found rosidl_adapter: 2.2.1 (C:/dev/ros2_galactic/install/share/rosidl_adapter/cmake)\n'}
[0.437000] (-) TimerEvent: {}
[0.500000] (path_following_interfaces) StdoutLine: {'line': b'-- Using all available rosidl_typesupport_cpp: rosidl_typesupport_fastrtps_cpp;rosidl_typesupport_introspection_cpp\n'}
[0.562000] (-) TimerEvent: {}
[0.625000] (path_following_interfaces) StdoutLine: {'line': b'-- Found PythonInterp: C:/Users/phmar/AppData/Local/Programs/Python/Python36/python.exe (found version "3.6.8") \n'}
[0.672000] (-) TimerEvent: {}
[0.781000] (-) TimerEvent: {}
[0.875000] (path_following_interfaces) StdoutLine: {'line': b'-- Found ament_cmake_ros: 0.9.2 (C:/dev/ros2_galactic/install/share/ament_cmake_ros/cmake)\n'}
[0.890000] (-) TimerEvent: {}
[0.984000] (path_following_interfaces) StdoutLine: {'line': b'-- Using all available rosidl_typesupport_c: rosidl_typesupport_fastrtps_c;rosidl_typesupport_introspection_c\n'}
[1.000000] (-) TimerEvent: {}
[1.031000] (path_following_interfaces) StdoutLine: {'line': b'-- Using all available rosidl_typesupport_cpp: rosidl_typesupport_fastrtps_cpp;rosidl_typesupport_introspection_cpp\n'}
[1.094000] (path_following_interfaces) StdoutLine: {'line': b'-- Found PythonInterp: C:/Users/phmar/AppData/Local/Programs/Python/Python36/python.exe (found suitable version "3.6.8", minimum required is "3.5") \n'}
[1.094000] (path_following_interfaces) StdoutLine: {'line': b'-- Found python_cmake_module: 0.8.1 (C:/dev/ros2_galactic/install/share/python_cmake_module/cmake)\n'}
[1.109000] (-) TimerEvent: {}
[1.156000] (path_following_interfaces) StdoutLine: {'line': b'-- Using PYTHON_EXECUTABLE: C:/Users/phmar/AppData/Local/Programs/Python/Python36/python.exe\n'}
[1.156000] (path_following_interfaces) StdoutLine: {'line': b'-- Using PYTHON_INCLUDE_DIRS: C:/Users/phmar/AppData/Local/Programs/Python/Python36/include\n'}
[1.156000] (path_following_interfaces) StdoutLine: {'line': b'-- Using PYTHON_LIBRARIES: C:/Users/phmar/AppData/Local/Programs/Python/Python36/libs/python36.lib\n'}
[1.219000] (-) TimerEvent: {}
[1.328000] (-) TimerEvent: {}
[1.437000] (-) TimerEvent: {}
[1.453000] (path_following_interfaces) StdoutLine: {'line': b'-- Using numpy include directory: C:\\Users\\phmar\\AppData\\Local\\Programs\\Python\\Python36\\lib\\site-packages\\numpy\\core\\include\n'}
[1.469000] (path_following_interfaces) StdoutLine: {'line': b'-- Found ament_lint_auto: 0.10.6 (C:/dev/ros2_galactic/install/share/ament_lint_auto/cmake)\n'}
[1.547000] (-) TimerEvent: {}
[1.562000] (path_following_interfaces) StdoutLine: {'line': b"-- Added test 'copyright' to check source files copyright and LICENSE\n"}
[1.578000] (path_following_interfaces) StdoutLine: {'line': b"-- Added test 'lint_cmake' to check CMake code style\n"}
[1.578000] (path_following_interfaces) StdoutLine: {'line': b"-- Added test 'xmllint' to check XML markup files\n"}
[1.640000] (path_following_interfaces) StdoutLine: {'line': b'-- Configuring done\n'}
[1.656000] (-) TimerEvent: {}
[1.765000] (-) TimerEvent: {}
[1.875000] (-) TimerEvent: {}
[1.984000] (-) TimerEvent: {}
[2.094000] (-) TimerEvent: {}
[2.203000] (-) TimerEvent: {}
[2.312000] (-) TimerEvent: {}
[2.422000] (-) TimerEvent: {}
[2.531000] (-) TimerEvent: {}
