[0.062s] Invoking command in 'C:\TCC-Autonomous-Ship\src\main_ws\src\build\path_following_interfaces': C:\Program Files\CMake\bin\cmake.EXE C:\TCC-Autonomous-Ship\src\main_ws\src\path_following_interfaces -DCMAKE_INSTALL_PREFIX=C:\TCC-Autonomous-Ship\src\main_ws\src\install
[0.078s] -- Selecting Windows SDK version 10.0.19041.0 to target Windows 10.0.19042.
[0.093s] -- Found ament_cmake: 1.1.4 (C:/dev/ros2_galactic/install/share/ament_cmake/cmake)
[0.140s] -- Found PythonInterp: C:/Users/phmar/AppData/Local/Programs/Python/Python36/python.exe (found suitable version "3.6.8", minimum required is "3") 
[0.140s] -- Using PYTHON_EXECUTABLE: C:/Users/phmar/AppData/Local/Programs/Python/Python36/python.exe
[0.328s] -- Found rosidl_default_generators: 1.1.1 (C:/dev/ros2_galactic/install/share/rosidl_default_generators/cmake)
[0.328s] -- Using all available rosidl_typesupport_c: rosidl_typesupport_fastrtps_c;rosidl_typesupport_introspection_c
[0.343s] -- Found rosidl_adapter: 2.2.1 (C:/dev/ros2_galactic/install/share/rosidl_adapter/cmake)
[0.578s] -- Using all available rosidl_typesupport_cpp: rosidl_typesupport_fastrtps_cpp;rosidl_typesupport_introspection_cpp
[0.687s] -- Found PythonInterp: C:/Users/phmar/AppData/Local/Programs/Python/Python36/python.exe (found version "3.6.8") 
[0.984s] -- Found ament_cmake_ros: 0.9.2 (C:/dev/ros2_galactic/install/share/ament_cmake_ros/cmake)
[1.156s] -- Using all available rosidl_typesupport_c: rosidl_typesupport_fastrtps_c;rosidl_typesupport_introspection_c
[1.234s] -- Using all available rosidl_typesupport_cpp: rosidl_typesupport_fastrtps_cpp;rosidl_typesupport_introspection_cpp
[1.312s] -- Found PythonInterp: C:/Users/phmar/AppData/Local/Programs/Python/Python36/python.exe (found suitable version "3.6.8", minimum required is "3.5") 
[1.312s] -- Found python_cmake_module: 0.8.1 (C:/dev/ros2_galactic/install/share/python_cmake_module/cmake)
[1.406s] -- Using PYTHON_EXECUTABLE: C:/Users/phmar/AppData/Local/Programs/Python/Python36/python.exe
[1.406s] -- Using PYTHON_INCLUDE_DIRS: C:/Users/phmar/AppData/Local/Programs/Python/Python36/include
[1.406s] -- Using PYTHON_LIBRARIES: C:/Users/phmar/AppData/Local/Programs/Python/Python36/libs/python36.lib
[1.812s] -- Using numpy include directory: C:\Users\phmar\AppData\Local\Programs\Python\Python36\lib\site-packages\numpy\core\include
[1.828s] -- Found ament_lint_auto: 0.10.6 (C:/dev/ros2_galactic/install/share/ament_lint_auto/cmake)
[1.890s] -- Added test 'copyright' to check source files copyright and LICENSE
[1.890s] -- Added test 'lint_cmake' to check CMake code style
[1.906s] -- Added test 'xmllint' to check XML markup files
[1.968s] -- Configuring done
[2.671s] -- Generating done
[2.703s] -- Build files have been written to: C:/TCC-Autonomous-Ship/src/main_ws/src/build/path_following_interfaces
[2.703s] Invoked command in 'C:\TCC-Autonomous-Ship\src\main_ws\src\build\path_following_interfaces' returned '0': C:\Program Files\CMake\bin\cmake.EXE C:\TCC-Autonomous-Ship\src\main_ws\src\path_following_interfaces -DCMAKE_INSTALL_PREFIX=C:\TCC-Autonomous-Ship\src\main_ws\src\install
[2.703s] Invoking command in 'C:\TCC-Autonomous-Ship\src\main_ws\src\build\path_following_interfaces': CL=/MP C:\Program Files\CMake\bin\cmake.EXE --build C:\TCC-Autonomous-Ship\src\main_ws\src\build\path_following_interfaces --config Release
[2.828s] Microsoft (R) Build Engine version 16.11.0+0538acc04 for .NET Framework
[2.828s] Copyright (C) Microsoft Corporation. All rights reserved.
[2.828s] 
[3.312s]   Checking Build System
[3.562s]   Building Custom Rule C:/TCC-Autonomous-Ship/src/main_ws/src/path_following_interfaces/CMakeLists.txt
[3.718s]   Building Custom Rule C:/TCC-Autonomous-Ship/src/main_ws/src/path_following_interfaces/CMakeLists.txt
[3.828s]   path_following_interfaces__rosidl_generator_c.vcxproj -> C:\TCC-Autonomous-Ship\src\main_ws\src\build\path_following_interfaces\Release\path_following_interfaces__rosidl_generator_c.dll
[3.937s]   Building Custom Rule C:/TCC-Autonomous-Ship/src/main_ws/src/path_following_interfaces/CMakeLists.txt
[4.015s]   path_following_interfaces__rosidl_typesupport_c.vcxproj -> C:\TCC-Autonomous-Ship\src\main_ws\src\build\path_following_interfaces\Release\path_following_interfaces__rosidl_typesupport_c.dll
[4.125s]   Building Custom Rule C:/TCC-Autonomous-Ship/src/main_ws/src/path_following_interfaces/CMakeLists.txt
[4.187s]   path_following_interfaces__rosidl_typesupport_cpp.vcxproj -> C:\TCC-Autonomous-Ship\src\main_ws\src\build\path_following_interfaces\Release\path_following_interfaces__rosidl_typesupport_cpp.dll
[4.328s]   Building Custom Rule C:/TCC-Autonomous-Ship/src/main_ws/src/path_following_interfaces/CMakeLists.txt
[4.390s]   path_following_interfaces__rosidl_typesupport_fastrtps_cpp.vcxproj -> C:\TCC-Autonomous-Ship\src\main_ws\src\build\path_following_interfaces\Release\path_following_interfaces__rosidl_typesupport_fastrtps_cpp.dll
[4.468s]   Building Custom Rule C:/TCC-Autonomous-Ship/src/main_ws/src/path_following_interfaces/CMakeLists.txt
[4.531s]   path_following_interfaces__rosidl_typesupport_fastrtps_c.vcxproj -> C:\TCC-Autonomous-Ship\src\main_ws\src\build\path_following_interfaces\Release\path_following_interfaces__rosidl_typesupport_fastrtps_c.dll
[4.625s]   Building Custom Rule C:/TCC-Autonomous-Ship/src/main_ws/src/path_following_interfaces/CMakeLists.txt
[4.687s]   path_following_interfaces__rosidl_typesupport_introspection_c.vcxproj -> C:\TCC-Autonomous-Ship\src\main_ws\src\build\path_following_interfaces\Release\path_following_interfaces__rosidl_typesupport_introspection_c.dll
[4.796s]   Building Custom Rule C:/TCC-Autonomous-Ship/src/main_ws/src/path_following_interfaces/CMakeLists.txt
[4.859s]   path_following_interfaces__rosidl_typesupport_introspection_cpp.vcxproj -> C:\TCC-Autonomous-Ship\src\main_ws\src\build\path_following_interfaces\Release\path_following_interfaces__rosidl_typesupport_introspection_cpp.dll
[4.921s]   Building Custom Rule C:/TCC-Autonomous-Ship/src/main_ws/src/path_following_interfaces/CMakeLists.txt
[5.171s]   Building Custom Rule C:/TCC-Autonomous-Ship/src/main_ws/src/path_following_interfaces/CMakeLists.txt
[5.234s]   path_following_interfaces__python.vcxproj -> C:\TCC-Autonomous-Ship\src\main_ws\src\build\path_following_interfaces\rosidl_generator_py\path_following_interfaces\path_following_interfaces__python.dll
[5.328s]   Building Custom Rule C:/TCC-Autonomous-Ship/src/main_ws/src/path_following_interfaces/CMakeLists.txt
[5.390s]   path_following_interfaces__rosidl_typesupport_c__pyext.vcxproj -> C:\TCC-Autonomous-Ship\src\main_ws\src\build\path_following_interfaces\rosidl_generator_py\path_following_interfaces\path_following_interfaces_s__rosidl_typesupport_c.pyd
[5.484s]   Building Custom Rule C:/TCC-Autonomous-Ship/src/main_ws/src/path_following_interfaces/CMakeLists.txt
[5.546s]   path_following_interfaces__rosidl_typesupport_fastrtps_c__pyext.vcxproj -> C:\TCC-Autonomous-Ship\src\main_ws\src\build\path_following_interfaces\rosidl_generator_py\path_following_interfaces\path_following_interfaces_s__rosidl_typesupport_fastrtps_c.pyd
[5.640s]   Building Custom Rule C:/TCC-Autonomous-Ship/src/main_ws/src/path_following_interfaces/CMakeLists.txt
[5.703s]   path_following_interfaces__rosidl_typesupport_introspection_c__pyext.vcxproj -> C:\TCC-Autonomous-Ship\src\main_ws\src\build\path_following_interfaces\rosidl_generator_py\path_following_interfaces\path_following_interfaces_s__rosidl_typesupport_introspection_c.pyd
[5.765s]   Building Custom Rule C:/TCC-Autonomous-Ship/src/main_ws/src/path_following_interfaces/CMakeLists.txt
[5.843s] Invoked command in 'C:\TCC-Autonomous-Ship\src\main_ws\src\build\path_following_interfaces' returned '0': CL=/MP C:\Program Files\CMake\bin\cmake.EXE --build C:\TCC-Autonomous-Ship\src\main_ws\src\build\path_following_interfaces --config Release
[5.875s] Invoking command in 'C:\TCC-Autonomous-Ship\src\main_ws\src\build\path_following_interfaces': C:\Program Files\CMake\bin\cmake.EXE --install C:\TCC-Autonomous-Ship\src\main_ws\src\build\path_following_interfaces --config Release
[5.890s] -- Up-to-date: C:/TCC-Autonomous-Ship/src/main_ws/src/install/share/ament_index/resource_index/rosidl_interfaces/path_following_interfaces
[5.890s] -- Up-to-date: C:/TCC-Autonomous-Ship/src/main_ws/src/install/include/path_following_interfaces
[5.890s] -- Up-to-date: C:/TCC-Autonomous-Ship/src/main_ws/src/install/include/path_following_interfaces/msg
[5.890s] -- Up-to-date: C:/TCC-Autonomous-Ship/src/main_ws/src/install/include/path_following_interfaces/msg/detail
[5.890s] -- Up-to-date: C:/TCC-Autonomous-Ship/src/main_ws/src/install/include/path_following_interfaces/msg/detail/positions_xy__functions.c
[5.890s] -- Up-to-date: C:/TCC-Autonomous-Ship/src/main_ws/src/install/include/path_following_interfaces/msg/detail/positions_xy__functions.h
[5.890s] -- Up-to-date: C:/TCC-Autonomous-Ship/src/main_ws/src/install/include/path_following_interfaces/msg/detail/positions_xy__struct.h
[5.890s] -- Up-to-date: C:/TCC-Autonomous-Ship/src/main_ws/src/install/include/path_following_interfaces/msg/detail/positions_xy__type_support.h
[5.890s] -- Up-to-date: C:/TCC-Autonomous-Ship/src/main_ws/src/install/include/path_following_interfaces/msg/detail/position__functions.c
[5.890s] -- Up-to-date: C:/TCC-Autonomous-Ship/src/main_ws/src/install/include/path_following_interfaces/msg/detail/position__functions.h
[5.890s] -- Up-to-date: C:/TCC-Autonomous-Ship/src/main_ws/src/install/include/path_following_interfaces/msg/detail/position__struct.h
[5.890s] -- Up-to-date: C:/TCC-Autonomous-Ship/src/main_ws/src/install/include/path_following_interfaces/msg/detail/position__type_support.h
[5.890s] -- Up-to-date: C:/TCC-Autonomous-Ship/src/main_ws/src/install/include/path_following_interfaces/msg/detail/state__functions.c
[5.890s] -- Up-to-date: C:/TCC-Autonomous-Ship/src/main_ws/src/install/include/path_following_interfaces/msg/detail/state__functions.h
[5.890s] -- Up-to-date: C:/TCC-Autonomous-Ship/src/main_ws/src/install/include/path_following_interfaces/msg/detail/state__struct.h
[5.890s] -- Up-to-date: C:/TCC-Autonomous-Ship/src/main_ws/src/install/include/path_following_interfaces/msg/detail/state__type_support.h
[5.890s] -- Up-to-date: C:/TCC-Autonomous-Ship/src/main_ws/src/install/include/path_following_interfaces/msg/detail/velocity__functions.c
[5.890s] -- Up-to-date: C:/TCC-Autonomous-Ship/src/main_ws/src/install/include/path_following_interfaces/msg/detail/velocity__functions.h
[5.890s] -- Up-to-date: C:/TCC-Autonomous-Ship/src/main_ws/src/install/include/path_following_interfaces/msg/detail/velocity__struct.h
[5.890s] -- Up-to-date: C:/TCC-Autonomous-Ship/src/main_ws/src/install/include/path_following_interfaces/msg/detail/velocity__type_support.h
[5.890s] -- Up-to-date: C:/TCC-Autonomous-Ship/src/main_ws/src/install/include/path_following_interfaces/msg/detail/waypoints__functions.c
[5.890s] -- Up-to-date: C:/TCC-Autonomous-Ship/src/main_ws/src/install/include/path_following_interfaces/msg/detail/waypoints__functions.h
[5.890s] -- Up-to-date: C:/TCC-Autonomous-Ship/src/main_ws/src/install/include/path_following_interfaces/msg/detail/waypoints__struct.h
[5.890s] -- Up-to-date: C:/TCC-Autonomous-Ship/src/main_ws/src/install/include/path_following_interfaces/msg/detail/waypoints__type_support.h
[5.890s] -- Up-to-date: C:/TCC-Autonomous-Ship/src/main_ws/src/install/include/path_following_interfaces/msg/position.h
[5.890s] -- Up-to-date: C:/TCC-Autonomous-Ship/src/main_ws/src/install/include/path_following_interfaces/msg/positions_xy.h
[5.890s] -- Up-to-date: C:/TCC-Autonomous-Ship/src/main_ws/src/install/include/path_following_interfaces/msg/rosidl_generator_c__visibility_control.h
[5.890s] -- Up-to-date: C:/TCC-Autonomous-Ship/src/main_ws/src/install/include/path_following_interfaces/msg/state.h
[5.906s] -- Up-to-date: C:/TCC-Autonomous-Ship/src/main_ws/src/install/include/path_following_interfaces/msg/velocity.h
[5.906s] -- Up-to-date: C:/TCC-Autonomous-Ship/src/main_ws/src/install/include/path_following_interfaces/msg/waypoints.h
[5.906s] -- Up-to-date: C:/TCC-Autonomous-Ship/src/main_ws/src/install/include/path_following_interfaces/srv
[5.906s] -- Up-to-date: C:/TCC-Autonomous-Ship/src/main_ws/src/install/include/path_following_interfaces/srv/detail
[5.906s] -- Up-to-date: C:/TCC-Autonomous-Ship/src/main_ws/src/install/include/path_following_interfaces/srv/detail/start_end_simul__functions.c
[5.906s] -- Up-to-date: C:/TCC-Autonomous-Ship/src/main_ws/src/install/include/path_following_interfaces/srv/detail/start_end_simul__functions.h
[5.906s] -- Up-to-date: C:/TCC-Autonomous-Ship/src/main_ws/src/install/include/path_following_interfaces/srv/detail/start_end_simul__struct.h
[5.906s] -- Up-to-date: C:/TCC-Autonomous-Ship/src/main_ws/src/install/include/path_following_interfaces/srv/detail/start_end_simul__type_support.h
[5.906s] -- Up-to-date: C:/TCC-Autonomous-Ship/src/main_ws/src/install/include/path_following_interfaces/srv/start_end_simul.h
[5.906s] -- Up-to-date: C:/TCC-Autonomous-Ship/src/main_ws/src/install/lib/path_following_interfaces__rosidl_generator_c.lib
[5.906s] -- Up-to-date: C:/TCC-Autonomous-Ship/src/main_ws/src/install/bin/path_following_interfaces__rosidl_generator_c.dll
[5.906s] -- Up-to-date: C:/TCC-Autonomous-Ship/src/main_ws/src/install/include/path_following_interfaces
[5.906s] -- Up-to-date: C:/TCC-Autonomous-Ship/src/main_ws/src/install/include/path_following_interfaces/msg
[5.906s] -- Up-to-date: C:/TCC-Autonomous-Ship/src/main_ws/src/install/include/path_following_interfaces/msg/detail
[5.906s] -- Up-to-date: C:/TCC-Autonomous-Ship/src/main_ws/src/install/include/path_following_interfaces/msg/detail/positions_xy__rosidl_typesupport_fastrtps_c.h
[5.906s] -- Up-to-date: C:/TCC-Autonomous-Ship/src/main_ws/src/install/include/path_following_interfaces/msg/detail/position__rosidl_typesupport_fastrtps_c.h
[5.906s] -- Up-to-date: C:/TCC-Autonomous-Ship/src/main_ws/src/install/include/path_following_interfaces/msg/detail/state__rosidl_typesupport_fastrtps_c.h
[5.906s] -- Up-to-date: C:/TCC-Autonomous-Ship/src/main_ws/src/install/include/path_following_interfaces/msg/detail/velocity__rosidl_typesupport_fastrtps_c.h
[5.906s] -- Up-to-date: C:/TCC-Autonomous-Ship/src/main_ws/src/install/include/path_following_interfaces/msg/detail/waypoints__rosidl_typesupport_fastrtps_c.h
[5.906s] -- Up-to-date: C:/TCC-Autonomous-Ship/src/main_ws/src/install/include/path_following_interfaces/msg/rosidl_typesupport_fastrtps_c__visibility_control.h
[5.906s] -- Up-to-date: C:/TCC-Autonomous-Ship/src/main_ws/src/install/include/path_following_interfaces/srv
[5.906s] -- Up-to-date: C:/TCC-Autonomous-Ship/src/main_ws/src/install/include/path_following_interfaces/srv/detail
[5.906s] -- Up-to-date: C:/TCC-Autonomous-Ship/src/main_ws/src/install/include/path_following_interfaces/srv/detail/start_end_simul__rosidl_typesupport_fastrtps_c.h
[5.906s] -- Up-to-date: C:/TCC-Autonomous-Ship/src/main_ws/src/install/lib/path_following_interfaces__rosidl_typesupport_fastrtps_c.lib
[5.906s] -- Up-to-date: C:/TCC-Autonomous-Ship/src/main_ws/src/install/bin/path_following_interfaces__rosidl_typesupport_fastrtps_c.dll
[5.906s] -- Up-to-date: C:/TCC-Autonomous-Ship/src/main_ws/src/install/include/path_following_interfaces
[5.906s] -- Up-to-date: C:/TCC-Autonomous-Ship/src/main_ws/src/install/include/path_following_interfaces/msg
[5.906s] -- Up-to-date: C:/TCC-Autonomous-Ship/src/main_ws/src/install/include/path_following_interfaces/msg/detail
[5.906s] -- Up-to-date: C:/TCC-Autonomous-Ship/src/main_ws/src/install/include/path_following_interfaces/msg/detail/dds_fastrtps
[5.906s] -- Up-to-date: C:/TCC-Autonomous-Ship/src/main_ws/src/install/include/path_following_interfaces/msg/detail/positions_xy__rosidl_typesupport_fastrtps_cpp.hpp
[5.906s] -- Up-to-date: C:/TCC-Autonomous-Ship/src/main_ws/src/install/include/path_following_interfaces/msg/detail/position__rosidl_typesupport_fastrtps_cpp.hpp
[5.906s] -- Up-to-date: C:/TCC-Autonomous-Ship/src/main_ws/src/install/include/path_following_interfaces/msg/detail/state__rosidl_typesupport_fastrtps_cpp.hpp
[5.906s] -- Up-to-date: C:/TCC-Autonomous-Ship/src/main_ws/src/install/include/path_following_interfaces/msg/detail/velocity__rosidl_typesupport_fastrtps_cpp.hpp
[5.906s] -- Up-to-date: C:/TCC-Autonomous-Ship/src/main_ws/src/install/include/path_following_interfaces/msg/detail/waypoints__rosidl_typesupport_fastrtps_cpp.hpp
[5.906s] -- Up-to-date: C:/TCC-Autonomous-Ship/src/main_ws/src/install/include/path_following_interfaces/msg/rosidl_typesupport_fastrtps_cpp__visibility_control.h
[5.906s] -- Up-to-date: C:/TCC-Autonomous-Ship/src/main_ws/src/install/include/path_following_interfaces/srv
[5.906s] -- Up-to-date: C:/TCC-Autonomous-Ship/src/main_ws/src/install/include/path_following_interfaces/srv/detail
[5.906s] -- Up-to-date: C:/TCC-Autonomous-Ship/src/main_ws/src/install/include/path_following_interfaces/srv/detail/dds_fastrtps
[5.906s] -- Up-to-date: C:/TCC-Autonomous-Ship/src/main_ws/src/install/include/path_following_interfaces/srv/detail/start_end_simul__rosidl_typesupport_fastrtps_cpp.hpp
[5.921s] -- Up-to-date: C:/TCC-Autonomous-Ship/src/main_ws/src/install/lib/path_following_interfaces__rosidl_typesupport_fastrtps_cpp.lib
[5.921s] -- Up-to-date: C:/TCC-Autonomous-Ship/src/main_ws/src/install/bin/path_following_interfaces__rosidl_typesupport_fastrtps_cpp.dll
[5.921s] -- Up-to-date: C:/TCC-Autonomous-Ship/src/main_ws/src/install/include/path_following_interfaces
[5.921s] -- Up-to-date: C:/TCC-Autonomous-Ship/src/main_ws/src/install/include/path_following_interfaces/msg
[5.921s] -- Up-to-date: C:/TCC-Autonomous-Ship/src/main_ws/src/install/include/path_following_interfaces/msg/detail
[5.921s] -- Up-to-date: C:/TCC-Autonomous-Ship/src/main_ws/src/install/include/path_following_interfaces/msg/detail/positions_xy__rosidl_typesupport_introspection_c.h
[5.921s] -- Up-to-date: C:/TCC-Autonomous-Ship/src/main_ws/src/install/include/path_following_interfaces/msg/detail/positions_xy__type_support.c
[5.921s] -- Up-to-date: C:/TCC-Autonomous-Ship/src/main_ws/src/install/include/path_following_interfaces/msg/detail/position__rosidl_typesupport_introspection_c.h
[5.921s] -- Up-to-date: C:/TCC-Autonomous-Ship/src/main_ws/src/install/include/path_following_interfaces/msg/detail/position__type_support.c
[5.921s] -- Up-to-date: C:/TCC-Autonomous-Ship/src/main_ws/src/install/include/path_following_interfaces/msg/detail/state__rosidl_typesupport_introspection_c.h
[5.921s] -- Up-to-date: C:/TCC-Autonomous-Ship/src/main_ws/src/install/include/path_following_interfaces/msg/detail/state__type_support.c
[5.921s] -- Up-to-date: C:/TCC-Autonomous-Ship/src/main_ws/src/install/include/path_following_interfaces/msg/detail/velocity__rosidl_typesupport_introspection_c.h
[5.921s] -- Up-to-date: C:/TCC-Autonomous-Ship/src/main_ws/src/install/include/path_following_interfaces/msg/detail/velocity__type_support.c
[5.921s] -- Up-to-date: C:/TCC-Autonomous-Ship/src/main_ws/src/install/include/path_following_interfaces/msg/detail/waypoints__rosidl_typesupport_introspection_c.h
[5.921s] -- Up-to-date: C:/TCC-Autonomous-Ship/src/main_ws/src/install/include/path_following_interfaces/msg/detail/waypoints__type_support.c
[5.921s] -- Up-to-date: C:/TCC-Autonomous-Ship/src/main_ws/src/install/include/path_following_interfaces/msg/rosidl_typesupport_introspection_c__visibility_control.h
[5.921s] -- Up-to-date: C:/TCC-Autonomous-Ship/src/main_ws/src/install/include/path_following_interfaces/srv
[5.921s] -- Up-to-date: C:/TCC-Autonomous-Ship/src/main_ws/src/install/include/path_following_interfaces/srv/detail
[5.921s] -- Up-to-date: C:/TCC-Autonomous-Ship/src/main_ws/src/install/include/path_following_interfaces/srv/detail/start_end_simul__rosidl_typesupport_introspection_c.h
[5.921s] -- Up-to-date: C:/TCC-Autonomous-Ship/src/main_ws/src/install/include/path_following_interfaces/srv/detail/start_end_simul__type_support.c
[5.921s] -- Up-to-date: C:/TCC-Autonomous-Ship/src/main_ws/src/install/lib/path_following_interfaces__rosidl_typesupport_introspection_c.lib
[5.921s] -- Up-to-date: C:/TCC-Autonomous-Ship/src/main_ws/src/install/bin/path_following_interfaces__rosidl_typesupport_introspection_c.dll
[5.921s] -- Up-to-date: C:/TCC-Autonomous-Ship/src/main_ws/src/install/lib/path_following_interfaces__rosidl_typesupport_c.lib
[5.921s] -- Up-to-date: C:/TCC-Autonomous-Ship/src/main_ws/src/install/bin/path_following_interfaces__rosidl_typesupport_c.dll
[5.921s] -- Up-to-date: C:/TCC-Autonomous-Ship/src/main_ws/src/install/include/path_following_interfaces
[5.921s] -- Up-to-date: C:/TCC-Autonomous-Ship/src/main_ws/src/install/include/path_following_interfaces/msg
[5.921s] -- Up-to-date: C:/TCC-Autonomous-Ship/src/main_ws/src/install/include/path_following_interfaces/msg/detail
[5.921s] -- Up-to-date: C:/TCC-Autonomous-Ship/src/main_ws/src/install/include/path_following_interfaces/msg/detail/positions_xy__builder.hpp
[5.921s] -- Up-to-date: C:/TCC-Autonomous-Ship/src/main_ws/src/install/include/path_following_interfaces/msg/detail/positions_xy__struct.hpp
[5.921s] -- Up-to-date: C:/TCC-Autonomous-Ship/src/main_ws/src/install/include/path_following_interfaces/msg/detail/positions_xy__traits.hpp
[5.921s] -- Up-to-date: C:/TCC-Autonomous-Ship/src/main_ws/src/install/include/path_following_interfaces/msg/detail/position__builder.hpp
[5.921s] -- Up-to-date: C:/TCC-Autonomous-Ship/src/main_ws/src/install/include/path_following_interfaces/msg/detail/position__struct.hpp
[5.921s] -- Up-to-date: C:/TCC-Autonomous-Ship/src/main_ws/src/install/include/path_following_interfaces/msg/detail/position__traits.hpp
[5.921s] -- Up-to-date: C:/TCC-Autonomous-Ship/src/main_ws/src/install/include/path_following_interfaces/msg/detail/state__builder.hpp
[5.921s] -- Up-to-date: C:/TCC-Autonomous-Ship/src/main_ws/src/install/include/path_following_interfaces/msg/detail/state__struct.hpp
[5.921s] -- Up-to-date: C:/TCC-Autonomous-Ship/src/main_ws/src/install/include/path_following_interfaces/msg/detail/state__traits.hpp
[5.921s] -- Up-to-date: C:/TCC-Autonomous-Ship/src/main_ws/src/install/include/path_following_interfaces/msg/detail/velocity__builder.hpp
[5.921s] -- Up-to-date: C:/TCC-Autonomous-Ship/src/main_ws/src/install/include/path_following_interfaces/msg/detail/velocity__struct.hpp
[5.921s] -- Up-to-date: C:/TCC-Autonomous-Ship/src/main_ws/src/install/include/path_following_interfaces/msg/detail/velocity__traits.hpp
[5.921s] -- Up-to-date: C:/TCC-Autonomous-Ship/src/main_ws/src/install/include/path_following_interfaces/msg/detail/waypoints__builder.hpp
[5.921s] -- Up-to-date: C:/TCC-Autonomous-Ship/src/main_ws/src/install/include/path_following_interfaces/msg/detail/waypoints__struct.hpp
[5.921s] -- Up-to-date: C:/TCC-Autonomous-Ship/src/main_ws/src/install/include/path_following_interfaces/msg/detail/waypoints__traits.hpp
[5.921s] -- Up-to-date: C:/TCC-Autonomous-Ship/src/main_ws/src/install/include/path_following_interfaces/msg/position.hpp
[5.937s] -- Up-to-date: C:/TCC-Autonomous-Ship/src/main_ws/src/install/include/path_following_interfaces/msg/positions_xy.hpp
[5.937s] -- Up-to-date: C:/TCC-Autonomous-Ship/src/main_ws/src/install/include/path_following_interfaces/msg/state.hpp
[5.937s] -- Up-to-date: C:/TCC-Autonomous-Ship/src/main_ws/src/install/include/path_following_interfaces/msg/velocity.hpp
[5.937s] -- Up-to-date: C:/TCC-Autonomous-Ship/src/main_ws/src/install/include/path_following_interfaces/msg/waypoints.hpp
[5.937s] -- Up-to-date: C:/TCC-Autonomous-Ship/src/main_ws/src/install/include/path_following_interfaces/srv
[5.937s] -- Up-to-date: C:/TCC-Autonomous-Ship/src/main_ws/src/install/include/path_following_interfaces/srv/detail
[5.937s] -- Up-to-date: C:/TCC-Autonomous-Ship/src/main_ws/src/install/include/path_following_interfaces/srv/detail/start_end_simul__builder.hpp
[5.937s] -- Up-to-date: C:/TCC-Autonomous-Ship/src/main_ws/src/install/include/path_following_interfaces/srv/detail/start_end_simul__struct.hpp
[5.937s] -- Up-to-date: C:/TCC-Autonomous-Ship/src/main_ws/src/install/include/path_following_interfaces/srv/detail/start_end_simul__traits.hpp
[5.937s] -- Up-to-date: C:/TCC-Autonomous-Ship/src/main_ws/src/install/include/path_following_interfaces/srv/start_end_simul.hpp
[5.937s] -- Up-to-date: C:/TCC-Autonomous-Ship/src/main_ws/src/install/include/path_following_interfaces
[5.937s] -- Up-to-date: C:/TCC-Autonomous-Ship/src/main_ws/src/install/include/path_following_interfaces/msg
[5.937s] -- Up-to-date: C:/TCC-Autonomous-Ship/src/main_ws/src/install/include/path_following_interfaces/msg/detail
[5.937s] -- Up-to-date: C:/TCC-Autonomous-Ship/src/main_ws/src/install/include/path_following_interfaces/msg/detail/positions_xy__rosidl_typesupport_introspection_cpp.hpp
[5.937s] -- Up-to-date: C:/TCC-Autonomous-Ship/src/main_ws/src/install/include/path_following_interfaces/msg/detail/positions_xy__type_support.cpp
[5.937s] -- Up-to-date: C:/TCC-Autonomous-Ship/src/main_ws/src/install/include/path_following_interfaces/msg/detail/position__rosidl_typesupport_introspection_cpp.hpp
[5.937s] -- Up-to-date: C:/TCC-Autonomous-Ship/src/main_ws/src/install/include/path_following_interfaces/msg/detail/position__type_support.cpp
[5.937s] -- Up-to-date: C:/TCC-Autonomous-Ship/src/main_ws/src/install/include/path_following_interfaces/msg/detail/state__rosidl_typesupport_introspection_cpp.hpp
[5.937s] -- Up-to-date: C:/TCC-Autonomous-Ship/src/main_ws/src/install/include/path_following_interfaces/msg/detail/state__type_support.cpp
[5.937s] -- Up-to-date: C:/TCC-Autonomous-Ship/src/main_ws/src/install/include/path_following_interfaces/msg/detail/velocity__rosidl_typesupport_introspection_cpp.hpp
[5.937s] -- Up-to-date: C:/TCC-Autonomous-Ship/src/main_ws/src/install/include/path_following_interfaces/msg/detail/velocity__type_support.cpp
[5.937s] -- Up-to-date: C:/TCC-Autonomous-Ship/src/main_ws/src/install/include/path_following_interfaces/msg/detail/waypoints__rosidl_typesupport_introspection_cpp.hpp
[5.937s] -- Up-to-date: C:/TCC-Autonomous-Ship/src/main_ws/src/install/include/path_following_interfaces/msg/detail/waypoints__type_support.cpp
[5.937s] -- Up-to-date: C:/TCC-Autonomous-Ship/src/main_ws/src/install/include/path_following_interfaces/srv
[5.937s] -- Up-to-date: C:/TCC-Autonomous-Ship/src/main_ws/src/install/include/path_following_interfaces/srv/detail
[5.937s] -- Up-to-date: C:/TCC-Autonomous-Ship/src/main_ws/src/install/include/path_following_interfaces/srv/detail/start_end_simul__rosidl_typesupport_introspection_cpp.hpp
[5.937s] -- Up-to-date: C:/TCC-Autonomous-Ship/src/main_ws/src/install/include/path_following_interfaces/srv/detail/start_end_simul__type_support.cpp
[5.937s] -- Up-to-date: C:/TCC-Autonomous-Ship/src/main_ws/src/install/lib/path_following_interfaces__rosidl_typesupport_introspection_cpp.lib
[5.937s] -- Up-to-date: C:/TCC-Autonomous-Ship/src/main_ws/src/install/bin/path_following_interfaces__rosidl_typesupport_introspection_cpp.dll
[5.937s] -- Up-to-date: C:/TCC-Autonomous-Ship/src/main_ws/src/install/lib/path_following_interfaces__rosidl_typesupport_cpp.lib
[5.937s] -- Up-to-date: C:/TCC-Autonomous-Ship/src/main_ws/src/install/bin/path_following_interfaces__rosidl_typesupport_cpp.dll
[5.937s] -- Up-to-date: C:/TCC-Autonomous-Ship/src/main_ws/src/install/share/path_following_interfaces/environment/pythonpath.bat
[5.937s] -- Installing: C:/TCC-Autonomous-Ship/src/main_ws/src/install/share/path_following_interfaces/environment/pythonpath.dsv
[5.937s] -- Installing: C:/TCC-Autonomous-Ship/src/main_ws/src/install/Lib/site-packages/path_following_interfaces/__init__.py
[6.015s] Compiling 'C:/TCC-Autonomous-Ship/src/main_ws/src/install/Lib/site-packages/path_following_interfaces/__init__.py'...
[6.031s] -- Up-to-date: C:/TCC-Autonomous-Ship/src/main_ws/src/install/Lib/site-packages/path_following_interfaces/msg
[6.031s] -- Up-to-date: C:/TCC-Autonomous-Ship/src/main_ws/src/install/Lib/site-packages/path_following_interfaces/msg/_position.py
[6.031s] -- Up-to-date: C:/TCC-Autonomous-Ship/src/main_ws/src/install/Lib/site-packages/path_following_interfaces/msg/_positions_xy.py
[6.031s] -- Up-to-date: C:/TCC-Autonomous-Ship/src/main_ws/src/install/Lib/site-packages/path_following_interfaces/msg/_positions_xy_s.c
[6.031s] -- Up-to-date: C:/TCC-Autonomous-Ship/src/main_ws/src/install/Lib/site-packages/path_following_interfaces/msg/_position_s.c
[6.031s] -- Up-to-date: C:/TCC-Autonomous-Ship/src/main_ws/src/install/Lib/site-packages/path_following_interfaces/msg/_state.py
[6.031s] -- Up-to-date: C:/TCC-Autonomous-Ship/src/main_ws/src/install/Lib/site-packages/path_following_interfaces/msg/_state_s.c
[6.031s] -- Up-to-date: C:/TCC-Autonomous-Ship/src/main_ws/src/install/Lib/site-packages/path_following_interfaces/msg/_velocity.py
[6.031s] -- Up-to-date: C:/TCC-Autonomous-Ship/src/main_ws/src/install/Lib/site-packages/path_following_interfaces/msg/_velocity_s.c
[6.031s] -- Up-to-date: C:/TCC-Autonomous-Ship/src/main_ws/src/install/Lib/site-packages/path_following_interfaces/msg/_waypoints.py
[6.031s] -- Up-to-date: C:/TCC-Autonomous-Ship/src/main_ws/src/install/Lib/site-packages/path_following_interfaces/msg/_waypoints_s.c
[6.031s] -- Up-to-date: C:/TCC-Autonomous-Ship/src/main_ws/src/install/Lib/site-packages/path_following_interfaces/msg/__init__.py
[6.031s] -- Up-to-date: C:/TCC-Autonomous-Ship/src/main_ws/src/install/Lib/site-packages/path_following_interfaces/srv
[6.031s] -- Up-to-date: C:/TCC-Autonomous-Ship/src/main_ws/src/install/Lib/site-packages/path_following_interfaces/srv/_start_end_simul.py
[6.031s] -- Up-to-date: C:/TCC-Autonomous-Ship/src/main_ws/src/install/Lib/site-packages/path_following_interfaces/srv/_start_end_simul_s.c
[6.031s] -- Up-to-date: C:/TCC-Autonomous-Ship/src/main_ws/src/install/Lib/site-packages/path_following_interfaces/srv/__init__.py
[6.031s] -- Up-to-date: C:/TCC-Autonomous-Ship/src/main_ws/src/install/Lib/site-packages/path_following_interfaces/path_following_interfaces_s__rosidl_typesupport_fastrtps_c.lib
[6.031s] -- Up-to-date: C:/TCC-Autonomous-Ship/src/main_ws/src/install/Lib/site-packages/path_following_interfaces/path_following_interfaces_s__rosidl_typesupport_fastrtps_c.pyd
[6.031s] -- Up-to-date: C:/TCC-Autonomous-Ship/src/main_ws/src/install/Lib/site-packages/path_following_interfaces/path_following_interfaces_s__rosidl_typesupport_introspection_c.lib
[6.031s] -- Up-to-date: C:/TCC-Autonomous-Ship/src/main_ws/src/install/Lib/site-packages/path_following_interfaces/path_following_interfaces_s__rosidl_typesupport_introspection_c.pyd
[6.031s] -- Up-to-date: C:/TCC-Autonomous-Ship/src/main_ws/src/install/Lib/site-packages/path_following_interfaces/path_following_interfaces_s__rosidl_typesupport_c.lib
[6.031s] -- Up-to-date: C:/TCC-Autonomous-Ship/src/main_ws/src/install/Lib/site-packages/path_following_interfaces/path_following_interfaces_s__rosidl_typesupport_c.pyd
[6.031s] -- Up-to-date: C:/TCC-Autonomous-Ship/src/main_ws/src/install/lib/path_following_interfaces__python.lib
[6.031s] -- Up-to-date: C:/TCC-Autonomous-Ship/src/main_ws/src/install/bin/path_following_interfaces__python.dll
[6.031s] -- Up-to-date: C:/TCC-Autonomous-Ship/src/main_ws/src/install/share/path_following_interfaces/msg/Position.idl
[6.031s] -- Up-to-date: C:/TCC-Autonomous-Ship/src/main_ws/src/install/share/path_following_interfaces/msg/Velocity.idl
[6.031s] -- Up-to-date: C:/TCC-Autonomous-Ship/src/main_ws/src/install/share/path_following_interfaces/msg/State.idl
[6.031s] -- Up-to-date: C:/TCC-Autonomous-Ship/src/main_ws/src/install/share/path_following_interfaces/msg/PositionsXY.idl
[6.046s] -- Up-to-date: C:/TCC-Autonomous-Ship/src/main_ws/src/install/share/path_following_interfaces/msg/Waypoints.idl
[6.046s] -- Up-to-date: C:/TCC-Autonomous-Ship/src/main_ws/src/install/share/path_following_interfaces/srv/StartEndSimul.idl
[6.046s] -- Up-to-date: C:/TCC-Autonomous-Ship/src/main_ws/src/install/share/path_following_interfaces/msg/Position.msg
[6.046s] -- Up-to-date: C:/TCC-Autonomous-Ship/src/main_ws/src/install/share/path_following_interfaces/msg/Velocity.msg
[6.046s] -- Up-to-date: C:/TCC-Autonomous-Ship/src/main_ws/src/install/share/path_following_interfaces/msg/State.msg
[6.046s] -- Up-to-date: C:/TCC-Autonomous-Ship/src/main_ws/src/install/share/path_following_interfaces/msg/PositionsXY.msg
[6.046s] -- Up-to-date: C:/TCC-Autonomous-Ship/src/main_ws/src/install/share/path_following_interfaces/msg/Waypoints.msg
[6.046s] -- Up-to-date: C:/TCC-Autonomous-Ship/src/main_ws/src/install/share/path_following_interfaces/srv/StartEndSimul.srv
[6.046s] -- Up-to-date: C:/TCC-Autonomous-Ship/src/main_ws/src/install/share/path_following_interfaces/srv/StartEndSimul_Request.msg
[6.046s] -- Up-to-date: C:/TCC-Autonomous-Ship/src/main_ws/src/install/share/path_following_interfaces/srv/StartEndSimul_Response.msg
[6.046s] -- Up-to-date: C:/TCC-Autonomous-Ship/src/main_ws/src/install/share/ament_index/resource_index/package_run_dependencies/path_following_interfaces
[6.046s] -- Up-to-date: C:/TCC-Autonomous-Ship/src/main_ws/src/install/share/ament_index/resource_index/parent_prefix_path/path_following_interfaces
[6.046s] -- Up-to-date: C:/TCC-Autonomous-Ship/src/main_ws/src/install/share/path_following_interfaces/environment/ament_prefix_path.bat
[6.046s] -- Installing: C:/TCC-Autonomous-Ship/src/main_ws/src/install/share/path_following_interfaces/environment/ament_prefix_path.dsv
[6.046s] -- Up-to-date: C:/TCC-Autonomous-Ship/src/main_ws/src/install/share/path_following_interfaces/environment/path.bat
[6.046s] -- Installing: C:/TCC-Autonomous-Ship/src/main_ws/src/install/share/path_following_interfaces/environment/path.dsv
[6.046s] -- Up-to-date: C:/TCC-Autonomous-Ship/src/main_ws/src/install/share/path_following_interfaces/local_setup.bat
[6.046s] -- Installing: C:/TCC-Autonomous-Ship/src/main_ws/src/install/share/path_following_interfaces/local_setup.dsv
[6.062s] -- Installing: C:/TCC-Autonomous-Ship/src/main_ws/src/install/share/path_following_interfaces/package.dsv
[6.062s] -- Up-to-date: C:/TCC-Autonomous-Ship/src/main_ws/src/install/share/ament_index/resource_index/packages/path_following_interfaces
[6.062s] -- Up-to-date: C:/TCC-Autonomous-Ship/src/main_ws/src/install/share/path_following_interfaces/cmake/path_following_interfaces__rosidl_generator_cExport.cmake
[6.062s] -- Up-to-date: C:/TCC-Autonomous-Ship/src/main_ws/src/install/share/path_following_interfaces/cmake/path_following_interfaces__rosidl_generator_cExport-release.cmake
[6.062s] -- Up-to-date: C:/TCC-Autonomous-Ship/src/main_ws/src/install/share/path_following_interfaces/cmake/path_following_interfaces__rosidl_typesupport_introspection_cExport.cmake
[6.062s] -- Up-to-date: C:/TCC-Autonomous-Ship/src/main_ws/src/install/share/path_following_interfaces/cmake/path_following_interfaces__rosidl_typesupport_introspection_cExport-release.cmake
[6.062s] -- Up-to-date: C:/TCC-Autonomous-Ship/src/main_ws/src/install/share/path_following_interfaces/cmake/path_following_interfaces__rosidl_typesupport_cExport.cmake
[6.062s] -- Up-to-date: C:/TCC-Autonomous-Ship/src/main_ws/src/install/share/path_following_interfaces/cmake/path_following_interfaces__rosidl_typesupport_cExport-release.cmake
[6.062s] -- Up-to-date: C:/TCC-Autonomous-Ship/src/main_ws/src/install/share/path_following_interfaces/cmake/path_following_interfaces__rosidl_generator_cppExport.cmake
[6.062s] -- Up-to-date: C:/TCC-Autonomous-Ship/src/main_ws/src/install/share/path_following_interfaces/cmake/path_following_interfaces__rosidl_typesupport_introspection_cppExport.cmake
[6.062s] -- Up-to-date: C:/TCC-Autonomous-Ship/src/main_ws/src/install/share/path_following_interfaces/cmake/path_following_interfaces__rosidl_typesupport_introspection_cppExport-release.cmake
[6.062s] -- Up-to-date: C:/TCC-Autonomous-Ship/src/main_ws/src/install/share/path_following_interfaces/cmake/path_following_interfaces__rosidl_typesupport_cppExport.cmake
[6.062s] -- Up-to-date: C:/TCC-Autonomous-Ship/src/main_ws/src/install/share/path_following_interfaces/cmake/path_following_interfaces__rosidl_typesupport_cppExport-release.cmake
[6.062s] -- Up-to-date: C:/TCC-Autonomous-Ship/src/main_ws/src/install/share/path_following_interfaces/cmake/rosidl_cmake-extras.cmake
[6.062s] -- Up-to-date: C:/TCC-Autonomous-Ship/src/main_ws/src/install/share/path_following_interfaces/cmake/ament_cmake_export_dependencies-extras.cmake
[6.062s] -- Up-to-date: C:/TCC-Autonomous-Ship/src/main_ws/src/install/share/path_following_interfaces/cmake/ament_cmake_export_libraries-extras.cmake
[6.062s] -- Up-to-date: C:/TCC-Autonomous-Ship/src/main_ws/src/install/share/path_following_interfaces/cmake/ament_cmake_export_targets-extras.cmake
[6.062s] -- Up-to-date: C:/TCC-Autonomous-Ship/src/main_ws/src/install/share/path_following_interfaces/cmake/ament_cmake_export_include_directories-extras.cmake
[6.062s] -- Up-to-date: C:/TCC-Autonomous-Ship/src/main_ws/src/install/share/path_following_interfaces/cmake/rosidl_cmake_export_typesupport_libraries-extras.cmake
[6.062s] -- Up-to-date: C:/TCC-Autonomous-Ship/src/main_ws/src/install/share/path_following_interfaces/cmake/rosidl_cmake_export_typesupport_targets-extras.cmake
[6.062s] -- Up-to-date: C:/TCC-Autonomous-Ship/src/main_ws/src/install/share/path_following_interfaces/cmake/path_following_interfacesConfig.cmake
[6.062s] -- Up-to-date: C:/TCC-Autonomous-Ship/src/main_ws/src/install/share/path_following_interfaces/cmake/path_following_interfacesConfig-version.cmake
[6.062s] -- Up-to-date: C:/TCC-Autonomous-Ship/src/main_ws/src/install/share/path_following_interfaces/package.xml
[6.078s] Invoked command in 'C:\TCC-Autonomous-Ship\src\main_ws\src\build\path_following_interfaces' returned '0': C:\Program Files\CMake\bin\cmake.EXE --install C:\TCC-Autonomous-Ship\src\main_ws\src\build\path_following_interfaces --config Release
