[0.719s] [34mcolcon[0m [1;30mDEBUG[0m [32mCommand line arguments: ['C:\\Users\\phmar\\AppData\\Local\\Programs\\Python\\Python36\\Scripts\\colcon', 'build', '--merge-install'][0m
[0.719s] [34mcolcon[0m [1;30mDEBUG[0m [32mParsed command line arguments: Namespace(ament_cmake_args=None, base_paths=['.'], build_base='build', catkin_cmake_args=None, catkin_skip_building_tests=False, cmake_args=None, cmake_clean_cache=False, cmake_clean_first=False, cmake_force_configure=False, cmake_target=None, cmake_target_skip_unavailable=False, continue_on_error=False, event_handlers=None, executor='parallel', ignore_user_meta=False, install_base='install', log_base=None, log_level=None, main=<bound method BuildVerb.main of <colcon_core.verb.build.BuildVerb object at 0x0000019FE2CBF470>>, merge_install=True, metas=['./colcon.meta'], packages_above=None, packages_above_and_dependencies=None, packages_above_depth=None, packages_end=None, packages_ignore=None, packages_ignore_regex=None, packages_select=None, packages_select_build_failed=False, packages_select_by_dep=None, packages_select_regex=None, packages_select_test_failures=False, packages_skip=None, packages_skip_build_finished=False, packages_skip_by_dep=None, packages_skip_regex=None, packages_skip_test_passed=False, packages_skip_up_to=None, packages_start=None, packages_up_to=None, packages_up_to_regex=None, parallel_workers=12, paths=None, symlink_install=False, test_result_base=None, verb_extension=<colcon_core.verb.build.BuildVerb object at 0x0000019FE2CBF470>, verb_name='build', verb_parser=<colcon_defaults.argument_parser.defaults.DefaultArgumentsDecorator object at 0x0000019FE2C4FDA0>)[0m
[0.754s] [34mcolcon.colcon_core.package_discovery[0m [1;30mLevel 1[0m discover_packages(colcon_meta) check parameters
[0.754s] [34mcolcon.colcon_core.package_discovery[0m [1;30mLevel 1[0m discover_packages(recursive) check parameters
[0.754s] [34mcolcon.colcon_core.package_discovery[0m [1;30mLevel 1[0m discover_packages(ignore) check parameters
[0.754s] [34mcolcon.colcon_core.package_discovery[0m [1;30mLevel 1[0m discover_packages(path) check parameters
[0.754s] [34mcolcon.colcon_core.package_discovery[0m [1;30mLevel 1[0m discover_packages(colcon_meta) discover
[0.754s] [34mcolcon.colcon_core.package_discovery[0m [1;30mLevel 1[0m discover_packages(recursive) discover
[0.754s] [34mcolcon.colcon_core.package_discovery[0m [1;30mINFO[0m Crawling recursively for packages in 'C:\TCC-Autonomous-Ship\src\main_ws\src'
[0.754s] [34mcolcon.colcon_core.package_identification[0m [1;30mLevel 1[0m _identify(.) by extensions ['ignore', 'ignore_ament_install']
[0.755s] [34mcolcon.colcon_core.package_identification[0m [1;30mLevel 1[0m _identify(.) by extension 'ignore'
[0.755s] [34mcolcon.colcon_core.package_identification[0m [1;30mLevel 1[0m _identify(.) by extension 'ignore_ament_install'
[0.755s] [34mcolcon.colcon_core.package_identification[0m [1;30mLevel 1[0m _identify(.) by extensions ['colcon_pkg']
[0.755s] [34mcolcon.colcon_core.package_identification[0m [1;30mLevel 1[0m _identify(.) by extension 'colcon_pkg'
[0.755s] [34mcolcon.colcon_core.package_identification[0m [1;30mLevel 1[0m _identify(.) by extensions ['colcon_meta']
[0.755s] [34mcolcon.colcon_core.package_identification[0m [1;30mLevel 1[0m _identify(.) by extension 'colcon_meta'
[0.755s] [34mcolcon.colcon_core.package_identification[0m [1;30mLevel 1[0m _identify(.) by extensions ['ros']
[0.755s] [34mcolcon.colcon_core.package_identification[0m [1;30mLevel 1[0m _identify(.) by extension 'ros'
[0.770s] [34mcolcon.colcon_core.package_identification[0m [1;30mLevel 1[0m _identify(.) by extensions ['cmake', 'python']
[0.770s] [34mcolcon.colcon_core.package_identification[0m [1;30mLevel 1[0m _identify(.) by extension 'cmake'
[0.770s] [34mcolcon.colcon_core.package_identification[0m [1;30mLevel 1[0m _identify(.) by extension 'python'
[0.771s] [34mcolcon.colcon_core.package_identification[0m [1;30mLevel 1[0m _identify(.) by extensions ['python_setup_py']
[0.771s] [34mcolcon.colcon_core.package_identification[0m [1;30mLevel 1[0m _identify(.) by extension 'python_setup_py'
[0.771s] [34mcolcon.colcon_core.package_identification[0m [1;30mLevel 1[0m _identify(build) by extensions ['ignore', 'ignore_ament_install']
[0.771s] [34mcolcon.colcon_core.package_identification[0m [1;30mLevel 1[0m _identify(build) by extension 'ignore'
[0.771s] [34mcolcon.colcon_core.package_identification[0m [1;30mLevel 1[0m _identify(build) ignored
[0.771s] [34mcolcon.colcon_core.package_identification[0m [1;30mLevel 1[0m _identify(install) by extensions ['ignore', 'ignore_ament_install']
[0.771s] [34mcolcon.colcon_core.package_identification[0m [1;30mLevel 1[0m _identify(install) by extension 'ignore'
[0.771s] [34mcolcon.colcon_core.package_identification[0m [1;30mLevel 1[0m _identify(install) ignored
[0.771s] [34mcolcon.colcon_core.package_identification[0m [1;30mLevel 1[0m _identify(log) by extensions ['ignore', 'ignore_ament_install']
[0.771s] [34mcolcon.colcon_core.package_identification[0m [1;30mLevel 1[0m _identify(log) by extension 'ignore'
[0.771s] [34mcolcon.colcon_core.package_identification[0m [1;30mLevel 1[0m _identify(log) ignored
[0.771s] [34mcolcon.colcon_core.package_identification[0m [1;30mLevel 1[0m _identify(path_following) by extensions ['ignore', 'ignore_ament_install']
[0.771s] [34mcolcon.colcon_core.package_identification[0m [1;30mLevel 1[0m _identify(path_following) by extension 'ignore'
[0.771s] [34mcolcon.colcon_core.package_identification[0m [1;30mLevel 1[0m _identify(path_following) by extension 'ignore_ament_install'
[0.771s] [34mcolcon.colcon_core.package_identification[0m [1;30mLevel 1[0m _identify(path_following) by extensions ['colcon_pkg']
[0.772s] [34mcolcon.colcon_core.package_identification[0m [1;30mLevel 1[0m _identify(path_following) by extension 'colcon_pkg'
[0.772s] [34mcolcon.colcon_core.package_identification[0m [1;30mLevel 1[0m _identify(path_following) by extensions ['colcon_meta']
[0.772s] [34mcolcon.colcon_core.package_identification[0m [1;30mLevel 1[0m _identify(path_following) by extension 'colcon_meta'
[0.772s] [34mcolcon.colcon_core.package_identification[0m [1;30mLevel 1[0m _identify(path_following) by extensions ['ros']
[0.772s] [34mcolcon.colcon_core.package_identification[0m [1;30mLevel 1[0m _identify(path_following) by extension 'ros'
[0.776s] [34mcolcon.colcon_core.package_identification[0m [1;30mDEBUG[0m [32mPackage 'path_following' with type 'ros.ament_python' and name 'path_following'[0m
[0.776s] [34mcolcon.colcon_core.package_identification[0m [1;30mLevel 1[0m _identify(path_following_interfaces) by extensions ['ignore', 'ignore_ament_install']
[0.776s] [34mcolcon.colcon_core.package_identification[0m [1;30mLevel 1[0m _identify(path_following_interfaces) by extension 'ignore'
[0.776s] [34mcolcon.colcon_core.package_identification[0m [1;30mLevel 1[0m _identify(path_following_interfaces) by extension 'ignore_ament_install'
[0.776s] [34mcolcon.colcon_core.package_identification[0m [1;30mLevel 1[0m _identify(path_following_interfaces) by extensions ['colcon_pkg']
[0.776s] [34mcolcon.colcon_core.package_identification[0m [1;30mLevel 1[0m _identify(path_following_interfaces) by extension 'colcon_pkg'
[0.776s] [34mcolcon.colcon_core.package_identification[0m [1;30mLevel 1[0m _identify(path_following_interfaces) by extensions ['colcon_meta']
[0.776s] [34mcolcon.colcon_core.package_identification[0m [1;30mLevel 1[0m _identify(path_following_interfaces) by extension 'colcon_meta'
[0.776s] [34mcolcon.colcon_core.package_identification[0m [1;30mLevel 1[0m _identify(path_following_interfaces) by extensions ['ros']
[0.777s] [34mcolcon.colcon_core.package_identification[0m [1;30mLevel 1[0m _identify(path_following_interfaces) by extension 'ros'
[0.777s] [34mcolcon.colcon_core.package_identification[0m [1;30mDEBUG[0m [32mPackage 'path_following_interfaces' with type 'ros.ament_cmake' and name 'path_following_interfaces'[0m
[0.777s] [34mcolcon.colcon_core.package_identification[0m [1;30mLevel 1[0m _identify(pydyna_simple) by extensions ['ignore', 'ignore_ament_install']
[0.778s] [34mcolcon.colcon_core.package_identification[0m [1;30mLevel 1[0m _identify(pydyna_simple) by extension 'ignore'
[0.778s] [34mcolcon.colcon_core.package_identification[0m [1;30mLevel 1[0m _identify(pydyna_simple) by extension 'ignore_ament_install'
[0.778s] [34mcolcon.colcon_core.package_identification[0m [1;30mLevel 1[0m _identify(pydyna_simple) by extensions ['colcon_pkg']
[0.778s] [34mcolcon.colcon_core.package_identification[0m [1;30mLevel 1[0m _identify(pydyna_simple) by extension 'colcon_pkg'
[0.778s] [34mcolcon.colcon_core.package_identification[0m [1;30mLevel 1[0m _identify(pydyna_simple) by extensions ['colcon_meta']
[0.778s] [34mcolcon.colcon_core.package_identification[0m [1;30mLevel 1[0m _identify(pydyna_simple) by extension 'colcon_meta'
[0.778s] [34mcolcon.colcon_core.package_identification[0m [1;30mLevel 1[0m _identify(pydyna_simple) by extensions ['ros']
[0.778s] [34mcolcon.colcon_core.package_identification[0m [1;30mLevel 1[0m _identify(pydyna_simple) by extension 'ros'
[0.779s] [34mcolcon.colcon_core.package_identification[0m [1;30mDEBUG[0m [32mPackage 'pydyna_simple' with type 'ros.ament_python' and name 'pydyna_simple'[0m
[0.779s] [34mcolcon.colcon_core.package_discovery[0m [1;30mLevel 1[0m discover_packages(recursive) using defaults
[0.779s] [34mcolcon.colcon_core.package_discovery[0m [1;30mLevel 1[0m discover_packages(ignore) discover
[0.780s] [34mcolcon.colcon_core.package_discovery[0m [1;30mLevel 1[0m discover_packages(ignore) using defaults
[0.780s] [34mcolcon.colcon_core.package_discovery[0m [1;30mLevel 1[0m discover_packages(path) discover
[0.780s] [34mcolcon.colcon_core.package_discovery[0m [1;30mLevel 1[0m discover_packages(path) using defaults
[0.842s] [34mcolcon.colcon_core.verb[0m [1;30mLevel 5[0m set package 'path_following_interfaces' build argument 'cmake_args' from command line to 'None'
[0.843s] [34mcolcon.colcon_core.verb[0m [1;30mLevel 5[0m set package 'path_following_interfaces' build argument 'cmake_target' from command line to 'None'
[0.843s] [34mcolcon.colcon_core.verb[0m [1;30mLevel 5[0m set package 'path_following_interfaces' build argument 'cmake_target_skip_unavailable' from command line to 'False'
[0.843s] [34mcolcon.colcon_core.verb[0m [1;30mLevel 5[0m set package 'path_following_interfaces' build argument 'cmake_clean_cache' from command line to 'False'
[0.843s] [34mcolcon.colcon_core.verb[0m [1;30mLevel 5[0m set package 'path_following_interfaces' build argument 'cmake_clean_first' from command line to 'False'
[0.843s] [34mcolcon.colcon_core.verb[0m [1;30mLevel 5[0m set package 'path_following_interfaces' build argument 'cmake_force_configure' from command line to 'False'
[0.843s] [34mcolcon.colcon_core.verb[0m [1;30mLevel 5[0m set package 'path_following_interfaces' build argument 'ament_cmake_args' from command line to 'None'
[0.843s] [34mcolcon.colcon_core.verb[0m [1;30mLevel 5[0m set package 'path_following_interfaces' build argument 'catkin_cmake_args' from command line to 'None'
[0.843s] [34mcolcon.colcon_core.verb[0m [1;30mLevel 5[0m set package 'path_following_interfaces' build argument 'catkin_skip_building_tests' from command line to 'False'
[0.843s] [34mcolcon.colcon_core.verb[0m [1;30mDEBUG[0m [32mBuilding package 'path_following_interfaces' with the following arguments: {'ament_cmake_args': None, 'build_base': 'C:\\TCC-Autonomous-Ship\\src\\main_ws\\src\\build\\path_following_interfaces', 'catkin_cmake_args': None, 'catkin_skip_building_tests': False, 'cmake_args': None, 'cmake_clean_cache': False, 'cmake_clean_first': False, 'cmake_force_configure': False, 'cmake_target': None, 'cmake_target_skip_unavailable': False, 'install_base': 'C:\\TCC-Autonomous-Ship\\src\\main_ws\\src\\install', 'merge_install': True, 'path': 'C:\\TCC-Autonomous-Ship\\src\\main_ws\\src\\path_following_interfaces', 'symlink_install': False, 'test_result_base': None}[0m
[0.858s] [34mcolcon.colcon_core.verb[0m [1;30mLevel 5[0m set package 'path_following' build argument 'cmake_args' from command line to 'None'
[0.858s] [34mcolcon.colcon_core.verb[0m [1;30mLevel 5[0m set package 'path_following' build argument 'cmake_target' from command line to 'None'
[0.858s] [34mcolcon.colcon_core.verb[0m [1;30mLevel 5[0m set package 'path_following' build argument 'cmake_target_skip_unavailable' from command line to 'False'
[0.858s] [34mcolcon.colcon_core.verb[0m [1;30mLevel 5[0m set package 'path_following' build argument 'cmake_clean_cache' from command line to 'False'
[0.859s] [34mcolcon.colcon_core.verb[0m [1;30mLevel 5[0m set package 'path_following' build argument 'cmake_clean_first' from command line to 'False'
[0.859s] [34mcolcon.colcon_core.verb[0m [1;30mLevel 5[0m set package 'path_following' build argument 'cmake_force_configure' from command line to 'False'
[0.859s] [34mcolcon.colcon_core.verb[0m [1;30mLevel 5[0m set package 'path_following' build argument 'ament_cmake_args' from command line to 'None'
[0.859s] [34mcolcon.colcon_core.verb[0m [1;30mLevel 5[0m set package 'path_following' build argument 'catkin_cmake_args' from command line to 'None'
[0.859s] [34mcolcon.colcon_core.verb[0m [1;30mLevel 5[0m set package 'path_following' build argument 'catkin_skip_building_tests' from command line to 'False'
[0.859s] [34mcolcon.colcon_core.verb[0m [1;30mDEBUG[0m [32mBuilding package 'path_following' with the following arguments: {'ament_cmake_args': None, 'build_base': 'C:\\TCC-Autonomous-Ship\\src\\main_ws\\src\\build\\path_following', 'catkin_cmake_args': None, 'catkin_skip_building_tests': False, 'cmake_args': None, 'cmake_clean_cache': False, 'cmake_clean_first': False, 'cmake_force_configure': False, 'cmake_target': None, 'cmake_target_skip_unavailable': False, 'install_base': 'C:\\TCC-Autonomous-Ship\\src\\main_ws\\src\\install', 'merge_install': True, 'path': 'C:\\TCC-Autonomous-Ship\\src\\main_ws\\src\\path_following', 'symlink_install': False, 'test_result_base': None}[0m
[0.873s] [34mcolcon.colcon_core.verb[0m [1;30mLevel 5[0m set package 'pydyna_simple' build argument 'cmake_args' from command line to 'None'
[0.874s] [34mcolcon.colcon_core.verb[0m [1;30mLevel 5[0m set package 'pydyna_simple' build argument 'cmake_target' from command line to 'None'
[0.874s] [34mcolcon.colcon_core.verb[0m [1;30mLevel 5[0m set package 'pydyna_simple' build argument 'cmake_target_skip_unavailable' from command line to 'False'
[0.874s] [34mcolcon.colcon_core.verb[0m [1;30mLevel 5[0m set package 'pydyna_simple' build argument 'cmake_clean_cache' from command line to 'False'
[0.874s] [34mcolcon.colcon_core.verb[0m [1;30mLevel 5[0m set package 'pydyna_simple' build argument 'cmake_clean_first' from command line to 'False'
[0.874s] [34mcolcon.colcon_core.verb[0m [1;30mLevel 5[0m set package 'pydyna_simple' build argument 'cmake_force_configure' from command line to 'False'
[0.874s] [34mcolcon.colcon_core.verb[0m [1;30mLevel 5[0m set package 'pydyna_simple' build argument 'ament_cmake_args' from command line to 'None'
[0.874s] [34mcolcon.colcon_core.verb[0m [1;30mLevel 5[0m set package 'pydyna_simple' build argument 'catkin_cmake_args' from command line to 'None'
[0.874s] [34mcolcon.colcon_core.verb[0m [1;30mLevel 5[0m set package 'pydyna_simple' build argument 'catkin_skip_building_tests' from command line to 'False'
[0.874s] [34mcolcon.colcon_core.verb[0m [1;30mDEBUG[0m [32mBuilding package 'pydyna_simple' with the following arguments: {'ament_cmake_args': None, 'build_base': 'C:\\TCC-Autonomous-Ship\\src\\main_ws\\src\\build\\pydyna_simple', 'catkin_cmake_args': None, 'catkin_skip_building_tests': False, 'cmake_args': None, 'cmake_clean_cache': False, 'cmake_clean_first': False, 'cmake_force_configure': False, 'cmake_target': None, 'cmake_target_skip_unavailable': False, 'install_base': 'C:\\TCC-Autonomous-Ship\\src\\main_ws\\src\\install', 'merge_install': True, 'path': 'C:\\TCC-Autonomous-Ship\\src\\main_ws\\src\\pydyna_simple', 'symlink_install': False, 'test_result_base': None}[0m
[0.878s] [34mcolcon.colcon_core.executor[0m [1;30mINFO[0m Executing jobs using 'parallel' executor
[0.905s] [34mcolcon.colcon_parallel_executor.executor.parallel[0m [1;30mDEBUG[0m [32mrun_until_complete[0m
[0.905s] [34mcolcon.colcon_ros.task.ament_cmake.build[0m [1;30mINFO[0m Building ROS package in 'C:\TCC-Autonomous-Ship\src\main_ws\src\path_following_interfaces' with build type 'ament_cmake'
[0.905s] [34mcolcon.colcon_cmake.task.cmake.build[0m [1;30mINFO[0m Building CMake package in 'C:\TCC-Autonomous-Ship\src\main_ws\src\path_following_interfaces'
[0.915s] [34mcolcon.colcon_core.plugin_system[0m [1;30mINFO[0m Skipping extension 'colcon_core.shell.sh': Not used on Windows systems
[0.915s] [34mcolcon.colcon_core.shell[0m [1;30mINFO[0m Skip shell extension 'powershell' for command environment: Not usable outside of PowerShell
[0.969s] [34mcolcon.colcon_core.event_handler.log_command[0m [1;30mDEBUG[0m [32mInvoking command in 'C:\TCC-Autonomous-Ship\src\main_ws\src\build\path_following_interfaces': C:\Program Files\CMake\bin\cmake.EXE C:\TCC-Autonomous-Ship\src\main_ws\src\path_following_interfaces -DCMAKE_INSTALL_PREFIX=C:\TCC-Autonomous-Ship\src\main_ws\src\install[0m
[3.018s] [34mcolcon.colcon_core.event_handler.log_command[0m [1;30mDEBUG[0m [32mInvoked command in 'C:\TCC-Autonomous-Ship\src\main_ws\src\build\path_following_interfaces' returned '0': C:\Program Files\CMake\bin\cmake.EXE C:\TCC-Autonomous-Ship\src\main_ws\src\path_following_interfaces -DCMAKE_INSTALL_PREFIX=C:\TCC-Autonomous-Ship\src\main_ws\src\install[0m
[3.023s] [34mcolcon.colcon_core.event_handler.log_command[0m [1;30mDEBUG[0m [32mInvoking command in 'C:\TCC-Autonomous-Ship\src\main_ws\src\build\path_following_interfaces': CL=/MP C:\Program Files\CMake\bin\cmake.EXE --build C:\TCC-Autonomous-Ship\src\main_ws\src\build\path_following_interfaces --config Release[0m
[5.395s] [34mcolcon.colcon_core.event_handler.log_command[0m [1;30mDEBUG[0m [32mInvoked command in 'C:\TCC-Autonomous-Ship\src\main_ws\src\build\path_following_interfaces' returned '0': CL=/MP C:\Program Files\CMake\bin\cmake.EXE --build C:\TCC-Autonomous-Ship\src\main_ws\src\build\path_following_interfaces --config Release[0m
[5.416s] [34mcolcon.colcon_core.event_handler.log_command[0m [1;30mDEBUG[0m [32mInvoking command in 'C:\TCC-Autonomous-Ship\src\main_ws\src\build\path_following_interfaces': C:\Program Files\CMake\bin\cmake.EXE --install C:\TCC-Autonomous-Ship\src\main_ws\src\build\path_following_interfaces --config Release[0m
[5.565s] [34mcolcon.colcon_core.environment[0m [1;30mLevel 1[0m create_environment_scripts_only(path_following_interfaces)
[5.568s] [34mcolcon.colcon_core.event_handler.log_command[0m [1;30mDEBUG[0m [32mInvoked command in 'C:\TCC-Autonomous-Ship\src\main_ws\src\build\path_following_interfaces' returned '0': C:\Program Files\CMake\bin\cmake.EXE --install C:\TCC-Autonomous-Ship\src\main_ws\src\build\path_following_interfaces --config Release[0m
[5.584s] [34mcolcon.colcon_core.environment[0m [1;30mLevel 1[0m checking 'C:\TCC-Autonomous-Ship\src\main_ws\src\install' for CMake module files
[5.587s] [34mcolcon.colcon_core.environment[0m [1;30mLevel 1[0m checking 'C:\TCC-Autonomous-Ship\src\main_ws\src\install' for CMake config files
[5.591s] [34mcolcon.colcon_core.shell[0m [1;30mLevel 1[0m create_environment_hook('path_following_interfaces', 'cmake_prefix_path')
[5.598s] [34mcolcon.colcon_core.shell[0m [1;30mINFO[0m Creating environment hook 'C:\TCC-Autonomous-Ship\src\main_ws\src\install\share\path_following_interfaces\hook\cmake_prefix_path.ps1'
[5.599s] [34mcolcon.colcon_core.shell[0m [1;30mINFO[0m Creating environment hook 'C:\TCC-Autonomous-Ship\src\main_ws\src\install\share\path_following_interfaces\hook\cmake_prefix_path.bat'
[5.600s] [34mcolcon.colcon_core.shell[0m [1;30mINFO[0m Creating environment descriptor 'C:\TCC-Autonomous-Ship\src\main_ws\src\install\share\path_following_interfaces\hook\cmake_prefix_path.dsv'
[5.601s] [34mcolcon.colcon_core.environment[0m [1;30mLevel 1[0m checking 'C:\TCC-Autonomous-Ship\src\main_ws\src\install\bin'
[5.601s] [34mcolcon.colcon_core.shell[0m [1;30mLevel 1[0m create_environment_hook('path_following_interfaces', 'path_dll')
[5.609s] [34mcolcon.colcon_core.shell[0m [1;30mINFO[0m Creating environment hook 'C:\TCC-Autonomous-Ship\src\main_ws\src\install\share\path_following_interfaces\hook\path_dll.ps1'
[5.610s] [34mcolcon.colcon_core.shell[0m [1;30mINFO[0m Creating environment hook 'C:\TCC-Autonomous-Ship\src\main_ws\src\install\share\path_following_interfaces\hook\path_dll.bat'
[5.611s] [34mcolcon.colcon_core.shell[0m [1;30mINFO[0m Creating environment descriptor 'C:\TCC-Autonomous-Ship\src\main_ws\src\install\share\path_following_interfaces\hook\path_dll.dsv'
[5.611s] [34mcolcon.colcon_core.environment[0m [1;30mLevel 1[0m checking 'C:\TCC-Autonomous-Ship\src\main_ws\src\install\bin'
[5.612s] [34mcolcon.colcon_core.shell[0m [1;30mLevel 1[0m create_environment_hook('path_following_interfaces', 'path')
[5.619s] [34mcolcon.colcon_core.shell[0m [1;30mINFO[0m Creating environment hook 'C:\TCC-Autonomous-Ship\src\main_ws\src\install\share\path_following_interfaces\hook\path.ps1'
[5.620s] [34mcolcon.colcon_core.shell[0m [1;30mINFO[0m Creating environment hook 'C:\TCC-Autonomous-Ship\src\main_ws\src\install\share\path_following_interfaces\hook\path.bat'
[5.621s] [34mcolcon.colcon_core.shell[0m [1;30mINFO[0m Creating environment descriptor 'C:\TCC-Autonomous-Ship\src\main_ws\src\install\share\path_following_interfaces\hook\path.dsv'
[5.621s] [34mcolcon.colcon_core.environment[0m [1;30mLevel 1[0m checking 'C:\TCC-Autonomous-Ship\src\main_ws\src\install\Scripts'
[5.621s] [34mcolcon.colcon_core.environment[0m [1;30mLevel 1[0m checking 'C:\TCC-Autonomous-Ship\src\main_ws\src\install\lib\pkgconfig\path_following_interfaces.pc'
[5.621s] [34mcolcon.colcon_core.environment[0m [1;30mLevel 1[0m checking 'C:\TCC-Autonomous-Ship\src\main_ws\src\install\Lib\site-packages'
[5.622s] [34mcolcon.colcon_core.shell[0m [1;30mLevel 1[0m create_environment_hook('path_following_interfaces', 'pythonpath')
[5.629s] [34mcolcon.colcon_core.shell[0m [1;30mINFO[0m Creating environment hook 'C:\TCC-Autonomous-Ship\src\main_ws\src\install\share\path_following_interfaces\hook\pythonpath.ps1'
[5.630s] [34mcolcon.colcon_core.shell[0m [1;30mINFO[0m Creating environment hook 'C:\TCC-Autonomous-Ship\src\main_ws\src\install\share\path_following_interfaces\hook\pythonpath.bat'
[5.630s] [34mcolcon.colcon_core.shell[0m [1;30mINFO[0m Creating environment descriptor 'C:\TCC-Autonomous-Ship\src\main_ws\src\install\share\path_following_interfaces\hook\pythonpath.dsv'
[5.639s] [34mcolcon.colcon_core.shell[0m [1;30mINFO[0m Creating package script 'C:\TCC-Autonomous-Ship\src\main_ws\src\install\share\path_following_interfaces\package.ps1'
[5.640s] [34mcolcon.colcon_core.shell[0m [1;30mINFO[0m Creating package script 'C:\TCC-Autonomous-Ship\src\main_ws\src\install\share\path_following_interfaces\package.bat'
[5.641s] [34mcolcon.colcon_core.shell[0m [1;30mINFO[0m Creating package descriptor 'C:\TCC-Autonomous-Ship\src\main_ws\src\install\share\path_following_interfaces\package.dsv'
[5.642s] [34mcolcon.colcon_core.environment[0m [1;30mLevel 1[0m create_file_with_runtime_dependencies(C:\TCC-Autonomous-Ship\src\main_ws\src\install\share\colcon-core\packages\path_following_interfaces)
[5.650s] [34mcolcon.colcon_core.environment[0m [1;30mLevel 1[0m create_environment_scripts_only(path_following_interfaces)
[5.661s] [34mcolcon.colcon_core.environment[0m [1;30mLevel 1[0m checking 'C:\TCC-Autonomous-Ship\src\main_ws\src\install' for CMake module files
[5.664s] [34mcolcon.colcon_core.environment[0m [1;30mLevel 1[0m checking 'C:\TCC-Autonomous-Ship\src\main_ws\src\install' for CMake config files
[5.668s] [34mcolcon.colcon_core.shell[0m [1;30mLevel 1[0m create_environment_hook('path_following_interfaces', 'cmake_prefix_path')
[5.676s] [34mcolcon.colcon_core.shell[0m [1;30mINFO[0m Creating environment hook 'C:\TCC-Autonomous-Ship\src\main_ws\src\install\share\path_following_interfaces\hook\cmake_prefix_path.ps1'
[5.676s] [34mcolcon.colcon_core.shell[0m [1;30mINFO[0m Creating environment hook 'C:\TCC-Autonomous-Ship\src\main_ws\src\install\share\path_following_interfaces\hook\cmake_prefix_path.bat'
[5.677s] [34mcolcon.colcon_core.shell[0m [1;30mINFO[0m Creating environment descriptor 'C:\TCC-Autonomous-Ship\src\main_ws\src\install\share\path_following_interfaces\hook\cmake_prefix_path.dsv'
[5.678s] [34mcolcon.colcon_core.environment[0m [1;30mLevel 1[0m checking 'C:\TCC-Autonomous-Ship\src\main_ws\src\install\bin'
[5.678s] [34mcolcon.colcon_core.shell[0m [1;30mLevel 1[0m create_environment_hook('path_following_interfaces', 'path_dll')
[5.686s] [34mcolcon.colcon_core.shell[0m [1;30mINFO[0m Creating environment hook 'C:\TCC-Autonomous-Ship\src\main_ws\src\install\share\path_following_interfaces\hook\path_dll.ps1'
[5.686s] [34mcolcon.colcon_core.shell[0m [1;30mINFO[0m Creating environment hook 'C:\TCC-Autonomous-Ship\src\main_ws\src\install\share\path_following_interfaces\hook\path_dll.bat'
[5.687s] [34mcolcon.colcon_core.shell[0m [1;30mINFO[0m Creating environment descriptor 'C:\TCC-Autonomous-Ship\src\main_ws\src\install\share\path_following_interfaces\hook\path_dll.dsv'
[5.688s] [34mcolcon.colcon_core.environment[0m [1;30mLevel 1[0m checking 'C:\TCC-Autonomous-Ship\src\main_ws\src\install\bin'
[5.688s] [34mcolcon.colcon_core.shell[0m [1;30mLevel 1[0m create_environment_hook('path_following_interfaces', 'path')
[5.695s] [34mcolcon.colcon_core.shell[0m [1;30mINFO[0m Creating environment hook 'C:\TCC-Autonomous-Ship\src\main_ws\src\install\share\path_following_interfaces\hook\path.ps1'
[5.696s] [34mcolcon.colcon_core.shell[0m [1;30mINFO[0m Creating environment hook 'C:\TCC-Autonomous-Ship\src\main_ws\src\install\share\path_following_interfaces\hook\path.bat'
[5.697s] [34mcolcon.colcon_core.shell[0m [1;30mINFO[0m Creating environment descriptor 'C:\TCC-Autonomous-Ship\src\main_ws\src\install\share\path_following_interfaces\hook\path.dsv'
[5.697s] [34mcolcon.colcon_core.environment[0m [1;30mLevel 1[0m checking 'C:\TCC-Autonomous-Ship\src\main_ws\src\install\Scripts'
[5.698s] [34mcolcon.colcon_core.environment[0m [1;30mLevel 1[0m checking 'C:\TCC-Autonomous-Ship\src\main_ws\src\install\lib\pkgconfig\path_following_interfaces.pc'
[5.698s] [34mcolcon.colcon_core.environment[0m [1;30mLevel 1[0m checking 'C:\TCC-Autonomous-Ship\src\main_ws\src\install\Lib\site-packages'
[5.698s] [34mcolcon.colcon_core.shell[0m [1;30mLevel 1[0m create_environment_hook('path_following_interfaces', 'pythonpath')
[5.705s] [34mcolcon.colcon_core.shell[0m [1;30mINFO[0m Creating environment hook 'C:\TCC-Autonomous-Ship\src\main_ws\src\install\share\path_following_interfaces\hook\pythonpath.ps1'
[5.706s] [34mcolcon.colcon_core.shell[0m [1;30mINFO[0m Creating environment hook 'C:\TCC-Autonomous-Ship\src\main_ws\src\install\share\path_following_interfaces\hook\pythonpath.bat'
[5.707s] [34mcolcon.colcon_core.shell[0m [1;30mINFO[0m Creating environment descriptor 'C:\TCC-Autonomous-Ship\src\main_ws\src\install\share\path_following_interfaces\hook\pythonpath.dsv'
[5.715s] [34mcolcon.colcon_core.shell[0m [1;30mINFO[0m Creating package script 'C:\TCC-Autonomous-Ship\src\main_ws\src\install\share\path_following_interfaces\package.ps1'
[5.716s] [34mcolcon.colcon_core.shell[0m [1;30mINFO[0m Creating package script 'C:\TCC-Autonomous-Ship\src\main_ws\src\install\share\path_following_interfaces\package.bat'
[5.716s] [34mcolcon.colcon_core.shell[0m [1;30mINFO[0m Creating package descriptor 'C:\TCC-Autonomous-Ship\src\main_ws\src\install\share\path_following_interfaces\package.dsv'
[5.717s] [34mcolcon.colcon_core.environment[0m [1;30mLevel 1[0m create_file_with_runtime_dependencies(C:\TCC-Autonomous-Ship\src\main_ws\src\install\share\colcon-core\packages\path_following_interfaces)
[5.718s] [34mcolcon.colcon_ros.task.ament_python.build[0m [1;30mINFO[0m Building ROS package in 'C:\TCC-Autonomous-Ship\src\main_ws\src\path_following' with build type 'ament_python'
[5.718s] [34mcolcon.colcon_core.shell[0m [1;30mLevel 1[0m create_environment_hook('path_following', 'ament_prefix_path')
[5.725s] [34mcolcon.colcon_core.shell[0m [1;30mINFO[0m Creating environment hook 'C:\TCC-Autonomous-Ship\src\main_ws\src\install\share\path_following\hook\ament_prefix_path.ps1'
[5.726s] [34mcolcon.colcon_core.shell[0m [1;30mINFO[0m Creating environment hook 'C:\TCC-Autonomous-Ship\src\main_ws\src\install\share\path_following\hook\ament_prefix_path.bat'
[5.727s] [34mcolcon.colcon_core.shell[0m [1;30mINFO[0m Creating environment descriptor 'C:\TCC-Autonomous-Ship\src\main_ws\src\install\share\path_following\hook\ament_prefix_path.dsv'
[5.736s] [34mcolcon.colcon_core.shell[0m [1;30mINFO[0m Skip shell extension 'powershell' for command environment: Not usable outside of PowerShell
[5.769s] [34mcolcon.colcon_ros.task.ament_python.build[0m [1;30mINFO[0m Building ROS package in 'C:\TCC-Autonomous-Ship\src\main_ws\src\pydyna_simple' with build type 'ament_python'
[5.769s] [34mcolcon.colcon_core.shell[0m [1;30mLevel 1[0m create_environment_hook('pydyna_simple', 'ament_prefix_path')
[5.777s] [34mcolcon.colcon_core.shell[0m [1;30mINFO[0m Creating environment hook 'C:\TCC-Autonomous-Ship\src\main_ws\src\install\share\pydyna_simple\hook\ament_prefix_path.ps1'
[5.778s] [34mcolcon.colcon_core.shell[0m [1;30mINFO[0m Creating environment hook 'C:\TCC-Autonomous-Ship\src\main_ws\src\install\share\pydyna_simple\hook\ament_prefix_path.bat'
[5.779s] [34mcolcon.colcon_core.shell[0m [1;30mINFO[0m Creating environment descriptor 'C:\TCC-Autonomous-Ship\src\main_ws\src\install\share\pydyna_simple\hook\ament_prefix_path.dsv'
[5.787s] [34mcolcon.colcon_core.shell[0m [1;30mINFO[0m Skip shell extension 'powershell' for command environment: Not usable outside of PowerShell
[6.281s] [34mcolcon.colcon_core.task.python.build[0m [1;30mINFO[0m Building Python package in 'C:\TCC-Autonomous-Ship\src\main_ws\src\path_following'
[6.288s] [34mcolcon.colcon_core.shell[0m [1;30mINFO[0m Skip shell extension 'powershell' for command environment: Not usable outside of PowerShell
[6.732s] [34mcolcon.colcon_core.task.python.build[0m [1;30mINFO[0m Building Python package in 'C:\TCC-Autonomous-Ship\src\main_ws\src\pydyna_simple'
[6.740s] [34mcolcon.colcon_core.shell[0m [1;30mINFO[0m Skip shell extension 'powershell' for command environment: Not usable outside of PowerShell
[6.780s] [34mcolcon.colcon_core.event_handler.log_command[0m [1;30mDEBUG[0m [32mInvoking command in 'C:\TCC-Autonomous-Ship\src\main_ws\src\path_following': PYTHONPATH=C:\TCC-Autonomous-Ship\src\main_ws\src\install\Lib\site-packages;%PYTHONPATH% Path=C:\TCC-Autonomous-Ship\src\main_ws\src\install\bin;c:\users\phmar\appdata\local\programs\python\python36\lib\site-packages\pywin32_system32;C:\dev\ros2_galactic\install\opt\yaml_cpp_vendor\bin;C:\dev\ros2_galactic\install\opt\rviz_ogre_vendor\bin;C:\dev\ros2_galactic\install\opt\rviz_assimp_vendor\bin;C:\dev\ros2_galactic\install\opt\libcurl_vendor\bin;C:\dev\ros2_galactic\install\Scripts;C:\dev\ros2_galactic\install\bin;C:\Program Files (x86)\Microsoft Visual Studio\2019\Community\Common7\IDE\\Extensions\Microsoft\IntelliCode\CLI;C:\Program Files (x86)\Microsoft Visual Studio\2019\Community\VC\Tools\MSVC\14.29.30133\bin\HostX64\x64;C:\Program Files (x86)\Microsoft Visual Studio\2019\Community\Common7\IDE\VC\VCPackages;C:\Program Files (x86)\Microsoft Visual Studio\2019\Community\Common7\IDE\CommonExtensions\Microsoft\TestWindow;C:\Program Files (x86)\Microsoft Visual Studio\2019\Community\Common7\IDE\CommonExtensions\Microsoft\TeamFoundation\Team Explorer;C:\Program Files (x86)\Microsoft Visual Studio\2019\Community\MSBuild\Current\bin\Roslyn;C:\Program Files (x86)\Microsoft Visual Studio\2019\Community\Team Tools\Performance Tools\x64;C:\Program Files (x86)\Microsoft Visual Studio\2019\Community\Team Tools\Performance Tools;C:\Program Files (x86)\Microsoft Visual Studio\Shared\Common\VSPerfCollectionTools\vs2019\\x64;C:\Program Files (x86)\Microsoft Visual Studio\Shared\Common\VSPerfCollectionTools\vs2019\;C:\Program Files (x86)\Microsoft Visual Studio\2019\Community\Common7\Tools\devinit;C:\Program Files (x86)\Windows Kits\10\bin\10.0.19041.0\x64;C:\Program Files (x86)\Windows Kits\10\bin\x64;C:\Program Files (x86)\Microsoft Visual Studio\2019\Community\\MSBuild\Current\Bin;C:\Windows\Microsoft.NET\Framework64\v4.0.30319;C:\Program Files (x86)\Microsoft Visual Studio\2019\Community\Common7\IDE\;C:\Program Files (x86)\Microsoft Visual Studio\2019\Community\Common7\Tools\;C:\Python36\Scripts\;C:\Python36\;C:\Users\phmar\AppData\Local\Programs\Python\Python38\Scripts\;C:\Users\phmar\AppData\Local\Programs\Python\Python38\;C:\Program Files (x86)\VMware\VMware Player\bin\;C:\Python38\Scripts\;C:\Python38\;C:\Windows\system32;C:\Windows;C:\Windows\System32\Wbem;C:\Windows\System32\WindowsPowerShell\v1.0\;C:\Windows\System32\OpenSSH\;C:\Program Files (x86)\NVIDIA Corporation\PhysX\Common;C:\Program Files\NVIDIA Corporation\NVIDIA NvDLISR;C:\ProgramData\chocolatey\bin;C:\ProgramData\chocolatey\lib\cunit\lib;C:\ProgramData\chocolatey\lib\tinyxml2\lib;C:\ProgramData\chocolatey\lib\log4cxx\lib;C:\ProgramData\chocolatey\lib\bullet\lib;C:\Program Files\Graphviz\bin;C:\Program Files\Cppcheck;C:\Program Files\Git\cmd;C:\Users\phmar\AppData\Local\Programs\Python\Python36\Scripts\;C:\Users\phmar\AppData\Local\Programs\Python\Python36\;C:\Users\phmar\AppData\Local\Microsoft\WindowsApps;C:\Program Files\OpenSSL-Win64\bin\;C:\opencv\x64\vc16\bin;C:\Program Files\CMake\bin;C:\Program Files\rti_connext_dds-6.1.0;C:\Users\phmar\AppData\Local\Programs\Microsoft VS Code\bin;C:\Program Files\Git\cmd;C:\Program Files\Git\usr\bin;C:\xmllint\bin;C:\Qt\5.15.0\msvc2019_64\plugins\platforms c:\users\phmar\appdata\local\programs\python\python36\python.exe setup.py egg_info --egg-base ..\build\path_following build --build-base C:\TCC-Autonomous-Ship\src\main_ws\src\build\path_following\build install --prefix C:\TCC-Autonomous-Ship\src\main_ws\src\install --record C:\TCC-Autonomous-Ship\src\main_ws\src\build\path_following\install.log --single-version-externally-managed[0m
[6.876s] [34mcolcon.colcon_core.event_handler.log_command[0m [1;30mDEBUG[0m [32mInvoking command in 'C:\TCC-Autonomous-Ship\src\main_ws\src\pydyna_simple': PYTHONPATH=C:\TCC-Autonomous-Ship\src\main_ws\src\install\Lib\site-packages;%PYTHONPATH% Path=C:\TCC-Autonomous-Ship\src\main_ws\src\install\bin;c:\users\phmar\appdata\local\programs\python\python36\lib\site-packages\pywin32_system32;C:\dev\ros2_galactic\install\opt\yaml_cpp_vendor\bin;C:\dev\ros2_galactic\install\opt\rviz_ogre_vendor\bin;C:\dev\ros2_galactic\install\opt\rviz_assimp_vendor\bin;C:\dev\ros2_galactic\install\opt\libcurl_vendor\bin;C:\dev\ros2_galactic\install\Scripts;C:\dev\ros2_galactic\install\bin;C:\Program Files (x86)\Microsoft Visual Studio\2019\Community\Common7\IDE\\Extensions\Microsoft\IntelliCode\CLI;C:\Program Files (x86)\Microsoft Visual Studio\2019\Community\VC\Tools\MSVC\14.29.30133\bin\HostX64\x64;C:\Program Files (x86)\Microsoft Visual Studio\2019\Community\Common7\IDE\VC\VCPackages;C:\Program Files (x86)\Microsoft Visual Studio\2019\Community\Common7\IDE\CommonExtensions\Microsoft\TestWindow;C:\Program Files (x86)\Microsoft Visual Studio\2019\Community\Common7\IDE\CommonExtensions\Microsoft\TeamFoundation\Team Explorer;C:\Program Files (x86)\Microsoft Visual Studio\2019\Community\MSBuild\Current\bin\Roslyn;C:\Program Files (x86)\Microsoft Visual Studio\2019\Community\Team Tools\Performance Tools\x64;C:\Program Files (x86)\Microsoft Visual Studio\2019\Community\Team Tools\Performance Tools;C:\Program Files (x86)\Microsoft Visual Studio\Shared\Common\VSPerfCollectionTools\vs2019\\x64;C:\Program Files (x86)\Microsoft Visual Studio\Shared\Common\VSPerfCollectionTools\vs2019\;C:\Program Files (x86)\Microsoft Visual Studio\2019\Community\Common7\Tools\devinit;C:\Program Files (x86)\Windows Kits\10\bin\10.0.19041.0\x64;C:\Program Files (x86)\Windows Kits\10\bin\x64;C:\Program Files (x86)\Microsoft Visual Studio\2019\Community\\MSBuild\Current\Bin;C:\Windows\Microsoft.NET\Framework64\v4.0.30319;C:\Program Files (x86)\Microsoft Visual Studio\2019\Community\Common7\IDE\;C:\Program Files (x86)\Microsoft Visual Studio\2019\Community\Common7\Tools\;C:\Python36\Scripts\;C:\Python36\;C:\Users\phmar\AppData\Local\Programs\Python\Python38\Scripts\;C:\Users\phmar\AppData\Local\Programs\Python\Python38\;C:\Program Files (x86)\VMware\VMware Player\bin\;C:\Python38\Scripts\;C:\Python38\;C:\Windows\system32;C:\Windows;C:\Windows\System32\Wbem;C:\Windows\System32\WindowsPowerShell\v1.0\;C:\Windows\System32\OpenSSH\;C:\Program Files (x86)\NVIDIA Corporation\PhysX\Common;C:\Program Files\NVIDIA Corporation\NVIDIA NvDLISR;C:\ProgramData\chocolatey\bin;C:\ProgramData\chocolatey\lib\cunit\lib;C:\ProgramData\chocolatey\lib\tinyxml2\lib;C:\ProgramData\chocolatey\lib\log4cxx\lib;C:\ProgramData\chocolatey\lib\bullet\lib;C:\Program Files\Graphviz\bin;C:\Program Files\Cppcheck;C:\Program Files\Git\cmd;C:\Users\phmar\AppData\Local\Programs\Python\Python36\Scripts\;C:\Users\phmar\AppData\Local\Programs\Python\Python36\;C:\Users\phmar\AppData\Local\Microsoft\WindowsApps;C:\Program Files\OpenSSL-Win64\bin\;C:\opencv\x64\vc16\bin;C:\Program Files\CMake\bin;C:\Program Files\rti_connext_dds-6.1.0;C:\Users\phmar\AppData\Local\Programs\Microsoft VS Code\bin;C:\Program Files\Git\cmd;C:\Program Files\Git\usr\bin;C:\xmllint\bin;C:\Qt\5.15.0\msvc2019_64\plugins\platforms c:\users\phmar\appdata\local\programs\python\python36\python.exe setup.py egg_info --egg-base ..\build\pydyna_simple build --build-base C:\TCC-Autonomous-Ship\src\main_ws\src\build\pydyna_simple\build install --prefix C:\TCC-Autonomous-Ship\src\main_ws\src\install --record C:\TCC-Autonomous-Ship\src\main_ws\src\build\pydyna_simple\install.log --single-version-externally-managed[0m
[7.305s] [34mcolcon.colcon_core.environment[0m [1;30mLevel 1[0m checking 'C:\TCC-Autonomous-Ship\src\main_ws\src\install' for CMake module files
[7.306s] [34mcolcon.colcon_core.event_handler.log_command[0m [1;30mDEBUG[0m [32mInvoked command in 'C:\TCC-Autonomous-Ship\src\main_ws\src\path_following' returned '0': PYTHONPATH=C:\TCC-Autonomous-Ship\src\main_ws\src\install\Lib\site-packages;%PYTHONPATH% Path=C:\TCC-Autonomous-Ship\src\main_ws\src\install\bin;c:\users\phmar\appdata\local\programs\python\python36\lib\site-packages\pywin32_system32;C:\dev\ros2_galactic\install\opt\yaml_cpp_vendor\bin;C:\dev\ros2_galactic\install\opt\rviz_ogre_vendor\bin;C:\dev\ros2_galactic\install\opt\rviz_assimp_vendor\bin;C:\dev\ros2_galactic\install\opt\libcurl_vendor\bin;C:\dev\ros2_galactic\install\Scripts;C:\dev\ros2_galactic\install\bin;C:\Program Files (x86)\Microsoft Visual Studio\2019\Community\Common7\IDE\\Extensions\Microsoft\IntelliCode\CLI;C:\Program Files (x86)\Microsoft Visual Studio\2019\Community\VC\Tools\MSVC\14.29.30133\bin\HostX64\x64;C:\Program Files (x86)\Microsoft Visual Studio\2019\Community\Common7\IDE\VC\VCPackages;C:\Program Files (x86)\Microsoft Visual Studio\2019\Community\Common7\IDE\CommonExtensions\Microsoft\TestWindow;C:\Program Files (x86)\Microsoft Visual Studio\2019\Community\Common7\IDE\CommonExtensions\Microsoft\TeamFoundation\Team Explorer;C:\Program Files (x86)\Microsoft Visual Studio\2019\Community\MSBuild\Current\bin\Roslyn;C:\Program Files (x86)\Microsoft Visual Studio\2019\Community\Team Tools\Performance Tools\x64;C:\Program Files (x86)\Microsoft Visual Studio\2019\Community\Team Tools\Performance Tools;C:\Program Files (x86)\Microsoft Visual Studio\Shared\Common\VSPerfCollectionTools\vs2019\\x64;C:\Program Files (x86)\Microsoft Visual Studio\Shared\Common\VSPerfCollectionTools\vs2019\;C:\Program Files (x86)\Microsoft Visual Studio\2019\Community\Common7\Tools\devinit;C:\Program Files (x86)\Windows Kits\10\bin\10.0.19041.0\x64;C:\Program Files (x86)\Windows Kits\10\bin\x64;C:\Program Files (x86)\Microsoft Visual Studio\2019\Community\\MSBuild\Current\Bin;C:\Windows\Microsoft.NET\Framework64\v4.0.30319;C:\Program Files (x86)\Microsoft Visual Studio\2019\Community\Common7\IDE\;C:\Program Files (x86)\Microsoft Visual Studio\2019\Community\Common7\Tools\;C:\Python36\Scripts\;C:\Python36\;C:\Users\phmar\AppData\Local\Programs\Python\Python38\Scripts\;C:\Users\phmar\AppData\Local\Programs\Python\Python38\;C:\Program Files (x86)\VMware\VMware Player\bin\;C:\Python38\Scripts\;C:\Python38\;C:\Windows\system32;C:\Windows;C:\Windows\System32\Wbem;C:\Windows\System32\WindowsPowerShell\v1.0\;C:\Windows\System32\OpenSSH\;C:\Program Files (x86)\NVIDIA Corporation\PhysX\Common;C:\Program Files\NVIDIA Corporation\NVIDIA NvDLISR;C:\ProgramData\chocolatey\bin;C:\ProgramData\chocolatey\lib\cunit\lib;C:\ProgramData\chocolatey\lib\tinyxml2\lib;C:\ProgramData\chocolatey\lib\log4cxx\lib;C:\ProgramData\chocolatey\lib\bullet\lib;C:\Program Files\Graphviz\bin;C:\Program Files\Cppcheck;C:\Program Files\Git\cmd;C:\Users\phmar\AppData\Local\Programs\Python\Python36\Scripts\;C:\Users\phmar\AppData\Local\Programs\Python\Python36\;C:\Users\phmar\AppData\Local\Microsoft\WindowsApps;C:\Program Files\OpenSSL-Win64\bin\;C:\opencv\x64\vc16\bin;C:\Program Files\CMake\bin;C:\Program Files\rti_connext_dds-6.1.0;C:\Users\phmar\AppData\Local\Programs\Microsoft VS Code\bin;C:\Program Files\Git\cmd;C:\Program Files\Git\usr\bin;C:\xmllint\bin;C:\Qt\5.15.0\msvc2019_64\plugins\platforms c:\users\phmar\appdata\local\programs\python\python36\python.exe setup.py egg_info --egg-base ..\build\path_following build --build-base C:\TCC-Autonomous-Ship\src\main_ws\src\build\path_following\build install --prefix C:\TCC-Autonomous-Ship\src\main_ws\src\install --record C:\TCC-Autonomous-Ship\src\main_ws\src\build\path_following\install.log --single-version-externally-managed[0m
[7.307s] [34mcolcon.colcon_core.environment[0m [1;30mLevel 1[0m checking 'C:\TCC-Autonomous-Ship\src\main_ws\src\install' for CMake config files
[7.311s] [34mcolcon.colcon_core.shell[0m [1;30mLevel 1[0m create_environment_hook('path_following', 'cmake_prefix_path')
[7.319s] [34mcolcon.colcon_core.shell[0m [1;30mINFO[0m Creating environment hook 'C:\TCC-Autonomous-Ship\src\main_ws\src\install\share\path_following\hook\cmake_prefix_path.ps1'
[7.320s] [34mcolcon.colcon_core.shell[0m [1;30mINFO[0m Creating environment hook 'C:\TCC-Autonomous-Ship\src\main_ws\src\install\share\path_following\hook\cmake_prefix_path.bat'
[7.320s] [34mcolcon.colcon_core.shell[0m [1;30mINFO[0m Creating environment descriptor 'C:\TCC-Autonomous-Ship\src\main_ws\src\install\share\path_following\hook\cmake_prefix_path.dsv'
[7.321s] [34mcolcon.colcon_core.environment[0m [1;30mLevel 1[0m checking 'C:\TCC-Autonomous-Ship\src\main_ws\src\install\bin'
[7.322s] [34mcolcon.colcon_core.shell[0m [1;30mLevel 1[0m create_environment_hook('path_following', 'path_dll')
[7.328s] [34mcolcon.colcon_core.shell[0m [1;30mINFO[0m Creating environment hook 'C:\TCC-Autonomous-Ship\src\main_ws\src\install\share\path_following\hook\path_dll.ps1'
[7.329s] [34mcolcon.colcon_core.shell[0m [1;30mINFO[0m Creating environment hook 'C:\TCC-Autonomous-Ship\src\main_ws\src\install\share\path_following\hook\path_dll.bat'
[7.330s] [34mcolcon.colcon_core.shell[0m [1;30mINFO[0m Creating environment descriptor 'C:\TCC-Autonomous-Ship\src\main_ws\src\install\share\path_following\hook\path_dll.dsv'
[7.331s] [34mcolcon.colcon_core.environment[0m [1;30mLevel 1[0m checking 'C:\TCC-Autonomous-Ship\src\main_ws\src\install\bin'
[7.331s] [34mcolcon.colcon_core.shell[0m [1;30mLevel 1[0m create_environment_hook('path_following', 'path')
[7.340s] [34mcolcon.colcon_core.shell[0m [1;30mINFO[0m Creating environment hook 'C:\TCC-Autonomous-Ship\src\main_ws\src\install\share\path_following\hook\path.ps1'
[7.340s] [34mcolcon.colcon_core.shell[0m [1;30mINFO[0m Creating environment hook 'C:\TCC-Autonomous-Ship\src\main_ws\src\install\share\path_following\hook\path.bat'
[7.341s] [34mcolcon.colcon_core.shell[0m [1;30mINFO[0m Creating environment descriptor 'C:\TCC-Autonomous-Ship\src\main_ws\src\install\share\path_following\hook\path.dsv'
[7.342s] [34mcolcon.colcon_core.environment[0m [1;30mLevel 1[0m checking 'C:\TCC-Autonomous-Ship\src\main_ws\src\install\Scripts'
[7.342s] [34mcolcon.colcon_core.environment[0m [1;30mLevel 1[0m checking 'C:\TCC-Autonomous-Ship\src\main_ws\src\install\lib\pkgconfig\path_following.pc'
[7.342s] [34mcolcon.colcon_core.environment[0m [1;30mLevel 1[0m checking 'C:\TCC-Autonomous-Ship\src\main_ws\src\install\Lib\site-packages'
[7.342s] [34mcolcon.colcon_core.shell[0m [1;30mLevel 1[0m create_environment_hook('path_following', 'pythonpath')
[7.350s] [34mcolcon.colcon_core.shell[0m [1;30mINFO[0m Creating environment hook 'C:\TCC-Autonomous-Ship\src\main_ws\src\install\share\path_following\hook\pythonpath.ps1'
[7.351s] [34mcolcon.colcon_core.shell[0m [1;30mINFO[0m Creating environment hook 'C:\TCC-Autonomous-Ship\src\main_ws\src\install\share\path_following\hook\pythonpath.bat'
[7.352s] [34mcolcon.colcon_core.shell[0m [1;30mINFO[0m Creating environment descriptor 'C:\TCC-Autonomous-Ship\src\main_ws\src\install\share\path_following\hook\pythonpath.dsv'
[7.353s] [34mcolcon.colcon_core.environment[0m [1;30mLevel 1[0m create_environment_scripts_only(path_following)
[7.361s] [34mcolcon.colcon_core.shell[0m [1;30mINFO[0m Creating package script 'C:\TCC-Autonomous-Ship\src\main_ws\src\install\share\path_following\package.ps1'
[7.362s] [34mcolcon.colcon_core.shell[0m [1;30mINFO[0m Creating package script 'C:\TCC-Autonomous-Ship\src\main_ws\src\install\share\path_following\package.bat'
[7.363s] [34mcolcon.colcon_core.shell[0m [1;30mINFO[0m Creating package descriptor 'C:\TCC-Autonomous-Ship\src\main_ws\src\install\share\path_following\package.dsv'
[7.364s] [34mcolcon.colcon_core.environment[0m [1;30mLevel 1[0m create_file_with_runtime_dependencies(C:\TCC-Autonomous-Ship\src\main_ws\src\install\share\colcon-core\packages\path_following)
[7.393s] [34mcolcon.colcon_core.environment[0m [1;30mLevel 1[0m checking 'C:\TCC-Autonomous-Ship\src\main_ws\src\install' for CMake module files
[7.393s] [34mcolcon.colcon_core.event_handler.log_command[0m [1;30mDEBUG[0m [32mInvoked command in 'C:\TCC-Autonomous-Ship\src\main_ws\src\pydyna_simple' returned '0': PYTHONPATH=C:\TCC-Autonomous-Ship\src\main_ws\src\install\Lib\site-packages;%PYTHONPATH% Path=C:\TCC-Autonomous-Ship\src\main_ws\src\install\bin;c:\users\phmar\appdata\local\programs\python\python36\lib\site-packages\pywin32_system32;C:\dev\ros2_galactic\install\opt\yaml_cpp_vendor\bin;C:\dev\ros2_galactic\install\opt\rviz_ogre_vendor\bin;C:\dev\ros2_galactic\install\opt\rviz_assimp_vendor\bin;C:\dev\ros2_galactic\install\opt\libcurl_vendor\bin;C:\dev\ros2_galactic\install\Scripts;C:\dev\ros2_galactic\install\bin;C:\Program Files (x86)\Microsoft Visual Studio\2019\Community\Common7\IDE\\Extensions\Microsoft\IntelliCode\CLI;C:\Program Files (x86)\Microsoft Visual Studio\2019\Community\VC\Tools\MSVC\14.29.30133\bin\HostX64\x64;C:\Program Files (x86)\Microsoft Visual Studio\2019\Community\Common7\IDE\VC\VCPackages;C:\Program Files (x86)\Microsoft Visual Studio\2019\Community\Common7\IDE\CommonExtensions\Microsoft\TestWindow;C:\Program Files (x86)\Microsoft Visual Studio\2019\Community\Common7\IDE\CommonExtensions\Microsoft\TeamFoundation\Team Explorer;C:\Program Files (x86)\Microsoft Visual Studio\2019\Community\MSBuild\Current\bin\Roslyn;C:\Program Files (x86)\Microsoft Visual Studio\2019\Community\Team Tools\Performance Tools\x64;C:\Program Files (x86)\Microsoft Visual Studio\2019\Community\Team Tools\Performance Tools;C:\Program Files (x86)\Microsoft Visual Studio\Shared\Common\VSPerfCollectionTools\vs2019\\x64;C:\Program Files (x86)\Microsoft Visual Studio\Shared\Common\VSPerfCollectionTools\vs2019\;C:\Program Files (x86)\Microsoft Visual Studio\2019\Community\Common7\Tools\devinit;C:\Program Files (x86)\Windows Kits\10\bin\10.0.19041.0\x64;C:\Program Files (x86)\Windows Kits\10\bin\x64;C:\Program Files (x86)\Microsoft Visual Studio\2019\Community\\MSBuild\Current\Bin;C:\Windows\Microsoft.NET\Framework64\v4.0.30319;C:\Program Files (x86)\Microsoft Visual Studio\2019\Community\Common7\IDE\;C:\Program Files (x86)\Microsoft Visual Studio\2019\Community\Common7\Tools\;C:\Python36\Scripts\;C:\Python36\;C:\Users\phmar\AppData\Local\Programs\Python\Python38\Scripts\;C:\Users\phmar\AppData\Local\Programs\Python\Python38\;C:\Program Files (x86)\VMware\VMware Player\bin\;C:\Python38\Scripts\;C:\Python38\;C:\Windows\system32;C:\Windows;C:\Windows\System32\Wbem;C:\Windows\System32\WindowsPowerShell\v1.0\;C:\Windows\System32\OpenSSH\;C:\Program Files (x86)\NVIDIA Corporation\PhysX\Common;C:\Program Files\NVIDIA Corporation\NVIDIA NvDLISR;C:\ProgramData\chocolatey\bin;C:\ProgramData\chocolatey\lib\cunit\lib;C:\ProgramData\chocolatey\lib\tinyxml2\lib;C:\ProgramData\chocolatey\lib\log4cxx\lib;C:\ProgramData\chocolatey\lib\bullet\lib;C:\Program Files\Graphviz\bin;C:\Program Files\Cppcheck;C:\Program Files\Git\cmd;C:\Users\phmar\AppData\Local\Programs\Python\Python36\Scripts\;C:\Users\phmar\AppData\Local\Programs\Python\Python36\;C:\Users\phmar\AppData\Local\Microsoft\WindowsApps;C:\Program Files\OpenSSL-Win64\bin\;C:\opencv\x64\vc16\bin;C:\Program Files\CMake\bin;C:\Program Files\rti_connext_dds-6.1.0;C:\Users\phmar\AppData\Local\Programs\Microsoft VS Code\bin;C:\Program Files\Git\cmd;C:\Program Files\Git\usr\bin;C:\xmllint\bin;C:\Qt\5.15.0\msvc2019_64\plugins\platforms c:\users\phmar\appdata\local\programs\python\python36\python.exe setup.py egg_info --egg-base ..\build\pydyna_simple build --build-base C:\TCC-Autonomous-Ship\src\main_ws\src\build\pydyna_simple\build install --prefix C:\TCC-Autonomous-Ship\src\main_ws\src\install --record C:\TCC-Autonomous-Ship\src\main_ws\src\build\pydyna_simple\install.log --single-version-externally-managed[0m
[7.394s] [34mcolcon.colcon_core.environment[0m [1;30mLevel 1[0m checking 'C:\TCC-Autonomous-Ship\src\main_ws\src\install' for CMake config files
[7.398s] [34mcolcon.colcon_core.shell[0m [1;30mLevel 1[0m create_environment_hook('pydyna_simple', 'cmake_prefix_path')
[7.406s] [34mcolcon.colcon_core.shell[0m [1;30mINFO[0m Creating environment hook 'C:\TCC-Autonomous-Ship\src\main_ws\src\install\share\pydyna_simple\hook\cmake_prefix_path.ps1'
[7.407s] [34mcolcon.colcon_core.shell[0m [1;30mINFO[0m Creating environment hook 'C:\TCC-Autonomous-Ship\src\main_ws\src\install\share\pydyna_simple\hook\cmake_prefix_path.bat'
[7.407s] [34mcolcon.colcon_core.shell[0m [1;30mINFO[0m Creating environment descriptor 'C:\TCC-Autonomous-Ship\src\main_ws\src\install\share\pydyna_simple\hook\cmake_prefix_path.dsv'
[7.408s] [34mcolcon.colcon_core.environment[0m [1;30mLevel 1[0m checking 'C:\TCC-Autonomous-Ship\src\main_ws\src\install\bin'
[7.408s] [34mcolcon.colcon_core.shell[0m [1;30mLevel 1[0m create_environment_hook('pydyna_simple', 'path_dll')
[7.416s] [34mcolcon.colcon_core.shell[0m [1;30mINFO[0m Creating environment hook 'C:\TCC-Autonomous-Ship\src\main_ws\src\install\share\pydyna_simple\hook\path_dll.ps1'
[7.417s] [34mcolcon.colcon_core.shell[0m [1;30mINFO[0m Creating environment hook 'C:\TCC-Autonomous-Ship\src\main_ws\src\install\share\pydyna_simple\hook\path_dll.bat'
[7.418s] [34mcolcon.colcon_core.shell[0m [1;30mINFO[0m Creating environment descriptor 'C:\TCC-Autonomous-Ship\src\main_ws\src\install\share\pydyna_simple\hook\path_dll.dsv'
[7.418s] [34mcolcon.colcon_core.environment[0m [1;30mLevel 1[0m checking 'C:\TCC-Autonomous-Ship\src\main_ws\src\install\bin'
[7.418s] [34mcolcon.colcon_core.shell[0m [1;30mLevel 1[0m create_environment_hook('pydyna_simple', 'path')
[7.426s] [34mcolcon.colcon_core.shell[0m [1;30mINFO[0m Creating environment hook 'C:\TCC-Autonomous-Ship\src\main_ws\src\install\share\pydyna_simple\hook\path.ps1'
[7.427s] [34mcolcon.colcon_core.shell[0m [1;30mINFO[0m Creating environment hook 'C:\TCC-Autonomous-Ship\src\main_ws\src\install\share\pydyna_simple\hook\path.bat'
[7.427s] [34mcolcon.colcon_core.shell[0m [1;30mINFO[0m Creating environment descriptor 'C:\TCC-Autonomous-Ship\src\main_ws\src\install\share\pydyna_simple\hook\path.dsv'
[7.428s] [34mcolcon.colcon_core.environment[0m [1;30mLevel 1[0m checking 'C:\TCC-Autonomous-Ship\src\main_ws\src\install\Scripts'
[7.428s] [34mcolcon.colcon_core.environment[0m [1;30mLevel 1[0m checking 'C:\TCC-Autonomous-Ship\src\main_ws\src\install\lib\pkgconfig\pydyna_simple.pc'
[7.428s] [34mcolcon.colcon_core.environment[0m [1;30mLevel 1[0m checking 'C:\TCC-Autonomous-Ship\src\main_ws\src\install\Lib\site-packages'
[7.428s] [34mcolcon.colcon_core.shell[0m [1;30mLevel 1[0m create_environment_hook('pydyna_simple', 'pythonpath')
[7.436s] [34mcolcon.colcon_core.shell[0m [1;30mINFO[0m Creating environment hook 'C:\TCC-Autonomous-Ship\src\main_ws\src\install\share\pydyna_simple\hook\pythonpath.ps1'
[7.437s] [34mcolcon.colcon_core.shell[0m [1;30mINFO[0m Creating environment hook 'C:\TCC-Autonomous-Ship\src\main_ws\src\install\share\pydyna_simple\hook\pythonpath.bat'
[7.437s] [34mcolcon.colcon_core.shell[0m [1;30mINFO[0m Creating environment descriptor 'C:\TCC-Autonomous-Ship\src\main_ws\src\install\share\pydyna_simple\hook\pythonpath.dsv'
[7.438s] [34mcolcon.colcon_core.environment[0m [1;30mLevel 1[0m create_environment_scripts_only(pydyna_simple)
[7.446s] [34mcolcon.colcon_core.shell[0m [1;30mINFO[0m Creating package script 'C:\TCC-Autonomous-Ship\src\main_ws\src\install\share\pydyna_simple\package.ps1'
[7.447s] [34mcolcon.colcon_core.shell[0m [1;30mINFO[0m Creating package script 'C:\TCC-Autonomous-Ship\src\main_ws\src\install\share\pydyna_simple\package.bat'
[7.448s] [34mcolcon.colcon_core.shell[0m [1;30mINFO[0m Creating package descriptor 'C:\TCC-Autonomous-Ship\src\main_ws\src\install\share\pydyna_simple\package.dsv'
[7.449s] [34mcolcon.colcon_core.environment[0m [1;30mLevel 1[0m create_file_with_runtime_dependencies(C:\TCC-Autonomous-Ship\src\main_ws\src\install\share\colcon-core\packages\pydyna_simple)
[7.450s] [34mcolcon.colcon_parallel_executor.executor.parallel[0m [1;30mDEBUG[0m [32mrun_until_complete finished with '0'[0m
[7.450s] [34mcolcon.colcon_core.event_reactor[0m [1;30mDEBUG[0m [32mjoining thread[0m
[7.463s] [34mcolcon.colcon_core.plugin_system[0m [1;30mINFO[0m Skipping extension 'colcon_notification.desktop_notification.notify2': 'notify2' not found
[7.463s] [34mcolcon.colcon_core.plugin_system[0m [1;30mINFO[0m Skipping extension 'colcon_notification.desktop_notification.notify_send': Not used on non-Linux systems
[7.463s] [34mcolcon.colcon_core.plugin_system[0m [1;30mINFO[0m Skipping extension 'colcon_notification.desktop_notification.terminal_notifier': Not used on non-Darwin systems
[7.464s] [34mcolcon.colcon_notification.desktop_notification[0m [1;30mINFO[0m Sending desktop notification using 'win32'
[12.494s] [34mcolcon.colcon_core.event_reactor[0m [1;30mDEBUG[0m [32mjoined thread[0m
[12.502s] [34mcolcon.colcon_core.shell[0m [1;30mINFO[0m Creating prefix script 'C:\TCC-Autonomous-Ship\src\main_ws\src\install\local_setup.ps1'
[12.503s] [34mcolcon.colcon_core.shell[0m [1;30mINFO[0m Creating prefix util module 'C:\TCC-Autonomous-Ship\src\main_ws\src\install\_local_setup_util_ps1.py'
[12.505s] [34mcolcon.colcon_core.shell[0m [1;30mINFO[0m Creating prefix chain script 'C:\TCC-Autonomous-Ship\src\main_ws\src\install\setup.ps1'
[12.514s] [34mcolcon.colcon_core.shell[0m [1;30mINFO[0m Creating prefix script 'C:\TCC-Autonomous-Ship\src\main_ws\src\install\local_setup.bat'
[12.515s] [34mcolcon.colcon_core.shell[0m [1;30mINFO[0m Creating prefix util module 'C:\TCC-Autonomous-Ship\src\main_ws\src\install\_local_setup_util_bat.py'
[12.516s] [34mcolcon.colcon_core.shell[0m [1;30mINFO[0m Creating prefix chain script 'C:\TCC-Autonomous-Ship\src\main_ws\src\install\setup.bat'
