[1.633s] [34mcolcon[0m [1;30mDEBUG[0m [32mCommand line arguments: ['C:\\Users\\phmar\\AppData\\Local\\Programs\\Python\\Python36\\Scripts\\colcon', 'build', '--merge-install'][0m
[1.633s] [34mcolcon[0m [1;30mDEBUG[0m [32mParsed command line arguments: Namespace(ament_cmake_args=None, base_paths=['.'], build_base='build', catkin_cmake_args=None, catkin_skip_building_tests=False, cmake_args=None, cmake_clean_cache=False, cmake_clean_first=False, cmake_force_configure=False, cmake_target=None, cmake_target_skip_unavailable=False, continue_on_error=False, event_handlers=None, executor='parallel', ignore_user_meta=False, install_base='install', log_base=None, log_level=None, main=<bound method BuildVerb.main of <colcon_core.verb.build.BuildVerb object at 0x000001FE66F24C50>>, merge_install=True, metas=['./colcon.meta'], packages_above=None, packages_above_and_dependencies=None, packages_above_depth=None, packages_end=None, packages_ignore=None, packages_ignore_regex=None, packages_select=None, packages_select_build_failed=False, packages_select_by_dep=None, packages_select_regex=None, packages_select_test_failures=False, packages_skip=None, packages_skip_build_finished=False, packages_skip_by_dep=None, packages_skip_regex=None, packages_skip_test_passed=False, packages_skip_up_to=None, packages_start=None, packages_up_to=None, packages_up_to_regex=None, parallel_workers=12, paths=None, symlink_install=False, test_result_base=None, verb_extension=<colcon_core.verb.build.BuildVerb object at 0x000001FE66F24C50>, verb_name='build', verb_parser=<colcon_defaults.argument_parser.defaults.DefaultArgumentsDecorator object at 0x000001FE66F24F98>)[0m
[1.680s] [34mcolcon.colcon_core.package_discovery[0m [1;30mLevel 1[0m discover_packages(colcon_meta) check parameters
[1.680s] [34mcolcon.colcon_core.package_discovery[0m [1;30mLevel 1[0m discover_packages(recursive) check parameters
[1.680s] [34mcolcon.colcon_core.package_discovery[0m [1;30mLevel 1[0m discover_packages(ignore) check parameters
[1.680s] [34mcolcon.colcon_core.package_discovery[0m [1;30mLevel 1[0m discover_packages(path) check parameters
[1.680s] [34mcolcon.colcon_core.package_discovery[0m [1;30mLevel 1[0m discover_packages(colcon_meta) discover
[1.680s] [34mcolcon.colcon_core.package_discovery[0m [1;30mLevel 1[0m discover_packages(recursive) discover
[1.680s] [34mcolcon.colcon_core.package_discovery[0m [1;30mINFO[0m Crawling recursively for packages in 'C:\TCC-Autonomous-Ship\src\main_ws\src'
[1.680s] [34mcolcon.colcon_core.package_identification[0m [1;30mLevel 1[0m _identify(.) by extensions ['ignore', 'ignore_ament_install']
[1.680s] [34mcolcon.colcon_core.package_identification[0m [1;30mLevel 1[0m _identify(.) by extension 'ignore'
[1.680s] [34mcolcon.colcon_core.package_identification[0m [1;30mLevel 1[0m _identify(.) by extension 'ignore_ament_install'
[1.680s] [34mcolcon.colcon_core.package_identification[0m [1;30mLevel 1[0m _identify(.) by extensions ['colcon_pkg']
[1.680s] [34mcolcon.colcon_core.package_identification[0m [1;30mLevel 1[0m _identify(.) by extension 'colcon_pkg'
[1.680s] [34mcolcon.colcon_core.package_identification[0m [1;30mLevel 1[0m _identify(.) by extensions ['colcon_meta']
[1.680s] [34mcolcon.colcon_core.package_identification[0m [1;30mLevel 1[0m _identify(.) by extension 'colcon_meta'
[1.680s] [34mcolcon.colcon_core.package_identification[0m [1;30mLevel 1[0m _identify(.) by extensions ['ros']
[1.680s] [34mcolcon.colcon_core.package_identification[0m [1;30mLevel 1[0m _identify(.) by extension 'ros'
[1.695s] [34mcolcon.colcon_core.package_identification[0m [1;30mLevel 1[0m _identify(.) by extensions ['cmake', 'python']
[1.695s] [34mcolcon.colcon_core.package_identification[0m [1;30mLevel 1[0m _identify(.) by extension 'cmake'
[1.695s] [34mcolcon.colcon_core.package_identification[0m [1;30mLevel 1[0m _identify(.) by extension 'python'
[1.695s] [34mcolcon.colcon_core.package_identification[0m [1;30mLevel 1[0m _identify(.) by extensions ['python_setup_py']
[1.695s] [34mcolcon.colcon_core.package_identification[0m [1;30mLevel 1[0m _identify(.) by extension 'python_setup_py'
[1.695s] [34mcolcon.colcon_core.package_identification[0m [1;30mLevel 1[0m _identify(build) by extensions ['ignore', 'ignore_ament_install']
[1.695s] [34mcolcon.colcon_core.package_identification[0m [1;30mLevel 1[0m _identify(build) by extension 'ignore'
[1.695s] [34mcolcon.colcon_core.package_identification[0m [1;30mLevel 1[0m _identify(build) ignored
[1.695s] [34mcolcon.colcon_core.package_identification[0m [1;30mLevel 1[0m _identify(install) by extensions ['ignore', 'ignore_ament_install']
[1.695s] [34mcolcon.colcon_core.package_identification[0m [1;30mLevel 1[0m _identify(install) by extension 'ignore'
[1.695s] [34mcolcon.colcon_core.package_identification[0m [1;30mLevel 1[0m _identify(install) ignored
[1.695s] [34mcolcon.colcon_core.package_identification[0m [1;30mLevel 1[0m _identify(log) by extensions ['ignore', 'ignore_ament_install']
[1.695s] [34mcolcon.colcon_core.package_identification[0m [1;30mLevel 1[0m _identify(log) by extension 'ignore'
[1.695s] [34mcolcon.colcon_core.package_identification[0m [1;30mLevel 1[0m _identify(log) ignored
[1.695s] [34mcolcon.colcon_core.package_identification[0m [1;30mLevel 1[0m _identify(path_following) by extensions ['ignore', 'ignore_ament_install']
[1.695s] [34mcolcon.colcon_core.package_identification[0m [1;30mLevel 1[0m _identify(path_following) by extension 'ignore'
[1.695s] [34mcolcon.colcon_core.package_identification[0m [1;30mLevel 1[0m _identify(path_following) by extension 'ignore_ament_install'
[1.695s] [34mcolcon.colcon_core.package_identification[0m [1;30mLevel 1[0m _identify(path_following) by extensions ['colcon_pkg']
[1.695s] [34mcolcon.colcon_core.package_identification[0m [1;30mLevel 1[0m _identify(path_following) by extension 'colcon_pkg'
[1.711s] [34mcolcon.colcon_core.package_identification[0m [1;30mLevel 1[0m _identify(path_following) by extensions ['colcon_meta']
[1.711s] [34mcolcon.colcon_core.package_identification[0m [1;30mLevel 1[0m _identify(path_following) by extension 'colcon_meta'
[1.711s] [34mcolcon.colcon_core.package_identification[0m [1;30mLevel 1[0m _identify(path_following) by extensions ['ros']
[1.711s] [34mcolcon.colcon_core.package_identification[0m [1;30mLevel 1[0m _identify(path_following) by extension 'ros'
[1.711s] [34mcolcon.colcon_core.package_identification[0m [1;30mDEBUG[0m [32mPackage 'path_following' with type 'ros.ament_python' and name 'path_following'[0m
[1.711s] [34mcolcon.colcon_core.package_identification[0m [1;30mLevel 1[0m _identify(path_following_interfaces) by extensions ['ignore', 'ignore_ament_install']
[1.711s] [34mcolcon.colcon_core.package_identification[0m [1;30mLevel 1[0m _identify(path_following_interfaces) by extension 'ignore'
[1.711s] [34mcolcon.colcon_core.package_identification[0m [1;30mLevel 1[0m _identify(path_following_interfaces) by extension 'ignore_ament_install'
[1.726s] [34mcolcon.colcon_core.package_identification[0m [1;30mLevel 1[0m _identify(path_following_interfaces) by extensions ['colcon_pkg']
[1.726s] [34mcolcon.colcon_core.package_identification[0m [1;30mLevel 1[0m _identify(path_following_interfaces) by extension 'colcon_pkg'
[1.726s] [34mcolcon.colcon_core.package_identification[0m [1;30mLevel 1[0m _identify(path_following_interfaces) by extensions ['colcon_meta']
[1.726s] [34mcolcon.colcon_core.package_identification[0m [1;30mLevel 1[0m _identify(path_following_interfaces) by extension 'colcon_meta'
[1.726s] [34mcolcon.colcon_core.package_identification[0m [1;30mLevel 1[0m _identify(path_following_interfaces) by extensions ['ros']
[1.726s] [34mcolcon.colcon_core.package_identification[0m [1;30mLevel 1[0m _identify(path_following_interfaces) by extension 'ros'
[1.726s] [34mcolcon.colcon_core.package_identification[0m [1;30mDEBUG[0m [32mPackage 'path_following_interfaces' with type 'ros.ament_cmake' and name 'path_following_interfaces'[0m
[1.726s] [34mcolcon.colcon_core.package_identification[0m [1;30mLevel 1[0m _identify(pydyna_simple) by extensions ['ignore', 'ignore_ament_install']
[1.726s] [34mcolcon.colcon_core.package_identification[0m [1;30mLevel 1[0m _identify(pydyna_simple) by extension 'ignore'
[1.726s] [34mcolcon.colcon_core.package_identification[0m [1;30mLevel 1[0m _identify(pydyna_simple) by extension 'ignore_ament_install'
[1.726s] [34mcolcon.colcon_core.package_identification[0m [1;30mLevel 1[0m _identify(pydyna_simple) by extensions ['colcon_pkg']
[1.726s] [34mcolcon.colcon_core.package_identification[0m [1;30mLevel 1[0m _identify(pydyna_simple) by extension 'colcon_pkg'
[1.726s] [34mcolcon.colcon_core.package_identification[0m [1;30mLevel 1[0m _identify(pydyna_simple) by extensions ['colcon_meta']
[1.726s] [34mcolcon.colcon_core.package_identification[0m [1;30mLevel 1[0m _identify(pydyna_simple) by extension 'colcon_meta'
[1.726s] [34mcolcon.colcon_core.package_identification[0m [1;30mLevel 1[0m _identify(pydyna_simple) by extensions ['ros']
[1.726s] [34mcolcon.colcon_core.package_identification[0m [1;30mLevel 1[0m _identify(pydyna_simple) by extension 'ros'
[1.726s] [34mcolcon.colcon_core.package_identification[0m [1;30mDEBUG[0m [32mPackage 'pydyna_simple' with type 'ros.ament_python' and name 'pydyna_simple'[0m
[1.726s] [34mcolcon.colcon_core.package_discovery[0m [1;30mLevel 1[0m discover_packages(recursive) using defaults
[1.726s] [34mcolcon.colcon_core.package_discovery[0m [1;30mLevel 1[0m discover_packages(ignore) discover
[1.726s] [34mcolcon.colcon_core.package_discovery[0m [1;30mLevel 1[0m discover_packages(ignore) using defaults
[1.726s] [34mcolcon.colcon_core.package_discovery[0m [1;30mLevel 1[0m discover_packages(path) discover
[1.726s] [34mcolcon.colcon_core.package_discovery[0m [1;30mLevel 1[0m discover_packages(path) using defaults
[1.805s] [34mcolcon.colcon_core.verb[0m [1;30mLevel 5[0m set package 'path_following_interfaces' build argument 'cmake_args' from command line to 'None'
[1.805s] [34mcolcon.colcon_core.verb[0m [1;30mLevel 5[0m set package 'path_following_interfaces' build argument 'cmake_target' from command line to 'None'
[1.805s] [34mcolcon.colcon_core.verb[0m [1;30mLevel 5[0m set package 'path_following_interfaces' build argument 'cmake_target_skip_unavailable' from command line to 'False'
[1.805s] [34mcolcon.colcon_core.verb[0m [1;30mLevel 5[0m set package 'path_following_interfaces' build argument 'cmake_clean_cache' from command line to 'False'
[1.805s] [34mcolcon.colcon_core.verb[0m [1;30mLevel 5[0m set package 'path_following_interfaces' build argument 'cmake_clean_first' from command line to 'False'
[1.805s] [34mcolcon.colcon_core.verb[0m [1;30mLevel 5[0m set package 'path_following_interfaces' build argument 'cmake_force_configure' from command line to 'False'
[1.805s] [34mcolcon.colcon_core.verb[0m [1;30mLevel 5[0m set package 'path_following_interfaces' build argument 'ament_cmake_args' from command line to 'None'
[1.805s] [34mcolcon.colcon_core.verb[0m [1;30mLevel 5[0m set package 'path_following_interfaces' build argument 'catkin_cmake_args' from command line to 'None'
[1.805s] [34mcolcon.colcon_core.verb[0m [1;30mLevel 5[0m set package 'path_following_interfaces' build argument 'catkin_skip_building_tests' from command line to 'False'
[1.805s] [34mcolcon.colcon_core.verb[0m [1;30mDEBUG[0m [32mBuilding package 'path_following_interfaces' with the following arguments: {'ament_cmake_args': None, 'build_base': 'C:\\TCC-Autonomous-Ship\\src\\main_ws\\src\\build\\path_following_interfaces', 'catkin_cmake_args': None, 'catkin_skip_building_tests': False, 'cmake_args': None, 'cmake_clean_cache': False, 'cmake_clean_first': False, 'cmake_force_configure': False, 'cmake_target': None, 'cmake_target_skip_unavailable': False, 'install_base': 'C:\\TCC-Autonomous-Ship\\src\\main_ws\\src\\install', 'merge_install': True, 'path': 'C:\\TCC-Autonomous-Ship\\src\\main_ws\\src\\path_following_interfaces', 'symlink_install': False, 'test_result_base': None}[0m
[1.820s] [34mcolcon.colcon_core.verb[0m [1;30mLevel 5[0m set package 'path_following' build argument 'cmake_args' from command line to 'None'
[1.820s] [34mcolcon.colcon_core.verb[0m [1;30mLevel 5[0m set package 'path_following' build argument 'cmake_target' from command line to 'None'
[1.820s] [34mcolcon.colcon_core.verb[0m [1;30mLevel 5[0m set package 'path_following' build argument 'cmake_target_skip_unavailable' from command line to 'False'
[1.820s] [34mcolcon.colcon_core.verb[0m [1;30mLevel 5[0m set package 'path_following' build argument 'cmake_clean_cache' from command line to 'False'
[1.820s] [34mcolcon.colcon_core.verb[0m [1;30mLevel 5[0m set package 'path_following' build argument 'cmake_clean_first' from command line to 'False'
[1.820s] [34mcolcon.colcon_core.verb[0m [1;30mLevel 5[0m set package 'path_following' build argument 'cmake_force_configure' from command line to 'False'
[1.820s] [34mcolcon.colcon_core.verb[0m [1;30mLevel 5[0m set package 'path_following' build argument 'ament_cmake_args' from command line to 'None'
[1.820s] [34mcolcon.colcon_core.verb[0m [1;30mLevel 5[0m set package 'path_following' build argument 'catkin_cmake_args' from command line to 'None'
[1.820s] [34mcolcon.colcon_core.verb[0m [1;30mLevel 5[0m set package 'path_following' build argument 'catkin_skip_building_tests' from command line to 'False'
[1.820s] [34mcolcon.colcon_core.verb[0m [1;30mDEBUG[0m [32mBuilding package 'path_following' with the following arguments: {'ament_cmake_args': None, 'build_base': 'C:\\TCC-Autonomous-Ship\\src\\main_ws\\src\\build\\path_following', 'catkin_cmake_args': None, 'catkin_skip_building_tests': False, 'cmake_args': None, 'cmake_clean_cache': False, 'cmake_clean_first': False, 'cmake_force_configure': False, 'cmake_target': None, 'cmake_target_skip_unavailable': False, 'install_base': 'C:\\TCC-Autonomous-Ship\\src\\main_ws\\src\\install', 'merge_install': True, 'path': 'C:\\TCC-Autonomous-Ship\\src\\main_ws\\src\\path_following', 'symlink_install': False, 'test_result_base': None}[0m
[1.836s] [34mcolcon.colcon_core.verb[0m [1;30mLevel 5[0m set package 'pydyna_simple' build argument 'cmake_args' from command line to 'None'
[1.836s] [34mcolcon.colcon_core.verb[0m [1;30mLevel 5[0m set package 'pydyna_simple' build argument 'cmake_target' from command line to 'None'
[1.836s] [34mcolcon.colcon_core.verb[0m [1;30mLevel 5[0m set package 'pydyna_simple' build argument 'cmake_target_skip_unavailable' from command line to 'False'
[1.836s] [34mcolcon.colcon_core.verb[0m [1;30mLevel 5[0m set package 'pydyna_simple' build argument 'cmake_clean_cache' from command line to 'False'
[1.836s] [34mcolcon.colcon_core.verb[0m [1;30mLevel 5[0m set package 'pydyna_simple' build argument 'cmake_clean_first' from command line to 'False'
[1.836s] [34mcolcon.colcon_core.verb[0m [1;30mLevel 5[0m set package 'pydyna_simple' build argument 'cmake_force_configure' from command line to 'False'
[1.836s] [34mcolcon.colcon_core.verb[0m [1;30mLevel 5[0m set package 'pydyna_simple' build argument 'ament_cmake_args' from command line to 'None'
[1.836s] [34mcolcon.colcon_core.verb[0m [1;30mLevel 5[0m set package 'pydyna_simple' build argument 'catkin_cmake_args' from command line to 'None'
[1.836s] [34mcolcon.colcon_core.verb[0m [1;30mLevel 5[0m set package 'pydyna_simple' build argument 'catkin_skip_building_tests' from command line to 'False'
[1.836s] [34mcolcon.colcon_core.verb[0m [1;30mDEBUG[0m [32mBuilding package 'pydyna_simple' with the following arguments: {'ament_cmake_args': None, 'build_base': 'C:\\TCC-Autonomous-Ship\\src\\main_ws\\src\\build\\pydyna_simple', 'catkin_cmake_args': None, 'catkin_skip_building_tests': False, 'cmake_args': None, 'cmake_clean_cache': False, 'cmake_clean_first': False, 'cmake_force_configure': False, 'cmake_target': None, 'cmake_target_skip_unavailable': False, 'install_base': 'C:\\TCC-Autonomous-Ship\\src\\main_ws\\src\\install', 'merge_install': True, 'path': 'C:\\TCC-Autonomous-Ship\\src\\main_ws\\src\\pydyna_simple', 'symlink_install': False, 'test_result_base': None}[0m
[1.836s] [34mcolcon.colcon_core.executor[0m [1;30mINFO[0m Executing jobs using 'parallel' executor
[1.867s] [34mcolcon.colcon_parallel_executor.executor.parallel[0m [1;30mDEBUG[0m [32mrun_until_complete[0m
[1.867s] [34mcolcon.colcon_ros.task.ament_cmake.build[0m [1;30mINFO[0m Building ROS package in 'C:\TCC-Autonomous-Ship\src\main_ws\src\path_following_interfaces' with build type 'ament_cmake'
[1.867s] [34mcolcon.colcon_cmake.task.cmake.build[0m [1;30mINFO[0m Building CMake package in 'C:\TCC-Autonomous-Ship\src\main_ws\src\path_following_interfaces'
[1.867s] [34mcolcon.colcon_core.plugin_system[0m [1;30mINFO[0m Skipping extension 'colcon_core.shell.sh': Not used on Windows systems
[1.867s] [34mcolcon.colcon_core.shell[0m [1;30mINFO[0m Skip shell extension 'powershell' for command environment: Not usable outside of PowerShell
[1.939s] [34mcolcon.colcon_core.event_handler.log_command[0m [1;30mDEBUG[0m [32mInvoking command in 'C:\TCC-Autonomous-Ship\src\main_ws\src\build\path_following_interfaces': C:\Program Files\CMake\bin\cmake.EXE C:\TCC-Autonomous-Ship\src\main_ws\src\path_following_interfaces -DCMAKE_INSTALL_PREFIX=C:\TCC-Autonomous-Ship\src\main_ws\src\install -G Visual Studio 16 2019[0m
[11.108s] [34mcolcon.colcon_core.event_handler.log_command[0m [1;30mDEBUG[0m [32mInvoked command in 'C:\TCC-Autonomous-Ship\src\main_ws\src\build\path_following_interfaces' returned '0': C:\Program Files\CMake\bin\cmake.EXE C:\TCC-Autonomous-Ship\src\main_ws\src\path_following_interfaces -DCMAKE_INSTALL_PREFIX=C:\TCC-Autonomous-Ship\src\main_ws\src\install -G Visual Studio 16 2019[0m
[11.124s] [34mcolcon.colcon_core.event_handler.log_command[0m [1;30mDEBUG[0m [32mInvoking command in 'C:\TCC-Autonomous-Ship\src\main_ws\src\build\path_following_interfaces': CL=/MP C:\Program Files\CMake\bin\cmake.EXE --build C:\TCC-Autonomous-Ship\src\main_ws\src\build\path_following_interfaces --config Release[0m
[25.503s] [34mcolcon.colcon_core.event_handler.log_command[0m [1;30mDEBUG[0m [32mInvoked command in 'C:\TCC-Autonomous-Ship\src\main_ws\src\build\path_following_interfaces' returned '0': CL=/MP C:\Program Files\CMake\bin\cmake.EXE --build C:\TCC-Autonomous-Ship\src\main_ws\src\build\path_following_interfaces --config Release[0m
[25.535s] [34mcolcon.colcon_core.event_handler.log_command[0m [1;30mDEBUG[0m [32mInvoking command in 'C:\TCC-Autonomous-Ship\src\main_ws\src\build\path_following_interfaces': C:\Program Files\CMake\bin\cmake.EXE --install C:\TCC-Autonomous-Ship\src\main_ws\src\build\path_following_interfaces --config Release[0m
[26.596s] [34mcolcon.colcon_core.environment[0m [1;30mLevel 1[0m create_environment_scripts_only(path_following_interfaces)
[26.596s] [34mcolcon.colcon_core.event_handler.log_command[0m [1;30mDEBUG[0m [32mInvoked command in 'C:\TCC-Autonomous-Ship\src\main_ws\src\build\path_following_interfaces' returned '0': C:\Program Files\CMake\bin\cmake.EXE --install C:\TCC-Autonomous-Ship\src\main_ws\src\build\path_following_interfaces --config Release[0m
[26.612s] [34mcolcon.colcon_core.environment[0m [1;30mLevel 1[0m checking 'C:\TCC-Autonomous-Ship\src\main_ws\src\install' for CMake module files
[26.612s] [34mcolcon.colcon_core.environment[0m [1;30mLevel 1[0m checking 'C:\TCC-Autonomous-Ship\src\main_ws\src\install' for CMake config files
[26.612s] [34mcolcon.colcon_core.shell[0m [1;30mLevel 1[0m create_environment_hook('path_following_interfaces', 'cmake_prefix_path')
[26.627s] [34mcolcon.colcon_core.shell[0m [1;30mINFO[0m Creating environment hook 'C:\TCC-Autonomous-Ship\src\main_ws\src\install\share\path_following_interfaces\hook\cmake_prefix_path.ps1'
[26.627s] [34mcolcon.colcon_core.shell[0m [1;30mINFO[0m Creating environment hook 'C:\TCC-Autonomous-Ship\src\main_ws\src\install\share\path_following_interfaces\hook\cmake_prefix_path.bat'
[26.643s] [34mcolcon.colcon_core.shell[0m [1;30mINFO[0m Creating environment descriptor 'C:\TCC-Autonomous-Ship\src\main_ws\src\install\share\path_following_interfaces\hook\cmake_prefix_path.dsv'
[26.643s] [34mcolcon.colcon_core.environment[0m [1;30mLevel 1[0m checking 'C:\TCC-Autonomous-Ship\src\main_ws\src\install\bin'
[26.643s] [34mcolcon.colcon_core.shell[0m [1;30mLevel 1[0m create_environment_hook('path_following_interfaces', 'path_dll')
[26.643s] [34mcolcon.colcon_core.shell[0m [1;30mINFO[0m Creating environment hook 'C:\TCC-Autonomous-Ship\src\main_ws\src\install\share\path_following_interfaces\hook\path_dll.ps1'
[26.658s] [34mcolcon.colcon_core.shell[0m [1;30mINFO[0m Creating environment hook 'C:\TCC-Autonomous-Ship\src\main_ws\src\install\share\path_following_interfaces\hook\path_dll.bat'
[26.658s] [34mcolcon.colcon_core.shell[0m [1;30mINFO[0m Creating environment descriptor 'C:\TCC-Autonomous-Ship\src\main_ws\src\install\share\path_following_interfaces\hook\path_dll.dsv'
[26.658s] [34mcolcon.colcon_core.environment[0m [1;30mLevel 1[0m checking 'C:\TCC-Autonomous-Ship\src\main_ws\src\install\bin'
[26.658s] [34mcolcon.colcon_core.shell[0m [1;30mLevel 1[0m create_environment_hook('path_following_interfaces', 'path')
[26.658s] [34mcolcon.colcon_core.shell[0m [1;30mINFO[0m Creating environment hook 'C:\TCC-Autonomous-Ship\src\main_ws\src\install\share\path_following_interfaces\hook\path.ps1'
[26.658s] [34mcolcon.colcon_core.shell[0m [1;30mINFO[0m Creating environment hook 'C:\TCC-Autonomous-Ship\src\main_ws\src\install\share\path_following_interfaces\hook\path.bat'
[26.658s] [34mcolcon.colcon_core.shell[0m [1;30mINFO[0m Creating environment descriptor 'C:\TCC-Autonomous-Ship\src\main_ws\src\install\share\path_following_interfaces\hook\path.dsv'
[26.658s] [34mcolcon.colcon_core.environment[0m [1;30mLevel 1[0m checking 'C:\TCC-Autonomous-Ship\src\main_ws\src\install\Scripts'
[26.658s] [34mcolcon.colcon_core.environment[0m [1;30mLevel 1[0m checking 'C:\TCC-Autonomous-Ship\src\main_ws\src\install\lib\pkgconfig\path_following_interfaces.pc'
[26.658s] [34mcolcon.colcon_core.environment[0m [1;30mLevel 1[0m checking 'C:\TCC-Autonomous-Ship\src\main_ws\src\install\Lib\site-packages'
[26.658s] [34mcolcon.colcon_core.shell[0m [1;30mLevel 1[0m create_environment_hook('path_following_interfaces', 'pythonpath')
[26.674s] [34mcolcon.colcon_core.shell[0m [1;30mINFO[0m Creating environment hook 'C:\TCC-Autonomous-Ship\src\main_ws\src\install\share\path_following_interfaces\hook\pythonpath.ps1'
[26.674s] [34mcolcon.colcon_core.shell[0m [1;30mINFO[0m Creating environment hook 'C:\TCC-Autonomous-Ship\src\main_ws\src\install\share\path_following_interfaces\hook\pythonpath.bat'
[26.674s] [34mcolcon.colcon_core.shell[0m [1;30mINFO[0m Creating environment descriptor 'C:\TCC-Autonomous-Ship\src\main_ws\src\install\share\path_following_interfaces\hook\pythonpath.dsv'
[26.674s] [34mcolcon.colcon_core.shell[0m [1;30mINFO[0m Creating package script 'C:\TCC-Autonomous-Ship\src\main_ws\src\install\share\path_following_interfaces\package.ps1'
[26.690s] [34mcolcon.colcon_core.shell[0m [1;30mINFO[0m Creating package script 'C:\TCC-Autonomous-Ship\src\main_ws\src\install\share\path_following_interfaces\package.bat'
[26.690s] [34mcolcon.colcon_core.shell[0m [1;30mINFO[0m Creating package descriptor 'C:\TCC-Autonomous-Ship\src\main_ws\src\install\share\path_following_interfaces\package.dsv'
[26.690s] [34mcolcon.colcon_core.environment[0m [1;30mLevel 1[0m create_file_with_runtime_dependencies(C:\TCC-Autonomous-Ship\src\main_ws\src\install\share\colcon-core\packages\path_following_interfaces)
[26.705s] [34mcolcon.colcon_core.environment[0m [1;30mLevel 1[0m create_environment_scripts_only(path_following_interfaces)
[26.721s] [34mcolcon.colcon_core.environment[0m [1;30mLevel 1[0m checking 'C:\TCC-Autonomous-Ship\src\main_ws\src\install' for CMake module files
[26.721s] [34mcolcon.colcon_core.environment[0m [1;30mLevel 1[0m checking 'C:\TCC-Autonomous-Ship\src\main_ws\src\install' for CMake config files
[26.721s] [34mcolcon.colcon_core.shell[0m [1;30mLevel 1[0m create_environment_hook('path_following_interfaces', 'cmake_prefix_path')
[26.721s] [34mcolcon.colcon_core.shell[0m [1;30mINFO[0m Creating environment hook 'C:\TCC-Autonomous-Ship\src\main_ws\src\install\share\path_following_interfaces\hook\cmake_prefix_path.ps1'
[26.736s] [34mcolcon.colcon_core.shell[0m [1;30mINFO[0m Creating environment hook 'C:\TCC-Autonomous-Ship\src\main_ws\src\install\share\path_following_interfaces\hook\cmake_prefix_path.bat'
[26.736s] [34mcolcon.colcon_core.shell[0m [1;30mINFO[0m Creating environment descriptor 'C:\TCC-Autonomous-Ship\src\main_ws\src\install\share\path_following_interfaces\hook\cmake_prefix_path.dsv'
[26.736s] [34mcolcon.colcon_core.environment[0m [1;30mLevel 1[0m checking 'C:\TCC-Autonomous-Ship\src\main_ws\src\install\bin'
[26.736s] [34mcolcon.colcon_core.shell[0m [1;30mLevel 1[0m create_environment_hook('path_following_interfaces', 'path_dll')
[26.736s] [34mcolcon.colcon_core.shell[0m [1;30mINFO[0m Creating environment hook 'C:\TCC-Autonomous-Ship\src\main_ws\src\install\share\path_following_interfaces\hook\path_dll.ps1'
[26.736s] [34mcolcon.colcon_core.shell[0m [1;30mINFO[0m Creating environment hook 'C:\TCC-Autonomous-Ship\src\main_ws\src\install\share\path_following_interfaces\hook\path_dll.bat'
[26.736s] [34mcolcon.colcon_core.shell[0m [1;30mINFO[0m Creating environment descriptor 'C:\TCC-Autonomous-Ship\src\main_ws\src\install\share\path_following_interfaces\hook\path_dll.dsv'
[26.736s] [34mcolcon.colcon_core.environment[0m [1;30mLevel 1[0m checking 'C:\TCC-Autonomous-Ship\src\main_ws\src\install\bin'
[26.736s] [34mcolcon.colcon_core.shell[0m [1;30mLevel 1[0m create_environment_hook('path_following_interfaces', 'path')
[26.755s] [34mcolcon.colcon_core.shell[0m [1;30mINFO[0m Creating environment hook 'C:\TCC-Autonomous-Ship\src\main_ws\src\install\share\path_following_interfaces\hook\path.ps1'
[26.756s] [34mcolcon.colcon_core.shell[0m [1;30mINFO[0m Creating environment hook 'C:\TCC-Autonomous-Ship\src\main_ws\src\install\share\path_following_interfaces\hook\path.bat'
[26.756s] [34mcolcon.colcon_core.shell[0m [1;30mINFO[0m Creating environment descriptor 'C:\TCC-Autonomous-Ship\src\main_ws\src\install\share\path_following_interfaces\hook\path.dsv'
[26.756s] [34mcolcon.colcon_core.environment[0m [1;30mLevel 1[0m checking 'C:\TCC-Autonomous-Ship\src\main_ws\src\install\Scripts'
[26.756s] [34mcolcon.colcon_core.environment[0m [1;30mLevel 1[0m checking 'C:\TCC-Autonomous-Ship\src\main_ws\src\install\lib\pkgconfig\path_following_interfaces.pc'
[26.756s] [34mcolcon.colcon_core.environment[0m [1;30mLevel 1[0m checking 'C:\TCC-Autonomous-Ship\src\main_ws\src\install\Lib\site-packages'
[26.756s] [34mcolcon.colcon_core.shell[0m [1;30mLevel 1[0m create_environment_hook('path_following_interfaces', 'pythonpath')
[26.756s] [34mcolcon.colcon_core.shell[0m [1;30mINFO[0m Creating environment hook 'C:\TCC-Autonomous-Ship\src\main_ws\src\install\share\path_following_interfaces\hook\pythonpath.ps1'
[26.756s] [34mcolcon.colcon_core.shell[0m [1;30mINFO[0m Creating environment hook 'C:\TCC-Autonomous-Ship\src\main_ws\src\install\share\path_following_interfaces\hook\pythonpath.bat'
[26.756s] [34mcolcon.colcon_core.shell[0m [1;30mINFO[0m Creating environment descriptor 'C:\TCC-Autonomous-Ship\src\main_ws\src\install\share\path_following_interfaces\hook\pythonpath.dsv'
[26.772s] [34mcolcon.colcon_core.shell[0m [1;30mINFO[0m Creating package script 'C:\TCC-Autonomous-Ship\src\main_ws\src\install\share\path_following_interfaces\package.ps1'
[26.772s] [34mcolcon.colcon_core.shell[0m [1;30mINFO[0m Creating package script 'C:\TCC-Autonomous-Ship\src\main_ws\src\install\share\path_following_interfaces\package.bat'
[26.772s] [34mcolcon.colcon_core.shell[0m [1;30mINFO[0m Creating package descriptor 'C:\TCC-Autonomous-Ship\src\main_ws\src\install\share\path_following_interfaces\package.dsv'
[26.772s] [34mcolcon.colcon_core.environment[0m [1;30mLevel 1[0m create_file_with_runtime_dependencies(C:\TCC-Autonomous-Ship\src\main_ws\src\install\share\colcon-core\packages\path_following_interfaces)
[26.772s] [34mcolcon.colcon_ros.task.ament_python.build[0m [1;30mINFO[0m Building ROS package in 'C:\TCC-Autonomous-Ship\src\main_ws\src\path_following' with build type 'ament_python'
[26.772s] [34mcolcon.colcon_core.shell[0m [1;30mLevel 1[0m create_environment_hook('path_following', 'ament_prefix_path')
[26.772s] [34mcolcon.colcon_core.shell[0m [1;30mINFO[0m Creating environment hook 'C:\TCC-Autonomous-Ship\src\main_ws\src\install\share\path_following\hook\ament_prefix_path.ps1'
[26.787s] [34mcolcon.colcon_core.shell[0m [1;30mINFO[0m Creating environment hook 'C:\TCC-Autonomous-Ship\src\main_ws\src\install\share\path_following\hook\ament_prefix_path.bat'
[26.787s] [34mcolcon.colcon_core.shell[0m [1;30mINFO[0m Creating environment descriptor 'C:\TCC-Autonomous-Ship\src\main_ws\src\install\share\path_following\hook\ament_prefix_path.dsv'
[26.787s] [34mcolcon.colcon_core.shell[0m [1;30mINFO[0m Skip shell extension 'powershell' for command environment: Not usable outside of PowerShell
[26.828s] [34mcolcon.colcon_ros.task.ament_python.build[0m [1;30mINFO[0m Building ROS package in 'C:\TCC-Autonomous-Ship\src\main_ws\src\pydyna_simple' with build type 'ament_python'
[26.828s] [34mcolcon.colcon_core.shell[0m [1;30mLevel 1[0m create_environment_hook('pydyna_simple', 'ament_prefix_path')
[26.828s] [34mcolcon.colcon_core.shell[0m [1;30mINFO[0m Creating environment hook 'C:\TCC-Autonomous-Ship\src\main_ws\src\install\share\pydyna_simple\hook\ament_prefix_path.ps1'
[26.828s] [34mcolcon.colcon_core.shell[0m [1;30mINFO[0m Creating environment hook 'C:\TCC-Autonomous-Ship\src\main_ws\src\install\share\pydyna_simple\hook\ament_prefix_path.bat'
[26.828s] [34mcolcon.colcon_core.shell[0m [1;30mINFO[0m Creating environment descriptor 'C:\TCC-Autonomous-Ship\src\main_ws\src\install\share\pydyna_simple\hook\ament_prefix_path.dsv'
[26.844s] [34mcolcon.colcon_core.shell[0m [1;30mINFO[0m Skip shell extension 'powershell' for command environment: Not usable outside of PowerShell
[27.439s] [34mcolcon.colcon_core.task.python.build[0m [1;30mINFO[0m Building Python package in 'C:\TCC-Autonomous-Ship\src\main_ws\src\path_following'
[27.439s] [34mcolcon.colcon_core.shell[0m [1;30mINFO[0m Skip shell extension 'powershell' for command environment: Not usable outside of PowerShell
[27.900s] [34mcolcon.colcon_core.task.python.build[0m [1;30mINFO[0m Building Python package in 'C:\TCC-Autonomous-Ship\src\main_ws\src\pydyna_simple'
[27.916s] [34mcolcon.colcon_core.shell[0m [1;30mINFO[0m Skip shell extension 'powershell' for command environment: Not usable outside of PowerShell
[27.947s] [34mcolcon.colcon_core.event_handler.log_command[0m [1;30mDEBUG[0m [32mInvoking command in 'C:\TCC-Autonomous-Ship\src\main_ws\src\path_following': AMENT_PREFIX_PATH=C:\TCC-Autonomous-Ship\src\main_ws\src\install;%AMENT_PREFIX_PATH% CMAKE_PREFIX_PATH=C:\TCC-Autonomous-Ship\src\main_ws\src\install;%CMAKE_PREFIX_PATH% PYTHONPATH=C:\TCC-Autonomous-Ship\src\main_ws\src\install\Lib\site-packages;C:\TCC-Autonomous-Ship\src\main_ws\src\install\Lib\site-packages;%PYTHONPATH% Path=C:\TCC-Autonomous-Ship\src\main_ws\src\install\bin;%Path% c:\users\phmar\appdata\local\programs\python\python36\python.exe setup.py egg_info --egg-base ..\build\path_following build --build-base C:\TCC-Autonomous-Ship\src\main_ws\src\build\path_following\build install --prefix C:\TCC-Autonomous-Ship\src\main_ws\src\install --record C:\TCC-Autonomous-Ship\src\main_ws\src\build\path_following\install.log --single-version-externally-managed[0m
[28.058s] [34mcolcon.colcon_core.event_handler.log_command[0m [1;30mDEBUG[0m [32mInvoking command in 'C:\TCC-Autonomous-Ship\src\main_ws\src\pydyna_simple': AMENT_PREFIX_PATH=C:\TCC-Autonomous-Ship\src\main_ws\src\install;%AMENT_PREFIX_PATH% CMAKE_PREFIX_PATH=C:\TCC-Autonomous-Ship\src\main_ws\src\install;%CMAKE_PREFIX_PATH% PYTHONPATH=C:\TCC-Autonomous-Ship\src\main_ws\src\install\Lib\site-packages;C:\TCC-Autonomous-Ship\src\main_ws\src\install\Lib\site-packages;%PYTHONPATH% Path=C:\TCC-Autonomous-Ship\src\main_ws\src\install\bin;%Path% c:\users\phmar\appdata\local\programs\python\python36\python.exe setup.py egg_info --egg-base ..\build\pydyna_simple build --build-base C:\TCC-Autonomous-Ship\src\main_ws\src\build\pydyna_simple\build install --prefix C:\TCC-Autonomous-Ship\src\main_ws\src\install --record C:\TCC-Autonomous-Ship\src\main_ws\src\build\pydyna_simple\install.log --single-version-externally-managed[0m
[28.653s] [34mcolcon.colcon_core.environment[0m [1;30mLevel 1[0m checking 'C:\TCC-Autonomous-Ship\src\main_ws\src\install' for CMake module files
[28.653s] [34mcolcon.colcon_core.event_handler.log_command[0m [1;30mDEBUG[0m [32mInvoked command in 'C:\TCC-Autonomous-Ship\src\main_ws\src\path_following' returned '0': AMENT_PREFIX_PATH=C:\TCC-Autonomous-Ship\src\main_ws\src\install;%AMENT_PREFIX_PATH% CMAKE_PREFIX_PATH=C:\TCC-Autonomous-Ship\src\main_ws\src\install;%CMAKE_PREFIX_PATH% PYTHONPATH=C:\TCC-Autonomous-Ship\src\main_ws\src\install\Lib\site-packages;C:\TCC-Autonomous-Ship\src\main_ws\src\install\Lib\site-packages;%PYTHONPATH% Path=C:\TCC-Autonomous-Ship\src\main_ws\src\install\bin;%Path% c:\users\phmar\appdata\local\programs\python\python36\python.exe setup.py egg_info --egg-base ..\build\path_following build --build-base C:\TCC-Autonomous-Ship\src\main_ws\src\build\path_following\build install --prefix C:\TCC-Autonomous-Ship\src\main_ws\src\install --record C:\TCC-Autonomous-Ship\src\main_ws\src\build\path_following\install.log --single-version-externally-managed[0m
[28.653s] [34mcolcon.colcon_core.environment[0m [1;30mLevel 1[0m checking 'C:\TCC-Autonomous-Ship\src\main_ws\src\install' for CMake config files
[28.653s] [34mcolcon.colcon_core.shell[0m [1;30mLevel 1[0m create_environment_hook('path_following', 'cmake_prefix_path')
[28.669s] [34mcolcon.colcon_core.shell[0m [1;30mINFO[0m Creating environment hook 'C:\TCC-Autonomous-Ship\src\main_ws\src\install\share\path_following\hook\cmake_prefix_path.ps1'
[28.669s] [34mcolcon.colcon_core.shell[0m [1;30mINFO[0m Creating environment hook 'C:\TCC-Autonomous-Ship\src\main_ws\src\install\share\path_following\hook\cmake_prefix_path.bat'
[28.669s] [34mcolcon.colcon_core.shell[0m [1;30mINFO[0m Creating environment descriptor 'C:\TCC-Autonomous-Ship\src\main_ws\src\install\share\path_following\hook\cmake_prefix_path.dsv'
[28.669s] [34mcolcon.colcon_core.environment[0m [1;30mLevel 1[0m checking 'C:\TCC-Autonomous-Ship\src\main_ws\src\install\bin'
[28.669s] [34mcolcon.colcon_core.shell[0m [1;30mLevel 1[0m create_environment_hook('path_following', 'path_dll')
[28.684s] [34mcolcon.colcon_core.shell[0m [1;30mINFO[0m Creating environment hook 'C:\TCC-Autonomous-Ship\src\main_ws\src\install\share\path_following\hook\path_dll.ps1'
[28.684s] [34mcolcon.colcon_core.shell[0m [1;30mINFO[0m Creating environment hook 'C:\TCC-Autonomous-Ship\src\main_ws\src\install\share\path_following\hook\path_dll.bat'
[28.684s] [34mcolcon.colcon_core.shell[0m [1;30mINFO[0m Creating environment descriptor 'C:\TCC-Autonomous-Ship\src\main_ws\src\install\share\path_following\hook\path_dll.dsv'
[28.684s] [34mcolcon.colcon_core.environment[0m [1;30mLevel 1[0m checking 'C:\TCC-Autonomous-Ship\src\main_ws\src\install\bin'
[28.684s] [34mcolcon.colcon_core.shell[0m [1;30mLevel 1[0m create_environment_hook('path_following', 'path')
[28.684s] [34mcolcon.colcon_core.shell[0m [1;30mINFO[0m Creating environment hook 'C:\TCC-Autonomous-Ship\src\main_ws\src\install\share\path_following\hook\path.ps1'
[28.684s] [34mcolcon.colcon_core.shell[0m [1;30mINFO[0m Creating environment hook 'C:\TCC-Autonomous-Ship\src\main_ws\src\install\share\path_following\hook\path.bat'
[28.684s] [34mcolcon.colcon_core.shell[0m [1;30mINFO[0m Creating environment descriptor 'C:\TCC-Autonomous-Ship\src\main_ws\src\install\share\path_following\hook\path.dsv'
[28.684s] [34mcolcon.colcon_core.environment[0m [1;30mLevel 1[0m checking 'C:\TCC-Autonomous-Ship\src\main_ws\src\install\Scripts'
[28.684s] [34mcolcon.colcon_core.environment[0m [1;30mLevel 1[0m checking 'C:\TCC-Autonomous-Ship\src\main_ws\src\install\lib\pkgconfig\path_following.pc'
[28.684s] [34mcolcon.colcon_core.environment[0m [1;30mLevel 1[0m checking 'C:\TCC-Autonomous-Ship\src\main_ws\src\install\Lib\site-packages'
[28.684s] [34mcolcon.colcon_core.shell[0m [1;30mLevel 1[0m create_environment_hook('path_following', 'pythonpath')
[28.700s] [34mcolcon.colcon_core.shell[0m [1;30mINFO[0m Creating environment hook 'C:\TCC-Autonomous-Ship\src\main_ws\src\install\share\path_following\hook\pythonpath.ps1'
[28.700s] [34mcolcon.colcon_core.shell[0m [1;30mINFO[0m Creating environment hook 'C:\TCC-Autonomous-Ship\src\main_ws\src\install\share\path_following\hook\pythonpath.bat'
[28.700s] [34mcolcon.colcon_core.shell[0m [1;30mINFO[0m Creating environment descriptor 'C:\TCC-Autonomous-Ship\src\main_ws\src\install\share\path_following\hook\pythonpath.dsv'
[28.700s] [34mcolcon.colcon_core.environment[0m [1;30mLevel 1[0m create_environment_scripts_only(path_following)
[28.716s] [34mcolcon.colcon_core.shell[0m [1;30mINFO[0m Creating package script 'C:\TCC-Autonomous-Ship\src\main_ws\src\install\share\path_following\package.ps1'
[28.716s] [34mcolcon.colcon_core.shell[0m [1;30mINFO[0m Creating package script 'C:\TCC-Autonomous-Ship\src\main_ws\src\install\share\path_following\package.bat'
[28.716s] [34mcolcon.colcon_core.shell[0m [1;30mINFO[0m Creating package descriptor 'C:\TCC-Autonomous-Ship\src\main_ws\src\install\share\path_following\package.dsv'
[28.716s] [34mcolcon.colcon_core.environment[0m [1;30mLevel 1[0m create_file_with_runtime_dependencies(C:\TCC-Autonomous-Ship\src\main_ws\src\install\share\colcon-core\packages\path_following)
[28.816s] [34mcolcon.colcon_core.environment[0m [1;30mLevel 1[0m checking 'C:\TCC-Autonomous-Ship\src\main_ws\src\install' for CMake module files
[28.816s] [34mcolcon.colcon_core.event_handler.log_command[0m [1;30mDEBUG[0m [32mInvoked command in 'C:\TCC-Autonomous-Ship\src\main_ws\src\pydyna_simple' returned '0': AMENT_PREFIX_PATH=C:\TCC-Autonomous-Ship\src\main_ws\src\install;%AMENT_PREFIX_PATH% CMAKE_PREFIX_PATH=C:\TCC-Autonomous-Ship\src\main_ws\src\install;%CMAKE_PREFIX_PATH% PYTHONPATH=C:\TCC-Autonomous-Ship\src\main_ws\src\install\Lib\site-packages;C:\TCC-Autonomous-Ship\src\main_ws\src\install\Lib\site-packages;%PYTHONPATH% Path=C:\TCC-Autonomous-Ship\src\main_ws\src\install\bin;%Path% c:\users\phmar\appdata\local\programs\python\python36\python.exe setup.py egg_info --egg-base ..\build\pydyna_simple build --build-base C:\TCC-Autonomous-Ship\src\main_ws\src\build\pydyna_simple\build install --prefix C:\TCC-Autonomous-Ship\src\main_ws\src\install --record C:\TCC-Autonomous-Ship\src\main_ws\src\build\pydyna_simple\install.log --single-version-externally-managed[0m
[28.816s] [34mcolcon.colcon_core.environment[0m [1;30mLevel 1[0m checking 'C:\TCC-Autonomous-Ship\src\main_ws\src\install' for CMake config files
[28.816s] [34mcolcon.colcon_core.shell[0m [1;30mLevel 1[0m create_environment_hook('pydyna_simple', 'cmake_prefix_path')
[28.832s] [34mcolcon.colcon_core.shell[0m [1;30mINFO[0m Creating environment hook 'C:\TCC-Autonomous-Ship\src\main_ws\src\install\share\pydyna_simple\hook\cmake_prefix_path.ps1'
[28.832s] [34mcolcon.colcon_core.shell[0m [1;30mINFO[0m Creating environment hook 'C:\TCC-Autonomous-Ship\src\main_ws\src\install\share\pydyna_simple\hook\cmake_prefix_path.bat'
[28.832s] [34mcolcon.colcon_core.shell[0m [1;30mINFO[0m Creating environment descriptor 'C:\TCC-Autonomous-Ship\src\main_ws\src\install\share\pydyna_simple\hook\cmake_prefix_path.dsv'
[28.832s] [34mcolcon.colcon_core.environment[0m [1;30mLevel 1[0m checking 'C:\TCC-Autonomous-Ship\src\main_ws\src\install\bin'
[28.832s] [34mcolcon.colcon_core.shell[0m [1;30mLevel 1[0m create_environment_hook('pydyna_simple', 'path_dll')
[28.832s] [34mcolcon.colcon_core.shell[0m [1;30mINFO[0m Creating environment hook 'C:\TCC-Autonomous-Ship\src\main_ws\src\install\share\pydyna_simple\hook\path_dll.ps1'
[28.832s] [34mcolcon.colcon_core.shell[0m [1;30mINFO[0m Creating environment hook 'C:\TCC-Autonomous-Ship\src\main_ws\src\install\share\pydyna_simple\hook\path_dll.bat'
[28.832s] [34mcolcon.colcon_core.shell[0m [1;30mINFO[0m Creating environment descriptor 'C:\TCC-Autonomous-Ship\src\main_ws\src\install\share\pydyna_simple\hook\path_dll.dsv'
[28.832s] [34mcolcon.colcon_core.environment[0m [1;30mLevel 1[0m checking 'C:\TCC-Autonomous-Ship\src\main_ws\src\install\bin'
[28.832s] [34mcolcon.colcon_core.shell[0m [1;30mLevel 1[0m create_environment_hook('pydyna_simple', 'path')
[28.847s] [34mcolcon.colcon_core.shell[0m [1;30mINFO[0m Creating environment hook 'C:\TCC-Autonomous-Ship\src\main_ws\src\install\share\pydyna_simple\hook\path.ps1'
[28.847s] [34mcolcon.colcon_core.shell[0m [1;30mINFO[0m Creating environment hook 'C:\TCC-Autonomous-Ship\src\main_ws\src\install\share\pydyna_simple\hook\path.bat'
[28.847s] [34mcolcon.colcon_core.shell[0m [1;30mINFO[0m Creating environment descriptor 'C:\TCC-Autonomous-Ship\src\main_ws\src\install\share\pydyna_simple\hook\path.dsv'
[28.847s] [34mcolcon.colcon_core.environment[0m [1;30mLevel 1[0m checking 'C:\TCC-Autonomous-Ship\src\main_ws\src\install\Scripts'
[28.847s] [34mcolcon.colcon_core.environment[0m [1;30mLevel 1[0m checking 'C:\TCC-Autonomous-Ship\src\main_ws\src\install\lib\pkgconfig\pydyna_simple.pc'
[28.847s] [34mcolcon.colcon_core.environment[0m [1;30mLevel 1[0m checking 'C:\TCC-Autonomous-Ship\src\main_ws\src\install\Lib\site-packages'
[28.847s] [34mcolcon.colcon_core.shell[0m [1;30mLevel 1[0m create_environment_hook('pydyna_simple', 'pythonpath')
[28.847s] [34mcolcon.colcon_core.shell[0m [1;30mINFO[0m Creating environment hook 'C:\TCC-Autonomous-Ship\src\main_ws\src\install\share\pydyna_simple\hook\pythonpath.ps1'
[28.863s] [34mcolcon.colcon_core.shell[0m [1;30mINFO[0m Creating environment hook 'C:\TCC-Autonomous-Ship\src\main_ws\src\install\share\pydyna_simple\hook\pythonpath.bat'
[28.864s] [34mcolcon.colcon_core.shell[0m [1;30mINFO[0m Creating environment descriptor 'C:\TCC-Autonomous-Ship\src\main_ws\src\install\share\pydyna_simple\hook\pythonpath.dsv'
[28.865s] [34mcolcon.colcon_core.environment[0m [1;30mLevel 1[0m create_environment_scripts_only(pydyna_simple)
[28.870s] [34mcolcon.colcon_core.shell[0m [1;30mINFO[0m Creating package script 'C:\TCC-Autonomous-Ship\src\main_ws\src\install\share\pydyna_simple\package.ps1'
[28.870s] [34mcolcon.colcon_core.shell[0m [1;30mINFO[0m Creating package script 'C:\TCC-Autonomous-Ship\src\main_ws\src\install\share\pydyna_simple\package.bat'
[28.870s] [34mcolcon.colcon_core.shell[0m [1;30mINFO[0m Creating package descriptor 'C:\TCC-Autonomous-Ship\src\main_ws\src\install\share\pydyna_simple\package.dsv'
[28.870s] [34mcolcon.colcon_core.environment[0m [1;30mLevel 1[0m create_file_with_runtime_dependencies(C:\TCC-Autonomous-Ship\src\main_ws\src\install\share\colcon-core\packages\pydyna_simple)
[28.870s] [34mcolcon.colcon_parallel_executor.executor.parallel[0m [1;30mDEBUG[0m [32mrun_until_complete finished with '0'[0m
[28.870s] [34mcolcon.colcon_core.event_reactor[0m [1;30mDEBUG[0m [32mjoining thread[0m
[28.885s] [34mcolcon.colcon_core.plugin_system[0m [1;30mINFO[0m Skipping extension 'colcon_notification.desktop_notification.notify2': 'notify2' not found
[28.885s] [34mcolcon.colcon_core.plugin_system[0m [1;30mINFO[0m Skipping extension 'colcon_notification.desktop_notification.notify_send': Not used on non-Linux systems
[28.885s] [34mcolcon.colcon_core.plugin_system[0m [1;30mINFO[0m Skipping extension 'colcon_notification.desktop_notification.terminal_notifier': Not used on non-Darwin systems
[28.885s] [34mcolcon.colcon_notification.desktop_notification[0m [1;30mINFO[0m Sending desktop notification using 'win32'
[33.930s] [34mcolcon.colcon_core.event_reactor[0m [1;30mDEBUG[0m [32mjoined thread[0m
[33.930s] [34mcolcon.colcon_core.shell[0m [1;30mINFO[0m Creating prefix script 'C:\TCC-Autonomous-Ship\src\main_ws\src\install\local_setup.ps1'
[33.946s] [34mcolcon.colcon_core.shell[0m [1;30mINFO[0m Creating prefix util module 'C:\TCC-Autonomous-Ship\src\main_ws\src\install\_local_setup_util_ps1.py'
[33.946s] [34mcolcon.colcon_core.shell[0m [1;30mINFO[0m Creating prefix chain script 'C:\TCC-Autonomous-Ship\src\main_ws\src\install\setup.ps1'
[33.961s] [34mcolcon.colcon_core.shell[0m [1;30mINFO[0m Creating prefix script 'C:\TCC-Autonomous-Ship\src\main_ws\src\install\local_setup.bat'
[33.977s] [34mcolcon.colcon_core.shell[0m [1;30mINFO[0m Creating prefix util module 'C:\TCC-Autonomous-Ship\src\main_ws\src\install\_local_setup_util_bat.py'
[33.977s] [34mcolcon.colcon_core.shell[0m [1;30mINFO[0m Creating prefix chain script 'C:\TCC-Autonomous-Ship\src\main_ws\src\install\setup.bat'
