[1.612s] [34mcolcon[0m [1;30mDEBUG[0m [32mCommand line arguments: ['C:\\Users\\phmar\\AppData\\Local\\Programs\\Python\\Python36\\Scripts\\colcon', 'build', '--merge-install'][0m
[1.612s] [34mcolcon[0m [1;30mDEBUG[0m [32mParsed command line arguments: Namespace(ament_cmake_args=None, base_paths=['.'], build_base='build', catkin_cmake_args=None, catkin_skip_building_tests=False, cmake_args=None, cmake_clean_cache=False, cmake_clean_first=False, cmake_force_configure=False, cmake_target=None, cmake_target_skip_unavailable=False, continue_on_error=False, event_handlers=None, executor='parallel', ignore_user_meta=False, install_base='install', log_base=None, log_level=None, main=<bound method BuildVerb.main of <colcon_core.verb.build.BuildVerb object at 0x0000024508731E80>>, merge_install=True, metas=['./colcon.meta'], packages_above=None, packages_above_and_dependencies=None, packages_above_depth=None, packages_end=None, packages_ignore=None, packages_ignore_regex=None, packages_select=None, packages_select_build_failed=False, packages_select_by_dep=None, packages_select_regex=None, packages_select_test_failures=False, packages_skip=None, packages_skip_build_finished=False, packages_skip_by_dep=None, packages_skip_regex=None, packages_skip_test_passed=False, packages_skip_up_to=None, packages_start=None, packages_up_to=None, packages_up_to_regex=None, parallel_workers=12, paths=None, symlink_install=False, test_result_base=None, verb_extension=<colcon_core.verb.build.BuildVerb object at 0x0000024508731E80>, verb_name='build', verb_parser=<colcon_defaults.argument_parser.defaults.DefaultArgumentsDecorator object at 0x0000024508741208>)[0m
[1.645s] [34mcolcon.colcon_core.package_discovery[0m [1;30mLevel 1[0m discover_packages(colcon_meta) check parameters
[1.645s] [34mcolcon.colcon_core.package_discovery[0m [1;30mLevel 1[0m discover_packages(recursive) check parameters
[1.645s] [34mcolcon.colcon_core.package_discovery[0m [1;30mLevel 1[0m discover_packages(ignore) check parameters
[1.645s] [34mcolcon.colcon_core.package_discovery[0m [1;30mLevel 1[0m discover_packages(path) check parameters
[1.645s] [34mcolcon.colcon_core.package_discovery[0m [1;30mLevel 1[0m discover_packages(colcon_meta) discover
[1.645s] [34mcolcon.colcon_core.package_discovery[0m [1;30mLevel 1[0m discover_packages(recursive) discover
[1.645s] [34mcolcon.colcon_core.package_discovery[0m [1;30mINFO[0m Crawling recursively for packages in 'C:\Users\phmar\Desktop\TCC-Autonomous-Ship\src\main_ws\src'
[1.645s] [34mcolcon.colcon_core.package_identification[0m [1;30mLevel 1[0m _identify(.) by extensions ['ignore', 'ignore_ament_install']
[1.645s] [34mcolcon.colcon_core.package_identification[0m [1;30mLevel 1[0m _identify(.) by extension 'ignore'
[1.645s] [34mcolcon.colcon_core.package_identification[0m [1;30mLevel 1[0m _identify(.) by extension 'ignore_ament_install'
[1.645s] [34mcolcon.colcon_core.package_identification[0m [1;30mLevel 1[0m _identify(.) by extensions ['colcon_pkg']
[1.645s] [34mcolcon.colcon_core.package_identification[0m [1;30mLevel 1[0m _identify(.) by extension 'colcon_pkg'
[1.645s] [34mcolcon.colcon_core.package_identification[0m [1;30mLevel 1[0m _identify(.) by extensions ['colcon_meta']
[1.645s] [34mcolcon.colcon_core.package_identification[0m [1;30mLevel 1[0m _identify(.) by extension 'colcon_meta'
[1.645s] [34mcolcon.colcon_core.package_identification[0m [1;30mLevel 1[0m _identify(.) by extensions ['ros']
[1.645s] [34mcolcon.colcon_core.package_identification[0m [1;30mLevel 1[0m _identify(.) by extension 'ros'
[1.661s] [34mcolcon.colcon_core.package_identification[0m [1;30mLevel 1[0m _identify(.) by extensions ['cmake', 'python']
[1.661s] [34mcolcon.colcon_core.package_identification[0m [1;30mLevel 1[0m _identify(.) by extension 'cmake'
[1.661s] [34mcolcon.colcon_core.package_identification[0m [1;30mLevel 1[0m _identify(.) by extension 'python'
[1.661s] [34mcolcon.colcon_core.package_identification[0m [1;30mLevel 1[0m _identify(.) by extensions ['python_setup_py']
[1.661s] [34mcolcon.colcon_core.package_identification[0m [1;30mLevel 1[0m _identify(.) by extension 'python_setup_py'
[1.661s] [34mcolcon.colcon_core.package_identification[0m [1;30mLevel 1[0m _identify(build) by extensions ['ignore', 'ignore_ament_install']
[1.661s] [34mcolcon.colcon_core.package_identification[0m [1;30mLevel 1[0m _identify(build) by extension 'ignore'
[1.661s] [34mcolcon.colcon_core.package_identification[0m [1;30mLevel 1[0m _identify(build) ignored
[1.661s] [34mcolcon.colcon_core.package_identification[0m [1;30mLevel 1[0m _identify(install) by extensions ['ignore', 'ignore_ament_install']
[1.661s] [34mcolcon.colcon_core.package_identification[0m [1;30mLevel 1[0m _identify(install) by extension 'ignore'
[1.661s] [34mcolcon.colcon_core.package_identification[0m [1;30mLevel 1[0m _identify(install) ignored
[1.661s] [34mcolcon.colcon_core.package_identification[0m [1;30mLevel 1[0m _identify(log) by extensions ['ignore', 'ignore_ament_install']
[1.661s] [34mcolcon.colcon_core.package_identification[0m [1;30mLevel 1[0m _identify(log) by extension 'ignore'
[1.661s] [34mcolcon.colcon_core.package_identification[0m [1;30mLevel 1[0m _identify(log) ignored
[1.661s] [34mcolcon.colcon_core.package_identification[0m [1;30mLevel 1[0m _identify(path_following_interfaces) by extensions ['ignore', 'ignore_ament_install']
[1.661s] [34mcolcon.colcon_core.package_identification[0m [1;30mLevel 1[0m _identify(path_following_interfaces) by extension 'ignore'
[1.661s] [34mcolcon.colcon_core.package_identification[0m [1;30mLevel 1[0m _identify(path_following_interfaces) by extension 'ignore_ament_install'
[1.661s] [34mcolcon.colcon_core.package_identification[0m [1;30mLevel 1[0m _identify(path_following_interfaces) by extensions ['colcon_pkg']
[1.661s] [34mcolcon.colcon_core.package_identification[0m [1;30mLevel 1[0m _identify(path_following_interfaces) by extension 'colcon_pkg'
[1.661s] [34mcolcon.colcon_core.package_identification[0m [1;30mLevel 1[0m _identify(path_following_interfaces) by extensions ['colcon_meta']
[1.661s] [34mcolcon.colcon_core.package_identification[0m [1;30mLevel 1[0m _identify(path_following_interfaces) by extension 'colcon_meta'
[1.661s] [34mcolcon.colcon_core.package_identification[0m [1;30mLevel 1[0m _identify(path_following_interfaces) by extensions ['ros']
[1.661s] [34mcolcon.colcon_core.package_identification[0m [1;30mLevel 1[0m _identify(path_following_interfaces) by extension 'ros'
[1.676s] [34mcolcon.colcon_core.package_identification[0m [1;30mDEBUG[0m [32mPackage 'path_following_interfaces' with type 'ros.ament_cmake' and name 'path_following_interfaces'[0m
[1.676s] [34mcolcon.colcon_core.package_identification[0m [1;30mLevel 1[0m _identify(pydyna_simple) by extensions ['ignore', 'ignore_ament_install']
[1.676s] [34mcolcon.colcon_core.package_identification[0m [1;30mLevel 1[0m _identify(pydyna_simple) by extension 'ignore'
[1.676s] [34mcolcon.colcon_core.package_identification[0m [1;30mLevel 1[0m _identify(pydyna_simple) by extension 'ignore_ament_install'
[1.676s] [34mcolcon.colcon_core.package_identification[0m [1;30mLevel 1[0m _identify(pydyna_simple) by extensions ['colcon_pkg']
[1.676s] [34mcolcon.colcon_core.package_identification[0m [1;30mLevel 1[0m _identify(pydyna_simple) by extension 'colcon_pkg'
[1.676s] [34mcolcon.colcon_core.package_identification[0m [1;30mLevel 1[0m _identify(pydyna_simple) by extensions ['colcon_meta']
[1.676s] [34mcolcon.colcon_core.package_identification[0m [1;30mLevel 1[0m _identify(pydyna_simple) by extension 'colcon_meta'
[1.676s] [34mcolcon.colcon_core.package_identification[0m [1;30mLevel 1[0m _identify(pydyna_simple) by extensions ['ros']
[1.676s] [34mcolcon.colcon_core.package_identification[0m [1;30mLevel 1[0m _identify(pydyna_simple) by extension 'ros'
[1.676s] [34mcolcon.colcon_core.package_identification[0m [1;30mDEBUG[0m [32mFound ROS schema reference in package manifest in 'pydyna_simple'[0m
[1.676s] [34mcolcon.colcon_core.package_identification[0m [1;30mWARNING[0m [33mFailed to parse ROS package manifest in 'pydyna_simple': Error(s) in package 'pydyna_simple\package.xml':
Error(s):
- The generic dependency on 'rclpy' is redundant with: exec_depend[0m
[1.676s] [34mcolcon.colcon_core.package_identification[0m [1;30mLevel 1[0m _identify(pydyna_simple) by extensions ['cmake', 'python']
[1.676s] [34mcolcon.colcon_core.package_identification[0m [1;30mLevel 1[0m _identify(pydyna_simple) by extension 'cmake'
[1.676s] [34mcolcon.colcon_core.package_identification[0m [1;30mLevel 1[0m _identify(pydyna_simple) by extension 'python'
[1.676s] [34mcolcon.colcon_core.package_identification[0m [1;30mDEBUG[0m [32mPython package in 'pydyna_simple' passes arguments to the setup() function which requires a different identification extension than 'python'[0m
[1.676s] [34mcolcon.colcon_core.package_identification[0m [1;30mLevel 1[0m _identify(pydyna_simple) by extensions ['python_setup_py']
[1.676s] [34mcolcon.colcon_core.package_identification[0m [1;30mLevel 1[0m _identify(pydyna_simple) by extension 'python_setup_py'
[2.051s] [34mcolcon.colcon_core.package_identification[0m [1;30mERROR[0m [31mException in package identification extension 'python_setup_py' in 'pydyna_simple': Command '['c:\\users\\phmar\\appdata\\local\\programs\\python\\python36\\python.exe', '-c', "import sys;from setuptools.extern.packaging.specifiers import SpecifierSet;from distutils.core import run_setup;dist = run_setup(    'setup.py', script_args=('--dry-run',), stop_after='config');skip_keys = ('cmdclass', 'distclass', 'ext_modules', 'metadata');data = {    key: value for key, value in dist.__dict__.items()     if (        not key.startswith('_') and         not callable(value) and         key not in skip_keys and         key not in dist.display_option_names    )};data['metadata'] = {    k: v for k, v in dist.metadata.__dict__.items()     if k not in ('license_files', 'provides_extras')};sys.stdout.buffer.write(repr(data).encode('utf-8'))"]' returned non-zero exit status 1.
Traceback (most recent call last):
  File "c:\users\phmar\appdata\local\programs\python\python36\lib\site-packages\colcon_core\package_identification\__init__.py", line 143, in _identify
    retval = extension.identify(_reused_descriptor_instance)
  File "c:\users\phmar\appdata\local\programs\python\python36\lib\site-packages\colcon_python_setup_py\package_identification\python_setup_py.py", line 48, in identify
    config = get_setup_information(setup_py)
  File "c:\users\phmar\appdata\local\programs\python\python36\lib\site-packages\colcon_python_setup_py\package_identification\python_setup_py.py", line 242, in get_setup_information
    setup_py, env=env)
  File "c:\users\phmar\appdata\local\programs\python\python36\lib\site-packages\colcon_python_setup_py\package_identification\python_setup_py.py", line 283, in _get_setup_information
    cwd=os.path.abspath(str(setup_py.parent)), check=True, env=env)
  File "c:\users\phmar\appdata\local\programs\python\python36\lib\subprocess.py", line 438, in run
    output=stdout, stderr=stderr)
subprocess.CalledProcessError: Command '['c:\\users\\phmar\\appdata\\local\\programs\\python\\python36\\python.exe', '-c', "import sys;from setuptools.extern.packaging.specifiers import SpecifierSet;from distutils.core import run_setup;dist = run_setup(    'setup.py', script_args=('--dry-run',), stop_after='config');skip_keys = ('cmdclass', 'distclass', 'ext_modules', 'metadata');data = {    key: value for key, value in dist.__dict__.items()     if (        not key.startswith('_') and         not callable(value) and         key not in skip_keys and         key not in dist.display_option_names    )};data['metadata'] = {    k: v for k, v in dist.metadata.__dict__.items()     if k not in ('license_files', 'provides_extras')};sys.stdout.buffer.write(repr(data).encode('utf-8'))"]' returned non-zero exit status 1.
[0m
[2.051s] [34mcolcon.colcon_core.package_identification[0m [1;30mLevel 1[0m _identify(pydyna_simple\config) by extensions ['ignore', 'ignore_ament_install']
[2.051s] [34mcolcon.colcon_core.package_identification[0m [1;30mLevel 1[0m _identify(pydyna_simple\config) by extension 'ignore'
[2.051s] [34mcolcon.colcon_core.package_identification[0m [1;30mLevel 1[0m _identify(pydyna_simple\config) by extension 'ignore_ament_install'
[2.051s] [34mcolcon.colcon_core.package_identification[0m [1;30mLevel 1[0m _identify(pydyna_simple\config) by extensions ['colcon_pkg']
[2.051s] [34mcolcon.colcon_core.package_identification[0m [1;30mLevel 1[0m _identify(pydyna_simple\config) by extension 'colcon_pkg'
[2.051s] [34mcolcon.colcon_core.package_identification[0m [1;30mLevel 1[0m _identify(pydyna_simple\config) by extensions ['colcon_meta']
[2.051s] [34mcolcon.colcon_core.package_identification[0m [1;30mLevel 1[0m _identify(pydyna_simple\config) by extension 'colcon_meta'
[2.051s] [34mcolcon.colcon_core.package_identification[0m [1;30mLevel 1[0m _identify(pydyna_simple\config) by extensions ['ros']
[2.051s] [34mcolcon.colcon_core.package_identification[0m [1;30mLevel 1[0m _identify(pydyna_simple\config) by extension 'ros'
[2.051s] [34mcolcon.colcon_core.package_identification[0m [1;30mLevel 1[0m _identify(pydyna_simple\config) by extensions ['cmake', 'python']
[2.051s] [34mcolcon.colcon_core.package_identification[0m [1;30mLevel 1[0m _identify(pydyna_simple\config) by extension 'cmake'
[2.051s] [34mcolcon.colcon_core.package_identification[0m [1;30mLevel 1[0m _identify(pydyna_simple\config) by extension 'python'
[2.051s] [34mcolcon.colcon_core.package_identification[0m [1;30mLevel 1[0m _identify(pydyna_simple\config) by extensions ['python_setup_py']
[2.051s] [34mcolcon.colcon_core.package_identification[0m [1;30mLevel 1[0m _identify(pydyna_simple\config) by extension 'python_setup_py'
[2.051s] [34mcolcon.colcon_core.package_identification[0m [1;30mLevel 1[0m _identify(pydyna_simple\launch) by extensions ['ignore', 'ignore_ament_install']
[2.051s] [34mcolcon.colcon_core.package_identification[0m [1;30mLevel 1[0m _identify(pydyna_simple\launch) by extension 'ignore'
[2.051s] [34mcolcon.colcon_core.package_identification[0m [1;30mLevel 1[0m _identify(pydyna_simple\launch) by extension 'ignore_ament_install'
[2.051s] [34mcolcon.colcon_core.package_identification[0m [1;30mLevel 1[0m _identify(pydyna_simple\launch) by extensions ['colcon_pkg']
[2.051s] [34mcolcon.colcon_core.package_identification[0m [1;30mLevel 1[0m _identify(pydyna_simple\launch) by extension 'colcon_pkg'
[2.051s] [34mcolcon.colcon_core.package_identification[0m [1;30mLevel 1[0m _identify(pydyna_simple\launch) by extensions ['colcon_meta']
[2.051s] [34mcolcon.colcon_core.package_identification[0m [1;30mLevel 1[0m _identify(pydyna_simple\launch) by extension 'colcon_meta'
[2.051s] [34mcolcon.colcon_core.package_identification[0m [1;30mLevel 1[0m _identify(pydyna_simple\launch) by extensions ['ros']
[2.051s] [34mcolcon.colcon_core.package_identification[0m [1;30mLevel 1[0m _identify(pydyna_simple\launch) by extension 'ros'
[2.051s] [34mcolcon.colcon_core.package_identification[0m [1;30mLevel 1[0m _identify(pydyna_simple\launch) by extensions ['cmake', 'python']
[2.051s] [34mcolcon.colcon_core.package_identification[0m [1;30mLevel 1[0m _identify(pydyna_simple\launch) by extension 'cmake'
[2.051s] [34mcolcon.colcon_core.package_identification[0m [1;30mLevel 1[0m _identify(pydyna_simple\launch) by extension 'python'
[2.051s] [34mcolcon.colcon_core.package_identification[0m [1;30mLevel 1[0m _identify(pydyna_simple\launch) by extensions ['python_setup_py']
[2.051s] [34mcolcon.colcon_core.package_identification[0m [1;30mLevel 1[0m _identify(pydyna_simple\launch) by extension 'python_setup_py'
[2.051s] [34mcolcon.colcon_core.package_identification[0m [1;30mLevel 1[0m _identify(pydyna_simple\pydyna_simple) by extensions ['ignore', 'ignore_ament_install']
[2.051s] [34mcolcon.colcon_core.package_identification[0m [1;30mLevel 1[0m _identify(pydyna_simple\pydyna_simple) by extension 'ignore'
[2.051s] [34mcolcon.colcon_core.package_identification[0m [1;30mLevel 1[0m _identify(pydyna_simple\pydyna_simple) by extension 'ignore_ament_install'
[2.051s] [34mcolcon.colcon_core.package_identification[0m [1;30mLevel 1[0m _identify(pydyna_simple\pydyna_simple) by extensions ['colcon_pkg']
[2.051s] [34mcolcon.colcon_core.package_identification[0m [1;30mLevel 1[0m _identify(pydyna_simple\pydyna_simple) by extension 'colcon_pkg'
[2.051s] [34mcolcon.colcon_core.package_identification[0m [1;30mLevel 1[0m _identify(pydyna_simple\pydyna_simple) by extensions ['colcon_meta']
[2.051s] [34mcolcon.colcon_core.package_identification[0m [1;30mLevel 1[0m _identify(pydyna_simple\pydyna_simple) by extension 'colcon_meta'
[2.051s] [34mcolcon.colcon_core.package_identification[0m [1;30mLevel 1[0m _identify(pydyna_simple\pydyna_simple) by extensions ['ros']
[2.051s] [34mcolcon.colcon_core.package_identification[0m [1;30mLevel 1[0m _identify(pydyna_simple\pydyna_simple) by extension 'ros'
[2.051s] [34mcolcon.colcon_core.package_identification[0m [1;30mLevel 1[0m _identify(pydyna_simple\pydyna_simple) by extensions ['cmake', 'python']
[2.051s] [34mcolcon.colcon_core.package_identification[0m [1;30mLevel 1[0m _identify(pydyna_simple\pydyna_simple) by extension 'cmake'
[2.051s] [34mcolcon.colcon_core.package_identification[0m [1;30mLevel 1[0m _identify(pydyna_simple\pydyna_simple) by extension 'python'
[2.051s] [34mcolcon.colcon_core.package_identification[0m [1;30mLevel 1[0m _identify(pydyna_simple\pydyna_simple) by extensions ['python_setup_py']
[2.051s] [34mcolcon.colcon_core.package_identification[0m [1;30mLevel 1[0m _identify(pydyna_simple\pydyna_simple) by extension 'python_setup_py'
[2.051s] [34mcolcon.colcon_core.package_identification[0m [1;30mLevel 1[0m _identify(pydyna_simple\resource) by extensions ['ignore', 'ignore_ament_install']
[2.051s] [34mcolcon.colcon_core.package_identification[0m [1;30mLevel 1[0m _identify(pydyna_simple\resource) by extension 'ignore'
[2.051s] [34mcolcon.colcon_core.package_identification[0m [1;30mLevel 1[0m _identify(pydyna_simple\resource) by extension 'ignore_ament_install'
[2.051s] [34mcolcon.colcon_core.package_identification[0m [1;30mLevel 1[0m _identify(pydyna_simple\resource) by extensions ['colcon_pkg']
[2.051s] [34mcolcon.colcon_core.package_identification[0m [1;30mLevel 1[0m _identify(pydyna_simple\resource) by extension 'colcon_pkg'
[2.051s] [34mcolcon.colcon_core.package_identification[0m [1;30mLevel 1[0m _identify(pydyna_simple\resource) by extensions ['colcon_meta']
[2.051s] [34mcolcon.colcon_core.package_identification[0m [1;30mLevel 1[0m _identify(pydyna_simple\resource) by extension 'colcon_meta'
[2.051s] [34mcolcon.colcon_core.package_identification[0m [1;30mLevel 1[0m _identify(pydyna_simple\resource) by extensions ['ros']
[2.051s] [34mcolcon.colcon_core.package_identification[0m [1;30mLevel 1[0m _identify(pydyna_simple\resource) by extension 'ros'
[2.051s] [34mcolcon.colcon_core.package_identification[0m [1;30mLevel 1[0m _identify(pydyna_simple\resource) by extensions ['cmake', 'python']
[2.051s] [34mcolcon.colcon_core.package_identification[0m [1;30mLevel 1[0m _identify(pydyna_simple\resource) by extension 'cmake'
[2.051s] [34mcolcon.colcon_core.package_identification[0m [1;30mLevel 1[0m _identify(pydyna_simple\resource) by extension 'python'
[2.051s] [34mcolcon.colcon_core.package_identification[0m [1;30mLevel 1[0m _identify(pydyna_simple\resource) by extensions ['python_setup_py']
[2.051s] [34mcolcon.colcon_core.package_identification[0m [1;30mLevel 1[0m _identify(pydyna_simple\resource) by extension 'python_setup_py'
[2.051s] [34mcolcon.colcon_core.package_identification[0m [1;30mLevel 1[0m _identify(pydyna_simple\test) by extensions ['ignore', 'ignore_ament_install']
[2.051s] [34mcolcon.colcon_core.package_identification[0m [1;30mLevel 1[0m _identify(pydyna_simple\test) by extension 'ignore'
[2.051s] [34mcolcon.colcon_core.package_identification[0m [1;30mLevel 1[0m _identify(pydyna_simple\test) by extension 'ignore_ament_install'
[2.051s] [34mcolcon.colcon_core.package_identification[0m [1;30mLevel 1[0m _identify(pydyna_simple\test) by extensions ['colcon_pkg']
[2.051s] [34mcolcon.colcon_core.package_identification[0m [1;30mLevel 1[0m _identify(pydyna_simple\test) by extension 'colcon_pkg'
[2.051s] [34mcolcon.colcon_core.package_identification[0m [1;30mLevel 1[0m _identify(pydyna_simple\test) by extensions ['colcon_meta']
[2.051s] [34mcolcon.colcon_core.package_identification[0m [1;30mLevel 1[0m _identify(pydyna_simple\test) by extension 'colcon_meta'
[2.051s] [34mcolcon.colcon_core.package_identification[0m [1;30mLevel 1[0m _identify(pydyna_simple\test) by extensions ['ros']
[2.051s] [34mcolcon.colcon_core.package_identification[0m [1;30mLevel 1[0m _identify(pydyna_simple\test) by extension 'ros'
[2.051s] [34mcolcon.colcon_core.package_identification[0m [1;30mLevel 1[0m _identify(pydyna_simple\test) by extensions ['cmake', 'python']
[2.051s] [34mcolcon.colcon_core.package_identification[0m [1;30mLevel 1[0m _identify(pydyna_simple\test) by extension 'cmake'
[2.051s] [34mcolcon.colcon_core.package_identification[0m [1;30mLevel 1[0m _identify(pydyna_simple\test) by extension 'python'
[2.051s] [34mcolcon.colcon_core.package_identification[0m [1;30mLevel 1[0m _identify(pydyna_simple\test) by extensions ['python_setup_py']
[2.051s] [34mcolcon.colcon_core.package_identification[0m [1;30mLevel 1[0m _identify(pydyna_simple\test) by extension 'python_setup_py'
[2.051s] [34mcolcon.colcon_core.package_discovery[0m [1;30mLevel 1[0m discover_packages(recursive) using defaults
[2.051s] [34mcolcon.colcon_core.package_discovery[0m [1;30mLevel 1[0m discover_packages(ignore) discover
[2.051s] [34mcolcon.colcon_core.package_discovery[0m [1;30mLevel 1[0m discover_packages(ignore) using defaults
[2.051s] [34mcolcon.colcon_core.package_discovery[0m [1;30mLevel 1[0m discover_packages(path) discover
[2.051s] [34mcolcon.colcon_core.package_discovery[0m [1;30mLevel 1[0m discover_packages(path) using defaults
[2.114s] [34mcolcon.colcon_core.verb[0m [1;30mLevel 5[0m set package 'path_following_interfaces' build argument 'cmake_args' from command line to 'None'
[2.114s] [34mcolcon.colcon_core.verb[0m [1;30mLevel 5[0m set package 'path_following_interfaces' build argument 'cmake_target' from command line to 'None'
[2.114s] [34mcolcon.colcon_core.verb[0m [1;30mLevel 5[0m set package 'path_following_interfaces' build argument 'cmake_target_skip_unavailable' from command line to 'False'
[2.114s] [34mcolcon.colcon_core.verb[0m [1;30mLevel 5[0m set package 'path_following_interfaces' build argument 'cmake_clean_cache' from command line to 'False'
[2.114s] [34mcolcon.colcon_core.verb[0m [1;30mLevel 5[0m set package 'path_following_interfaces' build argument 'cmake_clean_first' from command line to 'False'
[2.114s] [34mcolcon.colcon_core.verb[0m [1;30mLevel 5[0m set package 'path_following_interfaces' build argument 'cmake_force_configure' from command line to 'False'
[2.114s] [34mcolcon.colcon_core.verb[0m [1;30mLevel 5[0m set package 'path_following_interfaces' build argument 'ament_cmake_args' from command line to 'None'
[2.114s] [34mcolcon.colcon_core.verb[0m [1;30mLevel 5[0m set package 'path_following_interfaces' build argument 'catkin_cmake_args' from command line to 'None'
[2.114s] [34mcolcon.colcon_core.verb[0m [1;30mLevel 5[0m set package 'path_following_interfaces' build argument 'catkin_skip_building_tests' from command line to 'False'
[2.114s] [34mcolcon.colcon_core.verb[0m [1;30mDEBUG[0m [32mBuilding package 'path_following_interfaces' with the following arguments: {'ament_cmake_args': None, 'build_base': 'C:\\Users\\phmar\\Desktop\\TCC-Autonomous-Ship\\src\\main_ws\\src\\build\\path_following_interfaces', 'catkin_cmake_args': None, 'catkin_skip_building_tests': False, 'cmake_args': None, 'cmake_clean_cache': False, 'cmake_clean_first': False, 'cmake_force_configure': False, 'cmake_target': None, 'cmake_target_skip_unavailable': False, 'install_base': 'C:\\Users\\phmar\\Desktop\\TCC-Autonomous-Ship\\src\\main_ws\\src\\install', 'merge_install': True, 'path': 'C:\\Users\\phmar\\Desktop\\TCC-Autonomous-Ship\\src\\main_ws\\src\\path_following_interfaces', 'symlink_install': False, 'test_result_base': None}[0m
[2.114s] [34mcolcon.colcon_core.executor[0m [1;30mINFO[0m Executing jobs using 'parallel' executor
[2.152s] [34mcolcon.colcon_parallel_executor.executor.parallel[0m [1;30mDEBUG[0m [32mrun_until_complete[0m
[2.152s] [34mcolcon.colcon_ros.task.ament_cmake.build[0m [1;30mINFO[0m Building ROS package in 'C:\Users\phmar\Desktop\TCC-Autonomous-Ship\src\main_ws\src\path_following_interfaces' with build type 'ament_cmake'
[2.153s] [34mcolcon.colcon_cmake.task.cmake.build[0m [1;30mINFO[0m Building CMake package in 'C:\Users\phmar\Desktop\TCC-Autonomous-Ship\src\main_ws\src\path_following_interfaces'
[2.153s] [34mcolcon.colcon_core.plugin_system[0m [1;30mINFO[0m Skipping extension 'colcon_core.shell.sh': Not used on Windows systems
[2.153s] [34mcolcon.colcon_core.shell[0m [1;30mINFO[0m Skip shell extension 'powershell' for command environment: Not usable outside of PowerShell
[2.253s] [34mcolcon.colcon_parallel_executor.executor.parallel[0m [1;30mDEBUG[0m [32mrun_until_complete finished with 'VisualStudioVersion is not set, please run within a Visual Studio Command Prompt.'[0m
[2.253s] [34mcolcon.colcon_core.event_reactor[0m [1;30mDEBUG[0m [32mjoining thread[0m
[2.257s] [34mcolcon.colcon_core.plugin_system[0m [1;30mINFO[0m Skipping extension 'colcon_notification.desktop_notification.notify2': 'notify2' not found
[2.257s] [34mcolcon.colcon_core.plugin_system[0m [1;30mINFO[0m Skipping extension 'colcon_notification.desktop_notification.notify_send': Not used on non-Linux systems
[2.257s] [34mcolcon.colcon_core.plugin_system[0m [1;30mINFO[0m Skipping extension 'colcon_notification.desktop_notification.terminal_notifier': Not used on non-Darwin systems
[2.257s] [34mcolcon.colcon_notification.desktop_notification[0m [1;30mINFO[0m Sending desktop notification using 'win32'
[7.320s] [34mcolcon.colcon_core.event_reactor[0m [1;30mDEBUG[0m [32mjoined thread[0m
[7.328s] [34mcolcon.colcon_core.shell[0m [1;30mINFO[0m Creating prefix script 'C:\Users\phmar\Desktop\TCC-Autonomous-Ship\src\main_ws\src\install\local_setup.ps1'
[7.335s] [34mcolcon.colcon_core.shell[0m [1;30mINFO[0m Creating prefix util module 'C:\Users\phmar\Desktop\TCC-Autonomous-Ship\src\main_ws\src\install\_local_setup_util_ps1.py'
[7.342s] [34mcolcon.colcon_core.shell[0m [1;30mINFO[0m Creating prefix chain script 'C:\Users\phmar\Desktop\TCC-Autonomous-Ship\src\main_ws\src\install\setup.ps1'
[7.355s] [34mcolcon.colcon_core.shell[0m [1;30mINFO[0m Creating prefix script 'C:\Users\phmar\Desktop\TCC-Autonomous-Ship\src\main_ws\src\install\local_setup.bat'
[7.363s] [34mcolcon.colcon_core.shell[0m [1;30mINFO[0m Creating prefix util module 'C:\Users\phmar\Desktop\TCC-Autonomous-Ship\src\main_ws\src\install\_local_setup_util_bat.py'
[7.364s] [34mcolcon.colcon_core.shell[0m [1;30mINFO[0m Creating prefix chain script 'C:\Users\phmar\Desktop\TCC-Autonomous-Ship\src\main_ws\src\install\setup.bat'
