running egg_info
creating ..\build\path_following\path_following.egg-info
writing ..\build\path_following\path_following.egg-info\PKG-INFO
writing dependency_links to ..\build\path_following\path_following.egg-info\dependency_links.txt
writing entry points to ..\build\path_following\path_following.egg-info\entry_points.txt
writing requirements to ..\build\path_following\path_following.egg-info\requires.txt
writing top-level names to ..\build\path_following\path_following.egg-info\top_level.txt
writing manifest file '..\build\path_following\path_following.egg-info\SOURCES.txt'
reading manifest file '..\build\path_following\path_following.egg-info\SOURCES.txt'
writing manifest file '..\build\path_following\path_following.egg-info\SOURCES.txt'
running build
running build_py
creating C:\TCC-Autonomous-Ship\src\main_ws\src\build\path_following\build
creating C:\TCC-Autonomous-Ship\src\main_ws\src\build\path_following\build\lib
creating C:\TCC-Autonomous-Ship\src\main_ws\src\build\path_following\build\lib\path_following
copying path_following\backend.py -> C:\TCC-Autonomous-Ship\src\main_ws\src\build\path_following\build\lib\path_following
copying path_following\control_allocation.py -> C:\TCC-Autonomous-Ship\src\main_ws\src\build\path_following\build\lib\path_following
copying path_following\gps_imu_simul.py -> C:\TCC-Autonomous-Ship\src\main_ws\src\build\path_following\build\lib\path_following
copying path_following\los_guidance.py -> C:\TCC-Autonomous-Ship\src\main_ws\src\build\path_following\build\lib\path_following
copying path_following\surge_controller.py -> C:\TCC-Autonomous-Ship\src\main_ws\src\build\path_following\build\lib\path_following
copying path_following\venus.py -> C:\TCC-Autonomous-Ship\src\main_ws\src\build\path_following\build\lib\path_following
copying path_following\wave_filter.py -> C:\TCC-Autonomous-Ship\src\main_ws\src\build\path_following\build\lib\path_following
copying path_following\yaw_controller.py -> C:\TCC-Autonomous-Ship\src\main_ws\src\build\path_following\build\lib\path_following
copying path_following\__init__.py -> C:\TCC-Autonomous-Ship\src\main_ws\src\build\path_following\build\lib\path_following
running install
running install_lib
creating C:\TCC-Autonomous-Ship\src\main_ws\src\install\Lib\site-packages\path_following
copying C:\TCC-Autonomous-Ship\src\main_ws\src\build\path_following\build\lib\path_following\backend.py -> C:\TCC-Autonomous-Ship\src\main_ws\src\install\Lib\site-packages\path_following
copying C:\TCC-Autonomous-Ship\src\main_ws\src\build\path_following\build\lib\path_following\control_allocation.py -> C:\TCC-Autonomous-Ship\src\main_ws\src\install\Lib\site-packages\path_following
copying C:\TCC-Autonomous-Ship\src\main_ws\src\build\path_following\build\lib\path_following\gps_imu_simul.py -> C:\TCC-Autonomous-Ship\src\main_ws\src\install\Lib\site-packages\path_following
copying C:\TCC-Autonomous-Ship\src\main_ws\src\build\path_following\build\lib\path_following\los_guidance.py -> C:\TCC-Autonomous-Ship\src\main_ws\src\install\Lib\site-packages\path_following
copying C:\TCC-Autonomous-Ship\src\main_ws\src\build\path_following\build\lib\path_following\surge_controller.py -> C:\TCC-Autonomous-Ship\src\main_ws\src\install\Lib\site-packages\path_following
copying C:\TCC-Autonomous-Ship\src\main_ws\src\build\path_following\build\lib\path_following\venus.py -> C:\TCC-Autonomous-Ship\src\main_ws\src\install\Lib\site-packages\path_following
copying C:\TCC-Autonomous-Ship\src\main_ws\src\build\path_following\build\lib\path_following\wave_filter.py -> C:\TCC-Autonomous-Ship\src\main_ws\src\install\Lib\site-packages\path_following
copying C:\TCC-Autonomous-Ship\src\main_ws\src\build\path_following\build\lib\path_following\yaw_controller.py -> C:\TCC-Autonomous-Ship\src\main_ws\src\install\Lib\site-packages\path_following
copying C:\TCC-Autonomous-Ship\src\main_ws\src\build\path_following\build\lib\path_following\__init__.py -> C:\TCC-Autonomous-Ship\src\main_ws\src\install\Lib\site-packages\path_following
byte-compiling C:\TCC-Autonomous-Ship\src\main_ws\src\install\Lib\site-packages\path_following\backend.py to backend.cpython-36.pyc
byte-compiling C:\TCC-Autonomous-Ship\src\main_ws\src\install\Lib\site-packages\path_following\control_allocation.py to control_allocation.cpython-36.pyc
byte-compiling C:\TCC-Autonomous-Ship\src\main_ws\src\install\Lib\site-packages\path_following\gps_imu_simul.py to gps_imu_simul.cpython-36.pyc
byte-compiling C:\TCC-Autonomous-Ship\src\main_ws\src\install\Lib\site-packages\path_following\los_guidance.py to los_guidance.cpython-36.pyc
byte-compiling C:\TCC-Autonomous-Ship\src\main_ws\src\install\Lib\site-packages\path_following\surge_controller.py to surge_controller.cpython-36.pyc
byte-compiling C:\TCC-Autonomous-Ship\src\main_ws\src\install\Lib\site-packages\path_following\venus.py to venus.cpython-36.pyc
byte-compiling C:\TCC-Autonomous-Ship\src\main_ws\src\install\Lib\site-packages\path_following\wave_filter.py to wave_filter.cpython-36.pyc
byte-compiling C:\TCC-Autonomous-Ship\src\main_ws\src\install\Lib\site-packages\path_following\yaw_controller.py to yaw_controller.cpython-36.pyc
byte-compiling C:\TCC-Autonomous-Ship\src\main_ws\src\install\Lib\site-packages\path_following\__init__.py to __init__.cpython-36.pyc
running install_data
copying resource\path_following -> C:\TCC-Autonomous-Ship\src\main_ws\src\install\share\ament_index\resource_index\packages
copying package.xml -> C:\TCC-Autonomous-Ship\src\main_ws\src\install\share\path_following
creating C:\TCC-Autonomous-Ship\src\main_ws\src\install\share\path_following\logs
creating C:\TCC-Autonomous-Ship\src\main_ws\src\install\share\path_following\logs\mylogs
creating C:\TCC-Autonomous-Ship\src\main_ws\src\install\share\path_following\logs\pydynalogs
creating C:\TCC-Autonomous-Ship\src\main_ws\src\install\share\path_following\logs\roslogs
creating C:\TCC-Autonomous-Ship\src\main_ws\src\install\share\path_following\db
creating C:\TCC-Autonomous-Ship\src\main_ws\src\install\share\path_following\db\rosbags
creating C:\TCC-Autonomous-Ship\src\main_ws\src\install\share\path_following\db\waypoints
creating C:\TCC-Autonomous-Ship\src\main_ws\src\install\share\path_following\plots
creating C:\TCC-Autonomous-Ship\src\main_ws\src\install\share\path_following\plots\state
creating C:\TCC-Autonomous-Ship\src\main_ws\src\install\share\path_following\plots\simulatedState
creating C:\TCC-Autonomous-Ship\src\main_ws\src\install\share\path_following\plots\filteredState
creating C:\TCC-Autonomous-Ship\src\main_ws\src\install\share\path_following\plots\setpoints
creating C:\TCC-Autonomous-Ship\src\main_ws\src\install\share\path_following\plots\bodePlots
copying launch\path_following.launch.py -> C:\TCC-Autonomous-Ship\src\main_ws\src\install\share\path_following
running install_egg_info
Copying ..\build\path_following\path_following.egg-info to C:\TCC-Autonomous-Ship\src\main_ws\src\install\Lib\site-packages\path_following-0.0.0-py3.6.egg-info
running install_scripts
Installing backend-script.py script to C:\TCC-Autonomous-Ship\src\main_ws\src\install\lib\path_following
Installing backend.exe script to C:\TCC-Autonomous-Ship\src\main_ws\src\install\lib\path_following
Installing control_allocation-script.py script to C:\TCC-Autonomous-Ship\src\main_ws\src\install\lib\path_following
Installing control_allocation.exe script to C:\TCC-Autonomous-Ship\src\main_ws\src\install\lib\path_following
Installing gps_imu_simul-script.py script to C:\TCC-Autonomous-Ship\src\main_ws\src\install\lib\path_following
Installing gps_imu_simul.exe script to C:\TCC-Autonomous-Ship\src\main_ws\src\install\lib\path_following
Installing kalman_filter-script.py script to C:\TCC-Autonomous-Ship\src\main_ws\src\install\lib\path_following
Installing kalman_filter.exe script to C:\TCC-Autonomous-Ship\src\main_ws\src\install\lib\path_following
Installing los_guidance-script.py script to C:\TCC-Autonomous-Ship\src\main_ws\src\install\lib\path_following
Installing los_guidance.exe script to C:\TCC-Autonomous-Ship\src\main_ws\src\install\lib\path_following
Installing surge_controller-script.py script to C:\TCC-Autonomous-Ship\src\main_ws\src\install\lib\path_following
Installing surge_controller.exe script to C:\TCC-Autonomous-Ship\src\main_ws\src\install\lib\path_following
Installing venus-script.py script to C:\TCC-Autonomous-Ship\src\main_ws\src\install\lib\path_following
Installing venus.exe script to C:\TCC-Autonomous-Ship\src\main_ws\src\install\lib\path_following
Installing wave_filter-script.py script to C:\TCC-Autonomous-Ship\src\main_ws\src\install\lib\path_following
Installing wave_filter.exe script to C:\TCC-Autonomous-Ship\src\main_ws\src\install\lib\path_following
Installing yaw_controller-script.py script to C:\TCC-Autonomous-Ship\src\main_ws\src\install\lib\path_following
Installing yaw_controller.exe script to C:\TCC-Autonomous-Ship\src\main_ws\src\install\lib\path_following
writing list of installed files to 'C:\TCC-Autonomous-Ship\src\main_ws\src\build\path_following\install.log'
