[0.078s] Invoking command in 'C:\TCC-Autonomous-Ship\src\main_ws\src\build\path_following_interfaces': C:\Program Files\CMake\bin\cmake.EXE C:\TCC-Autonomous-Ship\src\main_ws\src\path_following_interfaces -DCMAKE_INSTALL_PREFIX=C:\TCC-Autonomous-Ship\src\main_ws\src\install -G Visual Studio 16 2019
[0.156s] -- Selecting Windows SDK version 10.0.19041.0 to target Windows 10.0.19042.
[2.047s] -- The C compiler identification is MSVC 19.29.30133.0
[2.828s] -- The CXX compiler identification is MSVC 19.29.30133.0
[3.031s] -- Detecting C compiler ABI info
[3.734s] -- Detecting C compiler ABI info - done
[3.734s] -- Check for working C compiler: C:/Program Files (x86)/Microsoft Visual Studio/2019/Community/VC/Tools/MSVC/14.29.30133/bin/Hostx64/x64/cl.exe - skipped
[3.734s] -- Detecting C compile features
[3.766s] -- Detecting C compile features - done
[3.828s] -- Detecting CXX compiler ABI info
[4.453s] -- Detecting CXX compiler ABI info - done
[4.453s] -- Check for working CXX compiler: C:/Program Files (x86)/Microsoft Visual Studio/2019/Community/VC/Tools/MSVC/14.29.30133/bin/Hostx64/x64/cl.exe - skipped
[4.453s] -- Detecting CXX compile features
[4.453s] -- Detecting CXX compile features - done
[4.516s] -- Found ament_cmake: 1.1.4 (C:/dev/ros2_galactic/install/share/ament_cmake/cmake)
[4.734s] -- Found PythonInterp: C:/Users/phmar/AppData/Local/Programs/Python/Python36/python.exe (found suitable version "3.6.8", minimum required is "3") 
[4.734s] -- Using PYTHON_EXECUTABLE: C:/Users/phmar/AppData/Local/Programs/Python/Python36/python.exe
[5.297s] -- Found rosidl_default_generators: 1.1.1 (C:/dev/ros2_galactic/install/share/rosidl_default_generators/cmake)
[5.344s] -- Using all available rosidl_typesupport_c: rosidl_typesupport_fastrtps_c;rosidl_typesupport_introspection_c
[5.391s] -- Found rosidl_adapter: 2.2.1 (C:/dev/ros2_galactic/install/share/rosidl_adapter/cmake)
[5.891s] -- Found FastRTPS: C:/dev/ros2_galactic/install/include  
[6.250s] -- Using all available rosidl_typesupport_cpp: rosidl_typesupport_fastrtps_cpp;rosidl_typesupport_introspection_cpp
[6.484s] -- Found PythonInterp: C:/Users/phmar/AppData/Local/Programs/Python/Python36/python.exe (found version "3.6.8") 
[6.828s] -- Found ament_cmake_ros: 0.9.2 (C:/dev/ros2_galactic/install/share/ament_cmake_ros/cmake)
[7.078s] -- Using all available rosidl_typesupport_c: rosidl_typesupport_fastrtps_c;rosidl_typesupport_introspection_c
[7.156s] -- Using all available rosidl_typesupport_cpp: rosidl_typesupport_fastrtps_cpp;rosidl_typesupport_introspection_cpp
[7.203s] -- Found PythonInterp: C:/Users/phmar/AppData/Local/Programs/Python/Python36/python.exe (found suitable version "3.6.8", minimum required is "3.5") 
[7.219s] -- Found python_cmake_module: 0.8.1 (C:/dev/ros2_galactic/install/share/python_cmake_module/cmake)
[7.359s] -- Found PythonLibs: C:/Users/phmar/AppData/Local/Programs/Python/Python36/libs/python36.lib (found suitable version "3.6.8", minimum required is "3.5") 
[7.359s] -- Using PYTHON_EXECUTABLE: C:/Users/phmar/AppData/Local/Programs/Python/Python36/python.exe
[7.359s] -- Using PYTHON_INCLUDE_DIRS: C:/Users/phmar/AppData/Local/Programs/Python/Python36/include
[7.359s] -- Using PYTHON_LIBRARIES: C:/Users/phmar/AppData/Local/Programs/Python/Python36/libs/python36.lib
[7.406s] -- Found PythonExtra: .pyd  
[8.078s] -- Using numpy include directory: C:\Users\phmar\AppData\Local\Programs\Python\Python36\lib\site-packages\numpy\core\include
[8.109s] -- Found ament_lint_auto: 0.10.6 (C:/dev/ros2_galactic/install/share/ament_lint_auto/cmake)
[8.563s] -- Added test 'copyright' to check source files copyright and LICENSE
[8.625s] -- Added test 'lint_cmake' to check CMake code style
[8.656s] -- Added test 'xmllint' to check XML markup files
[8.766s] -- Configuring done
[9.234s] -- Generating done
[9.250s] -- Build files have been written to: C:/TCC-Autonomous-Ship/src/main_ws/src/build/path_following_interfaces
[9.250s] Invoked command in 'C:\TCC-Autonomous-Ship\src\main_ws\src\build\path_following_interfaces' returned '0': C:\Program Files\CMake\bin\cmake.EXE C:\TCC-Autonomous-Ship\src\main_ws\src\path_following_interfaces -DCMAKE_INSTALL_PREFIX=C:\TCC-Autonomous-Ship\src\main_ws\src\install -G Visual Studio 16 2019
[9.266s] Invoking command in 'C:\TCC-Autonomous-Ship\src\main_ws\src\build\path_following_interfaces': CL=/MP C:\Program Files\CMake\bin\cmake.EXE --build C:\TCC-Autonomous-Ship\src\main_ws\src\build\path_following_interfaces --config Release
[9.375s] Microsoft (R) Build Engine version 16.11.0+0538acc04 for .NET Framework
[9.375s] Copyright (C) Microsoft Corporation. All rights reserved.
[9.375s] 
[9.688s]   Checking Build System
[9.859s]   Generating C++ code for ROS interfaces
[10.750s]   Building Custom Rule C:/TCC-Autonomous-Ship/src/main_ws/src/path_following_interfaces/CMakeLists.txt
[10.875s]   Generating C code for ROS interfaces
[11.734s]   Building Custom Rule C:/TCC-Autonomous-Ship/src/main_ws/src/path_following_interfaces/CMakeLists.txt
[11.891s]   position__functions.c
[11.891s]   velocity__functions.c
[11.891s]   state__functions.c
[11.891s]   positions_xy__functions.c
[11.891s]   waypoints__functions.c
[11.891s]   control__functions.c
[11.891s]   init_values__functions.c
[12.078s]      Creating library C:/TCC-Autonomous-Ship/src/main_ws/src/build/path_following_interfaces/Release/path_following_interfaces__rosidl_generator_c.lib and object C:/TCC-Autonomous-Ship/src/main_ws/src/build/path_following_interfaces/Release/path_following_interfaces__rosidl_generator_c.exp
[12.141s]   path_following_interfaces__rosidl_generator_c.vcxproj -> C:\TCC-Autonomous-Ship\src\main_ws\src\build\path_following_interfaces\Release\path_following_interfaces__rosidl_generator_c.dll
[12.219s]   Generating C type support dispatch for ROS interfaces
[12.813s]   Building Custom Rule C:/TCC-Autonomous-Ship/src/main_ws/src/path_following_interfaces/CMakeLists.txt
[12.938s]   position__type_support.cpp
[12.938s]   velocity__type_support.cpp
[12.938s]   state__type_support.cpp
[12.938s]   positions_xy__type_support.cpp
[12.938s]   waypoints__type_support.cpp
[12.938s]   control__type_support.cpp
[12.938s]   init_values__type_support.cpp
[13.078s]      Creating library C:/TCC-Autonomous-Ship/src/main_ws/src/build/path_following_interfaces/Release/path_following_interfaces__rosidl_typesupport_c.lib and object C:/TCC-Autonomous-Ship/src/main_ws/src/build/path_following_interfaces/Release/path_following_interfaces__rosidl_typesupport_c.exp
[13.156s]   path_following_interfaces__rosidl_typesupport_c.vcxproj -> C:\TCC-Autonomous-Ship\src\main_ws\src\build\path_following_interfaces\Release\path_following_interfaces__rosidl_typesupport_c.dll
[13.219s]   Generating C++ type support dispatch for ROS interfaces
[13.859s]   Building Custom Rule C:/TCC-Autonomous-Ship/src/main_ws/src/path_following_interfaces/CMakeLists.txt
[13.953s]   position__type_support.cpp
[13.953s]   velocity__type_support.cpp
[13.953s]   state__type_support.cpp
[13.969s]   positions_xy__type_support.cpp
[13.969s]   waypoints__type_support.cpp
[13.969s]   control__type_support.cpp
[13.969s]   init_values__type_support.cpp
[14.344s]      Creating library C:/TCC-Autonomous-Ship/src/main_ws/src/build/path_following_interfaces/Release/path_following_interfaces__rosidl_typesupport_cpp.lib and object C:/TCC-Autonomous-Ship/src/main_ws/src/build/path_following_interfaces/Release/path_following_interfaces__rosidl_typesupport_cpp.exp
[14.391s]   path_following_interfaces__rosidl_typesupport_cpp.vcxproj -> C:\TCC-Autonomous-Ship\src\main_ws\src\build\path_following_interfaces\Release\path_following_interfaces__rosidl_typesupport_cpp.dll
[14.484s]   Generating C++ type support for eProsima Fast-RTPS
[15.266s]   Building Custom Rule C:/TCC-Autonomous-Ship/src/main_ws/src/path_following_interfaces/CMakeLists.txt
[15.375s]   position__type_support.cpp
[15.375s]   velocity__type_support.cpp
[15.375s]   state__type_support.cpp
[15.375s]   positions_xy__type_support.cpp
[15.375s]   waypoints__type_support.cpp
[15.375s]   control__type_support.cpp
[15.375s]   init_values__type_support.cpp
[16.000s]      Creating library C:/TCC-Autonomous-Ship/src/main_ws/src/build/path_following_interfaces/Release/path_following_interfaces__rosidl_typesupport_fastrtps_cpp.lib and object C:/TCC-Autonomous-Ship/src/main_ws/src/build/path_following_interfaces/Release/path_following_interfaces__rosidl_typesupport_fastrtps_cpp.exp
[16.063s]   path_following_interfaces__rosidl_typesupport_fastrtps_cpp.vcxproj -> C:\TCC-Autonomous-Ship\src\main_ws\src\build\path_following_interfaces\Release\path_following_interfaces__rosidl_typesupport_fastrtps_cpp.dll
[16.094s]   Generating C type support for eProsima Fast-RTPS
[16.875s]   Building Custom Rule C:/TCC-Autonomous-Ship/src/main_ws/src/path_following_interfaces/CMakeLists.txt
[17.000s]   position__type_support_c.cpp
[17.000s]   velocity__type_support_c.cpp
[17.000s]   state__type_support_c.cpp
[17.000s]   positions_xy__type_support_c.cpp
[17.000s]   waypoints__type_support_c.cpp
[17.000s]   control__type_support_c.cpp
[17.000s]   init_values__type_support_c.cpp
[17.594s]      Creating library C:/TCC-Autonomous-Ship/src/main_ws/src/build/path_following_interfaces/Release/path_following_interfaces__rosidl_typesupport_fastrtps_c.lib and object C:/TCC-Autonomous-Ship/src/main_ws/src/build/path_following_interfaces/Release/path_following_interfaces__rosidl_typesupport_fastrtps_c.exp
[17.656s]   path_following_interfaces__rosidl_typesupport_fastrtps_c.vcxproj -> C:\TCC-Autonomous-Ship\src\main_ws\src\build\path_following_interfaces\Release\path_following_interfaces__rosidl_typesupport_fastrtps_c.dll
[17.719s]   Generating C introspection for ROS interfaces
[18.453s]   Building Custom Rule C:/TCC-Autonomous-Ship/src/main_ws/src/path_following_interfaces/CMakeLists.txt
[18.578s]   position__type_support.c
[18.578s]   velocity__type_support.c
[18.578s]   state__type_support.c
[18.578s]   positions_xy__type_support.c
[18.578s]   waypoints__type_support.c
[18.578s]   control__type_support.c
[18.578s]   init_values__type_support.c
[18.703s]      Creating library C:/TCC-Autonomous-Ship/src/main_ws/src/build/path_following_interfaces/Release/path_following_interfaces__rosidl_typesupport_introspection_c.lib and object C:/TCC-Autonomous-Ship/src/main_ws/src/build/path_following_interfaces/Release/path_following_interfaces__rosidl_typesupport_introspection_c.exp
[18.781s]   path_following_interfaces__rosidl_typesupport_introspection_c.vcxproj -> C:\TCC-Autonomous-Ship\src\main_ws\src\build\path_following_interfaces\Release\path_following_interfaces__rosidl_typesupport_introspection_c.dll
[18.844s]   Generating C++ introspection for ROS interfaces
[19.547s]   Building Custom Rule C:/TCC-Autonomous-Ship/src/main_ws/src/path_following_interfaces/CMakeLists.txt
[19.656s]   position__type_support.cpp
[19.656s]   velocity__type_support.cpp
[19.656s]   state__type_support.cpp
[19.656s]   positions_xy__type_support.cpp
[19.656s]   waypoints__type_support.cpp
[19.656s]   control__type_support.cpp
[19.656s]   init_values__type_support.cpp
[20.125s]      Creating library C:/TCC-Autonomous-Ship/src/main_ws/src/build/path_following_interfaces/Release/path_following_interfaces__rosidl_typesupport_introspection_cpp.lib and object C:/TCC-Autonomous-Ship/src/main_ws/src/build/path_following_interfaces/Release/path_following_interfaces__rosidl_typesupport_introspection_cpp.exp
[20.172s]   path_following_interfaces__rosidl_typesupport_introspection_cpp.vcxproj -> C:\TCC-Autonomous-Ship\src\main_ws\src\build\path_following_interfaces\Release\path_following_interfaces__rosidl_typesupport_introspection_cpp.dll
[20.203s]   Building Custom Rule C:/TCC-Autonomous-Ship/src/main_ws/src/path_following_interfaces/CMakeLists.txt
[20.344s]   Generating Python code for ROS interfaces
[21.891s]   Building Custom Rule C:/TCC-Autonomous-Ship/src/main_ws/src/build/path_following_interfaces/path_following_interfaces__py/CMakeLists.txt
[21.953s]   Building Custom Rule C:/TCC-Autonomous-Ship/src/main_ws/src/path_following_interfaces/CMakeLists.txt
[22.063s]   _position_s.c
[22.078s]   _velocity_s.c
[22.078s]   _state_s.c
[22.078s]   _positions_xy_s.c
[22.078s]   _waypoints_s.c
[22.078s]   _control_s.c
[22.078s]   _init_values_s.c
[22.344s]      Creating library C:/TCC-Autonomous-Ship/src/main_ws/src/build/path_following_interfaces/Release/path_following_interfaces__python.lib and object C:/TCC-Autonomous-Ship/src/main_ws/src/build/path_following_interfaces/Release/path_following_interfaces__python.exp
[22.406s]   path_following_interfaces__python.vcxproj -> C:\TCC-Autonomous-Ship\src\main_ws\src\build\path_following_interfaces\rosidl_generator_py\path_following_interfaces\path_following_interfaces__python.dll
[22.484s]   Building Custom Rule C:/TCC-Autonomous-Ship/src/main_ws/src/path_following_interfaces/CMakeLists.txt
[22.563s]   _path_following_interfaces_s.ep.rosidl_typesupport_c.c
[22.734s]      Creating library C:/TCC-Autonomous-Ship/src/main_ws/src/build/path_following_interfaces/Release/path_following_interfaces_s__rosidl_typesupport_c.lib and object C:/TCC-Autonomous-Ship/src/main_ws/src/build/path_following_interfaces/Release/path_following_interfaces_s__rosidl_typesupport_c.exp
[22.797s]   path_following_interfaces__rosidl_typesupport_c__pyext.vcxproj -> C:\TCC-Autonomous-Ship\src\main_ws\src\build\path_following_interfaces\rosidl_generator_py\path_following_interfaces\path_following_interfaces_s__rosidl_typesupport_c.pyd
[22.859s]   Building Custom Rule C:/TCC-Autonomous-Ship/src/main_ws/src/path_following_interfaces/CMakeLists.txt
[22.969s]   _path_following_interfaces_s.ep.rosidl_typesupport_fastrtps_c.c
[23.125s]      Creating library C:/TCC-Autonomous-Ship/src/main_ws/src/build/path_following_interfaces/Release/path_following_interfaces_s__rosidl_typesupport_fastrtps_c.lib and object C:/TCC-Autonomous-Ship/src/main_ws/src/build/path_following_interfaces/Release/path_following_interfaces_s__rosidl_typesupport_fastrtps_c.exp
[23.188s]   path_following_interfaces__rosidl_typesupport_fastrtps_c__pyext.vcxproj -> C:\TCC-Autonomous-Ship\src\main_ws\src\build\path_following_interfaces\rosidl_generator_py\path_following_interfaces\path_following_interfaces_s__rosidl_typesupport_fastrtps_c.pyd
[23.234s]   Building Custom Rule C:/TCC-Autonomous-Ship/src/main_ws/src/path_following_interfaces/CMakeLists.txt
[23.328s]   _path_following_interfaces_s.ep.rosidl_typesupport_introspection_c.c
[23.484s]      Creating library C:/TCC-Autonomous-Ship/src/main_ws/src/build/path_following_interfaces/Release/path_following_interfaces_s__rosidl_typesupport_introspection_c.lib and object C:/TCC-Autonomous-Ship/src/main_ws/src/build/path_following_interfaces/Release/path_following_interfaces_s__rosidl_typesupport_introspection_c.exp
[23.547s]   path_following_interfaces__rosidl_typesupport_introspection_c__pyext.vcxproj -> C:\TCC-Autonomous-Ship\src\main_ws\src\build\path_following_interfaces\rosidl_generator_py\path_following_interfaces\path_following_interfaces_s__rosidl_typesupport_introspection_c.pyd
[23.578s]   Building Custom Rule C:/TCC-Autonomous-Ship/src/main_ws/src/path_following_interfaces/CMakeLists.txt
[23.641s] Invoked command in 'C:\TCC-Autonomous-Ship\src\main_ws\src\build\path_following_interfaces' returned '0': CL=/MP C:\Program Files\CMake\bin\cmake.EXE --build C:\TCC-Autonomous-Ship\src\main_ws\src\build\path_following_interfaces --config Release
[23.672s] Invoking command in 'C:\TCC-Autonomous-Ship\src\main_ws\src\build\path_following_interfaces': C:\Program Files\CMake\bin\cmake.EXE --install C:\TCC-Autonomous-Ship\src\main_ws\src\build\path_following_interfaces --config Release
[23.688s] -- Installing: C:/TCC-Autonomous-Ship/src/main_ws/src/install/share/ament_index/resource_index/rosidl_interfaces/path_following_interfaces
[23.688s] -- Installing: C:/TCC-Autonomous-Ship/src/main_ws/src/install/include/path_following_interfaces
[23.688s] -- Installing: C:/TCC-Autonomous-Ship/src/main_ws/src/install/include/path_following_interfaces/msg
[23.688s] -- Installing: C:/TCC-Autonomous-Ship/src/main_ws/src/install/include/path_following_interfaces/msg/control.h
[23.703s] -- Installing: C:/TCC-Autonomous-Ship/src/main_ws/src/install/include/path_following_interfaces/msg/detail
[23.703s] -- Installing: C:/TCC-Autonomous-Ship/src/main_ws/src/install/include/path_following_interfaces/msg/detail/control__functions.c
[23.703s] -- Installing: C:/TCC-Autonomous-Ship/src/main_ws/src/install/include/path_following_interfaces/msg/detail/control__functions.h
[23.703s] -- Installing: C:/TCC-Autonomous-Ship/src/main_ws/src/install/include/path_following_interfaces/msg/detail/control__struct.h
[23.719s] -- Installing: C:/TCC-Autonomous-Ship/src/main_ws/src/install/include/path_following_interfaces/msg/detail/control__type_support.h
[23.719s] -- Installing: C:/TCC-Autonomous-Ship/src/main_ws/src/install/include/path_following_interfaces/msg/detail/positions_xy__functions.c
[23.719s] -- Installing: C:/TCC-Autonomous-Ship/src/main_ws/src/install/include/path_following_interfaces/msg/detail/positions_xy__functions.h
[23.734s] -- Installing: C:/TCC-Autonomous-Ship/src/main_ws/src/install/include/path_following_interfaces/msg/detail/positions_xy__struct.h
[23.750s] -- Installing: C:/TCC-Autonomous-Ship/src/main_ws/src/install/include/path_following_interfaces/msg/detail/positions_xy__type_support.h
[23.750s] -- Installing: C:/TCC-Autonomous-Ship/src/main_ws/src/install/include/path_following_interfaces/msg/detail/position__functions.c
[23.766s] -- Installing: C:/TCC-Autonomous-Ship/src/main_ws/src/install/include/path_following_interfaces/msg/detail/position__functions.h
[23.766s] -- Installing: C:/TCC-Autonomous-Ship/src/main_ws/src/install/include/path_following_interfaces/msg/detail/position__struct.h
[23.781s] -- Installing: C:/TCC-Autonomous-Ship/src/main_ws/src/install/include/path_following_interfaces/msg/detail/position__type_support.h
[23.797s] -- Installing: C:/TCC-Autonomous-Ship/src/main_ws/src/install/include/path_following_interfaces/msg/detail/state__functions.c
[23.797s] -- Installing: C:/TCC-Autonomous-Ship/src/main_ws/src/install/include/path_following_interfaces/msg/detail/state__functions.h
[23.813s] -- Installing: C:/TCC-Autonomous-Ship/src/main_ws/src/install/include/path_following_interfaces/msg/detail/state__struct.h
[23.828s] -- Installing: C:/TCC-Autonomous-Ship/src/main_ws/src/install/include/path_following_interfaces/msg/detail/state__type_support.h
[23.828s] -- Installing: C:/TCC-Autonomous-Ship/src/main_ws/src/install/include/path_following_interfaces/msg/detail/velocity__functions.c
[23.828s] -- Installing: C:/TCC-Autonomous-Ship/src/main_ws/src/install/include/path_following_interfaces/msg/detail/velocity__functions.h
[23.844s] -- Installing: C:/TCC-Autonomous-Ship/src/main_ws/src/install/include/path_following_interfaces/msg/detail/velocity__struct.h
[23.844s] -- Installing: C:/TCC-Autonomous-Ship/src/main_ws/src/install/include/path_following_interfaces/msg/detail/velocity__type_support.h
[23.859s] -- Installing: C:/TCC-Autonomous-Ship/src/main_ws/src/install/include/path_following_interfaces/msg/detail/waypoints__functions.c
[23.875s] -- Installing: C:/TCC-Autonomous-Ship/src/main_ws/src/install/include/path_following_interfaces/msg/detail/waypoints__functions.h
[23.875s] -- Installing: C:/TCC-Autonomous-Ship/src/main_ws/src/install/include/path_following_interfaces/msg/detail/waypoints__struct.h
[23.875s] -- Installing: C:/TCC-Autonomous-Ship/src/main_ws/src/install/include/path_following_interfaces/msg/detail/waypoints__type_support.h
[23.875s] -- Installing: C:/TCC-Autonomous-Ship/src/main_ws/src/install/include/path_following_interfaces/msg/position.h
[23.875s] -- Installing: C:/TCC-Autonomous-Ship/src/main_ws/src/install/include/path_following_interfaces/msg/positions_xy.h
[23.875s] -- Installing: C:/TCC-Autonomous-Ship/src/main_ws/src/install/include/path_following_interfaces/msg/rosidl_generator_c__visibility_control.h
[23.891s] -- Installing: C:/TCC-Autonomous-Ship/src/main_ws/src/install/include/path_following_interfaces/msg/state.h
[23.891s] -- Installing: C:/TCC-Autonomous-Ship/src/main_ws/src/install/include/path_following_interfaces/msg/velocity.h
[23.891s] -- Installing: C:/TCC-Autonomous-Ship/src/main_ws/src/install/include/path_following_interfaces/msg/waypoints.h
[23.891s] -- Installing: C:/TCC-Autonomous-Ship/src/main_ws/src/install/include/path_following_interfaces/srv
[23.891s] -- Installing: C:/TCC-Autonomous-Ship/src/main_ws/src/install/include/path_following_interfaces/srv/detail
[23.906s] -- Installing: C:/TCC-Autonomous-Ship/src/main_ws/src/install/include/path_following_interfaces/srv/detail/init_values__functions.c
[23.906s] -- Installing: C:/TCC-Autonomous-Ship/src/main_ws/src/install/include/path_following_interfaces/srv/detail/init_values__functions.h
[23.906s] -- Installing: C:/TCC-Autonomous-Ship/src/main_ws/src/install/include/path_following_interfaces/srv/detail/init_values__struct.h
[23.906s] -- Installing: C:/TCC-Autonomous-Ship/src/main_ws/src/install/include/path_following_interfaces/srv/detail/init_values__type_support.h
[23.922s] -- Installing: C:/TCC-Autonomous-Ship/src/main_ws/src/install/include/path_following_interfaces/srv/init_values.h
[23.922s] -- Installing: C:/TCC-Autonomous-Ship/src/main_ws/src/install/lib/path_following_interfaces__rosidl_generator_c.lib
[23.938s] -- Installing: C:/TCC-Autonomous-Ship/src/main_ws/src/install/bin/path_following_interfaces__rosidl_generator_c.dll
[23.938s] -- Up-to-date: C:/TCC-Autonomous-Ship/src/main_ws/src/install/include/path_following_interfaces
[23.938s] -- Up-to-date: C:/TCC-Autonomous-Ship/src/main_ws/src/install/include/path_following_interfaces/msg
[23.938s] -- Up-to-date: C:/TCC-Autonomous-Ship/src/main_ws/src/install/include/path_following_interfaces/msg/detail
[23.938s] -- Installing: C:/TCC-Autonomous-Ship/src/main_ws/src/install/include/path_following_interfaces/msg/detail/control__rosidl_typesupport_fastrtps_c.h
[23.938s] -- Installing: C:/TCC-Autonomous-Ship/src/main_ws/src/install/include/path_following_interfaces/msg/detail/positions_xy__rosidl_typesupport_fastrtps_c.h
[23.953s] -- Installing: C:/TCC-Autonomous-Ship/src/main_ws/src/install/include/path_following_interfaces/msg/detail/position__rosidl_typesupport_fastrtps_c.h
[23.953s] -- Installing: C:/TCC-Autonomous-Ship/src/main_ws/src/install/include/path_following_interfaces/msg/detail/state__rosidl_typesupport_fastrtps_c.h
[23.953s] -- Installing: C:/TCC-Autonomous-Ship/src/main_ws/src/install/include/path_following_interfaces/msg/detail/velocity__rosidl_typesupport_fastrtps_c.h
[23.953s] -- Installing: C:/TCC-Autonomous-Ship/src/main_ws/src/install/include/path_following_interfaces/msg/detail/waypoints__rosidl_typesupport_fastrtps_c.h
[23.969s] -- Installing: C:/TCC-Autonomous-Ship/src/main_ws/src/install/include/path_following_interfaces/msg/rosidl_typesupport_fastrtps_c__visibility_control.h
[23.969s] -- Up-to-date: C:/TCC-Autonomous-Ship/src/main_ws/src/install/include/path_following_interfaces/srv
[23.969s] -- Up-to-date: C:/TCC-Autonomous-Ship/src/main_ws/src/install/include/path_following_interfaces/srv/detail
[23.969s] -- Installing: C:/TCC-Autonomous-Ship/src/main_ws/src/install/include/path_following_interfaces/srv/detail/init_values__rosidl_typesupport_fastrtps_c.h
[23.969s] -- Installing: C:/TCC-Autonomous-Ship/src/main_ws/src/install/lib/path_following_interfaces__rosidl_typesupport_fastrtps_c.lib
[23.984s] -- Installing: C:/TCC-Autonomous-Ship/src/main_ws/src/install/bin/path_following_interfaces__rosidl_typesupport_fastrtps_c.dll
[23.984s] -- Up-to-date: C:/TCC-Autonomous-Ship/src/main_ws/src/install/include/path_following_interfaces
[23.984s] -- Up-to-date: C:/TCC-Autonomous-Ship/src/main_ws/src/install/include/path_following_interfaces/msg
[23.984s] -- Up-to-date: C:/TCC-Autonomous-Ship/src/main_ws/src/install/include/path_following_interfaces/msg/detail
[23.984s] -- Installing: C:/TCC-Autonomous-Ship/src/main_ws/src/install/include/path_following_interfaces/msg/detail/control__rosidl_typesupport_fastrtps_cpp.hpp
[23.984s] -- Installing: C:/TCC-Autonomous-Ship/src/main_ws/src/install/include/path_following_interfaces/msg/detail/dds_fastrtps
[23.984s] -- Installing: C:/TCC-Autonomous-Ship/src/main_ws/src/install/include/path_following_interfaces/msg/detail/positions_xy__rosidl_typesupport_fastrtps_cpp.hpp
[24.000s] -- Installing: C:/TCC-Autonomous-Ship/src/main_ws/src/install/include/path_following_interfaces/msg/detail/position__rosidl_typesupport_fastrtps_cpp.hpp
[24.000s] -- Installing: C:/TCC-Autonomous-Ship/src/main_ws/src/install/include/path_following_interfaces/msg/detail/state__rosidl_typesupport_fastrtps_cpp.hpp
[24.000s] -- Installing: C:/TCC-Autonomous-Ship/src/main_ws/src/install/include/path_following_interfaces/msg/detail/velocity__rosidl_typesupport_fastrtps_cpp.hpp
[24.000s] -- Installing: C:/TCC-Autonomous-Ship/src/main_ws/src/install/include/path_following_interfaces/msg/detail/waypoints__rosidl_typesupport_fastrtps_cpp.hpp
[24.000s] -- Installing: C:/TCC-Autonomous-Ship/src/main_ws/src/install/include/path_following_interfaces/msg/rosidl_typesupport_fastrtps_cpp__visibility_control.h
[24.000s] -- Up-to-date: C:/TCC-Autonomous-Ship/src/main_ws/src/install/include/path_following_interfaces/srv
[24.000s] -- Up-to-date: C:/TCC-Autonomous-Ship/src/main_ws/src/install/include/path_following_interfaces/srv/detail
[24.000s] -- Installing: C:/TCC-Autonomous-Ship/src/main_ws/src/install/include/path_following_interfaces/srv/detail/dds_fastrtps
[24.016s] -- Installing: C:/TCC-Autonomous-Ship/src/main_ws/src/install/include/path_following_interfaces/srv/detail/init_values__rosidl_typesupport_fastrtps_cpp.hpp
[24.016s] -- Installing: C:/TCC-Autonomous-Ship/src/main_ws/src/install/lib/path_following_interfaces__rosidl_typesupport_fastrtps_cpp.lib
[24.031s] -- Installing: C:/TCC-Autonomous-Ship/src/main_ws/src/install/bin/path_following_interfaces__rosidl_typesupport_fastrtps_cpp.dll
[24.031s] -- Up-to-date: C:/TCC-Autonomous-Ship/src/main_ws/src/install/include/path_following_interfaces
[24.031s] -- Up-to-date: C:/TCC-Autonomous-Ship/src/main_ws/src/install/include/path_following_interfaces/msg
[24.031s] -- Up-to-date: C:/TCC-Autonomous-Ship/src/main_ws/src/install/include/path_following_interfaces/msg/detail
[24.031s] -- Installing: C:/TCC-Autonomous-Ship/src/main_ws/src/install/include/path_following_interfaces/msg/detail/control__rosidl_typesupport_introspection_c.h
[24.031s] -- Installing: C:/TCC-Autonomous-Ship/src/main_ws/src/install/include/path_following_interfaces/msg/detail/control__type_support.c
[24.031s] -- Installing: C:/TCC-Autonomous-Ship/src/main_ws/src/install/include/path_following_interfaces/msg/detail/positions_xy__rosidl_typesupport_introspection_c.h
[24.047s] -- Installing: C:/TCC-Autonomous-Ship/src/main_ws/src/install/include/path_following_interfaces/msg/detail/positions_xy__type_support.c
[24.047s] -- Installing: C:/TCC-Autonomous-Ship/src/main_ws/src/install/include/path_following_interfaces/msg/detail/position__rosidl_typesupport_introspection_c.h
[24.047s] -- Installing: C:/TCC-Autonomous-Ship/src/main_ws/src/install/include/path_following_interfaces/msg/detail/position__type_support.c
[24.063s] -- Installing: C:/TCC-Autonomous-Ship/src/main_ws/src/install/include/path_following_interfaces/msg/detail/state__rosidl_typesupport_introspection_c.h
[24.063s] -- Installing: C:/TCC-Autonomous-Ship/src/main_ws/src/install/include/path_following_interfaces/msg/detail/state__type_support.c
[24.063s] -- Installing: C:/TCC-Autonomous-Ship/src/main_ws/src/install/include/path_following_interfaces/msg/detail/velocity__rosidl_typesupport_introspection_c.h
[24.063s] -- Installing: C:/TCC-Autonomous-Ship/src/main_ws/src/install/include/path_following_interfaces/msg/detail/velocity__type_support.c
[24.078s] -- Installing: C:/TCC-Autonomous-Ship/src/main_ws/src/install/include/path_following_interfaces/msg/detail/waypoints__rosidl_typesupport_introspection_c.h
[24.078s] -- Installing: C:/TCC-Autonomous-Ship/src/main_ws/src/install/include/path_following_interfaces/msg/detail/waypoints__type_support.c
[24.078s] -- Installing: C:/TCC-Autonomous-Ship/src/main_ws/src/install/include/path_following_interfaces/msg/rosidl_typesupport_introspection_c__visibility_control.h
[24.078s] -- Up-to-date: C:/TCC-Autonomous-Ship/src/main_ws/src/install/include/path_following_interfaces/srv
[24.078s] -- Up-to-date: C:/TCC-Autonomous-Ship/src/main_ws/src/install/include/path_following_interfaces/srv/detail
[24.078s] -- Installing: C:/TCC-Autonomous-Ship/src/main_ws/src/install/include/path_following_interfaces/srv/detail/init_values__rosidl_typesupport_introspection_c.h
[24.094s] -- Installing: C:/TCC-Autonomous-Ship/src/main_ws/src/install/include/path_following_interfaces/srv/detail/init_values__type_support.c
[24.094s] -- Installing: C:/TCC-Autonomous-Ship/src/main_ws/src/install/lib/path_following_interfaces__rosidl_typesupport_introspection_c.lib
[24.109s] -- Installing: C:/TCC-Autonomous-Ship/src/main_ws/src/install/bin/path_following_interfaces__rosidl_typesupport_introspection_c.dll
[24.125s] -- Installing: C:/TCC-Autonomous-Ship/src/main_ws/src/install/lib/path_following_interfaces__rosidl_typesupport_c.lib
[24.125s] -- Installing: C:/TCC-Autonomous-Ship/src/main_ws/src/install/bin/path_following_interfaces__rosidl_typesupport_c.dll
[24.125s] -- Up-to-date: C:/TCC-Autonomous-Ship/src/main_ws/src/install/include/path_following_interfaces
[24.125s] -- Up-to-date: C:/TCC-Autonomous-Ship/src/main_ws/src/install/include/path_following_interfaces/msg
[24.125s] -- Installing: C:/TCC-Autonomous-Ship/src/main_ws/src/install/include/path_following_interfaces/msg/control.hpp
[24.125s] -- Up-to-date: C:/TCC-Autonomous-Ship/src/main_ws/src/install/include/path_following_interfaces/msg/detail
[24.141s] -- Installing: C:/TCC-Autonomous-Ship/src/main_ws/src/install/include/path_following_interfaces/msg/detail/control__builder.hpp
[24.141s] -- Installing: C:/TCC-Autonomous-Ship/src/main_ws/src/install/include/path_following_interfaces/msg/detail/control__struct.hpp
[24.141s] -- Installing: C:/TCC-Autonomous-Ship/src/main_ws/src/install/include/path_following_interfaces/msg/detail/control__traits.hpp
[24.156s] -- Installing: C:/TCC-Autonomous-Ship/src/main_ws/src/install/include/path_following_interfaces/msg/detail/positions_xy__builder.hpp
[24.156s] -- Installing: C:/TCC-Autonomous-Ship/src/main_ws/src/install/include/path_following_interfaces/msg/detail/positions_xy__struct.hpp
[24.156s] -- Installing: C:/TCC-Autonomous-Ship/src/main_ws/src/install/include/path_following_interfaces/msg/detail/positions_xy__traits.hpp
[24.156s] -- Installing: C:/TCC-Autonomous-Ship/src/main_ws/src/install/include/path_following_interfaces/msg/detail/position__builder.hpp
[24.172s] -- Installing: C:/TCC-Autonomous-Ship/src/main_ws/src/install/include/path_following_interfaces/msg/detail/position__struct.hpp
[24.172s] -- Installing: C:/TCC-Autonomous-Ship/src/main_ws/src/install/include/path_following_interfaces/msg/detail/position__traits.hpp
[24.172s] -- Installing: C:/TCC-Autonomous-Ship/src/main_ws/src/install/include/path_following_interfaces/msg/detail/state__builder.hpp
[24.188s] -- Installing: C:/TCC-Autonomous-Ship/src/main_ws/src/install/include/path_following_interfaces/msg/detail/state__struct.hpp
[24.188s] -- Installing: C:/TCC-Autonomous-Ship/src/main_ws/src/install/include/path_following_interfaces/msg/detail/state__traits.hpp
[24.188s] -- Installing: C:/TCC-Autonomous-Ship/src/main_ws/src/install/include/path_following_interfaces/msg/detail/velocity__builder.hpp
[24.188s] -- Installing: C:/TCC-Autonomous-Ship/src/main_ws/src/install/include/path_following_interfaces/msg/detail/velocity__struct.hpp
[24.203s] -- Installing: C:/TCC-Autonomous-Ship/src/main_ws/src/install/include/path_following_interfaces/msg/detail/velocity__traits.hpp
[24.203s] -- Installing: C:/TCC-Autonomous-Ship/src/main_ws/src/install/include/path_following_interfaces/msg/detail/waypoints__builder.hpp
[24.203s] -- Installing: C:/TCC-Autonomous-Ship/src/main_ws/src/install/include/path_following_interfaces/msg/detail/waypoints__struct.hpp
[24.219s] -- Installing: C:/TCC-Autonomous-Ship/src/main_ws/src/install/include/path_following_interfaces/msg/detail/waypoints__traits.hpp
[24.219s] -- Installing: C:/TCC-Autonomous-Ship/src/main_ws/src/install/include/path_following_interfaces/msg/position.hpp
[24.219s] -- Installing: C:/TCC-Autonomous-Ship/src/main_ws/src/install/include/path_following_interfaces/msg/positions_xy.hpp
[24.219s] -- Installing: C:/TCC-Autonomous-Ship/src/main_ws/src/install/include/path_following_interfaces/msg/state.hpp
[24.234s] -- Installing: C:/TCC-Autonomous-Ship/src/main_ws/src/install/include/path_following_interfaces/msg/velocity.hpp
[24.234s] -- Installing: C:/TCC-Autonomous-Ship/src/main_ws/src/install/include/path_following_interfaces/msg/waypoints.hpp
[24.234s] -- Up-to-date: C:/TCC-Autonomous-Ship/src/main_ws/src/install/include/path_following_interfaces/srv
[24.234s] -- Up-to-date: C:/TCC-Autonomous-Ship/src/main_ws/src/install/include/path_following_interfaces/srv/detail
[24.234s] -- Installing: C:/TCC-Autonomous-Ship/src/main_ws/src/install/include/path_following_interfaces/srv/detail/init_values__builder.hpp
[24.250s] -- Installing: C:/TCC-Autonomous-Ship/src/main_ws/src/install/include/path_following_interfaces/srv/detail/init_values__struct.hpp
[24.250s] -- Installing: C:/TCC-Autonomous-Ship/src/main_ws/src/install/include/path_following_interfaces/srv/detail/init_values__traits.hpp
[24.250s] -- Installing: C:/TCC-Autonomous-Ship/src/main_ws/src/install/include/path_following_interfaces/srv/init_values.hpp
[24.250s] -- Up-to-date: C:/TCC-Autonomous-Ship/src/main_ws/src/install/include/path_following_interfaces
[24.250s] -- Up-to-date: C:/TCC-Autonomous-Ship/src/main_ws/src/install/include/path_following_interfaces/msg
[24.250s] -- Up-to-date: C:/TCC-Autonomous-Ship/src/main_ws/src/install/include/path_following_interfaces/msg/detail
[24.250s] -- Installing: C:/TCC-Autonomous-Ship/src/main_ws/src/install/include/path_following_interfaces/msg/detail/control__rosidl_typesupport_introspection_cpp.hpp
[24.266s] -- Installing: C:/TCC-Autonomous-Ship/src/main_ws/src/install/include/path_following_interfaces/msg/detail/control__type_support.cpp
[24.266s] -- Installing: C:/TCC-Autonomous-Ship/src/main_ws/src/install/include/path_following_interfaces/msg/detail/positions_xy__rosidl_typesupport_introspection_cpp.hpp
[24.266s] -- Installing: C:/TCC-Autonomous-Ship/src/main_ws/src/install/include/path_following_interfaces/msg/detail/positions_xy__type_support.cpp
[24.281s] -- Installing: C:/TCC-Autonomous-Ship/src/main_ws/src/install/include/path_following_interfaces/msg/detail/position__rosidl_typesupport_introspection_cpp.hpp
[24.281s] -- Installing: C:/TCC-Autonomous-Ship/src/main_ws/src/install/include/path_following_interfaces/msg/detail/position__type_support.cpp
[24.281s] -- Installing: C:/TCC-Autonomous-Ship/src/main_ws/src/install/include/path_following_interfaces/msg/detail/state__rosidl_typesupport_introspection_cpp.hpp
[24.297s] -- Installing: C:/TCC-Autonomous-Ship/src/main_ws/src/install/include/path_following_interfaces/msg/detail/state__type_support.cpp
[24.297s] -- Installing: C:/TCC-Autonomous-Ship/src/main_ws/src/install/include/path_following_interfaces/msg/detail/velocity__rosidl_typesupport_introspection_cpp.hpp
[24.297s] -- Installing: C:/TCC-Autonomous-Ship/src/main_ws/src/install/include/path_following_interfaces/msg/detail/velocity__type_support.cpp
[24.313s] -- Installing: C:/TCC-Autonomous-Ship/src/main_ws/src/install/include/path_following_interfaces/msg/detail/waypoints__rosidl_typesupport_introspection_cpp.hpp
[24.313s] -- Installing: C:/TCC-Autonomous-Ship/src/main_ws/src/install/include/path_following_interfaces/msg/detail/waypoints__type_support.cpp
[24.313s] -- Up-to-date: C:/TCC-Autonomous-Ship/src/main_ws/src/install/include/path_following_interfaces/srv
[24.313s] -- Up-to-date: C:/TCC-Autonomous-Ship/src/main_ws/src/install/include/path_following_interfaces/srv/detail
[24.313s] -- Installing: C:/TCC-Autonomous-Ship/src/main_ws/src/install/include/path_following_interfaces/srv/detail/init_values__rosidl_typesupport_introspection_cpp.hpp
[24.328s] -- Installing: C:/TCC-Autonomous-Ship/src/main_ws/src/install/include/path_following_interfaces/srv/detail/init_values__type_support.cpp
[24.328s] -- Installing: C:/TCC-Autonomous-Ship/src/main_ws/src/install/lib/path_following_interfaces__rosidl_typesupport_introspection_cpp.lib
[24.328s] -- Installing: C:/TCC-Autonomous-Ship/src/main_ws/src/install/bin/path_following_interfaces__rosidl_typesupport_introspection_cpp.dll
[24.344s] -- Installing: C:/TCC-Autonomous-Ship/src/main_ws/src/install/lib/path_following_interfaces__rosidl_typesupport_cpp.lib
[24.344s] -- Installing: C:/TCC-Autonomous-Ship/src/main_ws/src/install/bin/path_following_interfaces__rosidl_typesupport_cpp.dll
[24.359s] -- Installing: C:/TCC-Autonomous-Ship/src/main_ws/src/install/share/path_following_interfaces/environment/pythonpath.bat
[24.359s] -- Installing: C:/TCC-Autonomous-Ship/src/main_ws/src/install/share/path_following_interfaces/environment/pythonpath.dsv
[24.359s] -- Installing: C:/TCC-Autonomous-Ship/src/main_ws/src/install/Lib/site-packages/path_following_interfaces/__init__.py
[24.422s] Compiling 'C:/TCC-Autonomous-Ship/src/main_ws/src/install/Lib/site-packages/path_following_interfaces/__init__.py'...
[24.438s] -- Installing: C:/TCC-Autonomous-Ship/src/main_ws/src/install/Lib/site-packages/path_following_interfaces/msg
[24.438s] -- Installing: C:/TCC-Autonomous-Ship/src/main_ws/src/install/Lib/site-packages/path_following_interfaces/msg/_control.py
[24.453s] -- Installing: C:/TCC-Autonomous-Ship/src/main_ws/src/install/Lib/site-packages/path_following_interfaces/msg/_control_s.c
[24.453s] -- Installing: C:/TCC-Autonomous-Ship/src/main_ws/src/install/Lib/site-packages/path_following_interfaces/msg/_position.py
[24.469s] -- Installing: C:/TCC-Autonomous-Ship/src/main_ws/src/install/Lib/site-packages/path_following_interfaces/msg/_positions_xy.py
[24.484s] -- Installing: C:/TCC-Autonomous-Ship/src/main_ws/src/install/Lib/site-packages/path_following_interfaces/msg/_positions_xy_s.c
[24.484s] -- Installing: C:/TCC-Autonomous-Ship/src/main_ws/src/install/Lib/site-packages/path_following_interfaces/msg/_position_s.c
[24.500s] -- Installing: C:/TCC-Autonomous-Ship/src/main_ws/src/install/Lib/site-packages/path_following_interfaces/msg/_state.py
[24.500s] -- Installing: C:/TCC-Autonomous-Ship/src/main_ws/src/install/Lib/site-packages/path_following_interfaces/msg/_state_s.c
[24.500s] -- Installing: C:/TCC-Autonomous-Ship/src/main_ws/src/install/Lib/site-packages/path_following_interfaces/msg/_velocity.py
[24.516s] -- Installing: C:/TCC-Autonomous-Ship/src/main_ws/src/install/Lib/site-packages/path_following_interfaces/msg/_velocity_s.c
[24.516s] -- Installing: C:/TCC-Autonomous-Ship/src/main_ws/src/install/Lib/site-packages/path_following_interfaces/msg/_waypoints.py
[24.516s] -- Installing: C:/TCC-Autonomous-Ship/src/main_ws/src/install/Lib/site-packages/path_following_interfaces/msg/_waypoints_s.c
[24.516s] -- Installing: C:/TCC-Autonomous-Ship/src/main_ws/src/install/Lib/site-packages/path_following_interfaces/msg/__init__.py
[24.516s] -- Installing: C:/TCC-Autonomous-Ship/src/main_ws/src/install/Lib/site-packages/path_following_interfaces/srv
[24.547s] -- Installing: C:/TCC-Autonomous-Ship/src/main_ws/src/install/Lib/site-packages/path_following_interfaces/srv/_init_values.py
[24.547s] -- Installing: C:/TCC-Autonomous-Ship/src/main_ws/src/install/Lib/site-packages/path_following_interfaces/srv/_init_values_s.c
[24.547s] -- Installing: C:/TCC-Autonomous-Ship/src/main_ws/src/install/Lib/site-packages/path_following_interfaces/srv/__init__.py
[24.547s] -- Installing: C:/TCC-Autonomous-Ship/src/main_ws/src/install/Lib/site-packages/path_following_interfaces/path_following_interfaces_s__rosidl_typesupport_fastrtps_c.lib
[24.547s] -- Installing: C:/TCC-Autonomous-Ship/src/main_ws/src/install/Lib/site-packages/path_following_interfaces/path_following_interfaces_s__rosidl_typesupport_fastrtps_c.pyd
[24.563s] -- Installing: C:/TCC-Autonomous-Ship/src/main_ws/src/install/Lib/site-packages/path_following_interfaces/path_following_interfaces_s__rosidl_typesupport_introspection_c.lib
[24.563s] -- Installing: C:/TCC-Autonomous-Ship/src/main_ws/src/install/Lib/site-packages/path_following_interfaces/path_following_interfaces_s__rosidl_typesupport_introspection_c.pyd
[24.578s] -- Installing: C:/TCC-Autonomous-Ship/src/main_ws/src/install/Lib/site-packages/path_following_interfaces/path_following_interfaces_s__rosidl_typesupport_c.lib
[24.578s] -- Installing: C:/TCC-Autonomous-Ship/src/main_ws/src/install/Lib/site-packages/path_following_interfaces/path_following_interfaces_s__rosidl_typesupport_c.pyd
[24.594s] -- Installing: C:/TCC-Autonomous-Ship/src/main_ws/src/install/lib/path_following_interfaces__python.lib
[24.594s] -- Installing: C:/TCC-Autonomous-Ship/src/main_ws/src/install/bin/path_following_interfaces__python.dll
[24.594s] -- Installing: C:/TCC-Autonomous-Ship/src/main_ws/src/install/share/path_following_interfaces/msg/Position.idl
[24.594s] -- Installing: C:/TCC-Autonomous-Ship/src/main_ws/src/install/share/path_following_interfaces/msg/Velocity.idl
[24.594s] -- Installing: C:/TCC-Autonomous-Ship/src/main_ws/src/install/share/path_following_interfaces/msg/State.idl
[24.609s] -- Installing: C:/TCC-Autonomous-Ship/src/main_ws/src/install/share/path_following_interfaces/msg/PositionsXY.idl
[24.609s] -- Installing: C:/TCC-Autonomous-Ship/src/main_ws/src/install/share/path_following_interfaces/msg/Waypoints.idl
[24.609s] -- Installing: C:/TCC-Autonomous-Ship/src/main_ws/src/install/share/path_following_interfaces/msg/Control.idl
[24.609s] -- Installing: C:/TCC-Autonomous-Ship/src/main_ws/src/install/share/path_following_interfaces/srv/InitValues.idl
[24.609s] -- Installing: C:/TCC-Autonomous-Ship/src/main_ws/src/install/share/path_following_interfaces/msg/Position.msg
[24.609s] -- Installing: C:/TCC-Autonomous-Ship/src/main_ws/src/install/share/path_following_interfaces/msg/Velocity.msg
[24.609s] -- Installing: C:/TCC-Autonomous-Ship/src/main_ws/src/install/share/path_following_interfaces/msg/State.msg
[24.609s] -- Installing: C:/TCC-Autonomous-Ship/src/main_ws/src/install/share/path_following_interfaces/msg/PositionsXY.msg
[24.609s] -- Installing: C:/TCC-Autonomous-Ship/src/main_ws/src/install/share/path_following_interfaces/msg/Waypoints.msg
[24.609s] -- Installing: C:/TCC-Autonomous-Ship/src/main_ws/src/install/share/path_following_interfaces/msg/Control.msg
[24.609s] -- Installing: C:/TCC-Autonomous-Ship/src/main_ws/src/install/share/path_following_interfaces/srv/InitValues.srv
[24.625s] -- Installing: C:/TCC-Autonomous-Ship/src/main_ws/src/install/share/path_following_interfaces/srv/InitValues_Request.msg
[24.625s] -- Installing: C:/TCC-Autonomous-Ship/src/main_ws/src/install/share/path_following_interfaces/srv/InitValues_Response.msg
[24.641s] -- Installing: C:/TCC-Autonomous-Ship/src/main_ws/src/install/share/ament_index/resource_index/package_run_dependencies/path_following_interfaces
[24.641s] -- Installing: C:/TCC-Autonomous-Ship/src/main_ws/src/install/share/ament_index/resource_index/parent_prefix_path/path_following_interfaces
[24.641s] -- Installing: C:/TCC-Autonomous-Ship/src/main_ws/src/install/share/path_following_interfaces/environment/ament_prefix_path.bat
[24.641s] -- Installing: C:/TCC-Autonomous-Ship/src/main_ws/src/install/share/path_following_interfaces/environment/ament_prefix_path.dsv
[24.641s] -- Installing: C:/TCC-Autonomous-Ship/src/main_ws/src/install/share/path_following_interfaces/environment/path.bat
[24.641s] -- Installing: C:/TCC-Autonomous-Ship/src/main_ws/src/install/share/path_following_interfaces/environment/path.dsv
[24.656s] -- Installing: C:/TCC-Autonomous-Ship/src/main_ws/src/install/share/path_following_interfaces/local_setup.bat
[24.656s] -- Installing: C:/TCC-Autonomous-Ship/src/main_ws/src/install/share/path_following_interfaces/local_setup.dsv
[24.656s] -- Installing: C:/TCC-Autonomous-Ship/src/main_ws/src/install/share/path_following_interfaces/package.dsv
[24.656s] -- Installing: C:/TCC-Autonomous-Ship/src/main_ws/src/install/share/ament_index/resource_index/packages/path_following_interfaces
[24.656s] -- Installing: C:/TCC-Autonomous-Ship/src/main_ws/src/install/share/path_following_interfaces/cmake/path_following_interfaces__rosidl_generator_cExport.cmake
[24.672s] -- Installing: C:/TCC-Autonomous-Ship/src/main_ws/src/install/share/path_following_interfaces/cmake/path_following_interfaces__rosidl_generator_cExport-release.cmake
[24.672s] -- Installing: C:/TCC-Autonomous-Ship/src/main_ws/src/install/share/path_following_interfaces/cmake/path_following_interfaces__rosidl_typesupport_introspection_cExport.cmake
[24.672s] -- Installing: C:/TCC-Autonomous-Ship/src/main_ws/src/install/share/path_following_interfaces/cmake/path_following_interfaces__rosidl_typesupport_introspection_cExport-release.cmake
[24.688s] -- Installing: C:/TCC-Autonomous-Ship/src/main_ws/src/install/share/path_following_interfaces/cmake/path_following_interfaces__rosidl_typesupport_cExport.cmake
[24.688s] -- Installing: C:/TCC-Autonomous-Ship/src/main_ws/src/install/share/path_following_interfaces/cmake/path_following_interfaces__rosidl_typesupport_cExport-release.cmake
[24.688s] -- Installing: C:/TCC-Autonomous-Ship/src/main_ws/src/install/share/path_following_interfaces/cmake/path_following_interfaces__rosidl_generator_cppExport.cmake
[24.688s] -- Installing: C:/TCC-Autonomous-Ship/src/main_ws/src/install/share/path_following_interfaces/cmake/path_following_interfaces__rosidl_typesupport_introspection_cppExport.cmake
[24.688s] -- Installing: C:/TCC-Autonomous-Ship/src/main_ws/src/install/share/path_following_interfaces/cmake/path_following_interfaces__rosidl_typesupport_introspection_cppExport-release.cmake
[24.703s] -- Installing: C:/TCC-Autonomous-Ship/src/main_ws/src/install/share/path_following_interfaces/cmake/path_following_interfaces__rosidl_typesupport_cppExport.cmake
[24.703s] -- Installing: C:/TCC-Autonomous-Ship/src/main_ws/src/install/share/path_following_interfaces/cmake/path_following_interfaces__rosidl_typesupport_cppExport-release.cmake
[24.703s] -- Installing: C:/TCC-Autonomous-Ship/src/main_ws/src/install/share/path_following_interfaces/cmake/rosidl_cmake-extras.cmake
[24.703s] -- Installing: C:/TCC-Autonomous-Ship/src/main_ws/src/install/share/path_following_interfaces/cmake/ament_cmake_export_dependencies-extras.cmake
[24.703s] -- Installing: C:/TCC-Autonomous-Ship/src/main_ws/src/install/share/path_following_interfaces/cmake/ament_cmake_export_libraries-extras.cmake
[24.703s] -- Installing: C:/TCC-Autonomous-Ship/src/main_ws/src/install/share/path_following_interfaces/cmake/ament_cmake_export_targets-extras.cmake
[24.703s] -- Installing: C:/TCC-Autonomous-Ship/src/main_ws/src/install/share/path_following_interfaces/cmake/ament_cmake_export_include_directories-extras.cmake
[24.703s] -- Installing: C:/TCC-Autonomous-Ship/src/main_ws/src/install/share/path_following_interfaces/cmake/rosidl_cmake_export_typesupport_libraries-extras.cmake
[24.719s] -- Installing: C:/TCC-Autonomous-Ship/src/main_ws/src/install/share/path_following_interfaces/cmake/rosidl_cmake_export_typesupport_targets-extras.cmake
[24.719s] -- Installing: C:/TCC-Autonomous-Ship/src/main_ws/src/install/share/path_following_interfaces/cmake/path_following_interfacesConfig.cmake
[24.719s] -- Installing: C:/TCC-Autonomous-Ship/src/main_ws/src/install/share/path_following_interfaces/cmake/path_following_interfacesConfig-version.cmake
[24.719s] -- Installing: C:/TCC-Autonomous-Ship/src/main_ws/src/install/share/path_following_interfaces/package.xml
[24.734s] Invoked command in 'C:\TCC-Autonomous-Ship\src\main_ws\src\build\path_following_interfaces' returned '0': C:\Program Files\CMake\bin\cmake.EXE --install C:\TCC-Autonomous-Ship\src\main_ws\src\build\path_following_interfaces --config Release
