[0.062s] Invoking command in 'C:\TCC-Autonomous-Ship\src\main_ws\src\build\path_following_interfaces': C:\Program Files\CMake\bin\cmake.EXE C:\TCC-Autonomous-Ship\src\main_ws\src\path_following_interfaces -DCMAKE_INSTALL_PREFIX=C:\TCC-Autonomous-Ship\src\main_ws\src\install
[0.078s] -- Selecting Windows SDK version 10.0.19041.0 to target Windows 10.0.19042.
[0.093s] -- Found ament_cmake: 1.1.4 (C:/dev/ros2_galactic/install/share/ament_cmake/cmake)
[0.156s] -- Found PythonInterp: C:/Users/phmar/AppData/Local/Programs/Python/Python36/python.exe (found suitable version "3.6.8", minimum required is "3") 
[0.156s] -- Using PYTHON_EXECUTABLE: C:/Users/phmar/AppData/Local/Programs/Python/Python36/python.exe
[0.343s] -- Found rosidl_default_generators: 1.1.1 (C:/dev/ros2_galactic/install/share/rosidl_default_generators/cmake)
[0.343s] -- Using all available rosidl_typesupport_c: rosidl_typesupport_fastrtps_c;rosidl_typesupport_introspection_c
[0.359s] -- Found rosidl_adapter: 2.2.1 (C:/dev/ros2_galactic/install/share/rosidl_adapter/cmake)
[0.562s] -- Using all available rosidl_typesupport_cpp: rosidl_typesupport_fastrtps_cpp;rosidl_typesupport_introspection_cpp
[0.656s] -- Found PythonInterp: C:/Users/phmar/AppData/Local/Programs/Python/Python36/python.exe (found version "3.6.8") 
[0.984s] -- Found ament_cmake_ros: 0.9.2 (C:/dev/ros2_galactic/install/share/ament_cmake_ros/cmake)
[1.125s] -- Using all available rosidl_typesupport_c: rosidl_typesupport_fastrtps_c;rosidl_typesupport_introspection_c
[1.187s] -- Using all available rosidl_typesupport_cpp: rosidl_typesupport_fastrtps_cpp;rosidl_typesupport_introspection_cpp
[1.265s] -- Found PythonInterp: C:/Users/phmar/AppData/Local/Programs/Python/Python36/python.exe (found suitable version "3.6.8", minimum required is "3.5") 
[1.281s] -- Found python_cmake_module: 0.8.1 (C:/dev/ros2_galactic/install/share/python_cmake_module/cmake)
[1.375s] -- Using PYTHON_EXECUTABLE: C:/Users/phmar/AppData/Local/Programs/Python/Python36/python.exe
[1.375s] -- Using PYTHON_INCLUDE_DIRS: C:/Users/phmar/AppData/Local/Programs/Python/Python36/include
[1.375s] -- Using PYTHON_LIBRARIES: C:/Users/phmar/AppData/Local/Programs/Python/Python36/libs/python36.lib
[1.734s] -- Using numpy include directory: C:\Users\phmar\AppData\Local\Programs\Python\Python36\lib\site-packages\numpy\core\include
[1.734s] -- Found ament_lint_auto: 0.10.6 (C:/dev/ros2_galactic/install/share/ament_lint_auto/cmake)
[1.781s] -- Added test 'copyright' to check source files copyright and LICENSE
[1.797s] -- Added test 'lint_cmake' to check CMake code style
[1.812s] -- Added test 'xmllint' to check XML markup files
[1.875s] -- Configuring done
[2.781s] -- Generating done
[2.797s] -- Build files have been written to: C:/TCC-Autonomous-Ship/src/main_ws/src/build/path_following_interfaces
[2.797s] Invoked command in 'C:\TCC-Autonomous-Ship\src\main_ws\src\build\path_following_interfaces' returned '0': C:\Program Files\CMake\bin\cmake.EXE C:\TCC-Autonomous-Ship\src\main_ws\src\path_following_interfaces -DCMAKE_INSTALL_PREFIX=C:\TCC-Autonomous-Ship\src\main_ws\src\install
[2.797s] Invoking command in 'C:\TCC-Autonomous-Ship\src\main_ws\src\build\path_following_interfaces': CL=/MP C:\Program Files\CMake\bin\cmake.EXE --build C:\TCC-Autonomous-Ship\src\main_ws\src\build\path_following_interfaces --config Release
[2.922s] Microsoft (R) Build Engine version 16.11.0+0538acc04 for .NET Framework
[2.922s] Copyright (C) Microsoft Corporation. All rights reserved.
[2.922s] 
[3.234s]   Checking Build System
[3.422s]   Building Custom Rule C:/TCC-Autonomous-Ship/src/main_ws/src/path_following_interfaces/CMakeLists.txt
[3.547s]   Building Custom Rule C:/TCC-Autonomous-Ship/src/main_ws/src/path_following_interfaces/CMakeLists.txt
[3.672s]   path_following_interfaces__rosidl_generator_c.vcxproj -> C:\TCC-Autonomous-Ship\src\main_ws\src\build\path_following_interfaces\Release\path_following_interfaces__rosidl_generator_c.dll
[3.734s]   Building Custom Rule C:/TCC-Autonomous-Ship/src/main_ws/src/path_following_interfaces/CMakeLists.txt
[3.797s]   path_following_interfaces__rosidl_typesupport_c.vcxproj -> C:\TCC-Autonomous-Ship\src\main_ws\src\build\path_following_interfaces\Release\path_following_interfaces__rosidl_typesupport_c.dll
[3.875s]   Building Custom Rule C:/TCC-Autonomous-Ship/src/main_ws/src/path_following_interfaces/CMakeLists.txt
[3.937s]   path_following_interfaces__rosidl_typesupport_cpp.vcxproj -> C:\TCC-Autonomous-Ship\src\main_ws\src\build\path_following_interfaces\Release\path_following_interfaces__rosidl_typesupport_cpp.dll
[4.031s]   Building Custom Rule C:/TCC-Autonomous-Ship/src/main_ws/src/path_following_interfaces/CMakeLists.txt
[4.093s]   path_following_interfaces__rosidl_typesupport_fastrtps_cpp.vcxproj -> C:\TCC-Autonomous-Ship\src\main_ws\src\build\path_following_interfaces\Release\path_following_interfaces__rosidl_typesupport_fastrtps_cpp.dll
[4.156s]   Building Custom Rule C:/TCC-Autonomous-Ship/src/main_ws/src/path_following_interfaces/CMakeLists.txt
[4.203s]   path_following_interfaces__rosidl_typesupport_fastrtps_c.vcxproj -> C:\TCC-Autonomous-Ship\src\main_ws\src\build\path_following_interfaces\Release\path_following_interfaces__rosidl_typesupport_fastrtps_c.dll
[4.297s]   Building Custom Rule C:/TCC-Autonomous-Ship/src/main_ws/src/path_following_interfaces/CMakeLists.txt
[4.343s]   path_following_interfaces__rosidl_typesupport_introspection_c.vcxproj -> C:\TCC-Autonomous-Ship\src\main_ws\src\build\path_following_interfaces\Release\path_following_interfaces__rosidl_typesupport_introspection_c.dll
[4.422s]   Building Custom Rule C:/TCC-Autonomous-Ship/src/main_ws/src/path_following_interfaces/CMakeLists.txt
[4.484s]   path_following_interfaces__rosidl_typesupport_introspection_cpp.vcxproj -> C:\TCC-Autonomous-Ship\src\main_ws\src\build\path_following_interfaces\Release\path_following_interfaces__rosidl_typesupport_introspection_cpp.dll
[4.531s]   Building Custom Rule C:/TCC-Autonomous-Ship/src/main_ws/src/path_following_interfaces/CMakeLists.txt
[4.750s]   Building Custom Rule C:/TCC-Autonomous-Ship/src/main_ws/src/path_following_interfaces/CMakeLists.txt
[4.812s]   path_following_interfaces__python.vcxproj -> C:\TCC-Autonomous-Ship\src\main_ws\src\build\path_following_interfaces\rosidl_generator_py\path_following_interfaces\path_following_interfaces__python.dll
[4.922s]   Building Custom Rule C:/TCC-Autonomous-Ship/src/main_ws/src/path_following_interfaces/CMakeLists.txt
[5.015s]   path_following_interfaces__rosidl_typesupport_c__pyext.vcxproj -> C:\TCC-Autonomous-Ship\src\main_ws\src\build\path_following_interfaces\rosidl_generator_py\path_following_interfaces\path_following_interfaces_s__rosidl_typesupport_c.pyd
[5.109s]   Building Custom Rule C:/TCC-Autonomous-Ship/src/main_ws/src/path_following_interfaces/CMakeLists.txt
[5.172s]   path_following_interfaces__rosidl_typesupport_fastrtps_c__pyext.vcxproj -> C:\TCC-Autonomous-Ship\src\main_ws\src\build\path_following_interfaces\rosidl_generator_py\path_following_interfaces\path_following_interfaces_s__rosidl_typesupport_fastrtps_c.pyd
[5.281s]   Building Custom Rule C:/TCC-Autonomous-Ship/src/main_ws/src/path_following_interfaces/CMakeLists.txt
[5.359s]   path_following_interfaces__rosidl_typesupport_introspection_c__pyext.vcxproj -> C:\TCC-Autonomous-Ship\src\main_ws\src\build\path_following_interfaces\rosidl_generator_py\path_following_interfaces\path_following_interfaces_s__rosidl_typesupport_introspection_c.pyd
[5.422s]   Building Custom Rule C:/TCC-Autonomous-Ship/src/main_ws/src/path_following_interfaces/CMakeLists.txt
[5.500s] Invoked command in 'C:\TCC-Autonomous-Ship\src\main_ws\src\build\path_following_interfaces' returned '0': CL=/MP C:\Program Files\CMake\bin\cmake.EXE --build C:\TCC-Autonomous-Ship\src\main_ws\src\build\path_following_interfaces --config Release
[5.531s] Invoking command in 'C:\TCC-Autonomous-Ship\src\main_ws\src\build\path_following_interfaces': C:\Program Files\CMake\bin\cmake.EXE --install C:\TCC-Autonomous-Ship\src\main_ws\src\build\path_following_interfaces --config Release
[5.547s] -- Up-to-date: C:/TCC-Autonomous-Ship/src/main_ws/src/install/share/ament_index/resource_index/rosidl_interfaces/path_following_interfaces
[5.547s] -- Up-to-date: C:/TCC-Autonomous-Ship/src/main_ws/src/install/include/path_following_interfaces
[5.547s] -- Up-to-date: C:/TCC-Autonomous-Ship/src/main_ws/src/install/include/path_following_interfaces/msg
[5.547s] -- Up-to-date: C:/TCC-Autonomous-Ship/src/main_ws/src/install/include/path_following_interfaces/msg/control.h
[5.547s] -- Up-to-date: C:/TCC-Autonomous-Ship/src/main_ws/src/install/include/path_following_interfaces/msg/detail
[5.547s] -- Up-to-date: C:/TCC-Autonomous-Ship/src/main_ws/src/install/include/path_following_interfaces/msg/detail/control__functions.c
[5.547s] -- Up-to-date: C:/TCC-Autonomous-Ship/src/main_ws/src/install/include/path_following_interfaces/msg/detail/control__functions.h
[5.547s] -- Up-to-date: C:/TCC-Autonomous-Ship/src/main_ws/src/install/include/path_following_interfaces/msg/detail/control__struct.h
[5.547s] -- Up-to-date: C:/TCC-Autonomous-Ship/src/main_ws/src/install/include/path_following_interfaces/msg/detail/control__type_support.h
[5.547s] -- Up-to-date: C:/TCC-Autonomous-Ship/src/main_ws/src/install/include/path_following_interfaces/msg/detail/positions_xy__functions.c
[5.547s] -- Up-to-date: C:/TCC-Autonomous-Ship/src/main_ws/src/install/include/path_following_interfaces/msg/detail/positions_xy__functions.h
[5.562s] -- Up-to-date: C:/TCC-Autonomous-Ship/src/main_ws/src/install/include/path_following_interfaces/msg/detail/positions_xy__struct.h
[5.562s] -- Up-to-date: C:/TCC-Autonomous-Ship/src/main_ws/src/install/include/path_following_interfaces/msg/detail/positions_xy__type_support.h
[5.562s] -- Up-to-date: C:/TCC-Autonomous-Ship/src/main_ws/src/install/include/path_following_interfaces/msg/detail/position__functions.c
[5.562s] -- Up-to-date: C:/TCC-Autonomous-Ship/src/main_ws/src/install/include/path_following_interfaces/msg/detail/position__functions.h
[5.562s] -- Up-to-date: C:/TCC-Autonomous-Ship/src/main_ws/src/install/include/path_following_interfaces/msg/detail/position__struct.h
[5.562s] -- Up-to-date: C:/TCC-Autonomous-Ship/src/main_ws/src/install/include/path_following_interfaces/msg/detail/position__type_support.h
[5.562s] -- Up-to-date: C:/TCC-Autonomous-Ship/src/main_ws/src/install/include/path_following_interfaces/msg/detail/state__functions.c
[5.562s] -- Up-to-date: C:/TCC-Autonomous-Ship/src/main_ws/src/install/include/path_following_interfaces/msg/detail/state__functions.h
[5.562s] -- Up-to-date: C:/TCC-Autonomous-Ship/src/main_ws/src/install/include/path_following_interfaces/msg/detail/state__struct.h
[5.562s] -- Up-to-date: C:/TCC-Autonomous-Ship/src/main_ws/src/install/include/path_following_interfaces/msg/detail/state__type_support.h
[5.562s] -- Up-to-date: C:/TCC-Autonomous-Ship/src/main_ws/src/install/include/path_following_interfaces/msg/detail/velocity__functions.c
[5.562s] -- Up-to-date: C:/TCC-Autonomous-Ship/src/main_ws/src/install/include/path_following_interfaces/msg/detail/velocity__functions.h
[5.562s] -- Up-to-date: C:/TCC-Autonomous-Ship/src/main_ws/src/install/include/path_following_interfaces/msg/detail/velocity__struct.h
[5.562s] -- Up-to-date: C:/TCC-Autonomous-Ship/src/main_ws/src/install/include/path_following_interfaces/msg/detail/velocity__type_support.h
[5.562s] -- Up-to-date: C:/TCC-Autonomous-Ship/src/main_ws/src/install/include/path_following_interfaces/msg/detail/waypoints__functions.c
[5.562s] -- Up-to-date: C:/TCC-Autonomous-Ship/src/main_ws/src/install/include/path_following_interfaces/msg/detail/waypoints__functions.h
[5.562s] -- Up-to-date: C:/TCC-Autonomous-Ship/src/main_ws/src/install/include/path_following_interfaces/msg/detail/waypoints__struct.h
[5.562s] -- Up-to-date: C:/TCC-Autonomous-Ship/src/main_ws/src/install/include/path_following_interfaces/msg/detail/waypoints__type_support.h
[5.562s] -- Up-to-date: C:/TCC-Autonomous-Ship/src/main_ws/src/install/include/path_following_interfaces/msg/position.h
[5.562s] -- Up-to-date: C:/TCC-Autonomous-Ship/src/main_ws/src/install/include/path_following_interfaces/msg/positions_xy.h
[5.562s] -- Up-to-date: C:/TCC-Autonomous-Ship/src/main_ws/src/install/include/path_following_interfaces/msg/rosidl_generator_c__visibility_control.h
[5.562s] -- Up-to-date: C:/TCC-Autonomous-Ship/src/main_ws/src/install/include/path_following_interfaces/msg/state.h
[5.562s] -- Up-to-date: C:/TCC-Autonomous-Ship/src/main_ws/src/install/include/path_following_interfaces/msg/velocity.h
[5.562s] -- Up-to-date: C:/TCC-Autonomous-Ship/src/main_ws/src/install/include/path_following_interfaces/msg/waypoints.h
[5.562s] -- Up-to-date: C:/TCC-Autonomous-Ship/src/main_ws/src/install/include/path_following_interfaces/srv
[5.562s] -- Up-to-date: C:/TCC-Autonomous-Ship/src/main_ws/src/install/include/path_following_interfaces/srv/detail
[5.562s] -- Up-to-date: C:/TCC-Autonomous-Ship/src/main_ws/src/install/include/path_following_interfaces/srv/detail/init_values__functions.c
[5.562s] -- Up-to-date: C:/TCC-Autonomous-Ship/src/main_ws/src/install/include/path_following_interfaces/srv/detail/init_values__functions.h
[5.562s] -- Up-to-date: C:/TCC-Autonomous-Ship/src/main_ws/src/install/include/path_following_interfaces/srv/detail/init_values__struct.h
[5.562s] -- Up-to-date: C:/TCC-Autonomous-Ship/src/main_ws/src/install/include/path_following_interfaces/srv/detail/init_values__type_support.h
[5.562s] -- Up-to-date: C:/TCC-Autonomous-Ship/src/main_ws/src/install/include/path_following_interfaces/srv/init_values.h
[5.562s] -- Up-to-date: C:/TCC-Autonomous-Ship/src/main_ws/src/install/lib/path_following_interfaces__rosidl_generator_c.lib
[5.562s] -- Up-to-date: C:/TCC-Autonomous-Ship/src/main_ws/src/install/bin/path_following_interfaces__rosidl_generator_c.dll
[5.562s] -- Up-to-date: C:/TCC-Autonomous-Ship/src/main_ws/src/install/include/path_following_interfaces
[5.562s] -- Up-to-date: C:/TCC-Autonomous-Ship/src/main_ws/src/install/include/path_following_interfaces/msg
[5.562s] -- Up-to-date: C:/TCC-Autonomous-Ship/src/main_ws/src/install/include/path_following_interfaces/msg/detail
[5.562s] -- Up-to-date: C:/TCC-Autonomous-Ship/src/main_ws/src/install/include/path_following_interfaces/msg/detail/control__rosidl_typesupport_fastrtps_c.h
[5.562s] -- Up-to-date: C:/TCC-Autonomous-Ship/src/main_ws/src/install/include/path_following_interfaces/msg/detail/positions_xy__rosidl_typesupport_fastrtps_c.h
[5.562s] -- Up-to-date: C:/TCC-Autonomous-Ship/src/main_ws/src/install/include/path_following_interfaces/msg/detail/position__rosidl_typesupport_fastrtps_c.h
[5.562s] -- Up-to-date: C:/TCC-Autonomous-Ship/src/main_ws/src/install/include/path_following_interfaces/msg/detail/state__rosidl_typesupport_fastrtps_c.h
[5.562s] -- Up-to-date: C:/TCC-Autonomous-Ship/src/main_ws/src/install/include/path_following_interfaces/msg/detail/velocity__rosidl_typesupport_fastrtps_c.h
[5.562s] -- Up-to-date: C:/TCC-Autonomous-Ship/src/main_ws/src/install/include/path_following_interfaces/msg/detail/waypoints__rosidl_typesupport_fastrtps_c.h
[5.562s] -- Up-to-date: C:/TCC-Autonomous-Ship/src/main_ws/src/install/include/path_following_interfaces/msg/rosidl_typesupport_fastrtps_c__visibility_control.h
[5.562s] -- Up-to-date: C:/TCC-Autonomous-Ship/src/main_ws/src/install/include/path_following_interfaces/srv
[5.562s] -- Up-to-date: C:/TCC-Autonomous-Ship/src/main_ws/src/install/include/path_following_interfaces/srv/detail
[5.578s] -- Up-to-date: C:/TCC-Autonomous-Ship/src/main_ws/src/install/include/path_following_interfaces/srv/detail/init_values__rosidl_typesupport_fastrtps_c.h
[5.578s] -- Up-to-date: C:/TCC-Autonomous-Ship/src/main_ws/src/install/lib/path_following_interfaces__rosidl_typesupport_fastrtps_c.lib
[5.578s] -- Up-to-date: C:/TCC-Autonomous-Ship/src/main_ws/src/install/bin/path_following_interfaces__rosidl_typesupport_fastrtps_c.dll
[5.578s] -- Up-to-date: C:/TCC-Autonomous-Ship/src/main_ws/src/install/include/path_following_interfaces
[5.578s] -- Up-to-date: C:/TCC-Autonomous-Ship/src/main_ws/src/install/include/path_following_interfaces/msg
[5.578s] -- Up-to-date: C:/TCC-Autonomous-Ship/src/main_ws/src/install/include/path_following_interfaces/msg/detail
[5.578s] -- Up-to-date: C:/TCC-Autonomous-Ship/src/main_ws/src/install/include/path_following_interfaces/msg/detail/control__rosidl_typesupport_fastrtps_cpp.hpp
[5.578s] -- Up-to-date: C:/TCC-Autonomous-Ship/src/main_ws/src/install/include/path_following_interfaces/msg/detail/dds_fastrtps
[5.578s] -- Up-to-date: C:/TCC-Autonomous-Ship/src/main_ws/src/install/include/path_following_interfaces/msg/detail/positions_xy__rosidl_typesupport_fastrtps_cpp.hpp
[5.578s] -- Up-to-date: C:/TCC-Autonomous-Ship/src/main_ws/src/install/include/path_following_interfaces/msg/detail/position__rosidl_typesupport_fastrtps_cpp.hpp
[5.578s] -- Up-to-date: C:/TCC-Autonomous-Ship/src/main_ws/src/install/include/path_following_interfaces/msg/detail/state__rosidl_typesupport_fastrtps_cpp.hpp
[5.578s] -- Up-to-date: C:/TCC-Autonomous-Ship/src/main_ws/src/install/include/path_following_interfaces/msg/detail/velocity__rosidl_typesupport_fastrtps_cpp.hpp
[5.578s] -- Up-to-date: C:/TCC-Autonomous-Ship/src/main_ws/src/install/include/path_following_interfaces/msg/detail/waypoints__rosidl_typesupport_fastrtps_cpp.hpp
[5.578s] -- Up-to-date: C:/TCC-Autonomous-Ship/src/main_ws/src/install/include/path_following_interfaces/msg/rosidl_typesupport_fastrtps_cpp__visibility_control.h
[5.578s] -- Up-to-date: C:/TCC-Autonomous-Ship/src/main_ws/src/install/include/path_following_interfaces/srv
[5.578s] -- Up-to-date: C:/TCC-Autonomous-Ship/src/main_ws/src/install/include/path_following_interfaces/srv/detail
[5.578s] -- Up-to-date: C:/TCC-Autonomous-Ship/src/main_ws/src/install/include/path_following_interfaces/srv/detail/dds_fastrtps
[5.578s] -- Up-to-date: C:/TCC-Autonomous-Ship/src/main_ws/src/install/include/path_following_interfaces/srv/detail/init_values__rosidl_typesupport_fastrtps_cpp.hpp
[5.578s] -- Up-to-date: C:/TCC-Autonomous-Ship/src/main_ws/src/install/lib/path_following_interfaces__rosidl_typesupport_fastrtps_cpp.lib
[5.578s] -- Up-to-date: C:/TCC-Autonomous-Ship/src/main_ws/src/install/bin/path_following_interfaces__rosidl_typesupport_fastrtps_cpp.dll
[5.578s] -- Up-to-date: C:/TCC-Autonomous-Ship/src/main_ws/src/install/include/path_following_interfaces
[5.578s] -- Up-to-date: C:/TCC-Autonomous-Ship/src/main_ws/src/install/include/path_following_interfaces/msg
[5.578s] -- Up-to-date: C:/TCC-Autonomous-Ship/src/main_ws/src/install/include/path_following_interfaces/msg/detail
[5.578s] -- Up-to-date: C:/TCC-Autonomous-Ship/src/main_ws/src/install/include/path_following_interfaces/msg/detail/control__rosidl_typesupport_introspection_c.h
[5.578s] -- Up-to-date: C:/TCC-Autonomous-Ship/src/main_ws/src/install/include/path_following_interfaces/msg/detail/control__type_support.c
[5.578s] -- Up-to-date: C:/TCC-Autonomous-Ship/src/main_ws/src/install/include/path_following_interfaces/msg/detail/positions_xy__rosidl_typesupport_introspection_c.h
[5.578s] -- Up-to-date: C:/TCC-Autonomous-Ship/src/main_ws/src/install/include/path_following_interfaces/msg/detail/positions_xy__type_support.c
[5.578s] -- Up-to-date: C:/TCC-Autonomous-Ship/src/main_ws/src/install/include/path_following_interfaces/msg/detail/position__rosidl_typesupport_introspection_c.h
[5.578s] -- Up-to-date: C:/TCC-Autonomous-Ship/src/main_ws/src/install/include/path_following_interfaces/msg/detail/position__type_support.c
[5.578s] -- Up-to-date: C:/TCC-Autonomous-Ship/src/main_ws/src/install/include/path_following_interfaces/msg/detail/state__rosidl_typesupport_introspection_c.h
[5.578s] -- Up-to-date: C:/TCC-Autonomous-Ship/src/main_ws/src/install/include/path_following_interfaces/msg/detail/state__type_support.c
[5.578s] -- Up-to-date: C:/TCC-Autonomous-Ship/src/main_ws/src/install/include/path_following_interfaces/msg/detail/velocity__rosidl_typesupport_introspection_c.h
[5.578s] -- Up-to-date: C:/TCC-Autonomous-Ship/src/main_ws/src/install/include/path_following_interfaces/msg/detail/velocity__type_support.c
[5.578s] -- Up-to-date: C:/TCC-Autonomous-Ship/src/main_ws/src/install/include/path_following_interfaces/msg/detail/waypoints__rosidl_typesupport_introspection_c.h
[5.578s] -- Up-to-date: C:/TCC-Autonomous-Ship/src/main_ws/src/install/include/path_following_interfaces/msg/detail/waypoints__type_support.c
[5.578s] -- Up-to-date: C:/TCC-Autonomous-Ship/src/main_ws/src/install/include/path_following_interfaces/msg/rosidl_typesupport_introspection_c__visibility_control.h
[5.578s] -- Up-to-date: C:/TCC-Autonomous-Ship/src/main_ws/src/install/include/path_following_interfaces/srv
[5.578s] -- Up-to-date: C:/TCC-Autonomous-Ship/src/main_ws/src/install/include/path_following_interfaces/srv/detail
[5.578s] -- Up-to-date: C:/TCC-Autonomous-Ship/src/main_ws/src/install/include/path_following_interfaces/srv/detail/init_values__rosidl_typesupport_introspection_c.h
[5.578s] -- Up-to-date: C:/TCC-Autonomous-Ship/src/main_ws/src/install/include/path_following_interfaces/srv/detail/init_values__type_support.c
[5.578s] -- Up-to-date: C:/TCC-Autonomous-Ship/src/main_ws/src/install/lib/path_following_interfaces__rosidl_typesupport_introspection_c.lib
[5.578s] -- Up-to-date: C:/TCC-Autonomous-Ship/src/main_ws/src/install/bin/path_following_interfaces__rosidl_typesupport_introspection_c.dll
[5.593s] -- Up-to-date: C:/TCC-Autonomous-Ship/src/main_ws/src/install/lib/path_following_interfaces__rosidl_typesupport_c.lib
[5.593s] -- Up-to-date: C:/TCC-Autonomous-Ship/src/main_ws/src/install/bin/path_following_interfaces__rosidl_typesupport_c.dll
[5.593s] -- Up-to-date: C:/TCC-Autonomous-Ship/src/main_ws/src/install/include/path_following_interfaces
[5.593s] -- Up-to-date: C:/TCC-Autonomous-Ship/src/main_ws/src/install/include/path_following_interfaces/msg
[5.593s] -- Up-to-date: C:/TCC-Autonomous-Ship/src/main_ws/src/install/include/path_following_interfaces/msg/control.hpp
[5.593s] -- Up-to-date: C:/TCC-Autonomous-Ship/src/main_ws/src/install/include/path_following_interfaces/msg/detail
[5.593s] -- Up-to-date: C:/TCC-Autonomous-Ship/src/main_ws/src/install/include/path_following_interfaces/msg/detail/control__builder.hpp
[5.593s] -- Up-to-date: C:/TCC-Autonomous-Ship/src/main_ws/src/install/include/path_following_interfaces/msg/detail/control__struct.hpp
[5.593s] -- Up-to-date: C:/TCC-Autonomous-Ship/src/main_ws/src/install/include/path_following_interfaces/msg/detail/control__traits.hpp
[5.593s] -- Up-to-date: C:/TCC-Autonomous-Ship/src/main_ws/src/install/include/path_following_interfaces/msg/detail/positions_xy__builder.hpp
[5.593s] -- Up-to-date: C:/TCC-Autonomous-Ship/src/main_ws/src/install/include/path_following_interfaces/msg/detail/positions_xy__struct.hpp
[5.593s] -- Up-to-date: C:/TCC-Autonomous-Ship/src/main_ws/src/install/include/path_following_interfaces/msg/detail/positions_xy__traits.hpp
[5.593s] -- Up-to-date: C:/TCC-Autonomous-Ship/src/main_ws/src/install/include/path_following_interfaces/msg/detail/position__builder.hpp
[5.593s] -- Up-to-date: C:/TCC-Autonomous-Ship/src/main_ws/src/install/include/path_following_interfaces/msg/detail/position__struct.hpp
[5.593s] -- Up-to-date: C:/TCC-Autonomous-Ship/src/main_ws/src/install/include/path_following_interfaces/msg/detail/position__traits.hpp
[5.593s] -- Up-to-date: C:/TCC-Autonomous-Ship/src/main_ws/src/install/include/path_following_interfaces/msg/detail/state__builder.hpp
[5.593s] -- Up-to-date: C:/TCC-Autonomous-Ship/src/main_ws/src/install/include/path_following_interfaces/msg/detail/state__struct.hpp
[5.593s] -- Up-to-date: C:/TCC-Autonomous-Ship/src/main_ws/src/install/include/path_following_interfaces/msg/detail/state__traits.hpp
[5.593s] -- Up-to-date: C:/TCC-Autonomous-Ship/src/main_ws/src/install/include/path_following_interfaces/msg/detail/velocity__builder.hpp
[5.593s] -- Up-to-date: C:/TCC-Autonomous-Ship/src/main_ws/src/install/include/path_following_interfaces/msg/detail/velocity__struct.hpp
[5.593s] -- Up-to-date: C:/TCC-Autonomous-Ship/src/main_ws/src/install/include/path_following_interfaces/msg/detail/velocity__traits.hpp
[5.593s] -- Up-to-date: C:/TCC-Autonomous-Ship/src/main_ws/src/install/include/path_following_interfaces/msg/detail/waypoints__builder.hpp
[5.593s] -- Up-to-date: C:/TCC-Autonomous-Ship/src/main_ws/src/install/include/path_following_interfaces/msg/detail/waypoints__struct.hpp
[5.593s] -- Up-to-date: C:/TCC-Autonomous-Ship/src/main_ws/src/install/include/path_following_interfaces/msg/detail/waypoints__traits.hpp
[5.593s] -- Up-to-date: C:/TCC-Autonomous-Ship/src/main_ws/src/install/include/path_following_interfaces/msg/position.hpp
[5.593s] -- Up-to-date: C:/TCC-Autonomous-Ship/src/main_ws/src/install/include/path_following_interfaces/msg/positions_xy.hpp
[5.593s] -- Up-to-date: C:/TCC-Autonomous-Ship/src/main_ws/src/install/include/path_following_interfaces/msg/state.hpp
[5.593s] -- Up-to-date: C:/TCC-Autonomous-Ship/src/main_ws/src/install/include/path_following_interfaces/msg/velocity.hpp
[5.593s] -- Up-to-date: C:/TCC-Autonomous-Ship/src/main_ws/src/install/include/path_following_interfaces/msg/waypoints.hpp
[5.593s] -- Up-to-date: C:/TCC-Autonomous-Ship/src/main_ws/src/install/include/path_following_interfaces/srv
[5.593s] -- Up-to-date: C:/TCC-Autonomous-Ship/src/main_ws/src/install/include/path_following_interfaces/srv/detail
[5.593s] -- Up-to-date: C:/TCC-Autonomous-Ship/src/main_ws/src/install/include/path_following_interfaces/srv/detail/init_values__builder.hpp
[5.593s] -- Up-to-date: C:/TCC-Autonomous-Ship/src/main_ws/src/install/include/path_following_interfaces/srv/detail/init_values__struct.hpp
[5.593s] -- Up-to-date: C:/TCC-Autonomous-Ship/src/main_ws/src/install/include/path_following_interfaces/srv/detail/init_values__traits.hpp
[5.593s] -- Up-to-date: C:/TCC-Autonomous-Ship/src/main_ws/src/install/include/path_following_interfaces/srv/init_values.hpp
[5.593s] -- Up-to-date: C:/TCC-Autonomous-Ship/src/main_ws/src/install/include/path_following_interfaces
[5.593s] -- Up-to-date: C:/TCC-Autonomous-Ship/src/main_ws/src/install/include/path_following_interfaces/msg
[5.593s] -- Up-to-date: C:/TCC-Autonomous-Ship/src/main_ws/src/install/include/path_following_interfaces/msg/detail
[5.593s] -- Up-to-date: C:/TCC-Autonomous-Ship/src/main_ws/src/install/include/path_following_interfaces/msg/detail/control__rosidl_typesupport_introspection_cpp.hpp
[5.593s] -- Up-to-date: C:/TCC-Autonomous-Ship/src/main_ws/src/install/include/path_following_interfaces/msg/detail/control__type_support.cpp
[5.593s] -- Up-to-date: C:/TCC-Autonomous-Ship/src/main_ws/src/install/include/path_following_interfaces/msg/detail/positions_xy__rosidl_typesupport_introspection_cpp.hpp
[5.593s] -- Up-to-date: C:/TCC-Autonomous-Ship/src/main_ws/src/install/include/path_following_interfaces/msg/detail/positions_xy__type_support.cpp
[5.593s] -- Up-to-date: C:/TCC-Autonomous-Ship/src/main_ws/src/install/include/path_following_interfaces/msg/detail/position__rosidl_typesupport_introspection_cpp.hpp
[5.593s] -- Up-to-date: C:/TCC-Autonomous-Ship/src/main_ws/src/install/include/path_following_interfaces/msg/detail/position__type_support.cpp
[5.593s] -- Up-to-date: C:/TCC-Autonomous-Ship/src/main_ws/src/install/include/path_following_interfaces/msg/detail/state__rosidl_typesupport_introspection_cpp.hpp
[5.593s] -- Up-to-date: C:/TCC-Autonomous-Ship/src/main_ws/src/install/include/path_following_interfaces/msg/detail/state__type_support.cpp
[5.593s] -- Up-to-date: C:/TCC-Autonomous-Ship/src/main_ws/src/install/include/path_following_interfaces/msg/detail/velocity__rosidl_typesupport_introspection_cpp.hpp
[5.593s] -- Up-to-date: C:/TCC-Autonomous-Ship/src/main_ws/src/install/include/path_following_interfaces/msg/detail/velocity__type_support.cpp
[5.593s] -- Up-to-date: C:/TCC-Autonomous-Ship/src/main_ws/src/install/include/path_following_interfaces/msg/detail/waypoints__rosidl_typesupport_introspection_cpp.hpp
[5.593s] -- Up-to-date: C:/TCC-Autonomous-Ship/src/main_ws/src/install/include/path_following_interfaces/msg/detail/waypoints__type_support.cpp
[5.593s] -- Up-to-date: C:/TCC-Autonomous-Ship/src/main_ws/src/install/include/path_following_interfaces/srv
[5.593s] -- Up-to-date: C:/TCC-Autonomous-Ship/src/main_ws/src/install/include/path_following_interfaces/srv/detail
[5.593s] -- Up-to-date: C:/TCC-Autonomous-Ship/src/main_ws/src/install/include/path_following_interfaces/srv/detail/init_values__rosidl_typesupport_introspection_cpp.hpp
[5.593s] -- Up-to-date: C:/TCC-Autonomous-Ship/src/main_ws/src/install/include/path_following_interfaces/srv/detail/init_values__type_support.cpp
[5.593s] -- Up-to-date: C:/TCC-Autonomous-Ship/src/main_ws/src/install/lib/path_following_interfaces__rosidl_typesupport_introspection_cpp.lib
[5.593s] -- Up-to-date: C:/TCC-Autonomous-Ship/src/main_ws/src/install/bin/path_following_interfaces__rosidl_typesupport_introspection_cpp.dll
[5.593s] -- Up-to-date: C:/TCC-Autonomous-Ship/src/main_ws/src/install/lib/path_following_interfaces__rosidl_typesupport_cpp.lib
[5.593s] -- Up-to-date: C:/TCC-Autonomous-Ship/src/main_ws/src/install/bin/path_following_interfaces__rosidl_typesupport_cpp.dll
[5.593s] -- Up-to-date: C:/TCC-Autonomous-Ship/src/main_ws/src/install/share/path_following_interfaces/environment/pythonpath.bat
[5.593s] -- Installing: C:/TCC-Autonomous-Ship/src/main_ws/src/install/share/path_following_interfaces/environment/pythonpath.dsv
[5.593s] -- Installing: C:/TCC-Autonomous-Ship/src/main_ws/src/install/Lib/site-packages/path_following_interfaces/__init__.py
[5.672s] Compiling 'C:/TCC-Autonomous-Ship/src/main_ws/src/install/Lib/site-packages/path_following_interfaces/__init__.py'...
[5.672s] -- Up-to-date: C:/TCC-Autonomous-Ship/src/main_ws/src/install/Lib/site-packages/path_following_interfaces/msg
[5.672s] -- Up-to-date: C:/TCC-Autonomous-Ship/src/main_ws/src/install/Lib/site-packages/path_following_interfaces/msg/_control.py
[5.672s] -- Up-to-date: C:/TCC-Autonomous-Ship/src/main_ws/src/install/Lib/site-packages/path_following_interfaces/msg/_control_s.c
[5.672s] -- Up-to-date: C:/TCC-Autonomous-Ship/src/main_ws/src/install/Lib/site-packages/path_following_interfaces/msg/_position.py
[5.672s] -- Up-to-date: C:/TCC-Autonomous-Ship/src/main_ws/src/install/Lib/site-packages/path_following_interfaces/msg/_positions_xy.py
[5.672s] -- Up-to-date: C:/TCC-Autonomous-Ship/src/main_ws/src/install/Lib/site-packages/path_following_interfaces/msg/_positions_xy_s.c
[5.672s] -- Up-to-date: C:/TCC-Autonomous-Ship/src/main_ws/src/install/Lib/site-packages/path_following_interfaces/msg/_position_s.c
[5.672s] -- Up-to-date: C:/TCC-Autonomous-Ship/src/main_ws/src/install/Lib/site-packages/path_following_interfaces/msg/_state.py
[5.672s] -- Up-to-date: C:/TCC-Autonomous-Ship/src/main_ws/src/install/Lib/site-packages/path_following_interfaces/msg/_state_s.c
[5.672s] -- Up-to-date: C:/TCC-Autonomous-Ship/src/main_ws/src/install/Lib/site-packages/path_following_interfaces/msg/_velocity.py
[5.672s] -- Up-to-date: C:/TCC-Autonomous-Ship/src/main_ws/src/install/Lib/site-packages/path_following_interfaces/msg/_velocity_s.c
[5.672s] -- Up-to-date: C:/TCC-Autonomous-Ship/src/main_ws/src/install/Lib/site-packages/path_following_interfaces/msg/_waypoints.py
[5.672s] -- Up-to-date: C:/TCC-Autonomous-Ship/src/main_ws/src/install/Lib/site-packages/path_following_interfaces/msg/_waypoints_s.c
[5.672s] -- Up-to-date: C:/TCC-Autonomous-Ship/src/main_ws/src/install/Lib/site-packages/path_following_interfaces/msg/__init__.py
[5.672s] -- Up-to-date: C:/TCC-Autonomous-Ship/src/main_ws/src/install/Lib/site-packages/path_following_interfaces/srv
[5.672s] -- Up-to-date: C:/TCC-Autonomous-Ship/src/main_ws/src/install/Lib/site-packages/path_following_interfaces/srv/_init_values.py
[5.672s] -- Up-to-date: C:/TCC-Autonomous-Ship/src/main_ws/src/install/Lib/site-packages/path_following_interfaces/srv/_init_values_s.c
[5.672s] -- Up-to-date: C:/TCC-Autonomous-Ship/src/main_ws/src/install/Lib/site-packages/path_following_interfaces/srv/__init__.py
[5.672s] -- Up-to-date: C:/TCC-Autonomous-Ship/src/main_ws/src/install/Lib/site-packages/path_following_interfaces/path_following_interfaces_s__rosidl_typesupport_fastrtps_c.lib
[5.672s] -- Up-to-date: C:/TCC-Autonomous-Ship/src/main_ws/src/install/Lib/site-packages/path_following_interfaces/path_following_interfaces_s__rosidl_typesupport_fastrtps_c.pyd
[5.672s] -- Up-to-date: C:/TCC-Autonomous-Ship/src/main_ws/src/install/Lib/site-packages/path_following_interfaces/path_following_interfaces_s__rosidl_typesupport_introspection_c.lib
[5.672s] -- Up-to-date: C:/TCC-Autonomous-Ship/src/main_ws/src/install/Lib/site-packages/path_following_interfaces/path_following_interfaces_s__rosidl_typesupport_introspection_c.pyd
[5.672s] -- Up-to-date: C:/TCC-Autonomous-Ship/src/main_ws/src/install/Lib/site-packages/path_following_interfaces/path_following_interfaces_s__rosidl_typesupport_c.lib
[5.687s] -- Up-to-date: C:/TCC-Autonomous-Ship/src/main_ws/src/install/Lib/site-packages/path_following_interfaces/path_following_interfaces_s__rosidl_typesupport_c.pyd
[5.687s] -- Up-to-date: C:/TCC-Autonomous-Ship/src/main_ws/src/install/lib/path_following_interfaces__python.lib
[5.687s] -- Up-to-date: C:/TCC-Autonomous-Ship/src/main_ws/src/install/bin/path_following_interfaces__python.dll
[5.687s] -- Up-to-date: C:/TCC-Autonomous-Ship/src/main_ws/src/install/share/path_following_interfaces/msg/Position.idl
[5.687s] -- Up-to-date: C:/TCC-Autonomous-Ship/src/main_ws/src/install/share/path_following_interfaces/msg/Velocity.idl
[5.687s] -- Up-to-date: C:/TCC-Autonomous-Ship/src/main_ws/src/install/share/path_following_interfaces/msg/State.idl
[5.687s] -- Up-to-date: C:/TCC-Autonomous-Ship/src/main_ws/src/install/share/path_following_interfaces/msg/PositionsXY.idl
[5.687s] -- Up-to-date: C:/TCC-Autonomous-Ship/src/main_ws/src/install/share/path_following_interfaces/msg/Waypoints.idl
[5.687s] -- Up-to-date: C:/TCC-Autonomous-Ship/src/main_ws/src/install/share/path_following_interfaces/msg/Control.idl
[5.687s] -- Up-to-date: C:/TCC-Autonomous-Ship/src/main_ws/src/install/share/path_following_interfaces/srv/InitValues.idl
[5.687s] -- Up-to-date: C:/TCC-Autonomous-Ship/src/main_ws/src/install/share/path_following_interfaces/msg/Position.msg
[5.687s] -- Up-to-date: C:/TCC-Autonomous-Ship/src/main_ws/src/install/share/path_following_interfaces/msg/Velocity.msg
[5.687s] -- Up-to-date: C:/TCC-Autonomous-Ship/src/main_ws/src/install/share/path_following_interfaces/msg/State.msg
[5.687s] -- Up-to-date: C:/TCC-Autonomous-Ship/src/main_ws/src/install/share/path_following_interfaces/msg/PositionsXY.msg
[5.687s] -- Up-to-date: C:/TCC-Autonomous-Ship/src/main_ws/src/install/share/path_following_interfaces/msg/Waypoints.msg
[5.687s] -- Up-to-date: C:/TCC-Autonomous-Ship/src/main_ws/src/install/share/path_following_interfaces/msg/Control.msg
[5.687s] -- Up-to-date: C:/TCC-Autonomous-Ship/src/main_ws/src/install/share/path_following_interfaces/srv/InitValues.srv
[5.687s] -- Up-to-date: C:/TCC-Autonomous-Ship/src/main_ws/src/install/share/path_following_interfaces/srv/InitValues_Request.msg
[5.687s] -- Up-to-date: C:/TCC-Autonomous-Ship/src/main_ws/src/install/share/path_following_interfaces/srv/InitValues_Response.msg
[5.687s] -- Up-to-date: C:/TCC-Autonomous-Ship/src/main_ws/src/install/share/ament_index/resource_index/package_run_dependencies/path_following_interfaces
[5.687s] -- Up-to-date: C:/TCC-Autonomous-Ship/src/main_ws/src/install/share/ament_index/resource_index/parent_prefix_path/path_following_interfaces
[5.687s] -- Up-to-date: C:/TCC-Autonomous-Ship/src/main_ws/src/install/share/path_following_interfaces/environment/ament_prefix_path.bat
[5.687s] -- Installing: C:/TCC-Autonomous-Ship/src/main_ws/src/install/share/path_following_interfaces/environment/ament_prefix_path.dsv
[5.687s] -- Up-to-date: C:/TCC-Autonomous-Ship/src/main_ws/src/install/share/path_following_interfaces/environment/path.bat
[5.687s] -- Installing: C:/TCC-Autonomous-Ship/src/main_ws/src/install/share/path_following_interfaces/environment/path.dsv
[5.687s] -- Up-to-date: C:/TCC-Autonomous-Ship/src/main_ws/src/install/share/path_following_interfaces/local_setup.bat
[5.687s] -- Installing: C:/TCC-Autonomous-Ship/src/main_ws/src/install/share/path_following_interfaces/local_setup.dsv
[5.703s] -- Installing: C:/TCC-Autonomous-Ship/src/main_ws/src/install/share/path_following_interfaces/package.dsv
[5.703s] -- Up-to-date: C:/TCC-Autonomous-Ship/src/main_ws/src/install/share/ament_index/resource_index/packages/path_following_interfaces
[5.703s] -- Up-to-date: C:/TCC-Autonomous-Ship/src/main_ws/src/install/share/path_following_interfaces/cmake/path_following_interfaces__rosidl_generator_cExport.cmake
[5.703s] -- Up-to-date: C:/TCC-Autonomous-Ship/src/main_ws/src/install/share/path_following_interfaces/cmake/path_following_interfaces__rosidl_generator_cExport-release.cmake
[5.703s] -- Up-to-date: C:/TCC-Autonomous-Ship/src/main_ws/src/install/share/path_following_interfaces/cmake/path_following_interfaces__rosidl_typesupport_introspection_cExport.cmake
[5.703s] -- Up-to-date: C:/TCC-Autonomous-Ship/src/main_ws/src/install/share/path_following_interfaces/cmake/path_following_interfaces__rosidl_typesupport_introspection_cExport-release.cmake
[5.703s] -- Up-to-date: C:/TCC-Autonomous-Ship/src/main_ws/src/install/share/path_following_interfaces/cmake/path_following_interfaces__rosidl_typesupport_cExport.cmake
[5.703s] -- Up-to-date: C:/TCC-Autonomous-Ship/src/main_ws/src/install/share/path_following_interfaces/cmake/path_following_interfaces__rosidl_typesupport_cExport-release.cmake
[5.703s] -- Up-to-date: C:/TCC-Autonomous-Ship/src/main_ws/src/install/share/path_following_interfaces/cmake/path_following_interfaces__rosidl_generator_cppExport.cmake
[5.703s] -- Up-to-date: C:/TCC-Autonomous-Ship/src/main_ws/src/install/share/path_following_interfaces/cmake/path_following_interfaces__rosidl_typesupport_introspection_cppExport.cmake
[5.703s] -- Up-to-date: C:/TCC-Autonomous-Ship/src/main_ws/src/install/share/path_following_interfaces/cmake/path_following_interfaces__rosidl_typesupport_introspection_cppExport-release.cmake
[5.703s] -- Up-to-date: C:/TCC-Autonomous-Ship/src/main_ws/src/install/share/path_following_interfaces/cmake/path_following_interfaces__rosidl_typesupport_cppExport.cmake
[5.703s] -- Up-to-date: C:/TCC-Autonomous-Ship/src/main_ws/src/install/share/path_following_interfaces/cmake/path_following_interfaces__rosidl_typesupport_cppExport-release.cmake
[5.703s] -- Up-to-date: C:/TCC-Autonomous-Ship/src/main_ws/src/install/share/path_following_interfaces/cmake/rosidl_cmake-extras.cmake
[5.703s] -- Up-to-date: C:/TCC-Autonomous-Ship/src/main_ws/src/install/share/path_following_interfaces/cmake/ament_cmake_export_dependencies-extras.cmake
[5.703s] -- Up-to-date: C:/TCC-Autonomous-Ship/src/main_ws/src/install/share/path_following_interfaces/cmake/ament_cmake_export_libraries-extras.cmake
[5.703s] -- Up-to-date: C:/TCC-Autonomous-Ship/src/main_ws/src/install/share/path_following_interfaces/cmake/ament_cmake_export_targets-extras.cmake
[5.703s] -- Up-to-date: C:/TCC-Autonomous-Ship/src/main_ws/src/install/share/path_following_interfaces/cmake/ament_cmake_export_include_directories-extras.cmake
[5.703s] -- Up-to-date: C:/TCC-Autonomous-Ship/src/main_ws/src/install/share/path_following_interfaces/cmake/rosidl_cmake_export_typesupport_libraries-extras.cmake
[5.703s] -- Up-to-date: C:/TCC-Autonomous-Ship/src/main_ws/src/install/share/path_following_interfaces/cmake/rosidl_cmake_export_typesupport_targets-extras.cmake
[5.703s] -- Up-to-date: C:/TCC-Autonomous-Ship/src/main_ws/src/install/share/path_following_interfaces/cmake/path_following_interfacesConfig.cmake
[5.703s] -- Up-to-date: C:/TCC-Autonomous-Ship/src/main_ws/src/install/share/path_following_interfaces/cmake/path_following_interfacesConfig-version.cmake
[5.703s] -- Up-to-date: C:/TCC-Autonomous-Ship/src/main_ws/src/install/share/path_following_interfaces/package.xml
[5.718s] Invoked command in 'C:\TCC-Autonomous-Ship\src\main_ws\src\build\path_following_interfaces' returned '0': C:\Program Files\CMake\bin\cmake.EXE --install C:\TCC-Autonomous-Ship\src\main_ws\src\build\path_following_interfaces --config Release
