[INFO 1632101931.399022300] [pydyna_simple_node]: started main (main() at C:\TCC-Autonomous-Ship\src\main_ws\src\install\Lib\site-packages\pydyna_simple\pydyna_simple.py:135)
[INFO 1632101931.399719700] [pydyna_simple_node]: entered rclpy.ok loop (main() at C:\TCC-Autonomous-Ship\src\main_ws\src\install\Lib\site-packages\pydyna_simple\pydyna_simple.py:138)
[INFO 1632101992.081905500] [pydyna_simple_node]: Initialized Simulation (callback_start_end_simul() at C:\TCC-Autonomous-Ship\src\main_ws\src\install\Lib\site-packages\pydyna_simple\pydyna_simple.py:55)
[INFO 1632101992.377641400] [pydyna_simple_node]: responded request with inital state: {position: {x: 0.000000, y: 0.000000, psi: 1.571000}, velocity: {u: 0.000000, v: 0.000000, r: 0.000000}, time: 0.000000} (log_state() at C:\TCC-Autonomous-Ship\src\main_ws\src\install\Lib\site-packages\pydyna_simple\pydyna_simple.py:127)
[INFO 1632101992.383476200] [pydyna_simple_node]: published state: {position: {x: 0.000008, y: -0.000004, psi: 1.571000}, velocity: {u: 0.000153, v: -0.000082, r: 0.000007}, time: 0.100000} (log_state() at C:\TCC-Autonomous-Ship\src\main_ws\src\install\Lib\site-packages\pydyna_simple\pydyna_simple.py:127)
[INFO 1632101992.384302000] [pydyna_simple_node]: entered rclpy.ok loop (main() at C:\TCC-Autonomous-Ship\src\main_ws\src\install\Lib\site-packages\pydyna_simple\pydyna_simple.py:138)
[INFO 1632101992.385324500] [pydyna_simple_node]: entered rclpy.ok loop (main() at C:\TCC-Autonomous-Ship\src\main_ws\src\install\Lib\site-packages\pydyna_simple\pydyna_simple.py:138)
[INFO 1632102000.557291800] [pydyna_simple_node]: listened rudder angle: 0.000000 (callback_rudder() at C:\TCC-Autonomous-Ship\src\main_ws\src\install\Lib\site-packages\pydyna_simple\pydyna_simple.py:89)
[INFO 1632102000.559300700] [pydyna_simple_node]: entered rclpy.ok loop (main() at C:\TCC-Autonomous-Ship\src\main_ws\src\install\Lib\site-packages\pydyna_simple\pydyna_simple.py:138)
[INFO 1632102000.665268000] [pydyna_simple_node]: entered rclpy.ok loop (main() at C:\TCC-Autonomous-Ship\src\main_ws\src\install\Lib\site-packages\pydyna_simple\pydyna_simple.py:138)
[INFO 1632102001.432788500] [pydyna_simple_node]: listened propeller rotation: 1.000000 (callback_propeller() at C:\TCC-Autonomous-Ship\src\main_ws\src\install\Lib\site-packages\pydyna_simple\pydyna_simple.py:84)
[INFO 1632102001.435136600] [pydyna_simple_node]: published state: {position: {x: 0.000031, y: -0.000015, psi: 1.570999}, velocity: {u: 0.000304, v: -0.000168, r: 0.000014}, time: 0.200000} (log_state() at C:\TCC-Autonomous-Ship\src\main_ws\src\install\Lib\site-packages\pydyna_simple\pydyna_simple.py:127)
[INFO 1632102001.435876900] [pydyna_simple_node]: entered rclpy.ok loop (main() at C:\TCC-Autonomous-Ship\src\main_ws\src\install\Lib\site-packages\pydyna_simple\pydyna_simple.py:138)
[INFO 1632102001.555966200] [pydyna_simple_node]: entered rclpy.ok loop (main() at C:\TCC-Autonomous-Ship\src\main_ws\src\install\Lib\site-packages\pydyna_simple\pydyna_simple.py:138)
[INFO 1632102064.319505800] [pydyna_simple_node]: listened propeller rotation: 1.000000 (callback_propeller() at C:\TCC-Autonomous-Ship\src\main_ws\src\install\Lib\site-packages\pydyna_simple\pydyna_simple.py:84)
[INFO 1632102064.321077500] [pydyna_simple_node]: entered rclpy.ok loop (main() at C:\TCC-Autonomous-Ship\src\main_ws\src\install\Lib\site-packages\pydyna_simple\pydyna_simple.py:138)
[INFO 1632102064.441945400] [pydyna_simple_node]: entered rclpy.ok loop (main() at C:\TCC-Autonomous-Ship\src\main_ws\src\install\Lib\site-packages\pydyna_simple\pydyna_simple.py:138)
[INFO 1632102065.321205600] [pydyna_simple_node]: listened rudder angle: 0.000000 (callback_rudder() at C:\TCC-Autonomous-Ship\src\main_ws\src\install\Lib\site-packages\pydyna_simple\pydyna_simple.py:89)
[INFO 1632102065.324016400] [pydyna_simple_node]: published state: {position: {x: 0.000069, y: -0.000035, psi: 1.570997}, velocity: {u: 0.000453, v: -0.000261, r: 0.000021}, time: 0.300000} (log_state() at C:\TCC-Autonomous-Ship\src\main_ws\src\install\Lib\site-packages\pydyna_simple\pydyna_simple.py:127)
[INFO 1632102065.324777500] [pydyna_simple_node]: entered rclpy.ok loop (main() at C:\TCC-Autonomous-Ship\src\main_ws\src\install\Lib\site-packages\pydyna_simple\pydyna_simple.py:138)
[INFO 1632102065.442930100] [pydyna_simple_node]: entered rclpy.ok loop (main() at C:\TCC-Autonomous-Ship\src\main_ws\src\install\Lib\site-packages\pydyna_simple\pydyna_simple.py:138)
[INFO 1632102102.742619400] [pydyna_simple_node]: listened propeller rotation: 1.000000 (callback_propeller() at C:\TCC-Autonomous-Ship\src\main_ws\src\install\Lib\site-packages\pydyna_simple\pydyna_simple.py:84)
[INFO 1632102102.744141800] [pydyna_simple_node]: entered rclpy.ok loop (main() at C:\TCC-Autonomous-Ship\src\main_ws\src\install\Lib\site-packages\pydyna_simple\pydyna_simple.py:138)
[INFO 1632102102.865618100] [pydyna_simple_node]: entered rclpy.ok loop (main() at C:\TCC-Autonomous-Ship\src\main_ws\src\install\Lib\site-packages\pydyna_simple\pydyna_simple.py:138)
[INFO 1632102103.503111400] [pydyna_simple_node]: listened rudder angle: 0.000000 (callback_rudder() at C:\TCC-Autonomous-Ship\src\main_ws\src\install\Lib\site-packages\pydyna_simple\pydyna_simple.py:89)
[INFO 1632102103.505652600] [pydyna_simple_node]: published state: {position: {x: 0.000123, y: -0.000064, psi: 1.570994}, velocity: {u: 0.000600, v: -0.000360, r: 0.000028}, time: 0.400000} (log_state() at C:\TCC-Autonomous-Ship\src\main_ws\src\install\Lib\site-packages\pydyna_simple\pydyna_simple.py:127)
[INFO 1632102103.506276400] [pydyna_simple_node]: entered rclpy.ok loop (main() at C:\TCC-Autonomous-Ship\src\main_ws\src\install\Lib\site-packages\pydyna_simple\pydyna_simple.py:138)
[INFO 1632102103.610615100] [pydyna_simple_node]: entered rclpy.ok loop (main() at C:\TCC-Autonomous-Ship\src\main_ws\src\install\Lib\site-packages\pydyna_simple\pydyna_simple.py:138)
