running egg_info
creating ..\build\py_pubsub\py_pubsub.egg-info
writing ..\build\py_pubsub\py_pubsub.egg-info\PKG-INFO
writing dependency_links to ..\build\py_pubsub\py_pubsub.egg-info\dependency_links.txt
writing entry points to ..\build\py_pubsub\py_pubsub.egg-info\entry_points.txt
writing requirements to ..\build\py_pubsub\py_pubsub.egg-info\requires.txt
writing top-level names to ..\build\py_pubsub\py_pubsub.egg-info\top_level.txt
writing manifest file '..\build\py_pubsub\py_pubsub.egg-info\SOURCES.txt'
reading manifest file '..\build\py_pubsub\py_pubsub.egg-info\SOURCES.txt'
writing manifest file '..\build\py_pubsub\py_pubsub.egg-info\SOURCES.txt'
running build
running build_py
creating C:\Users\phmar\Desktop\TCC-Autonomous-Ship\src\experiments\build\py_pubsub\build
creating C:\Users\phmar\Desktop\TCC-Autonomous-Ship\src\experiments\build\py_pubsub\build\lib
creating C:\Users\phmar\Desktop\TCC-Autonomous-Ship\src\experiments\build\py_pubsub\build\lib\py_pubsub
copying py_pubsub\publisher_member_function.py -> C:\Users\phmar\Desktop\TCC-Autonomous-Ship\src\experiments\build\py_pubsub\build\lib\py_pubsub
copying py_pubsub\subscriber_member_function.py -> C:\Users\phmar\Desktop\TCC-Autonomous-Ship\src\experiments\build\py_pubsub\build\lib\py_pubsub
copying py_pubsub\__init__.py -> C:\Users\phmar\Desktop\TCC-Autonomous-Ship\src\experiments\build\py_pubsub\build\lib\py_pubsub
running install
running install_lib
creating C:\Users\phmar\Desktop\TCC-Autonomous-Ship\src\experiments\install\Lib\site-packages\py_pubsub
copying C:\Users\phmar\Desktop\TCC-Autonomous-Ship\src\experiments\build\py_pubsub\build\lib\py_pubsub\publisher_member_function.py -> C:\Users\phmar\Desktop\TCC-Autonomous-Ship\src\experiments\install\Lib\site-packages\py_pubsub
copying C:\Users\phmar\Desktop\TCC-Autonomous-Ship\src\experiments\build\py_pubsub\build\lib\py_pubsub\subscriber_member_function.py -> C:\Users\phmar\Desktop\TCC-Autonomous-Ship\src\experiments\install\Lib\site-packages\py_pubsub
copying C:\Users\phmar\Desktop\TCC-Autonomous-Ship\src\experiments\build\py_pubsub\build\lib\py_pubsub\__init__.py -> C:\Users\phmar\Desktop\TCC-Autonomous-Ship\src\experiments\install\Lib\site-packages\py_pubsub
byte-compiling C:\Users\phmar\Desktop\TCC-Autonomous-Ship\src\experiments\install\Lib\site-packages\py_pubsub\publisher_member_function.py to publisher_member_function.cpython-36.pyc
byte-compiling C:\Users\phmar\Desktop\TCC-Autonomous-Ship\src\experiments\install\Lib\site-packages\py_pubsub\subscriber_member_function.py to subscriber_member_function.cpython-36.pyc
byte-compiling C:\Users\phmar\Desktop\TCC-Autonomous-Ship\src\experiments\install\Lib\site-packages\py_pubsub\__init__.py to __init__.cpython-36.pyc
running install_data
creating C:\Users\phmar\Desktop\TCC-Autonomous-Ship\src\experiments\install\share\ament_index
creating C:\Users\phmar\Desktop\TCC-Autonomous-Ship\src\experiments\install\share\ament_index\resource_index
creating C:\Users\phmar\Desktop\TCC-Autonomous-Ship\src\experiments\install\share\ament_index\resource_index\packages
copying resource\py_pubsub -> C:\Users\phmar\Desktop\TCC-Autonomous-Ship\src\experiments\install\share\ament_index\resource_index\packages
copying package.xml -> C:\Users\phmar\Desktop\TCC-Autonomous-Ship\src\experiments\install\share\py_pubsub
running install_egg_info
Copying ..\build\py_pubsub\py_pubsub.egg-info to C:\Users\phmar\Desktop\TCC-Autonomous-Ship\src\experiments\install\Lib\site-packages\py_pubsub-0.0.0-py3.6.egg-info
running install_scripts
Installing listener-script.py script to C:\Users\phmar\Desktop\TCC-Autonomous-Ship\src\experiments\install\lib\py_pubsub
Installing listener.exe script to C:\Users\phmar\Desktop\TCC-Autonomous-Ship\src\experiments\install\lib\py_pubsub
Installing talker-script.py script to C:\Users\phmar\Desktop\TCC-Autonomous-Ship\src\experiments\install\lib\py_pubsub
Installing talker.exe script to C:\Users\phmar\Desktop\TCC-Autonomous-Ship\src\experiments\install\lib\py_pubsub
writing list of installed files to 'C:\Users\phmar\Desktop\TCC-Autonomous-Ship\src\experiments\build\py_pubsub\install.log'
