-- Selecting Windows SDK version 10.0.19041.0 to target Windows 10.0.19042.
-- The C compiler identification is MSVC 19.29.30133.0
-- The CXX compiler identification is MSVC 19.29.30133.0
-- Detecting C compiler ABI info
-- Detecting C compiler ABI info - done
-- Check for working C compiler: C:/Program Files (x86)/Microsoft Visual Studio/2019/Community/VC/Tools/MSVC/14.29.30133/bin/Hostx64/x64/cl.exe - skipped
-- Detecting C compile features
-- Detecting C compile features - done
-- Detecting CXX compiler ABI info
-- Detecting CXX compiler ABI info - done
-- Check for working CXX compiler: C:/Program Files (x86)/Microsoft Visual Studio/2019/Community/VC/Tools/MSVC/14.29.30133/bin/Hostx64/x64/cl.exe - skipped
-- Detecting CXX compile features
-- Detecting CXX compile features - done
-- Found ament_cmake: 1.1.4 (C:/dev/ros2_galactic/install/share/ament_cmake/cmake)
-- Found PythonInterp: C:/Users/phmar/AppData/Local/Programs/Python/Python36/python.exe (found suitable version "3.6.8", minimum required is "3") 
-- Using PYTHON_EXECUTABLE: C:/Users/phmar/AppData/Local/Programs/Python/Python36/python.exe
-- Found rosidl_default_generators: 1.1.1 (C:/dev/ros2_galactic/install/share/rosidl_default_generators/cmake)
-- Using all available rosidl_typesupport_c: rosidl_typesupport_fastrtps_c;rosidl_typesupport_introspection_c
-- Found rosidl_adapter: 2.2.1 (C:/dev/ros2_galactic/install/share/rosidl_adapter/cmake)
-- Found FastRTPS: C:/dev/ros2_galactic/install/include  
-- Using all available rosidl_typesupport_cpp: rosidl_typesupport_fastrtps_cpp;rosidl_typesupport_introspection_cpp
-- Found PythonInterp: C:/Users/phmar/AppData/Local/Programs/Python/Python36/python.exe (found version "3.6.8") 
-- Found ament_cmake_ros: 0.9.2 (C:/dev/ros2_galactic/install/share/ament_cmake_ros/cmake)
-- Using all available rosidl_typesupport_c: rosidl_typesupport_fastrtps_c;rosidl_typesupport_introspection_c
-- Using all available rosidl_typesupport_cpp: rosidl_typesupport_fastrtps_cpp;rosidl_typesupport_introspection_cpp
-- Found PythonInterp: C:/Users/phmar/AppData/Local/Programs/Python/Python36/python.exe (found suitable version "3.6.8", minimum required is "3.5") 
-- Found python_cmake_module: 0.8.1 (C:/dev/ros2_galactic/install/share/python_cmake_module/cmake)
-- Found PythonLibs: C:/Users/phmar/AppData/Local/Programs/Python/Python36/libs/python36.lib (found suitable version "3.6.8", minimum required is "3.5") 
-- Using PYTHON_EXECUTABLE: C:/Users/phmar/AppData/Local/Programs/Python/Python36/python.exe
-- Using PYTHON_INCLUDE_DIRS: C:/Users/phmar/AppData/Local/Programs/Python/Python36/include
-- Using PYTHON_LIBRARIES: C:/Users/phmar/AppData/Local/Programs/Python/Python36/libs/python36.lib
-- Found PythonExtra: .pyd  
-- Using numpy include directory: C:\Users\phmar\AppData\Local\Programs\Python\Python36\lib\site-packages\numpy\core\include
-- Found ament_lint_auto: 0.10.6 (C:/dev/ros2_galactic/install/share/ament_lint_auto/cmake)
-- Added test 'copyright' to check source files copyright and LICENSE
-- Added test 'lint_cmake' to check CMake code style
-- Added test 'xmllint' to check XML markup files
-- Configuring done
-- Generating done
-- Build files have been written to: C:/TCC-Autonomous-Ship/src/main_ws/src/build/path_following_interfaces
Microsoft (R) Build Engine version 16.11.0+0538acc04 for .NET Framework
Copyright (C) Microsoft Corporation. All rights reserved.

  Checking Build System
  Generating C++ code for ROS interfaces
  Building Custom Rule C:/TCC-Autonomous-Ship/src/main_ws/src/path_following_interfaces/CMakeLists.txt
  Generating C code for ROS interfaces
  Building Custom Rule C:/TCC-Autonomous-Ship/src/main_ws/src/path_following_interfaces/CMakeLists.txt
  position__functions.c
  velocity__functions.c
  state__functions.c
  start_end_simul__functions.c
     Creating library C:/TCC-Autonomous-Ship/src/main_ws/src/build/path_following_interfaces/Release/path_following_interfaces__rosidl_generator_c.lib and object C:/TCC-Autonomous-Ship/src/main_ws/src/build/path_following_interfaces/Release/path_following_interfaces__rosidl_generator_c.exp
  path_following_interfaces__rosidl_generator_c.vcxproj -> C:\TCC-Autonomous-Ship\src\main_ws\src\build\path_following_interfaces\Release\path_following_interfaces__rosidl_generator_c.dll
  Generating C type support dispatch for ROS interfaces
  Building Custom Rule C:/TCC-Autonomous-Ship/src/main_ws/src/path_following_interfaces/CMakeLists.txt
  position__type_support.cpp
  velocity__type_support.cpp
  state__type_support.cpp
  start_end_simul__type_support.cpp
     Creating library C:/TCC-Autonomous-Ship/src/main_ws/src/build/path_following_interfaces/Release/path_following_interfaces__rosidl_typesupport_c.lib and object C:/TCC-Autonomous-Ship/src/main_ws/src/build/path_following_interfaces/Release/path_following_interfaces__rosidl_typesupport_c.exp
  path_following_interfaces__rosidl_typesupport_c.vcxproj -> C:\TCC-Autonomous-Ship\src\main_ws\src\build\path_following_interfaces\Release\path_following_interfaces__rosidl_typesupport_c.dll
  Generating C++ type support dispatch for ROS interfaces
  Building Custom Rule C:/TCC-Autonomous-Ship/src/main_ws/src/path_following_interfaces/CMakeLists.txt
  position__type_support.cpp
  velocity__type_support.cpp
  state__type_support.cpp
  start_end_simul__type_support.cpp
     Creating library C:/TCC-Autonomous-Ship/src/main_ws/src/build/path_following_interfaces/Release/path_following_interfaces__rosidl_typesupport_cpp.lib and object C:/TCC-Autonomous-Ship/src/main_ws/src/build/path_following_interfaces/Release/path_following_interfaces__rosidl_typesupport_cpp.exp
  path_following_interfaces__rosidl_typesupport_cpp.vcxproj -> C:\TCC-Autonomous-Ship\src\main_ws\src\build\path_following_interfaces\Release\path_following_interfaces__rosidl_typesupport_cpp.dll
  Generating C++ type support for eProsima Fast-RTPS
  Building Custom Rule C:/TCC-Autonomous-Ship/src/main_ws/src/path_following_interfaces/CMakeLists.txt
  position__type_support.cpp
  velocity__type_support.cpp
  state__type_support.cpp
  start_end_simul__type_support.cpp
     Creating library C:/TCC-Autonomous-Ship/src/main_ws/src/build/path_following_interfaces/Release/path_following_interfaces__rosidl_typesupport_fastrtps_cpp.lib and object C:/TCC-Autonomous-Ship/src/main_ws/src/build/path_following_interfaces/Release/path_following_interfaces__rosidl_typesupport_fastrtps_cpp.exp
  path_following_interfaces__rosidl_typesupport_fastrtps_cpp.vcxproj -> C:\TCC-Autonomous-Ship\src\main_ws\src\build\path_following_interfaces\Release\path_following_interfaces__rosidl_typesupport_fastrtps_cpp.dll
  Generating C type support for eProsima Fast-RTPS
  Building Custom Rule C:/TCC-Autonomous-Ship/src/main_ws/src/path_following_interfaces/CMakeLists.txt
  position__type_support_c.cpp
  velocity__type_support_c.cpp
  state__type_support_c.cpp
  start_end_simul__type_support_c.cpp
     Creating library C:/TCC-Autonomous-Ship/src/main_ws/src/build/path_following_interfaces/Release/path_following_interfaces__rosidl_typesupport_fastrtps_c.lib and object C:/TCC-Autonomous-Ship/src/main_ws/src/build/path_following_interfaces/Release/path_following_interfaces__rosidl_typesupport_fastrtps_c.exp
  path_following_interfaces__rosidl_typesupport_fastrtps_c.vcxproj -> C:\TCC-Autonomous-Ship\src\main_ws\src\build\path_following_interfaces\Release\path_following_interfaces__rosidl_typesupport_fastrtps_c.dll
  Generating C introspection for ROS interfaces
  Building Custom Rule C:/TCC-Autonomous-Ship/src/main_ws/src/path_following_interfaces/CMakeLists.txt
  position__type_support.c
  velocity__type_support.c
  state__type_support.c
  start_end_simul__type_support.c
     Creating library C:/TCC-Autonomous-Ship/src/main_ws/src/build/path_following_interfaces/Release/path_following_interfaces__rosidl_typesupport_introspection_c.lib and object C:/TCC-Autonomous-Ship/src/main_ws/src/build/path_following_interfaces/Release/path_following_interfaces__rosidl_typesupport_introspection_c.exp
  path_following_interfaces__rosidl_typesupport_introspection_c.vcxproj -> C:\TCC-Autonomous-Ship\src\main_ws\src\build\path_following_interfaces\Release\path_following_interfaces__rosidl_typesupport_introspection_c.dll
  Generating C++ introspection for ROS interfaces
  Building Custom Rule C:/TCC-Autonomous-Ship/src/main_ws/src/path_following_interfaces/CMakeLists.txt
  position__type_support.cpp
  velocity__type_support.cpp
  state__type_support.cpp
  start_end_simul__type_support.cpp
     Creating library C:/TCC-Autonomous-Ship/src/main_ws/src/build/path_following_interfaces/Release/path_following_interfaces__rosidl_typesupport_introspection_cpp.lib and object C:/TCC-Autonomous-Ship/src/main_ws/src/build/path_following_interfaces/Release/path_following_interfaces__rosidl_typesupport_introspection_cpp.exp
  path_following_interfaces__rosidl_typesupport_introspection_cpp.vcxproj -> C:\TCC-Autonomous-Ship\src\main_ws\src\build\path_following_interfaces\Release\path_following_interfaces__rosidl_typesupport_introspection_cpp.dll
  Building Custom Rule C:/TCC-Autonomous-Ship/src/main_ws/src/path_following_interfaces/CMakeLists.txt
  Generating Python code for ROS interfaces
  Building Custom Rule C:/TCC-Autonomous-Ship/src/main_ws/src/build/path_following_interfaces/path_following_interfaces__py/CMakeLists.txt
  Building Custom Rule C:/TCC-Autonomous-Ship/src/main_ws/src/path_following_interfaces/CMakeLists.txt
  _position_s.c
  _velocity_s.c
  _state_s.c
  _start_end_simul_s.c
     Creating library C:/TCC-Autonomous-Ship/src/main_ws/src/build/path_following_interfaces/Release/path_following_interfaces__python.lib and object C:/TCC-Autonomous-Ship/src/main_ws/src/build/path_following_interfaces/Release/path_following_interfaces__python.exp
  path_following_interfaces__python.vcxproj -> C:\TCC-Autonomous-Ship\src\main_ws\src\build\path_following_interfaces\rosidl_generator_py\path_following_interfaces\path_following_interfaces__python.dll
  Building Custom Rule C:/TCC-Autonomous-Ship/src/main_ws/src/path_following_interfaces/CMakeLists.txt
  _path_following_interfaces_s.ep.rosidl_typesupport_c.c
     Creating library C:/TCC-Autonomous-Ship/src/main_ws/src/build/path_following_interfaces/Release/path_following_interfaces_s__rosidl_typesupport_c.lib and object C:/TCC-Autonomous-Ship/src/main_ws/src/build/path_following_interfaces/Release/path_following_interfaces_s__rosidl_typesupport_c.exp
  path_following_interfaces__rosidl_typesupport_c__pyext.vcxproj -> C:\TCC-Autonomous-Ship\src\main_ws\src\build\path_following_interfaces\rosidl_generator_py\path_following_interfaces\path_following_interfaces_s__rosidl_typesupport_c.pyd
  Building Custom Rule C:/TCC-Autonomous-Ship/src/main_ws/src/path_following_interfaces/CMakeLists.txt
  _path_following_interfaces_s.ep.rosidl_typesupport_fastrtps_c.c
     Creating library C:/TCC-Autonomous-Ship/src/main_ws/src/build/path_following_interfaces/Release/path_following_interfaces_s__rosidl_typesupport_fastrtps_c.lib and object C:/TCC-Autonomous-Ship/src/main_ws/src/build/path_following_interfaces/Release/path_following_interfaces_s__rosidl_typesupport_fastrtps_c.exp
  path_following_interfaces__rosidl_typesupport_fastrtps_c__pyext.vcxproj -> C:\TCC-Autonomous-Ship\src\main_ws\src\build\path_following_interfaces\rosidl_generator_py\path_following_interfaces\path_following_interfaces_s__rosidl_typesupport_fastrtps_c.pyd
  Building Custom Rule C:/TCC-Autonomous-Ship/src/main_ws/src/path_following_interfaces/CMakeLists.txt
  _path_following_interfaces_s.ep.rosidl_typesupport_introspection_c.c
     Creating library C:/TCC-Autonomous-Ship/src/main_ws/src/build/path_following_interfaces/Release/path_following_interfaces_s__rosidl_typesupport_introspection_c.lib and object C:/TCC-Autonomous-Ship/src/main_ws/src/build/path_following_interfaces/Release/path_following_interfaces_s__rosidl_typesupport_introspection_c.exp
  path_following_interfaces__rosidl_typesupport_introspection_c__pyext.vcxproj -> C:\TCC-Autonomous-Ship\src\main_ws\src\build\path_following_interfaces\rosidl_generator_py\path_following_interfaces\path_following_interfaces_s__rosidl_typesupport_introspection_c.pyd
  Building Custom Rule C:/TCC-Autonomous-Ship/src/main_ws/src/path_following_interfaces/CMakeLists.txt
-- Installing: C:/TCC-Autonomous-Ship/src/main_ws/src/install/share/ament_index/resource_index/rosidl_interfaces/path_following_interfaces
-- Installing: C:/TCC-Autonomous-Ship/src/main_ws/src/install/include/path_following_interfaces
-- Installing: C:/TCC-Autonomous-Ship/src/main_ws/src/install/include/path_following_interfaces/msg
-- Installing: C:/TCC-Autonomous-Ship/src/main_ws/src/install/include/path_following_interfaces/msg/detail
-- Installing: C:/TCC-Autonomous-Ship/src/main_ws/src/install/include/path_following_interfaces/msg/detail/position__functions.c
-- Installing: C:/TCC-Autonomous-Ship/src/main_ws/src/install/include/path_following_interfaces/msg/detail/position__functions.h
-- Installing: C:/TCC-Autonomous-Ship/src/main_ws/src/install/include/path_following_interfaces/msg/detail/position__struct.h
-- Installing: C:/TCC-Autonomous-Ship/src/main_ws/src/install/include/path_following_interfaces/msg/detail/position__type_support.h
-- Installing: C:/TCC-Autonomous-Ship/src/main_ws/src/install/include/path_following_interfaces/msg/detail/state__functions.c
-- Installing: C:/TCC-Autonomous-Ship/src/main_ws/src/install/include/path_following_interfaces/msg/detail/state__functions.h
-- Installing: C:/TCC-Autonomous-Ship/src/main_ws/src/install/include/path_following_interfaces/msg/detail/state__struct.h
-- Installing: C:/TCC-Autonomous-Ship/src/main_ws/src/install/include/path_following_interfaces/msg/detail/state__type_support.h
-- Installing: C:/TCC-Autonomous-Ship/src/main_ws/src/install/include/path_following_interfaces/msg/detail/velocity__functions.c
-- Installing: C:/TCC-Autonomous-Ship/src/main_ws/src/install/include/path_following_interfaces/msg/detail/velocity__functions.h
-- Installing: C:/TCC-Autonomous-Ship/src/main_ws/src/install/include/path_following_interfaces/msg/detail/velocity__struct.h
-- Installing: C:/TCC-Autonomous-Ship/src/main_ws/src/install/include/path_following_interfaces/msg/detail/velocity__type_support.h
-- Installing: C:/TCC-Autonomous-Ship/src/main_ws/src/install/include/path_following_interfaces/msg/position.h
-- Installing: C:/TCC-Autonomous-Ship/src/main_ws/src/install/include/path_following_interfaces/msg/rosidl_generator_c__visibility_control.h
-- Installing: C:/TCC-Autonomous-Ship/src/main_ws/src/install/include/path_following_interfaces/msg/state.h
-- Installing: C:/TCC-Autonomous-Ship/src/main_ws/src/install/include/path_following_interfaces/msg/velocity.h
-- Installing: C:/TCC-Autonomous-Ship/src/main_ws/src/install/include/path_following_interfaces/srv
-- Installing: C:/TCC-Autonomous-Ship/src/main_ws/src/install/include/path_following_interfaces/srv/detail
-- Installing: C:/TCC-Autonomous-Ship/src/main_ws/src/install/include/path_following_interfaces/srv/detail/start_end_simul__functions.c
-- Installing: C:/TCC-Autonomous-Ship/src/main_ws/src/install/include/path_following_interfaces/srv/detail/start_end_simul__functions.h
-- Installing: C:/TCC-Autonomous-Ship/src/main_ws/src/install/include/path_following_interfaces/srv/detail/start_end_simul__struct.h
-- Installing: C:/TCC-Autonomous-Ship/src/main_ws/src/install/include/path_following_interfaces/srv/detail/start_end_simul__type_support.h
-- Installing: C:/TCC-Autonomous-Ship/src/main_ws/src/install/include/path_following_interfaces/srv/start_end_simul.h
-- Installing: C:/TCC-Autonomous-Ship/src/main_ws/src/install/lib/path_following_interfaces__rosidl_generator_c.lib
-- Installing: C:/TCC-Autonomous-Ship/src/main_ws/src/install/bin/path_following_interfaces__rosidl_generator_c.dll
-- Up-to-date: C:/TCC-Autonomous-Ship/src/main_ws/src/install/include/path_following_interfaces
-- Up-to-date: C:/TCC-Autonomous-Ship/src/main_ws/src/install/include/path_following_interfaces/msg
-- Up-to-date: C:/TCC-Autonomous-Ship/src/main_ws/src/install/include/path_following_interfaces/msg/detail
-- Installing: C:/TCC-Autonomous-Ship/src/main_ws/src/install/include/path_following_interfaces/msg/detail/position__rosidl_typesupport_fastrtps_c.h
-- Installing: C:/TCC-Autonomous-Ship/src/main_ws/src/install/include/path_following_interfaces/msg/detail/state__rosidl_typesupport_fastrtps_c.h
-- Installing: C:/TCC-Autonomous-Ship/src/main_ws/src/install/include/path_following_interfaces/msg/detail/velocity__rosidl_typesupport_fastrtps_c.h
-- Installing: C:/TCC-Autonomous-Ship/src/main_ws/src/install/include/path_following_interfaces/msg/rosidl_typesupport_fastrtps_c__visibility_control.h
-- Up-to-date: C:/TCC-Autonomous-Ship/src/main_ws/src/install/include/path_following_interfaces/srv
-- Up-to-date: C:/TCC-Autonomous-Ship/src/main_ws/src/install/include/path_following_interfaces/srv/detail
-- Installing: C:/TCC-Autonomous-Ship/src/main_ws/src/install/include/path_following_interfaces/srv/detail/start_end_simul__rosidl_typesupport_fastrtps_c.h
-- Installing: C:/TCC-Autonomous-Ship/src/main_ws/src/install/lib/path_following_interfaces__rosidl_typesupport_fastrtps_c.lib
-- Installing: C:/TCC-Autonomous-Ship/src/main_ws/src/install/bin/path_following_interfaces__rosidl_typesupport_fastrtps_c.dll
-- Up-to-date: C:/TCC-Autonomous-Ship/src/main_ws/src/install/include/path_following_interfaces
-- Up-to-date: C:/TCC-Autonomous-Ship/src/main_ws/src/install/include/path_following_interfaces/msg
-- Up-to-date: C:/TCC-Autonomous-Ship/src/main_ws/src/install/include/path_following_interfaces/msg/detail
-- Installing: C:/TCC-Autonomous-Ship/src/main_ws/src/install/include/path_following_interfaces/msg/detail/dds_fastrtps
-- Installing: C:/TCC-Autonomous-Ship/src/main_ws/src/install/include/path_following_interfaces/msg/detail/position__rosidl_typesupport_fastrtps_cpp.hpp
-- Installing: C:/TCC-Autonomous-Ship/src/main_ws/src/install/include/path_following_interfaces/msg/detail/state__rosidl_typesupport_fastrtps_cpp.hpp
-- Installing: C:/TCC-Autonomous-Ship/src/main_ws/src/install/include/path_following_interfaces/msg/detail/velocity__rosidl_typesupport_fastrtps_cpp.hpp
-- Installing: C:/TCC-Autonomous-Ship/src/main_ws/src/install/include/path_following_interfaces/msg/rosidl_typesupport_fastrtps_cpp__visibility_control.h
-- Up-to-date: C:/TCC-Autonomous-Ship/src/main_ws/src/install/include/path_following_interfaces/srv
-- Up-to-date: C:/TCC-Autonomous-Ship/src/main_ws/src/install/include/path_following_interfaces/srv/detail
-- Installing: C:/TCC-Autonomous-Ship/src/main_ws/src/install/include/path_following_interfaces/srv/detail/dds_fastrtps
-- Installing: C:/TCC-Autonomous-Ship/src/main_ws/src/install/include/path_following_interfaces/srv/detail/start_end_simul__rosidl_typesupport_fastrtps_cpp.hpp
-- Installing: C:/TCC-Autonomous-Ship/src/main_ws/src/install/lib/path_following_interfaces__rosidl_typesupport_fastrtps_cpp.lib
-- Installing: C:/TCC-Autonomous-Ship/src/main_ws/src/install/bin/path_following_interfaces__rosidl_typesupport_fastrtps_cpp.dll
-- Up-to-date: C:/TCC-Autonomous-Ship/src/main_ws/src/install/include/path_following_interfaces
-- Up-to-date: C:/TCC-Autonomous-Ship/src/main_ws/src/install/include/path_following_interfaces/msg
-- Up-to-date: C:/TCC-Autonomous-Ship/src/main_ws/src/install/include/path_following_interfaces/msg/detail
-- Installing: C:/TCC-Autonomous-Ship/src/main_ws/src/install/include/path_following_interfaces/msg/detail/position__rosidl_typesupport_introspection_c.h
-- Installing: C:/TCC-Autonomous-Ship/src/main_ws/src/install/include/path_following_interfaces/msg/detail/position__type_support.c
-- Installing: C:/TCC-Autonomous-Ship/src/main_ws/src/install/include/path_following_interfaces/msg/detail/state__rosidl_typesupport_introspection_c.h
-- Installing: C:/TCC-Autonomous-Ship/src/main_ws/src/install/include/path_following_interfaces/msg/detail/state__type_support.c
-- Installing: C:/TCC-Autonomous-Ship/src/main_ws/src/install/include/path_following_interfaces/msg/detail/velocity__rosidl_typesupport_introspection_c.h
-- Installing: C:/TCC-Autonomous-Ship/src/main_ws/src/install/include/path_following_interfaces/msg/detail/velocity__type_support.c
-- Installing: C:/TCC-Autonomous-Ship/src/main_ws/src/install/include/path_following_interfaces/msg/rosidl_typesupport_introspection_c__visibility_control.h
-- Up-to-date: C:/TCC-Autonomous-Ship/src/main_ws/src/install/include/path_following_interfaces/srv
-- Up-to-date: C:/TCC-Autonomous-Ship/src/main_ws/src/install/include/path_following_interfaces/srv/detail
-- Installing: C:/TCC-Autonomous-Ship/src/main_ws/src/install/include/path_following_interfaces/srv/detail/start_end_simul__rosidl_typesupport_introspection_c.h
-- Installing: C:/TCC-Autonomous-Ship/src/main_ws/src/install/include/path_following_interfaces/srv/detail/start_end_simul__type_support.c
-- Installing: C:/TCC-Autonomous-Ship/src/main_ws/src/install/lib/path_following_interfaces__rosidl_typesupport_introspection_c.lib
-- Installing: C:/TCC-Autonomous-Ship/src/main_ws/src/install/bin/path_following_interfaces__rosidl_typesupport_introspection_c.dll
-- Installing: C:/TCC-Autonomous-Ship/src/main_ws/src/install/lib/path_following_interfaces__rosidl_typesupport_c.lib
-- Installing: C:/TCC-Autonomous-Ship/src/main_ws/src/install/bin/path_following_interfaces__rosidl_typesupport_c.dll
-- Up-to-date: C:/TCC-Autonomous-Ship/src/main_ws/src/install/include/path_following_interfaces
-- Up-to-date: C:/TCC-Autonomous-Ship/src/main_ws/src/install/include/path_following_interfaces/msg
-- Up-to-date: C:/TCC-Autonomous-Ship/src/main_ws/src/install/include/path_following_interfaces/msg/detail
-- Installing: C:/TCC-Autonomous-Ship/src/main_ws/src/install/include/path_following_interfaces/msg/detail/position__builder.hpp
-- Installing: C:/TCC-Autonomous-Ship/src/main_ws/src/install/include/path_following_interfaces/msg/detail/position__struct.hpp
-- Installing: C:/TCC-Autonomous-Ship/src/main_ws/src/install/include/path_following_interfaces/msg/detail/position__traits.hpp
-- Installing: C:/TCC-Autonomous-Ship/src/main_ws/src/install/include/path_following_interfaces/msg/detail/state__builder.hpp
-- Installing: C:/TCC-Autonomous-Ship/src/main_ws/src/install/include/path_following_interfaces/msg/detail/state__struct.hpp
-- Installing: C:/TCC-Autonomous-Ship/src/main_ws/src/install/include/path_following_interfaces/msg/detail/state__traits.hpp
-- Installing: C:/TCC-Autonomous-Ship/src/main_ws/src/install/include/path_following_interfaces/msg/detail/velocity__builder.hpp
-- Installing: C:/TCC-Autonomous-Ship/src/main_ws/src/install/include/path_following_interfaces/msg/detail/velocity__struct.hpp
-- Installing: C:/TCC-Autonomous-Ship/src/main_ws/src/install/include/path_following_interfaces/msg/detail/velocity__traits.hpp
-- Installing: C:/TCC-Autonomous-Ship/src/main_ws/src/install/include/path_following_interfaces/msg/position.hpp
-- Installing: C:/TCC-Autonomous-Ship/src/main_ws/src/install/include/path_following_interfaces/msg/state.hpp
-- Installing: C:/TCC-Autonomous-Ship/src/main_ws/src/install/include/path_following_interfaces/msg/velocity.hpp
-- Up-to-date: C:/TCC-Autonomous-Ship/src/main_ws/src/install/include/path_following_interfaces/srv
-- Up-to-date: C:/TCC-Autonomous-Ship/src/main_ws/src/install/include/path_following_interfaces/srv/detail
-- Installing: C:/TCC-Autonomous-Ship/src/main_ws/src/install/include/path_following_interfaces/srv/detail/start_end_simul__builder.hpp
-- Installing: C:/TCC-Autonomous-Ship/src/main_ws/src/install/include/path_following_interfaces/srv/detail/start_end_simul__struct.hpp
-- Installing: C:/TCC-Autonomous-Ship/src/main_ws/src/install/include/path_following_interfaces/srv/detail/start_end_simul__traits.hpp
-- Installing: C:/TCC-Autonomous-Ship/src/main_ws/src/install/include/path_following_interfaces/srv/start_end_simul.hpp
-- Up-to-date: C:/TCC-Autonomous-Ship/src/main_ws/src/install/include/path_following_interfaces
-- Up-to-date: C:/TCC-Autonomous-Ship/src/main_ws/src/install/include/path_following_interfaces/msg
-- Up-to-date: C:/TCC-Autonomous-Ship/src/main_ws/src/install/include/path_following_interfaces/msg/detail
-- Installing: C:/TCC-Autonomous-Ship/src/main_ws/src/install/include/path_following_interfaces/msg/detail/position__rosidl_typesupport_introspection_cpp.hpp
-- Installing: C:/TCC-Autonomous-Ship/src/main_ws/src/install/include/path_following_interfaces/msg/detail/position__type_support.cpp
-- Installing: C:/TCC-Autonomous-Ship/src/main_ws/src/install/include/path_following_interfaces/msg/detail/state__rosidl_typesupport_introspection_cpp.hpp
-- Installing: C:/TCC-Autonomous-Ship/src/main_ws/src/install/include/path_following_interfaces/msg/detail/state__type_support.cpp
-- Installing: C:/TCC-Autonomous-Ship/src/main_ws/src/install/include/path_following_interfaces/msg/detail/velocity__rosidl_typesupport_introspection_cpp.hpp
-- Installing: C:/TCC-Autonomous-Ship/src/main_ws/src/install/include/path_following_interfaces/msg/detail/velocity__type_support.cpp
-- Up-to-date: C:/TCC-Autonomous-Ship/src/main_ws/src/install/include/path_following_interfaces/srv
-- Up-to-date: C:/TCC-Autonomous-Ship/src/main_ws/src/install/include/path_following_interfaces/srv/detail
-- Installing: C:/TCC-Autonomous-Ship/src/main_ws/src/install/include/path_following_interfaces/srv/detail/start_end_simul__rosidl_typesupport_introspection_cpp.hpp
-- Installing: C:/TCC-Autonomous-Ship/src/main_ws/src/install/include/path_following_interfaces/srv/detail/start_end_simul__type_support.cpp
-- Installing: C:/TCC-Autonomous-Ship/src/main_ws/src/install/lib/path_following_interfaces__rosidl_typesupport_introspection_cpp.lib
-- Installing: C:/TCC-Autonomous-Ship/src/main_ws/src/install/bin/path_following_interfaces__rosidl_typesupport_introspection_cpp.dll
-- Installing: C:/TCC-Autonomous-Ship/src/main_ws/src/install/lib/path_following_interfaces__rosidl_typesupport_cpp.lib
-- Installing: C:/TCC-Autonomous-Ship/src/main_ws/src/install/bin/path_following_interfaces__rosidl_typesupport_cpp.dll
-- Installing: C:/TCC-Autonomous-Ship/src/main_ws/src/install/share/path_following_interfaces/environment/pythonpath.bat
-- Installing: C:/TCC-Autonomous-Ship/src/main_ws/src/install/share/path_following_interfaces/environment/pythonpath.dsv
-- Installing: C:/TCC-Autonomous-Ship/src/main_ws/src/install/Lib/site-packages/path_following_interfaces/__init__.py
Compiling 'C:/TCC-Autonomous-Ship/src/main_ws/src/install/Lib/site-packages/path_following_interfaces/__init__.py'...
-- Installing: C:/TCC-Autonomous-Ship/src/main_ws/src/install/Lib/site-packages/path_following_interfaces/msg
-- Installing: C:/TCC-Autonomous-Ship/src/main_ws/src/install/Lib/site-packages/path_following_interfaces/msg/_position.py
-- Installing: C:/TCC-Autonomous-Ship/src/main_ws/src/install/Lib/site-packages/path_following_interfaces/msg/_position_s.c
-- Installing: C:/TCC-Autonomous-Ship/src/main_ws/src/install/Lib/site-packages/path_following_interfaces/msg/_state.py
-- Installing: C:/TCC-Autonomous-Ship/src/main_ws/src/install/Lib/site-packages/path_following_interfaces/msg/_state_s.c
-- Installing: C:/TCC-Autonomous-Ship/src/main_ws/src/install/Lib/site-packages/path_following_interfaces/msg/_velocity.py
-- Installing: C:/TCC-Autonomous-Ship/src/main_ws/src/install/Lib/site-packages/path_following_interfaces/msg/_velocity_s.c
-- Installing: C:/TCC-Autonomous-Ship/src/main_ws/src/install/Lib/site-packages/path_following_interfaces/msg/__init__.py
-- Installing: C:/TCC-Autonomous-Ship/src/main_ws/src/install/Lib/site-packages/path_following_interfaces/srv
-- Installing: C:/TCC-Autonomous-Ship/src/main_ws/src/install/Lib/site-packages/path_following_interfaces/srv/_start_end_simul.py
-- Installing: C:/TCC-Autonomous-Ship/src/main_ws/src/install/Lib/site-packages/path_following_interfaces/srv/_start_end_simul_s.c
-- Installing: C:/TCC-Autonomous-Ship/src/main_ws/src/install/Lib/site-packages/path_following_interfaces/srv/__init__.py
-- Installing: C:/TCC-Autonomous-Ship/src/main_ws/src/install/Lib/site-packages/path_following_interfaces/path_following_interfaces_s__rosidl_typesupport_fastrtps_c.lib
-- Installing: C:/TCC-Autonomous-Ship/src/main_ws/src/install/Lib/site-packages/path_following_interfaces/path_following_interfaces_s__rosidl_typesupport_fastrtps_c.pyd
-- Installing: C:/TCC-Autonomous-Ship/src/main_ws/src/install/Lib/site-packages/path_following_interfaces/path_following_interfaces_s__rosidl_typesupport_introspection_c.lib
-- Installing: C:/TCC-Autonomous-Ship/src/main_ws/src/install/Lib/site-packages/path_following_interfaces/path_following_interfaces_s__rosidl_typesupport_introspection_c.pyd
-- Installing: C:/TCC-Autonomous-Ship/src/main_ws/src/install/Lib/site-packages/path_following_interfaces/path_following_interfaces_s__rosidl_typesupport_c.lib
-- Installing: C:/TCC-Autonomous-Ship/src/main_ws/src/install/Lib/site-packages/path_following_interfaces/path_following_interfaces_s__rosidl_typesupport_c.pyd
-- Installing: C:/TCC-Autonomous-Ship/src/main_ws/src/install/lib/path_following_interfaces__python.lib
-- Installing: C:/TCC-Autonomous-Ship/src/main_ws/src/install/bin/path_following_interfaces__python.dll
-- Installing: C:/TCC-Autonomous-Ship/src/main_ws/src/install/share/path_following_interfaces/msg/Position.idl
-- Installing: C:/TCC-Autonomous-Ship/src/main_ws/src/install/share/path_following_interfaces/msg/Velocity.idl
-- Installing: C:/TCC-Autonomous-Ship/src/main_ws/src/install/share/path_following_interfaces/msg/State.idl
-- Installing: C:/TCC-Autonomous-Ship/src/main_ws/src/install/share/path_following_interfaces/srv/StartEndSimul.idl
-- Installing: C:/TCC-Autonomous-Ship/src/main_ws/src/install/share/path_following_interfaces/msg/Position.msg
-- Installing: C:/TCC-Autonomous-Ship/src/main_ws/src/install/share/path_following_interfaces/msg/Velocity.msg
-- Installing: C:/TCC-Autonomous-Ship/src/main_ws/src/install/share/path_following_interfaces/msg/State.msg
-- Installing: C:/TCC-Autonomous-Ship/src/main_ws/src/install/share/path_following_interfaces/srv/StartEndSimul.srv
-- Installing: C:/TCC-Autonomous-Ship/src/main_ws/src/install/share/path_following_interfaces/srv/StartEndSimul_Request.msg
-- Installing: C:/TCC-Autonomous-Ship/src/main_ws/src/install/share/path_following_interfaces/srv/StartEndSimul_Response.msg
-- Installing: C:/TCC-Autonomous-Ship/src/main_ws/src/install/share/ament_index/resource_index/package_run_dependencies/path_following_interfaces
-- Installing: C:/TCC-Autonomous-Ship/src/main_ws/src/install/share/ament_index/resource_index/parent_prefix_path/path_following_interfaces
-- Installing: C:/TCC-Autonomous-Ship/src/main_ws/src/install/share/path_following_interfaces/environment/ament_prefix_path.bat
-- Installing: C:/TCC-Autonomous-Ship/src/main_ws/src/install/share/path_following_interfaces/environment/ament_prefix_path.dsv
-- Installing: C:/TCC-Autonomous-Ship/src/main_ws/src/install/share/path_following_interfaces/environment/path.bat
-- Installing: C:/TCC-Autonomous-Ship/src/main_ws/src/install/share/path_following_interfaces/environment/path.dsv
-- Installing: C:/TCC-Autonomous-Ship/src/main_ws/src/install/share/path_following_interfaces/local_setup.bat
-- Installing: C:/TCC-Autonomous-Ship/src/main_ws/src/install/share/path_following_interfaces/local_setup.dsv
-- Installing: C:/TCC-Autonomous-Ship/src/main_ws/src/install/share/path_following_interfaces/package.dsv
-- Installing: C:/TCC-Autonomous-Ship/src/main_ws/src/install/share/ament_index/resource_index/packages/path_following_interfaces
-- Installing: C:/TCC-Autonomous-Ship/src/main_ws/src/install/share/path_following_interfaces/cmake/path_following_interfaces__rosidl_generator_cExport.cmake
-- Installing: C:/TCC-Autonomous-Ship/src/main_ws/src/install/share/path_following_interfaces/cmake/path_following_interfaces__rosidl_generator_cExport-release.cmake
-- Installing: C:/TCC-Autonomous-Ship/src/main_ws/src/install/share/path_following_interfaces/cmake/path_following_interfaces__rosidl_typesupport_introspection_cExport.cmake
-- Installing: C:/TCC-Autonomous-Ship/src/main_ws/src/install/share/path_following_interfaces/cmake/path_following_interfaces__rosidl_typesupport_introspection_cExport-release.cmake
-- Installing: C:/TCC-Autonomous-Ship/src/main_ws/src/install/share/path_following_interfaces/cmake/path_following_interfaces__rosidl_typesupport_cExport.cmake
-- Installing: C:/TCC-Autonomous-Ship/src/main_ws/src/install/share/path_following_interfaces/cmake/path_following_interfaces__rosidl_typesupport_cExport-release.cmake
-- Installing: C:/TCC-Autonomous-Ship/src/main_ws/src/install/share/path_following_interfaces/cmake/path_following_interfaces__rosidl_generator_cppExport.cmake
-- Installing: C:/TCC-Autonomous-Ship/src/main_ws/src/install/share/path_following_interfaces/cmake/path_following_interfaces__rosidl_typesupport_introspection_cppExport.cmake
-- Installing: C:/TCC-Autonomous-Ship/src/main_ws/src/install/share/path_following_interfaces/cmake/path_following_interfaces__rosidl_typesupport_introspection_cppExport-release.cmake
-- Installing: C:/TCC-Autonomous-Ship/src/main_ws/src/install/share/path_following_interfaces/cmake/path_following_interfaces__rosidl_typesupport_cppExport.cmake
-- Installing: C:/TCC-Autonomous-Ship/src/main_ws/src/install/share/path_following_interfaces/cmake/path_following_interfaces__rosidl_typesupport_cppExport-release.cmake
-- Installing: C:/TCC-Autonomous-Ship/src/main_ws/src/install/share/path_following_interfaces/cmake/rosidl_cmake-extras.cmake
-- Installing: C:/TCC-Autonomous-Ship/src/main_ws/src/install/share/path_following_interfaces/cmake/ament_cmake_export_dependencies-extras.cmake
-- Installing: C:/TCC-Autonomous-Ship/src/main_ws/src/install/share/path_following_interfaces/cmake/ament_cmake_export_libraries-extras.cmake
-- Installing: C:/TCC-Autonomous-Ship/src/main_ws/src/install/share/path_following_interfaces/cmake/ament_cmake_export_targets-extras.cmake
-- Installing: C:/TCC-Autonomous-Ship/src/main_ws/src/install/share/path_following_interfaces/cmake/ament_cmake_export_include_directories-extras.cmake
-- Installing: C:/TCC-Autonomous-Ship/src/main_ws/src/install/share/path_following_interfaces/cmake/rosidl_cmake_export_typesupport_libraries-extras.cmake
-- Installing: C:/TCC-Autonomous-Ship/src/main_ws/src/install/share/path_following_interfaces/cmake/rosidl_cmake_export_typesupport_targets-extras.cmake
-- Installing: C:/TCC-Autonomous-Ship/src/main_ws/src/install/share/path_following_interfaces/cmake/path_following_interfacesConfig.cmake
-- Installing: C:/TCC-Autonomous-Ship/src/main_ws/src/install/share/path_following_interfaces/cmake/path_following_interfacesConfig-version.cmake
-- Installing: C:/TCC-Autonomous-Ship/src/main_ws/src/install/share/path_following_interfaces/package.xml
