[0.000000] (-) TimerEvent: {}
[0.016000] (py_pubsub) JobQueued: {'identifier': 'py_pubsub', 'dependencies': OrderedDict()}
[0.016000] (py_pubsub) JobStarted: {'identifier': 'py_pubsub'}
[0.110000] (-) TimerEvent: {}
[0.219000] (-) TimerEvent: {}
[0.328000] (-) TimerEvent: {}
[0.438000] (-) TimerEvent: {}
[0.547000] (py_pubsub) Command: {'cmd': ['c:\\users\\phmar\\appdata\\local\\programs\\python\\python36\\python.exe', 'setup.py', 'egg_info', '--egg-base', '..\\build\\py_pubsub', 'build', '--build-base', 'C:\\Users\\phmar\\Desktop\\TCC-Autonomous-Ship\\src\\experiments\\build\\py_pubsub\\build', 'install', '--prefix', 'C:\\Users\\phmar\\Desktop\\TCC-Autonomous-Ship\\src\\experiments\\install', '--record', 'C:\\Users\\phmar\\Desktop\\TCC-Autonomous-Ship\\src\\experiments\\build\\py_pubsub\\install.log', '--single-version-externally-managed'], 'cwd': 'C:\\Users\\phmar\\Desktop\\TCC-Autonomous-Ship\\src\\experiments\\py_pubsub', 'env': {'ALLUSERSPROFILE': 'C:\\ProgramData', 'AMENT_PREFIX_PATH': 'C:\\dev\\ros2_galactic\\install', 'APPDATA': 'C:\\Users\\phmar\\AppData\\Roaming', 'ChocolateyInstall': 'C:\\ProgramData\\chocolatey', 'ChocolateyLastPathUpdate': '132753457070742031', 'CMAKE_PREFIX_PATH': 'C:\\dev\\ros2_galactic\\install', 'COLCON': '1', 'COLCON_PREFIX_PATH': 'C:\\dev\\ros2_galactic\\install\\', 'CommonProgramFiles': 'C:\\Program Files\\Common Files', 'CommonProgramFiles(x86)': 'C:\\Program Files (x86)\\Common Files', 'CommonProgramW6432': 'C:\\Program Files\\Common Files', 'COMPUTERNAME': 'DESKTOP-SM5IN4D', 'ComSpec': 'C:\\Windows\\system32\\cmd.exe', 'configsetroot': 'C:\\Windows\\ConfigSetRoot', 'DriverData': 'C:\\Windows\\System32\\Drivers\\DriverData', 'HOMEDRIVE': 'C:', 'HOMEPATH': '\\Users\\phmar', 'LOCALAPPDATA': 'C:\\Users\\phmar\\AppData\\Local', 'LOGONSERVER': '\\\\DESKTOP-SM5IN4D', 'NDDSHOME': 'C:\\Program Files\\rti_connext_dds-6.1.0', 'NUMBER_OF_PROCESSORS': '12', 'OneDrive': 'C:\\Users\\phmar\\OneDrive', 'OneDriveConsumer': 'C:\\Users\\phmar\\OneDrive', 'OpenCV_DIR': 'C:\\opencv', 'OPENSSL_CONF': 'C:\\Program Files\\OpenSSL-Win64\\bin\\openssl.cfg', 'OS': 'Windows_NT', 'Path': 'c:\\users\\phmar\\appdata\\local\\programs\\python\\python36\\lib\\site-packages\\pywin32_system32;C:\\dev\\ros2_galactic\\install\\opt\\yaml_cpp_vendor\\bin;C:\\dev\\ros2_galactic\\install\\opt\\rviz_ogre_vendor\\bin;C:\\dev\\ros2_galactic\\install\\opt\\rviz_assimp_vendor\\bin;C:\\dev\\ros2_galactic\\install\\opt\\libcurl_vendor\\bin;C:\\dev\\ros2_galactic\\install\\Scripts;C:\\dev\\ros2_galactic\\install\\bin;C:\\Python36\\Scripts\\;C:\\Python36\\;C:\\Users\\phmar\\AppData\\Local\\Programs\\Python\\Python38\\Scripts\\;C:\\Users\\phmar\\AppData\\Local\\Programs\\Python\\Python38\\;C:\\Program Files (x86)\\VMware\\VMware Player\\bin\\;C:\\Python38\\Scripts\\;C:\\Python38\\;C:\\Windows\\system32;C:\\Windows;C:\\Windows\\System32\\Wbem;C:\\Windows\\System32\\WindowsPowerShell\\v1.0\\;C:\\Windows\\System32\\OpenSSH\\;C:\\Program Files (x86)\\NVIDIA Corporation\\PhysX\\Common;C:\\Program Files\\NVIDIA Corporation\\NVIDIA NvDLISR;C:\\ProgramData\\chocolatey\\bin;C:\\ProgramData\\chocolatey\\lib\\cunit\\lib;C:\\ProgramData\\chocolatey\\lib\\tinyxml2\\lib;C:\\ProgramData\\chocolatey\\lib\\log4cxx\\lib;C:\\ProgramData\\chocolatey\\lib\\bullet\\lib;C:\\Program Files\\Graphviz\\bin;C:\\Program Files\\Cppcheck;C:\\Program Files\\Git\\cmd;C:\\Users\\phmar\\AppData\\Local\\Programs\\Python\\Python36\\Scripts\\;C:\\Users\\phmar\\AppData\\Local\\Programs\\Python\\Python36\\;C:\\Users\\phmar\\AppData\\Local\\Microsoft\\WindowsApps;C:\\Program Files\\OpenSSL-Win64\\bin\\;C:\\opencv\\x64\\vc16\\bin;C:\\Program Files\\CMake\\bin;C:\\Program Files\\rti_connext_dds-6.1.0;C:\\Users\\phmar\\AppData\\Local\\Programs\\Microsoft VS Code\\bin;C:\\Program Files\\Git\\cmd;C:\\Program Files\\Git\\usr\\bin;C:\\xmllint\\bin;C:\\Qt\\5.15.0\\msvc2019_64\\plugins\\platforms;', 'PATHEXT': '.COM;.EXE;.BAT;.CMD;.VBS;.VBE;.JS;.JSE;.WSF;.WSH;.MSC;.PY;.PYW', 'PKG_CONFIG_PATH': 'C:\\dev\\ros2_galactic\\install\\lib\\pkgconfig', 'PROCESSOR_ARCHITECTURE': 'AMD64', 'PROCESSOR_IDENTIFIER': 'Intel64 Family 6 Model 165 Stepping 2, GenuineIntel', 'PROCESSOR_LEVEL': '6', 'PROCESSOR_REVISION': 'a502', 'ProgramData': 'C:\\ProgramData', 'ProgramFiles': 'C:\\Program Files', 'ProgramFiles(x86)': 'C:\\Program Files (x86)', 'ProgramW6432': 'C:\\Program Files', 'PROMPT': '$P$G', 'PSModulePath': 'C:\\Program Files\\WindowsPowerShell\\Modules;C:\\Windows\\system32\\WindowsPowerShell\\v1.0\\Modules', 'PUBLIC': 'C:\\Users\\Public', 'PYTHONPATH': 'C:\\Users\\phmar\\Desktop\\TCC-Autonomous-Ship\\src\\experiments\\install\\Lib\\site-packages;C:\\dev\\ros2_galactic\\install\\Lib\\site-packages', 'Qt5_DIR': 'C:\\Qt\\5.15.0\\msvc2019_64', 'QT_QPA_PLATFORM_PLUGIN_PATH': 'C:\\Qt\\5.15.0\\msvc2019_64\\plugins\\platforms', 'ROS_DISTRO': 'galactic', 'ROS_DOMAIN_ID': '0', 'ROS_LOCALHOST_ONLY': '0', 'ROS_PYTHON_VERSION': '3', 'ROS_VERSION': '2', 'SESSIONNAME': 'Console', 'SystemDrive': 'C:', 'SystemRoot': 'C:\\Windows', 'TEMP': 'C:\\Users\\phmar\\AppData\\Local\\Temp', 'TMP': 'C:\\Users\\phmar\\AppData\\Local\\Temp', 'USERDOMAIN': 'DESKTOP-SM5IN4D', 'USERDOMAIN_ROAMINGPROFILE': 'DESKTOP-SM5IN4D', 'USERNAME': 'phmar', 'USERPROFILE': 'C:\\Users\\phmar', 'windir': 'C:\\Windows', 'ZES_ENABLE_SYSMAN': '1'}, 'shell': False}
[0.563000] (-) TimerEvent: {}
[0.672000] (-) TimerEvent: {}
[0.782000] (-) TimerEvent: {}
[0.891000] (-) TimerEvent: {}
[0.938000] (py_pubsub) StdoutLine: {'line': b'running egg_info\r\n'}
[0.938000] (py_pubsub) StdoutLine: {'line': b'creating ..\\build\\py_pubsub\\py_pubsub.egg-info\r\n'}
[0.953000] (py_pubsub) StdoutLine: {'line': b'writing ..\\build\\py_pubsub\\py_pubsub.egg-info\\PKG-INFO\r\n'}
[0.953000] (py_pubsub) StdoutLine: {'line': b'writing dependency_links to ..\\build\\py_pubsub\\py_pubsub.egg-info\\dependency_links.txt\r\n'}
[0.953000] (py_pubsub) StdoutLine: {'line': b'writing entry points to ..\\build\\py_pubsub\\py_pubsub.egg-info\\entry_points.txt\r\n'}
[0.953000] (py_pubsub) StdoutLine: {'line': b'writing requirements to ..\\build\\py_pubsub\\py_pubsub.egg-info\\requires.txt\r\n'}
[0.953000] (py_pubsub) StdoutLine: {'line': b'writing top-level names to ..\\build\\py_pubsub\\py_pubsub.egg-info\\top_level.txt\r\n'}
[0.953000] (py_pubsub) StdoutLine: {'line': b"writing manifest file '..\\build\\py_pubsub\\py_pubsub.egg-info\\SOURCES.txt'\r\n"}
[0.953000] (py_pubsub) StdoutLine: {'line': b"reading manifest file '..\\build\\py_pubsub\\py_pubsub.egg-info\\SOURCES.txt'\r\n"}
[0.969000] (py_pubsub) StdoutLine: {'line': b"writing manifest file '..\\build\\py_pubsub\\py_pubsub.egg-info\\SOURCES.txt'\r\n"}
[0.969000] (py_pubsub) StdoutLine: {'line': b'running build\r\n'}
[0.969000] (py_pubsub) StdoutLine: {'line': b'running build_py\r\n'}
[0.969000] (py_pubsub) StdoutLine: {'line': b'creating C:\\Users\\phmar\\Desktop\\TCC-Autonomous-Ship\\src\\experiments\\build\\py_pubsub\\build\r\n'}
[0.969000] (py_pubsub) StdoutLine: {'line': b'creating C:\\Users\\phmar\\Desktop\\TCC-Autonomous-Ship\\src\\experiments\\build\\py_pubsub\\build\\lib\r\n'}
[0.969000] (py_pubsub) StdoutLine: {'line': b'creating C:\\Users\\phmar\\Desktop\\TCC-Autonomous-Ship\\src\\experiments\\build\\py_pubsub\\build\\lib\\py_pubsub\r\n'}
[0.969000] (py_pubsub) StdoutLine: {'line': b'copying py_pubsub\\publisher_member_function.py -> C:\\Users\\phmar\\Desktop\\TCC-Autonomous-Ship\\src\\experiments\\build\\py_pubsub\\build\\lib\\py_pubsub\r\n'}
[0.969000] (py_pubsub) StdoutLine: {'line': b'copying py_pubsub\\subscriber_member_function.py -> C:\\Users\\phmar\\Desktop\\TCC-Autonomous-Ship\\src\\experiments\\build\\py_pubsub\\build\\lib\\py_pubsub\r\n'}
[0.985000] (py_pubsub) StdoutLine: {'line': b'copying py_pubsub\\__init__.py -> C:\\Users\\phmar\\Desktop\\TCC-Autonomous-Ship\\src\\experiments\\build\\py_pubsub\\build\\lib\\py_pubsub\r\n'}
[0.985000] (py_pubsub) StdoutLine: {'line': b'running install\r\n'}
[0.985000] (py_pubsub) StdoutLine: {'line': b'running install_lib\r\n'}
[1.000000] (-) TimerEvent: {}
[1.016000] (py_pubsub) StdoutLine: {'line': b'creating C:\\Users\\phmar\\Desktop\\TCC-Autonomous-Ship\\src\\experiments\\install\\Lib\\site-packages\\py_pubsub\r\n'}
[1.016000] (py_pubsub) StdoutLine: {'line': b'copying C:\\Users\\phmar\\Desktop\\TCC-Autonomous-Ship\\src\\experiments\\build\\py_pubsub\\build\\lib\\py_pubsub\\publisher_member_function.py -> C:\\Users\\phmar\\Desktop\\TCC-Autonomous-Ship\\src\\experiments\\install\\Lib\\site-packages\\py_pubsub\r\n'}
[1.016000] (py_pubsub) StdoutLine: {'line': b'copying C:\\Users\\phmar\\Desktop\\TCC-Autonomous-Ship\\src\\experiments\\build\\py_pubsub\\build\\lib\\py_pubsub\\subscriber_member_function.py -> C:\\Users\\phmar\\Desktop\\TCC-Autonomous-Ship\\src\\experiments\\install\\Lib\\site-packages\\py_pubsub\r\n'}
[1.016000] (py_pubsub) StdoutLine: {'line': b'copying C:\\Users\\phmar\\Desktop\\TCC-Autonomous-Ship\\src\\experiments\\build\\py_pubsub\\build\\lib\\py_pubsub\\__init__.py -> C:\\Users\\phmar\\Desktop\\TCC-Autonomous-Ship\\src\\experiments\\install\\Lib\\site-packages\\py_pubsub\r\n'}
[1.016000] (py_pubsub) StdoutLine: {'line': b'byte-compiling C:\\Users\\phmar\\Desktop\\TCC-Autonomous-Ship\\src\\experiments\\install\\Lib\\site-packages\\py_pubsub\\publisher_member_function.py to publisher_member_function.cpython-36.pyc\r\n'}
[1.016000] (py_pubsub) StdoutLine: {'line': b'byte-compiling C:\\Users\\phmar\\Desktop\\TCC-Autonomous-Ship\\src\\experiments\\install\\Lib\\site-packages\\py_pubsub\\subscriber_member_function.py to subscriber_member_function.cpython-36.pyc\r\n'}
[1.016000] (py_pubsub) StdoutLine: {'line': b'byte-compiling C:\\Users\\phmar\\Desktop\\TCC-Autonomous-Ship\\src\\experiments\\install\\Lib\\site-packages\\py_pubsub\\__init__.py to __init__.cpython-36.pyc\r\n'}
[1.016000] (py_pubsub) StdoutLine: {'line': b'running install_data\r\n'}
[1.016000] (py_pubsub) StdoutLine: {'line': b'creating C:\\Users\\phmar\\Desktop\\TCC-Autonomous-Ship\\src\\experiments\\install\\share\\ament_index\r\n'}
[1.016000] (py_pubsub) StdoutLine: {'line': b'creating C:\\Users\\phmar\\Desktop\\TCC-Autonomous-Ship\\src\\experiments\\install\\share\\ament_index\\resource_index\r\n'}
[1.016000] (py_pubsub) StdoutLine: {'line': b'creating C:\\Users\\phmar\\Desktop\\TCC-Autonomous-Ship\\src\\experiments\\install\\share\\ament_index\\resource_index\\packages\r\n'}
[1.016000] (py_pubsub) StdoutLine: {'line': b'copying resource\\py_pubsub -> C:\\Users\\phmar\\Desktop\\TCC-Autonomous-Ship\\src\\experiments\\install\\share\\ament_index\\resource_index\\packages\r\n'}
[1.016000] (py_pubsub) StdoutLine: {'line': b'copying package.xml -> C:\\Users\\phmar\\Desktop\\TCC-Autonomous-Ship\\src\\experiments\\install\\share\\py_pubsub\r\n'}
[1.016000] (py_pubsub) StdoutLine: {'line': b'running install_egg_info\r\n'}
[1.032000] (py_pubsub) StdoutLine: {'line': b'Copying ..\\build\\py_pubsub\\py_pubsub.egg-info to C:\\Users\\phmar\\Desktop\\TCC-Autonomous-Ship\\src\\experiments\\install\\Lib\\site-packages\\py_pubsub-0.0.0-py3.6.egg-info\r\n'}
[1.047000] (py_pubsub) StdoutLine: {'line': b'running install_scripts\r\n'}
[1.078000] (py_pubsub) StdoutLine: {'line': b'Installing listener-script.py script to C:\\Users\\phmar\\Desktop\\TCC-Autonomous-Ship\\src\\experiments\\install\\lib\\py_pubsub\r\n'}
[1.078000] (py_pubsub) StdoutLine: {'line': b'Installing listener.exe script to C:\\Users\\phmar\\Desktop\\TCC-Autonomous-Ship\\src\\experiments\\install\\lib\\py_pubsub\r\n'}
[1.078000] (py_pubsub) StdoutLine: {'line': b'Installing talker-script.py script to C:\\Users\\phmar\\Desktop\\TCC-Autonomous-Ship\\src\\experiments\\install\\lib\\py_pubsub\r\n'}
[1.078000] (py_pubsub) StdoutLine: {'line': b'Installing talker.exe script to C:\\Users\\phmar\\Desktop\\TCC-Autonomous-Ship\\src\\experiments\\install\\lib\\py_pubsub\r\n'}
[1.078000] (py_pubsub) StdoutLine: {'line': b"writing list of installed files to 'C:\\Users\\phmar\\Desktop\\TCC-Autonomous-Ship\\src\\experiments\\build\\py_pubsub\\install.log'\r\n"}
[1.094000] (py_pubsub) CommandEnded: {'returncode': 0}
[1.110000] (-) TimerEvent: {}
[1.157000] (py_pubsub) JobEnded: {'identifier': 'py_pubsub', 'rc': 0}
[1.157000] (-) EventReactorShutdown: {}
