[INFO 1637203306.559226400] [los_guidance_node]: initial waypoint + listened 5 waypoints (callback_init_setpoints() at C:\TCC-Autonomous-Ship\src\main_ws\src\install\Lib\site-packages\path_following\los_guidance.py:113)
[INFO 1637203306.560283800] [los_guidance_node]: listened waypoint 0: 1.000000 1.000000 1.000000 (callback_init_setpoints() at C:\TCC-Autonomous-Ship\src\main_ws\src\install\Lib\site-packages\path_following\los_guidance.py:115)
[INFO 1637203306.560956500] [los_guidance_node]: listened waypoint 1: 500.000000 500.000000 1.000000 (callback_init_setpoints() at C:\TCC-Autonomous-Ship\src\main_ws\src\install\Lib\site-packages\path_following\los_guidance.py:115)
[INFO 1637203306.561569300] [los_guidance_node]: listened waypoint 2: 1000.000000 1000.000000 2.000000 (callback_init_setpoints() at C:\TCC-Autonomous-Ship\src\main_ws\src\install\Lib\site-packages\path_following\los_guidance.py:115)
[INFO 1637203306.562169300] [los_guidance_node]: listened waypoint 3: 1500.000000 1500.000000 3.000000 (callback_init_setpoints() at C:\TCC-Autonomous-Ship\src\main_ws\src\install\Lib\site-packages\path_following\los_guidance.py:115)
[INFO 1637203306.562756000] [los_guidance_node]: listened waypoint 4: 2000.000000 2000.000000 4.000000 (callback_init_setpoints() at C:\TCC-Autonomous-Ship\src\main_ws\src\install\Lib\site-packages\path_following\los_guidance.py:115)
[INFO 1637203306.563375300] [los_guidance_node]: listened waypoint 5: 2500.000000 2500.000000 5.000000 (callback_init_setpoints() at C:\TCC-Autonomous-Ship\src\main_ws\src\install\Lib\site-packages\path_following\los_guidance.py:115)
[INFO 1637203306.564036000] [los_guidance_node]: a: 1.000000 (missed_waypoint() at C:\TCC-Autonomous-Ship\src\main_ws\src\install\Lib\site-packages\path_following\los_guidance.py:151)
[INFO 1637203306.564731900] [los_guidance_node]: passed_wnext: 0.000000 (missed_waypoint() at C:\TCC-Autonomous-Ship\src\main_ws\src\install\Lib\site-packages\path_following\los_guidance.py:156)
[INFO 1637203306.871279000] [los_guidance_node]: x_los1: -262.609408, y_los1: -262.609408 (get_xy_los() at C:\TCC-Autonomous-Ship\src\main_ws\src\install\Lib\site-packages\path_following\los_guidance.py:168)
[INFO 1637203306.871971500] [los_guidance_node]: x_los2: 264.609408, y_los2: 264.609408 (get_xy_los() at C:\TCC-Autonomous-Ship\src\main_ws\src\install\Lib\site-packages\path_following\los_guidance.py:170)
[INFO 1637203306.873057300] [los_guidance_node]: wx_next: 500.000000 (get_xy_los() at C:\TCC-Autonomous-Ship\src\main_ws\src\install\Lib\site-packages\path_following\los_guidance.py:176)
[INFO 1637203306.873665200] [los_guidance_node]: x_los: 264.609408, y_los: 264.609408 (get_xy_los() at C:\TCC-Autonomous-Ship\src\main_ws\src\install\Lib\site-packages\path_following\los_guidance.py:177)
[INFO 1637203306.874351600] [los_guidance_node]: wx_next: 500.000000 (los() at C:\TCC-Autonomous-Ship\src\main_ws\src\install\Lib\site-packages\path_following\los_guidance.py:237)
[INFO 1637203306.874943100] [los_guidance_node]: wx: 1.000000 (los() at C:\TCC-Autonomous-Ship\src\main_ws\src\install\Lib\site-packages\path_following\los_guidance.py:238)
[INFO 1637203306.875534100] [los_guidance_node]: distance_waypoints: 705.692568 (los() at C:\TCC-Autonomous-Ship\src\main_ws\src\install\Lib\site-packages\path_following\los_guidance.py:239)
[INFO 1637203307.318402700] [los_guidance_node]: listened filtered state: {position: {x: 1.054027, y: 1.084136, theta: 1.000000}, velocity: {u: 0.999790, v: -0.000136, r: 0.000006}, time: 0.100000} (log_state() at C:\TCC-Autonomous-Ship\src\main_ws\src\install\Lib\site-packages\path_following\los_guidance.py:102)
[INFO 1637203307.319341400] [los_guidance_node]: a: 1.000000 (missed_waypoint() at C:\TCC-Autonomous-Ship\src\main_ws\src\install\Lib\site-packages\path_following\los_guidance.py:151)
[INFO 1637203307.320552900] [los_guidance_node]: passed_wnext: 0.000000 (missed_waypoint() at C:\TCC-Autonomous-Ship\src\main_ws\src\install\Lib\site-packages\path_following\los_guidance.py:156)
[INFO 1637203307.489393200] [los_guidance_node]: x_los1: -262.540326, y_los1: -262.540326 (get_xy_los() at C:\TCC-Autonomous-Ship\src\main_ws\src\install\Lib\site-packages\path_following\los_guidance.py:168)
[INFO 1637203307.490162400] [los_guidance_node]: x_los2: 264.678489, y_los2: 264.678489 (get_xy_los() at C:\TCC-Autonomous-Ship\src\main_ws\src\install\Lib\site-packages\path_following\los_guidance.py:170)
[INFO 1637203307.491308900] [los_guidance_node]: wx_next: 500.000000 (get_xy_los() at C:\TCC-Autonomous-Ship\src\main_ws\src\install\Lib\site-packages\path_following\los_guidance.py:176)
[INFO 1637203307.491950000] [los_guidance_node]: x_los: 264.678489, y_los: 264.678489 (get_xy_los() at C:\TCC-Autonomous-Ship\src\main_ws\src\install\Lib\site-packages\path_following\los_guidance.py:177)
[INFO 1637203307.492668100] [los_guidance_node]: wx_next: 500.000000 (los() at C:\TCC-Autonomous-Ship\src\main_ws\src\install\Lib\site-packages\path_following\los_guidance.py:237)
[INFO 1637203307.493299700] [los_guidance_node]: wx: 1.000000 (los() at C:\TCC-Autonomous-Ship\src\main_ws\src\install\Lib\site-packages\path_following\los_guidance.py:238)
[INFO 1637203307.493918700] [los_guidance_node]: distance_waypoints: 705.692568 (los() at C:\TCC-Autonomous-Ship\src\main_ws\src\install\Lib\site-packages\path_following\los_guidance.py:239)
[INFO 1637203307.494897700] [los_guidance_node]: published desired yaw angle: 0.785477 (callback_filtered_state() at C:\TCC-Autonomous-Ship\src\main_ws\src\install\Lib\site-packages\path_following\los_guidance.py:129)
[INFO 1637203307.495898200] [los_guidance_node]: published desired velocity: 1.000000 (callback_filtered_state() at C:\TCC-Autonomous-Ship\src\main_ws\src\install\Lib\site-packages\path_following\los_guidance.py:131)
[INFO 1637203413.910963200] [los_guidance_node]: Stopped with user interrupt (main() at C:\TCC-Autonomous-Ship\src\main_ws\src\install\Lib\site-packages\path_following\los_guidance.py:347)
