[INFO 1637203484.340159900] [los_guidance_node]: initial waypoint + listened 5 waypoints (callback_init_setpoints() at C:\TCC-Autonomous-Ship\src\main_ws\src\install\Lib\site-packages\path_following\los_guidance.py:113)
[INFO 1637203484.340917800] [los_guidance_node]: listened waypoint 0: 1.000000 1.000000 1.000000 (callback_init_setpoints() at C:\TCC-Autonomous-Ship\src\main_ws\src\install\Lib\site-packages\path_following\los_guidance.py:115)
[INFO 1637203484.341580300] [los_guidance_node]: listened waypoint 1: 500.000000 500.000000 1.000000 (callback_init_setpoints() at C:\TCC-Autonomous-Ship\src\main_ws\src\install\Lib\site-packages\path_following\los_guidance.py:115)
[INFO 1637203484.342211900] [los_guidance_node]: listened waypoint 2: 1000.000000 1000.000000 2.000000 (callback_init_setpoints() at C:\TCC-Autonomous-Ship\src\main_ws\src\install\Lib\site-packages\path_following\los_guidance.py:115)
[INFO 1637203484.342973800] [los_guidance_node]: listened waypoint 3: 1500.000000 1500.000000 3.000000 (callback_init_setpoints() at C:\TCC-Autonomous-Ship\src\main_ws\src\install\Lib\site-packages\path_following\los_guidance.py:115)
[INFO 1637203484.343619600] [los_guidance_node]: listened waypoint 4: 2000.000000 2000.000000 4.000000 (callback_init_setpoints() at C:\TCC-Autonomous-Ship\src\main_ws\src\install\Lib\site-packages\path_following\los_guidance.py:115)
[INFO 1637203484.344225300] [los_guidance_node]: listened waypoint 5: 2500.000000 2500.000000 5.000000 (callback_init_setpoints() at C:\TCC-Autonomous-Ship\src\main_ws\src\install\Lib\site-packages\path_following\los_guidance.py:115)
[INFO 1637203484.344834900] [los_guidance_node]: a: 1.000000 (missed_waypoint() at C:\TCC-Autonomous-Ship\src\main_ws\src\install\Lib\site-packages\path_following\los_guidance.py:151)
[INFO 1637203484.345420300] [los_guidance_node]: passed_wnext: 0.000000 (missed_waypoint() at C:\TCC-Autonomous-Ship\src\main_ws\src\install\Lib\site-packages\path_following\los_guidance.py:156)
[INFO 1637203484.621380500] [los_guidance_node]: x_los1: -262.609408, y_los1: -262.609408 (get_xy_los() at C:\TCC-Autonomous-Ship\src\main_ws\src\install\Lib\site-packages\path_following\los_guidance.py:168)
[INFO 1637203484.622051300] [los_guidance_node]: x_los2: 264.609408, y_los2: 264.609408 (get_xy_los() at C:\TCC-Autonomous-Ship\src\main_ws\src\install\Lib\site-packages\path_following\los_guidance.py:170)
[INFO 1637203484.623127300] [los_guidance_node]: wx_next: 500.000000 (get_xy_los() at C:\TCC-Autonomous-Ship\src\main_ws\src\install\Lib\site-packages\path_following\los_guidance.py:176)
[INFO 1637203484.623733200] [los_guidance_node]: x_los: 264.609408, y_los: 264.609408 (get_xy_los() at C:\TCC-Autonomous-Ship\src\main_ws\src\install\Lib\site-packages\path_following\los_guidance.py:177)
[INFO 1637203484.624424600] [los_guidance_node]: wx_next: 500.000000 (los() at C:\TCC-Autonomous-Ship\src\main_ws\src\install\Lib\site-packages\path_following\los_guidance.py:237)
[INFO 1637203484.625017500] [los_guidance_node]: wx: 1.000000 (los() at C:\TCC-Autonomous-Ship\src\main_ws\src\install\Lib\site-packages\path_following\los_guidance.py:238)
[INFO 1637203484.625612200] [los_guidance_node]: distance_waypoints: 705.692568 (los() at C:\TCC-Autonomous-Ship\src\main_ws\src\install\Lib\site-packages\path_following\los_guidance.py:239)
[INFO 1637203485.041058700] [los_guidance_node]: listened filtered state: {position: {x: 1.099998, y: 0.999998, theta: 0.000000}, velocity: {u: 0.999952, v: -0.000058, r: 0.000001}, time: 0.100000} (log_state() at C:\TCC-Autonomous-Ship\src\main_ws\src\install\Lib\site-packages\path_following\los_guidance.py:102)
[INFO 1637203485.042058000] [los_guidance_node]: a: 1.000000 (missed_waypoint() at C:\TCC-Autonomous-Ship\src\main_ws\src\install\Lib\site-packages\path_following\los_guidance.py:151)
[INFO 1637203485.043160400] [los_guidance_node]: passed_wnext: 0.000000 (missed_waypoint() at C:\TCC-Autonomous-Ship\src\main_ws\src\install\Lib\site-packages\path_following\los_guidance.py:156)
[INFO 1637203485.166884600] [los_guidance_node]: x_los1: -262.559406, y_los1: -262.559406 (get_xy_los() at C:\TCC-Autonomous-Ship\src\main_ws\src\install\Lib\site-packages\path_following\los_guidance.py:168)
[INFO 1637203485.167601200] [los_guidance_node]: x_los2: 264.659401, y_los2: 264.659401 (get_xy_los() at C:\TCC-Autonomous-Ship\src\main_ws\src\install\Lib\site-packages\path_following\los_guidance.py:170)
[INFO 1637203485.168714400] [los_guidance_node]: wx_next: 500.000000 (get_xy_los() at C:\TCC-Autonomous-Ship\src\main_ws\src\install\Lib\site-packages\path_following\los_guidance.py:176)
[INFO 1637203485.169308000] [los_guidance_node]: x_los: 264.659401, y_los: 264.659401 (get_xy_los() at C:\TCC-Autonomous-Ship\src\main_ws\src\install\Lib\site-packages\path_following\los_guidance.py:177)
[INFO 1637203485.169967900] [los_guidance_node]: wx_next: 500.000000 (los() at C:\TCC-Autonomous-Ship\src\main_ws\src\install\Lib\site-packages\path_following\los_guidance.py:237)
[INFO 1637203485.170546400] [los_guidance_node]: wx: 1.000000 (los() at C:\TCC-Autonomous-Ship\src\main_ws\src\install\Lib\site-packages\path_following\los_guidance.py:238)
[INFO 1637203485.171139500] [los_guidance_node]: distance_waypoints: 705.692568 (los() at C:\TCC-Autonomous-Ship\src\main_ws\src\install\Lib\site-packages\path_following\los_guidance.py:239)
[INFO 1637203485.171919000] [los_guidance_node]: published desired yaw angle: 0.785646 (callback_filtered_state() at C:\TCC-Autonomous-Ship\src\main_ws\src\install\Lib\site-packages\path_following\los_guidance.py:129)
[INFO 1637203485.172669200] [los_guidance_node]: published desired velocity: 1.000000 (callback_filtered_state() at C:\TCC-Autonomous-Ship\src\main_ws\src\install\Lib\site-packages\path_following\los_guidance.py:131)
