[INFO 1637100202.945735700] [surge_controller_node]: initial distance_waypoints: 705.692568 (callback_init_control() at C:\TCC-Autonomous-Ship\src\main_ws\src\install\Lib\site-packages\path_following\surge_controller.py:96)
[INFO 1637100202.946405300] [surge_controller_node]: xf_d: 1.000000 (surge_control() at C:\TCC-Autonomous-Ship\src\main_ws\src\install\Lib\site-packages\path_following\surge_controller.py:122)
[INFO 1637100202.947000800] [surge_controller_node]: xf_dold: 1.000000 (surge_control() at C:\TCC-Autonomous-Ship\src\main_ws\src\install\Lib\site-packages\path_following\surge_controller.py:124)
[INFO 1637100202.947582000] [surge_controller_node]: s: 0.000000 (surge_control() at C:\TCC-Autonomous-Ship\src\main_ws\src\install\Lib\site-packages\path_following\surge_controller.py:127)
[INFO 1637100202.948161200] [surge_controller_node]: distance_waypoints: 705.692568 (surge_control() at C:\TCC-Autonomous-Ship\src\main_ws\src\install\Lib\site-packages\path_following\surge_controller.py:130)
[INFO 1637100202.950400700] [surge_controller_node]: est_time: nan (surge_control() at C:\TCC-Autonomous-Ship\src\main_ws\src\install\Lib\site-packages\path_following\surge_controller.py:139)
[INFO 1637100202.951040000] [surge_controller_node]: k: nan (surge_control() at C:\TCC-Autonomous-Ship\src\main_ws\src\install\Lib\site-packages\path_following\surge_controller.py:141)
[INFO 1637100202.951657000] [surge_controller_node]: phi: nan (surge_control() at C:\TCC-Autonomous-Ship\src\main_ws\src\install\Lib\site-packages\path_following\surge_controller.py:144)
[INFO 1637100202.952270700] [surge_controller_node]: sats: -1.000000 (surge_control() at C:\TCC-Autonomous-Ship\src\main_ws\src\install\Lib\site-packages\path_following\surge_controller.py:147)
[INFO 1637100202.952934400] [surge_controller_node]: u: nan (surge_control() at C:\TCC-Autonomous-Ship\src\main_ws\src\install\Lib\site-packages\path_following\surge_controller.py:150)
[INFO 1637100203.366421300] [surge_controller_node]: listened filtered surge velocity: 0.999790 (callback_filtered_state() at C:\TCC-Autonomous-Ship\src\main_ws\src\install\Lib\site-packages\path_following\surge_controller.py:105)
[INFO 1637100203.367967300] [surge_controller_node]: xf_d: 1.000000 (surge_control() at C:\TCC-Autonomous-Ship\src\main_ws\src\install\Lib\site-packages\path_following\surge_controller.py:122)
[INFO 1637100203.368872000] [surge_controller_node]: xf_dold: 1.000000 (surge_control() at C:\TCC-Autonomous-Ship\src\main_ws\src\install\Lib\site-packages\path_following\surge_controller.py:124)
[INFO 1637100203.369931200] [surge_controller_node]: s: -0.000210 (surge_control() at C:\TCC-Autonomous-Ship\src\main_ws\src\install\Lib\site-packages\path_following\surge_controller.py:127)
[INFO 1637100203.370817100] [surge_controller_node]: distance_waypoints: 705.692568 (surge_control() at C:\TCC-Autonomous-Ship\src\main_ws\src\install\Lib\site-packages\path_following\surge_controller.py:130)
[INFO 1637100203.371741900] [surge_controller_node]: est_time: nan (surge_control() at C:\TCC-Autonomous-Ship\src\main_ws\src\install\Lib\site-packages\path_following\surge_controller.py:139)
[INFO 1637100203.372379100] [surge_controller_node]: k: nan (surge_control() at C:\TCC-Autonomous-Ship\src\main_ws\src\install\Lib\site-packages\path_following\surge_controller.py:141)
[INFO 1637100203.372995800] [surge_controller_node]: phi: nan (surge_control() at C:\TCC-Autonomous-Ship\src\main_ws\src\install\Lib\site-packages\path_following\surge_controller.py:144)
[INFO 1637100203.373611000] [surge_controller_node]: sats: -1.000000 (surge_control() at C:\TCC-Autonomous-Ship\src\main_ws\src\install\Lib\site-packages\path_following\surge_controller.py:147)
[INFO 1637100203.374247200] [surge_controller_node]: u: nan (surge_control() at C:\TCC-Autonomous-Ship\src\main_ws\src\install\Lib\site-packages\path_following\surge_controller.py:150)
[INFO 1637100203.374896500] [surge_controller_node]: published thrust force: nan (callback_filtered_state() at C:\TCC-Autonomous-Ship\src\main_ws\src\install\Lib\site-packages\path_following\surge_controller.py:109)
[INFO 1637100203.504757500] [surge_controller_node]: listened desired surge velocity: 1.000000 (callback_desired_surge_velocity() at C:\TCC-Autonomous-Ship\src\main_ws\src\install\Lib\site-packages\path_following\surge_controller.py:112)
[INFO 1637100203.505378200] [surge_controller_node]: updated distance_waypoints: 705.692566 (callback_desired_surge_velocity() at C:\TCC-Autonomous-Ship\src\main_ws\src\install\Lib\site-packages\path_following\surge_controller.py:118)
[INFO 1637100237.382735200] [surge_controller_node]: Stopped with user interrupt (main() at C:\TCC-Autonomous-Ship\src\main_ws\src\install\Lib\site-packages\path_following\surge_controller.py:211)
