[INFO 1637203484.658992000] [surge_controller_node]: initial distance_waypoints: 705.692568 (callback_init_control() at C:\TCC-Autonomous-Ship\src\main_ws\src\install\Lib\site-packages\path_following\surge_controller.py:83)
[INFO 1637203484.659892900] [surge_controller_node]: xf_d: 1.000000 (surge_control() at C:\TCC-Autonomous-Ship\src\main_ws\src\install\Lib\site-packages\path_following\surge_controller.py:106)
[INFO 1637203484.660549200] [surge_controller_node]: xf_dold: 1.000000 (surge_control() at C:\TCC-Autonomous-Ship\src\main_ws\src\install\Lib\site-packages\path_following\surge_controller.py:108)
[INFO 1637203484.661149000] [surge_controller_node]: s: 0.000000 (surge_control() at C:\TCC-Autonomous-Ship\src\main_ws\src\install\Lib\site-packages\path_following\surge_controller.py:111)
[INFO 1637203484.661727800] [surge_controller_node]: distance_waypoints: 705.692568 (surge_control() at C:\TCC-Autonomous-Ship\src\main_ws\src\install\Lib\site-packages\path_following\surge_controller.py:114)
[INFO 1637203484.662629600] [surge_controller_node]: est_time: nan (surge_control() at C:\TCC-Autonomous-Ship\src\main_ws\src\install\Lib\site-packages\path_following\surge_controller.py:123)
[INFO 1637203484.663223500] [surge_controller_node]: k: nan (surge_control() at C:\TCC-Autonomous-Ship\src\main_ws\src\install\Lib\site-packages\path_following\surge_controller.py:125)
[INFO 1637203484.663835000] [surge_controller_node]: phi: nan (surge_control() at C:\TCC-Autonomous-Ship\src\main_ws\src\install\Lib\site-packages\path_following\surge_controller.py:129)
[INFO 1637203484.664453000] [surge_controller_node]: sats: -1.000000 (surge_control() at C:\TCC-Autonomous-Ship\src\main_ws\src\install\Lib\site-packages\path_following\surge_controller.py:132)
[INFO 1637203484.665038600] [surge_controller_node]: u: nan (surge_control() at C:\TCC-Autonomous-Ship\src\main_ws\src\install\Lib\site-packages\path_following\surge_controller.py:135)
[INFO 1637203485.041079400] [surge_controller_node]: listened filtered surge velocity: 0.999952 (callback_filtered_state() at C:\TCC-Autonomous-Ship\src\main_ws\src\install\Lib\site-packages\path_following\surge_controller.py:89)
[INFO 1637203485.042063400] [surge_controller_node]: xf_d: 1.000000 (surge_control() at C:\TCC-Autonomous-Ship\src\main_ws\src\install\Lib\site-packages\path_following\surge_controller.py:106)
[INFO 1637203485.043040100] [surge_controller_node]: xf_dold: 1.000000 (surge_control() at C:\TCC-Autonomous-Ship\src\main_ws\src\install\Lib\site-packages\path_following\surge_controller.py:108)
[INFO 1637203485.043836400] [surge_controller_node]: s: -0.000048 (surge_control() at C:\TCC-Autonomous-Ship\src\main_ws\src\install\Lib\site-packages\path_following\surge_controller.py:111)
[INFO 1637203485.044582500] [surge_controller_node]: distance_waypoints: 705.692568 (surge_control() at C:\TCC-Autonomous-Ship\src\main_ws\src\install\Lib\site-packages\path_following\surge_controller.py:114)
[INFO 1637203485.045516000] [surge_controller_node]: est_time: nan (surge_control() at C:\TCC-Autonomous-Ship\src\main_ws\src\install\Lib\site-packages\path_following\surge_controller.py:123)
[INFO 1637203485.046149100] [surge_controller_node]: k: nan (surge_control() at C:\TCC-Autonomous-Ship\src\main_ws\src\install\Lib\site-packages\path_following\surge_controller.py:125)
[INFO 1637203485.046820400] [surge_controller_node]: phi: nan (surge_control() at C:\TCC-Autonomous-Ship\src\main_ws\src\install\Lib\site-packages\path_following\surge_controller.py:129)
[INFO 1637203485.047453200] [surge_controller_node]: sats: -1.000000 (surge_control() at C:\TCC-Autonomous-Ship\src\main_ws\src\install\Lib\site-packages\path_following\surge_controller.py:132)
[INFO 1637203485.048075000] [surge_controller_node]: u: nan (surge_control() at C:\TCC-Autonomous-Ship\src\main_ws\src\install\Lib\site-packages\path_following\surge_controller.py:135)
[INFO 1637203485.048696100] [surge_controller_node]: published thrust force: nan (callback_filtered_state() at C:\TCC-Autonomous-Ship\src\main_ws\src\install\Lib\site-packages\path_following\surge_controller.py:93)
[INFO 1637203485.172961000] [surge_controller_node]: listened desired surge velocity: 1.000000 (callback_desired_surge_velocity() at C:\TCC-Autonomous-Ship\src\main_ws\src\install\Lib\site-packages\path_following\surge_controller.py:96)
[INFO 1637203485.173567800] [surge_controller_node]: updated distance_waypoints: 705.692566 (callback_desired_surge_velocity() at C:\TCC-Autonomous-Ship\src\main_ws\src\install\Lib\site-packages\path_following\surge_controller.py:102)
