[INFO 1637203819.962855200] [los_guidance_node]: initial waypoint + listened 5 waypoints (callback_init_setpoints() at C:\TCC-Autonomous-Ship\src\main_ws\src\install\Lib\site-packages\path_following\los_guidance.py:113)
[INFO 1637203819.964298000] [los_guidance_node]: listened waypoint 0: 1.000000 1.000000 1.000000 (callback_init_setpoints() at C:\TCC-Autonomous-Ship\src\main_ws\src\install\Lib\site-packages\path_following\los_guidance.py:115)
[INFO 1637203819.964928900] [los_guidance_node]: listened waypoint 1: 500.000000 500.000000 1.000000 (callback_init_setpoints() at C:\TCC-Autonomous-Ship\src\main_ws\src\install\Lib\site-packages\path_following\los_guidance.py:115)
[INFO 1637203819.965553400] [los_guidance_node]: listened waypoint 2: 1000.000000 1000.000000 2.000000 (callback_init_setpoints() at C:\TCC-Autonomous-Ship\src\main_ws\src\install\Lib\site-packages\path_following\los_guidance.py:115)
[INFO 1637203819.966190700] [los_guidance_node]: listened waypoint 3: 1500.000000 1500.000000 3.000000 (callback_init_setpoints() at C:\TCC-Autonomous-Ship\src\main_ws\src\install\Lib\site-packages\path_following\los_guidance.py:115)
[INFO 1637203819.966819100] [los_guidance_node]: listened waypoint 4: 2000.000000 2000.000000 4.000000 (callback_init_setpoints() at C:\TCC-Autonomous-Ship\src\main_ws\src\install\Lib\site-packages\path_following\los_guidance.py:115)
[INFO 1637203819.967450800] [los_guidance_node]: listened waypoint 5: 2500.000000 2500.000000 5.000000 (callback_init_setpoints() at C:\TCC-Autonomous-Ship\src\main_ws\src\install\Lib\site-packages\path_following\los_guidance.py:115)
[INFO 1637203819.968135800] [los_guidance_node]: a: 1.000000 (missed_waypoint() at C:\TCC-Autonomous-Ship\src\main_ws\src\install\Lib\site-packages\path_following\los_guidance.py:151)
[INFO 1637203819.968778900] [los_guidance_node]: passed_wnext: 0.000000 (missed_waypoint() at C:\TCC-Autonomous-Ship\src\main_ws\src\install\Lib\site-packages\path_following\los_guidance.py:156)
[INFO 1637203820.238090100] [los_guidance_node]: x_los1: -262.609408, y_los1: -262.609408 (get_xy_los() at C:\TCC-Autonomous-Ship\src\main_ws\src\install\Lib\site-packages\path_following\los_guidance.py:168)
[INFO 1637203820.238820600] [los_guidance_node]: x_los2: 264.609408, y_los2: 264.609408 (get_xy_los() at C:\TCC-Autonomous-Ship\src\main_ws\src\install\Lib\site-packages\path_following\los_guidance.py:170)
[INFO 1637203820.239863800] [los_guidance_node]: wx_next: 500.000000 (get_xy_los() at C:\TCC-Autonomous-Ship\src\main_ws\src\install\Lib\site-packages\path_following\los_guidance.py:176)
[INFO 1637203820.240484800] [los_guidance_node]: x_los: 264.609408, y_los: 264.609408 (get_xy_los() at C:\TCC-Autonomous-Ship\src\main_ws\src\install\Lib\site-packages\path_following\los_guidance.py:177)
[INFO 1637203820.241181300] [los_guidance_node]: wx_next: 500.000000 (los() at C:\TCC-Autonomous-Ship\src\main_ws\src\install\Lib\site-packages\path_following\los_guidance.py:237)
[INFO 1637203820.241785100] [los_guidance_node]: wx: 1.000000 (los() at C:\TCC-Autonomous-Ship\src\main_ws\src\install\Lib\site-packages\path_following\los_guidance.py:238)
[INFO 1637203820.242475100] [los_guidance_node]: distance_waypoints: 705.692568 (los() at C:\TCC-Autonomous-Ship\src\main_ws\src\install\Lib\site-packages\path_following\los_guidance.py:239)
[INFO 1637203820.660037400] [los_guidance_node]: listened filtered state: {position: {x: 1.099998, y: 0.999998, theta: 0.000000}, velocity: {u: 0.999952, v: -0.000058, r: 0.000001}, time: 0.100000} (log_state() at C:\TCC-Autonomous-Ship\src\main_ws\src\install\Lib\site-packages\path_following\los_guidance.py:102)
[INFO 1637203820.661465700] [los_guidance_node]: a: 1.000000 (missed_waypoint() at C:\TCC-Autonomous-Ship\src\main_ws\src\install\Lib\site-packages\path_following\los_guidance.py:151)
[INFO 1637203820.662560100] [los_guidance_node]: passed_wnext: 0.000000 (missed_waypoint() at C:\TCC-Autonomous-Ship\src\main_ws\src\install\Lib\site-packages\path_following\los_guidance.py:156)
[INFO 1637203820.788384100] [los_guidance_node]: x_los1: -262.559406, y_los1: -262.559406 (get_xy_los() at C:\TCC-Autonomous-Ship\src\main_ws\src\install\Lib\site-packages\path_following\los_guidance.py:168)
[INFO 1637203820.789111800] [los_guidance_node]: x_los2: 264.659401, y_los2: 264.659401 (get_xy_los() at C:\TCC-Autonomous-Ship\src\main_ws\src\install\Lib\site-packages\path_following\los_guidance.py:170)
[INFO 1637203820.790238600] [los_guidance_node]: wx_next: 500.000000 (get_xy_los() at C:\TCC-Autonomous-Ship\src\main_ws\src\install\Lib\site-packages\path_following\los_guidance.py:176)
[INFO 1637203820.790849000] [los_guidance_node]: x_los: 264.659401, y_los: 264.659401 (get_xy_los() at C:\TCC-Autonomous-Ship\src\main_ws\src\install\Lib\site-packages\path_following\los_guidance.py:177)
[INFO 1637203820.791528900] [los_guidance_node]: wx_next: 500.000000 (los() at C:\TCC-Autonomous-Ship\src\main_ws\src\install\Lib\site-packages\path_following\los_guidance.py:237)
[INFO 1637203820.792126300] [los_guidance_node]: wx: 1.000000 (los() at C:\TCC-Autonomous-Ship\src\main_ws\src\install\Lib\site-packages\path_following\los_guidance.py:238)
[INFO 1637203820.792717700] [los_guidance_node]: distance_waypoints: 705.692568 (los() at C:\TCC-Autonomous-Ship\src\main_ws\src\install\Lib\site-packages\path_following\los_guidance.py:239)
[INFO 1637203820.793539600] [los_guidance_node]: published desired yaw angle: 0.785646 (callback_filtered_state() at C:\TCC-Autonomous-Ship\src\main_ws\src\install\Lib\site-packages\path_following\los_guidance.py:129)
[INFO 1637203820.794251400] [los_guidance_node]: published desired velocity: 1.000000 (callback_filtered_state() at C:\TCC-Autonomous-Ship\src\main_ws\src\install\Lib\site-packages\path_following\los_guidance.py:131)
[INFO 1637204036.706555700] [los_guidance_node]: Stopped with user interrupt (main() at C:\TCC-Autonomous-Ship\src\main_ws\src\install\Lib\site-packages\path_following\los_guidance.py:347)
