[INFO 1637100202.600056000] [los_guidance_node]: initial waypoint + listened 5 waypoints (callback_init_setpoints() at C:\TCC-Autonomous-Ship\src\main_ws\src\install\Lib\site-packages\path_following\los_guidance.py:113)
[INFO 1637100202.600769300] [los_guidance_node]: listened waypoint 0: 1.000000 1.000000 1.000000 (callback_init_setpoints() at C:\TCC-Autonomous-Ship\src\main_ws\src\install\Lib\site-packages\path_following\los_guidance.py:115)
[INFO 1637100202.601387200] [los_guidance_node]: listened waypoint 1: 500.000000 500.000000 1.000000 (callback_init_setpoints() at C:\TCC-Autonomous-Ship\src\main_ws\src\install\Lib\site-packages\path_following\los_guidance.py:115)
[INFO 1637100202.602009600] [los_guidance_node]: listened waypoint 2: 1000.000000 1000.000000 2.000000 (callback_init_setpoints() at C:\TCC-Autonomous-Ship\src\main_ws\src\install\Lib\site-packages\path_following\los_guidance.py:115)
[INFO 1637100202.602627100] [los_guidance_node]: listened waypoint 3: 1500.000000 1500.000000 3.000000 (callback_init_setpoints() at C:\TCC-Autonomous-Ship\src\main_ws\src\install\Lib\site-packages\path_following\los_guidance.py:115)
[INFO 1637100202.603423200] [los_guidance_node]: listened waypoint 4: 2000.000000 2000.000000 4.000000 (callback_init_setpoints() at C:\TCC-Autonomous-Ship\src\main_ws\src\install\Lib\site-packages\path_following\los_guidance.py:115)
[INFO 1637100202.604069900] [los_guidance_node]: listened waypoint 5: 2500.000000 2500.000000 5.000000 (callback_init_setpoints() at C:\TCC-Autonomous-Ship\src\main_ws\src\install\Lib\site-packages\path_following\los_guidance.py:115)
[INFO 1637100202.908387600] [los_guidance_node]: x_los1: -262.609408, y_los1: -262.609408 (get_xy_los() at C:\TCC-Autonomous-Ship\src\main_ws\src\install\Lib\site-packages\path_following\los_guidance.py:150)
[INFO 1637100202.909058800] [los_guidance_node]: x_los2: 264.609408, y_los2: 264.609408 (get_xy_los() at C:\TCC-Autonomous-Ship\src\main_ws\src\install\Lib\site-packages\path_following\los_guidance.py:152)
[INFO 1637100202.910042000] [los_guidance_node]: wx_next: 500.000000 (get_xy_los() at C:\TCC-Autonomous-Ship\src\main_ws\src\install\Lib\site-packages\path_following\los_guidance.py:157)
[INFO 1637100202.910657200] [los_guidance_node]: x_los: 264.609408, y_los: 264.609408 (get_xy_los() at C:\TCC-Autonomous-Ship\src\main_ws\src\install\Lib\site-packages\path_following\los_guidance.py:158)
[INFO 1637100202.911400000] [los_guidance_node]: wx_next: 500.000000 (los() at C:\TCC-Autonomous-Ship\src\main_ws\src\install\Lib\site-packages\path_following\los_guidance.py:218)
[INFO 1637100202.912021600] [los_guidance_node]: wx: 1.000000 (los() at C:\TCC-Autonomous-Ship\src\main_ws\src\install\Lib\site-packages\path_following\los_guidance.py:219)
[INFO 1637100202.912626200] [los_guidance_node]: distance_waypoints: 705.692568 (los() at C:\TCC-Autonomous-Ship\src\main_ws\src\install\Lib\site-packages\path_following\los_guidance.py:220)
[INFO 1637100203.366390600] [los_guidance_node]: listened filtered state: {position: {x: 0.990373, y: 1.027471, theta: 0.998613}, velocity: {u: 0.999790, v: -0.000136, r: 0.000006}, time: 0.100000} (log_state() at C:\TCC-Autonomous-Ship\src\main_ws\src\install\Lib\site-packages\path_following\los_guidance.py:102)
[INFO 1637100203.498556900] [los_guidance_node]: x_los1: -262.600485, y_los1: -262.600485 (get_xy_los() at C:\TCC-Autonomous-Ship\src\main_ws\src\install\Lib\site-packages\path_following\los_guidance.py:150)
[INFO 1637100203.499343400] [los_guidance_node]: x_los2: 264.618329, y_los2: 264.618329 (get_xy_los() at C:\TCC-Autonomous-Ship\src\main_ws\src\install\Lib\site-packages\path_following\los_guidance.py:152)
[INFO 1637100203.500482800] [los_guidance_node]: wx_next: 500.000000 (get_xy_los() at C:\TCC-Autonomous-Ship\src\main_ws\src\install\Lib\site-packages\path_following\los_guidance.py:157)
[INFO 1637100203.501081000] [los_guidance_node]: x_los: 264.618329, y_los: 264.618329 (get_xy_los() at C:\TCC-Autonomous-Ship\src\main_ws\src\install\Lib\site-packages\path_following\los_guidance.py:158)
[INFO 1637100203.501839200] [los_guidance_node]: wx_next: 500.000000 (los() at C:\TCC-Autonomous-Ship\src\main_ws\src\install\Lib\site-packages\path_following\los_guidance.py:218)
[INFO 1637100203.502424400] [los_guidance_node]: wx: 1.000000 (los() at C:\TCC-Autonomous-Ship\src\main_ws\src\install\Lib\site-packages\path_following\los_guidance.py:219)
[INFO 1637100203.503078500] [los_guidance_node]: distance_waypoints: 705.692568 (los() at C:\TCC-Autonomous-Ship\src\main_ws\src\install\Lib\site-packages\path_following\los_guidance.py:220)
[INFO 1637100203.503764800] [los_guidance_node]: published desired yaw angle: 0.785463 (callback_filtered_state() at C:\TCC-Autonomous-Ship\src\main_ws\src\install\Lib\site-packages\path_following\los_guidance.py:129)
[INFO 1637100203.504471600] [los_guidance_node]: published desired velocity: 1.000000 (callback_filtered_state() at C:\TCC-Autonomous-Ship\src\main_ws\src\install\Lib\site-packages\path_following\los_guidance.py:131)
[INFO 1637100237.382937700] [los_guidance_node]: Stopped with user interrupt (main() at C:\TCC-Autonomous-Ship\src\main_ws\src\install\Lib\site-packages\path_following\los_guidance.py:328)
[INFO 1637100238.075210700] [los_guidance_node]: len(t): 2.000000 (generate_plots() at C:\TCC-Autonomous-Ship\src\main_ws\src\install\Lib\site-packages\path_following\los_guidance.py:303)
[INFO 1637100238.076295400] [los_guidance_node]: len(self.path_error): 2.000000 (generate_plots() at C:\TCC-Autonomous-Ship\src\main_ws\src\install\Lib\site-packages\path_following\los_guidance.py:304)
