[INFO 1637203820.278609100] [surge_controller_node]: initial distance_waypoints: 705.692568 (callback_init_control() at C:\TCC-Autonomous-Ship\src\main_ws\src\install\Lib\site-packages\path_following\surge_controller.py:83)
[INFO 1637203820.279354400] [surge_controller_node]: xf_d: 1.000000 (surge_control() at C:\TCC-Autonomous-Ship\src\main_ws\src\install\Lib\site-packages\path_following\surge_controller.py:106)
[INFO 1637203820.280077600] [surge_controller_node]: xf_dold: 1.000000 (surge_control() at C:\TCC-Autonomous-Ship\src\main_ws\src\install\Lib\site-packages\path_following\surge_controller.py:108)
[INFO 1637203820.280703900] [surge_controller_node]: s: 0.000000 (surge_control() at C:\TCC-Autonomous-Ship\src\main_ws\src\install\Lib\site-packages\path_following\surge_controller.py:111)
[INFO 1637203820.281373400] [surge_controller_node]: distance_waypoints: 705.692568 (surge_control() at C:\TCC-Autonomous-Ship\src\main_ws\src\install\Lib\site-packages\path_following\surge_controller.py:114)
[INFO 1637203820.282351100] [surge_controller_node]: est_time: nan (surge_control() at C:\TCC-Autonomous-Ship\src\main_ws\src\install\Lib\site-packages\path_following\surge_controller.py:123)
[INFO 1637203820.282968600] [surge_controller_node]: k: nan (surge_control() at C:\TCC-Autonomous-Ship\src\main_ws\src\install\Lib\site-packages\path_following\surge_controller.py:125)
[INFO 1637203820.283661400] [surge_controller_node]: phi: nan (surge_control() at C:\TCC-Autonomous-Ship\src\main_ws\src\install\Lib\site-packages\path_following\surge_controller.py:129)
[INFO 1637203820.284552000] [surge_controller_node]: sats: -1.000000 (surge_control() at C:\TCC-Autonomous-Ship\src\main_ws\src\install\Lib\site-packages\path_following\surge_controller.py:132)
[INFO 1637203820.285181400] [surge_controller_node]: u: nan (surge_control() at C:\TCC-Autonomous-Ship\src\main_ws\src\install\Lib\site-packages\path_following\surge_controller.py:135)
[INFO 1637203820.659863700] [surge_controller_node]: listened filtered surge velocity: 0.999952 (callback_filtered_state() at C:\TCC-Autonomous-Ship\src\main_ws\src\install\Lib\site-packages\path_following\surge_controller.py:89)
[INFO 1637203820.661149800] [surge_controller_node]: xf_d: 1.000000 (surge_control() at C:\TCC-Autonomous-Ship\src\main_ws\src\install\Lib\site-packages\path_following\surge_controller.py:106)
[INFO 1637203820.662200300] [surge_controller_node]: xf_dold: 1.000000 (surge_control() at C:\TCC-Autonomous-Ship\src\main_ws\src\install\Lib\site-packages\path_following\surge_controller.py:108)
[INFO 1637203820.663292200] [surge_controller_node]: s: -0.000048 (surge_control() at C:\TCC-Autonomous-Ship\src\main_ws\src\install\Lib\site-packages\path_following\surge_controller.py:111)
[INFO 1637203820.664419000] [surge_controller_node]: distance_waypoints: 705.692568 (surge_control() at C:\TCC-Autonomous-Ship\src\main_ws\src\install\Lib\site-packages\path_following\surge_controller.py:114)
[INFO 1637203820.665447600] [surge_controller_node]: est_time: nan (surge_control() at C:\TCC-Autonomous-Ship\src\main_ws\src\install\Lib\site-packages\path_following\surge_controller.py:123)
[INFO 1637203820.666053100] [surge_controller_node]: k: nan (surge_control() at C:\TCC-Autonomous-Ship\src\main_ws\src\install\Lib\site-packages\path_following\surge_controller.py:125)
[INFO 1637203820.666665400] [surge_controller_node]: phi: nan (surge_control() at C:\TCC-Autonomous-Ship\src\main_ws\src\install\Lib\site-packages\path_following\surge_controller.py:129)
[INFO 1637203820.667444100] [surge_controller_node]: sats: -1.000000 (surge_control() at C:\TCC-Autonomous-Ship\src\main_ws\src\install\Lib\site-packages\path_following\surge_controller.py:132)
[INFO 1637203820.668082900] [surge_controller_node]: u: nan (surge_control() at C:\TCC-Autonomous-Ship\src\main_ws\src\install\Lib\site-packages\path_following\surge_controller.py:135)
[INFO 1637203820.668822700] [surge_controller_node]: published thrust force: nan (callback_filtered_state() at C:\TCC-Autonomous-Ship\src\main_ws\src\install\Lib\site-packages\path_following\surge_controller.py:93)
[INFO 1637203820.794512500] [surge_controller_node]: listened desired surge velocity: 1.000000 (callback_desired_surge_velocity() at C:\TCC-Autonomous-Ship\src\main_ws\src\install\Lib\site-packages\path_following\surge_controller.py:96)
[INFO 1637203820.795108200] [surge_controller_node]: updated distance_waypoints: 705.692566 (callback_desired_surge_velocity() at C:\TCC-Autonomous-Ship\src\main_ws\src\install\Lib\site-packages\path_following\surge_controller.py:102)
[INFO 1637204036.706541700] [surge_controller_node]: Stopped with user interrupt (main() at C:\TCC-Autonomous-Ship\src\main_ws\src\install\Lib\site-packages\path_following\surge_controller.py:196)
