[INFO 1637203306.909506900] [surge_controller_node]: initial distance_waypoints: 705.692568 (callback_init_control() at C:\TCC-Autonomous-Ship\src\main_ws\src\install\Lib\site-packages\path_following\surge_controller.py:83)
[INFO 1637203306.910255500] [surge_controller_node]: xf_d: 1.000000 (surge_control() at C:\TCC-Autonomous-Ship\src\main_ws\src\install\Lib\site-packages\path_following\surge_controller.py:106)
[INFO 1637203306.910876700] [surge_controller_node]: xf_dold: 1.000000 (surge_control() at C:\TCC-Autonomous-Ship\src\main_ws\src\install\Lib\site-packages\path_following\surge_controller.py:108)
[INFO 1637203306.911470700] [surge_controller_node]: s: 0.000000 (surge_control() at C:\TCC-Autonomous-Ship\src\main_ws\src\install\Lib\site-packages\path_following\surge_controller.py:111)
[INFO 1637203306.912062600] [surge_controller_node]: distance_waypoints: 705.692568 (surge_control() at C:\TCC-Autonomous-Ship\src\main_ws\src\install\Lib\site-packages\path_following\surge_controller.py:114)
[INFO 1637203306.913341300] [surge_controller_node]: est_time: nan (surge_control() at C:\TCC-Autonomous-Ship\src\main_ws\src\install\Lib\site-packages\path_following\surge_controller.py:123)
[INFO 1637203306.913974800] [surge_controller_node]: k: nan (surge_control() at C:\TCC-Autonomous-Ship\src\main_ws\src\install\Lib\site-packages\path_following\surge_controller.py:125)
[INFO 1637203306.914608800] [surge_controller_node]: phi: nan (surge_control() at C:\TCC-Autonomous-Ship\src\main_ws\src\install\Lib\site-packages\path_following\surge_controller.py:129)
[INFO 1637203306.915211000] [surge_controller_node]: sats: -1.000000 (surge_control() at C:\TCC-Autonomous-Ship\src\main_ws\src\install\Lib\site-packages\path_following\surge_controller.py:132)
[INFO 1637203306.915812300] [surge_controller_node]: u: nan (surge_control() at C:\TCC-Autonomous-Ship\src\main_ws\src\install\Lib\site-packages\path_following\surge_controller.py:135)
[INFO 1637203307.318576000] [surge_controller_node]: listened filtered surge velocity: 0.999790 (callback_filtered_state() at C:\TCC-Autonomous-Ship\src\main_ws\src\install\Lib\site-packages\path_following\surge_controller.py:89)
[INFO 1637203307.319820300] [surge_controller_node]: xf_d: 1.000000 (surge_control() at C:\TCC-Autonomous-Ship\src\main_ws\src\install\Lib\site-packages\path_following\surge_controller.py:106)
[INFO 1637203307.320631800] [surge_controller_node]: xf_dold: 1.000000 (surge_control() at C:\TCC-Autonomous-Ship\src\main_ws\src\install\Lib\site-packages\path_following\surge_controller.py:108)
[INFO 1637203307.321342700] [surge_controller_node]: s: -0.000210 (surge_control() at C:\TCC-Autonomous-Ship\src\main_ws\src\install\Lib\site-packages\path_following\surge_controller.py:111)
[INFO 1637203307.322264700] [surge_controller_node]: distance_waypoints: 705.692568 (surge_control() at C:\TCC-Autonomous-Ship\src\main_ws\src\install\Lib\site-packages\path_following\surge_controller.py:114)
[INFO 1637203307.323217900] [surge_controller_node]: est_time: nan (surge_control() at C:\TCC-Autonomous-Ship\src\main_ws\src\install\Lib\site-packages\path_following\surge_controller.py:123)
[INFO 1637203307.323839400] [surge_controller_node]: k: nan (surge_control() at C:\TCC-Autonomous-Ship\src\main_ws\src\install\Lib\site-packages\path_following\surge_controller.py:125)
[INFO 1637203307.324458100] [surge_controller_node]: phi: nan (surge_control() at C:\TCC-Autonomous-Ship\src\main_ws\src\install\Lib\site-packages\path_following\surge_controller.py:129)
[INFO 1637203307.325072500] [surge_controller_node]: sats: -1.000000 (surge_control() at C:\TCC-Autonomous-Ship\src\main_ws\src\install\Lib\site-packages\path_following\surge_controller.py:132)
[INFO 1637203307.325728000] [surge_controller_node]: u: nan (surge_control() at C:\TCC-Autonomous-Ship\src\main_ws\src\install\Lib\site-packages\path_following\surge_controller.py:135)
[INFO 1637203307.326351800] [surge_controller_node]: published thrust force: nan (callback_filtered_state() at C:\TCC-Autonomous-Ship\src\main_ws\src\install\Lib\site-packages\path_following\surge_controller.py:93)
[INFO 1637203307.495990900] [surge_controller_node]: listened desired surge velocity: 1.000000 (callback_desired_surge_velocity() at C:\TCC-Autonomous-Ship\src\main_ws\src\install\Lib\site-packages\path_following\surge_controller.py:96)
[INFO 1637203307.496614200] [surge_controller_node]: updated distance_waypoints: 705.692566 (callback_desired_surge_velocity() at C:\TCC-Autonomous-Ship\src\main_ws\src\install\Lib\site-packages\path_following\surge_controller.py:102)
[INFO 1637203413.910920600] [surge_controller_node]: Stopped with user interrupt (main() at C:\TCC-Autonomous-Ship\src\main_ws\src\install\Lib\site-packages\path_following\surge_controller.py:196)
