[0.703s] [34mcolcon[0m [1;30mDEBUG[0m [32mCommand line arguments: ['C:\\Users\\phmar\\AppData\\Local\\Programs\\Python\\Python36\\Scripts\\colcon', 'build', '--merge-install', '--packages-select', 'pydyna_simple'][0m
[0.704s] [34mcolcon[0m [1;30mDEBUG[0m [32mParsed command line arguments: Namespace(ament_cmake_args=None, base_paths=['.'], build_base='build', catkin_cmake_args=None, catkin_skip_building_tests=False, cmake_args=None, cmake_clean_cache=False, cmake_clean_first=False, cmake_force_configure=False, cmake_target=None, cmake_target_skip_unavailable=False, continue_on_error=False, event_handlers=None, executor='parallel', ignore_user_meta=False, install_base='install', log_base=None, log_level=None, main=<bound method BuildVerb.main of <colcon_core.verb.build.BuildVerb object at 0x000001A26D124128>>, merge_install=True, metas=['./colcon.meta'], packages_above=None, packages_above_and_dependencies=None, packages_above_depth=None, packages_end=None, packages_ignore=None, packages_ignore_regex=None, packages_select=['pydyna_simple'], packages_select_build_failed=False, packages_select_by_dep=None, packages_select_regex=None, packages_select_test_failures=False, packages_skip=None, packages_skip_build_finished=False, packages_skip_by_dep=None, packages_skip_regex=None, packages_skip_test_passed=False, packages_skip_up_to=None, packages_start=None, packages_up_to=None, packages_up_to_regex=None, parallel_workers=12, paths=None, symlink_install=False, test_result_base=None, verb_extension=<colcon_core.verb.build.BuildVerb object at 0x000001A26D124128>, verb_name='build', verb_parser=<colcon_defaults.argument_parser.defaults.DefaultArgumentsDecorator object at 0x000001A26D1CC668>)[0m
[0.735s] [34mcolcon.colcon_core.package_discovery[0m [1;30mLevel 1[0m discover_packages(colcon_meta) check parameters
[0.735s] [34mcolcon.colcon_core.package_discovery[0m [1;30mLevel 1[0m discover_packages(recursive) check parameters
[0.735s] [34mcolcon.colcon_core.package_discovery[0m [1;30mLevel 1[0m discover_packages(ignore) check parameters
[0.735s] [34mcolcon.colcon_core.package_discovery[0m [1;30mLevel 1[0m discover_packages(path) check parameters
[0.735s] [34mcolcon.colcon_core.package_discovery[0m [1;30mLevel 1[0m discover_packages(colcon_meta) discover
[0.736s] [34mcolcon.colcon_core.package_discovery[0m [1;30mLevel 1[0m discover_packages(recursive) discover
[0.736s] [34mcolcon.colcon_core.package_discovery[0m [1;30mINFO[0m Crawling recursively for packages in 'C:\Users\phmar\Desktop\TCC-Autonomous-Ship\src\main_ws\src'
[0.736s] [34mcolcon.colcon_core.package_identification[0m [1;30mLevel 1[0m _identify(.) by extensions ['ignore', 'ignore_ament_install']
[0.736s] [34mcolcon.colcon_core.package_identification[0m [1;30mLevel 1[0m _identify(.) by extension 'ignore'
[0.736s] [34mcolcon.colcon_core.package_identification[0m [1;30mLevel 1[0m _identify(.) by extension 'ignore_ament_install'
[0.736s] [34mcolcon.colcon_core.package_identification[0m [1;30mLevel 1[0m _identify(.) by extensions ['colcon_pkg']
[0.736s] [34mcolcon.colcon_core.package_identification[0m [1;30mLevel 1[0m _identify(.) by extension 'colcon_pkg'
[0.736s] [34mcolcon.colcon_core.package_identification[0m [1;30mLevel 1[0m _identify(.) by extensions ['colcon_meta']
[0.736s] [34mcolcon.colcon_core.package_identification[0m [1;30mLevel 1[0m _identify(.) by extension 'colcon_meta'
[0.736s] [34mcolcon.colcon_core.package_identification[0m [1;30mLevel 1[0m _identify(.) by extensions ['ros']
[0.736s] [34mcolcon.colcon_core.package_identification[0m [1;30mLevel 1[0m _identify(.) by extension 'ros'
[0.751s] [34mcolcon.colcon_core.package_identification[0m [1;30mLevel 1[0m _identify(.) by extensions ['cmake', 'python']
[0.751s] [34mcolcon.colcon_core.package_identification[0m [1;30mLevel 1[0m _identify(.) by extension 'cmake'
[0.751s] [34mcolcon.colcon_core.package_identification[0m [1;30mLevel 1[0m _identify(.) by extension 'python'
[0.751s] [34mcolcon.colcon_core.package_identification[0m [1;30mLevel 1[0m _identify(.) by extensions ['python_setup_py']
[0.751s] [34mcolcon.colcon_core.package_identification[0m [1;30mLevel 1[0m _identify(.) by extension 'python_setup_py'
[0.752s] [34mcolcon.colcon_core.package_identification[0m [1;30mLevel 1[0m _identify(build) by extensions ['ignore', 'ignore_ament_install']
[0.752s] [34mcolcon.colcon_core.package_identification[0m [1;30mLevel 1[0m _identify(build) by extension 'ignore'
[0.752s] [34mcolcon.colcon_core.package_identification[0m [1;30mLevel 1[0m _identify(build) ignored
[0.752s] [34mcolcon.colcon_core.package_identification[0m [1;30mLevel 1[0m _identify(install) by extensions ['ignore', 'ignore_ament_install']
[0.752s] [34mcolcon.colcon_core.package_identification[0m [1;30mLevel 1[0m _identify(install) by extension 'ignore'
[0.752s] [34mcolcon.colcon_core.package_identification[0m [1;30mLevel 1[0m _identify(install) ignored
[0.753s] [34mcolcon.colcon_core.package_identification[0m [1;30mLevel 1[0m _identify(log) by extensions ['ignore', 'ignore_ament_install']
[0.753s] [34mcolcon.colcon_core.package_identification[0m [1;30mLevel 1[0m _identify(log) by extension 'ignore'
[0.753s] [34mcolcon.colcon_core.package_identification[0m [1;30mLevel 1[0m _identify(log) ignored
[0.753s] [34mcolcon.colcon_core.package_identification[0m [1;30mLevel 1[0m _identify(path_following_interfaces) by extensions ['ignore', 'ignore_ament_install']
[0.753s] [34mcolcon.colcon_core.package_identification[0m [1;30mLevel 1[0m _identify(path_following_interfaces) by extension 'ignore'
[0.753s] [34mcolcon.colcon_core.package_identification[0m [1;30mLevel 1[0m _identify(path_following_interfaces) by extension 'ignore_ament_install'
[0.753s] [34mcolcon.colcon_core.package_identification[0m [1;30mLevel 1[0m _identify(path_following_interfaces) by extensions ['colcon_pkg']
[0.753s] [34mcolcon.colcon_core.package_identification[0m [1;30mLevel 1[0m _identify(path_following_interfaces) by extension 'colcon_pkg'
[0.753s] [34mcolcon.colcon_core.package_identification[0m [1;30mLevel 1[0m _identify(path_following_interfaces) by extensions ['colcon_meta']
[0.753s] [34mcolcon.colcon_core.package_identification[0m [1;30mLevel 1[0m _identify(path_following_interfaces) by extension 'colcon_meta'
[0.754s] [34mcolcon.colcon_core.package_identification[0m [1;30mLevel 1[0m _identify(path_following_interfaces) by extensions ['ros']
[0.754s] [34mcolcon.colcon_core.package_identification[0m [1;30mLevel 1[0m _identify(path_following_interfaces) by extension 'ros'
[0.757s] [34mcolcon.colcon_core.package_identification[0m [1;30mDEBUG[0m [32mPackage 'path_following_interfaces' with type 'ros.ament_cmake' and name 'path_following_interfaces'[0m
[0.757s] [34mcolcon.colcon_core.package_identification[0m [1;30mLevel 1[0m _identify(pydyna_simple) by extensions ['ignore', 'ignore_ament_install']
[0.757s] [34mcolcon.colcon_core.package_identification[0m [1;30mLevel 1[0m _identify(pydyna_simple) by extension 'ignore'
[0.757s] [34mcolcon.colcon_core.package_identification[0m [1;30mLevel 1[0m _identify(pydyna_simple) by extension 'ignore_ament_install'
[0.757s] [34mcolcon.colcon_core.package_identification[0m [1;30mLevel 1[0m _identify(pydyna_simple) by extensions ['colcon_pkg']
[0.757s] [34mcolcon.colcon_core.package_identification[0m [1;30mLevel 1[0m _identify(pydyna_simple) by extension 'colcon_pkg'
[0.757s] [34mcolcon.colcon_core.package_identification[0m [1;30mLevel 1[0m _identify(pydyna_simple) by extensions ['colcon_meta']
[0.757s] [34mcolcon.colcon_core.package_identification[0m [1;30mLevel 1[0m _identify(pydyna_simple) by extension 'colcon_meta'
[0.757s] [34mcolcon.colcon_core.package_identification[0m [1;30mLevel 1[0m _identify(pydyna_simple) by extensions ['ros']
[0.757s] [34mcolcon.colcon_core.package_identification[0m [1;30mLevel 1[0m _identify(pydyna_simple) by extension 'ros'
[0.762s] [34mcolcon.colcon_core.package_identification[0m [1;30mDEBUG[0m [32mFound ROS schema reference in package manifest in 'pydyna_simple'[0m
[0.762s] [34mcolcon.colcon_core.package_identification[0m [1;30mWARNING[0m [33mFailed to parse ROS package manifest in 'pydyna_simple': Error(s) in package 'pydyna_simple\package.xml':
Error(s):
- The generic dependency on 'rclpy' is redundant with: exec_depend[0m
[0.763s] [34mcolcon.colcon_core.package_identification[0m [1;30mLevel 1[0m _identify(pydyna_simple) by extensions ['cmake', 'python']
[0.763s] [34mcolcon.colcon_core.package_identification[0m [1;30mLevel 1[0m _identify(pydyna_simple) by extension 'cmake'
[0.763s] [34mcolcon.colcon_core.package_identification[0m [1;30mLevel 1[0m _identify(pydyna_simple) by extension 'python'
[0.763s] [34mcolcon.colcon_core.package_identification[0m [1;30mDEBUG[0m [32mPython package in 'pydyna_simple' passes arguments to the setup() function which requires a different identification extension than 'python'[0m
[0.763s] [34mcolcon.colcon_core.package_identification[0m [1;30mLevel 1[0m _identify(pydyna_simple) by extensions ['python_setup_py']
[0.763s] [34mcolcon.colcon_core.package_identification[0m [1;30mLevel 1[0m _identify(pydyna_simple) by extension 'python_setup_py'
[1.104s] [34mcolcon.colcon_core.package_identification[0m [1;30mERROR[0m [31mException in package identification extension 'python_setup_py' in 'pydyna_simple': Command '['c:\\users\\phmar\\appdata\\local\\programs\\python\\python36\\python.exe', '-c', "import sys;from setuptools.extern.packaging.specifiers import SpecifierSet;from distutils.core import run_setup;dist = run_setup(    'setup.py', script_args=('--dry-run',), stop_after='config');skip_keys = ('cmdclass', 'distclass', 'ext_modules', 'metadata');data = {    key: value for key, value in dist.__dict__.items()     if (        not key.startswith('_') and         not callable(value) and         key not in skip_keys and         key not in dist.display_option_names    )};data['metadata'] = {    k: v for k, v in dist.metadata.__dict__.items()     if k not in ('license_files', 'provides_extras')};sys.stdout.buffer.write(repr(data).encode('utf-8'))"]' returned non-zero exit status 1.
Traceback (most recent call last):
  File "c:\users\phmar\appdata\local\programs\python\python36\lib\site-packages\colcon_core\package_identification\__init__.py", line 143, in _identify
    retval = extension.identify(_reused_descriptor_instance)
  File "c:\users\phmar\appdata\local\programs\python\python36\lib\site-packages\colcon_python_setup_py\package_identification\python_setup_py.py", line 48, in identify
    config = get_setup_information(setup_py)
  File "c:\users\phmar\appdata\local\programs\python\python36\lib\site-packages\colcon_python_setup_py\package_identification\python_setup_py.py", line 242, in get_setup_information
    setup_py, env=env)
  File "c:\users\phmar\appdata\local\programs\python\python36\lib\site-packages\colcon_python_setup_py\package_identification\python_setup_py.py", line 283, in _get_setup_information
    cwd=os.path.abspath(str(setup_py.parent)), check=True, env=env)
  File "c:\users\phmar\appdata\local\programs\python\python36\lib\subprocess.py", line 438, in run
    output=stdout, stderr=stderr)
subprocess.CalledProcessError: Command '['c:\\users\\phmar\\appdata\\local\\programs\\python\\python36\\python.exe', '-c', "import sys;from setuptools.extern.packaging.specifiers import SpecifierSet;from distutils.core import run_setup;dist = run_setup(    'setup.py', script_args=('--dry-run',), stop_after='config');skip_keys = ('cmdclass', 'distclass', 'ext_modules', 'metadata');data = {    key: value for key, value in dist.__dict__.items()     if (        not key.startswith('_') and         not callable(value) and         key not in skip_keys and         key not in dist.display_option_names    )};data['metadata'] = {    k: v for k, v in dist.metadata.__dict__.items()     if k not in ('license_files', 'provides_extras')};sys.stdout.buffer.write(repr(data).encode('utf-8'))"]' returned non-zero exit status 1.
[0m
[1.104s] [34mcolcon.colcon_core.package_identification[0m [1;30mLevel 1[0m _identify(pydyna_simple\config) by extensions ['ignore', 'ignore_ament_install']
[1.105s] [34mcolcon.colcon_core.package_identification[0m [1;30mLevel 1[0m _identify(pydyna_simple\config) by extension 'ignore'
[1.105s] [34mcolcon.colcon_core.package_identification[0m [1;30mLevel 1[0m _identify(pydyna_simple\config) by extension 'ignore_ament_install'
[1.105s] [34mcolcon.colcon_core.package_identification[0m [1;30mLevel 1[0m _identify(pydyna_simple\config) by extensions ['colcon_pkg']
[1.105s] [34mcolcon.colcon_core.package_identification[0m [1;30mLevel 1[0m _identify(pydyna_simple\config) by extension 'colcon_pkg'
[1.105s] [34mcolcon.colcon_core.package_identification[0m [1;30mLevel 1[0m _identify(pydyna_simple\config) by extensions ['colcon_meta']
[1.105s] [34mcolcon.colcon_core.package_identification[0m [1;30mLevel 1[0m _identify(pydyna_simple\config) by extension 'colcon_meta'
[1.105s] [34mcolcon.colcon_core.package_identification[0m [1;30mLevel 1[0m _identify(pydyna_simple\config) by extensions ['ros']
[1.105s] [34mcolcon.colcon_core.package_identification[0m [1;30mLevel 1[0m _identify(pydyna_simple\config) by extension 'ros'
[1.105s] [34mcolcon.colcon_core.package_identification[0m [1;30mLevel 1[0m _identify(pydyna_simple\config) by extensions ['cmake', 'python']
[1.105s] [34mcolcon.colcon_core.package_identification[0m [1;30mLevel 1[0m _identify(pydyna_simple\config) by extension 'cmake'
[1.105s] [34mcolcon.colcon_core.package_identification[0m [1;30mLevel 1[0m _identify(pydyna_simple\config) by extension 'python'
[1.106s] [34mcolcon.colcon_core.package_identification[0m [1;30mLevel 1[0m _identify(pydyna_simple\config) by extensions ['python_setup_py']
[1.106s] [34mcolcon.colcon_core.package_identification[0m [1;30mLevel 1[0m _identify(pydyna_simple\config) by extension 'python_setup_py'
[1.106s] [34mcolcon.colcon_core.package_identification[0m [1;30mLevel 1[0m _identify(pydyna_simple\launch) by extensions ['ignore', 'ignore_ament_install']
[1.106s] [34mcolcon.colcon_core.package_identification[0m [1;30mLevel 1[0m _identify(pydyna_simple\launch) by extension 'ignore'
[1.106s] [34mcolcon.colcon_core.package_identification[0m [1;30mLevel 1[0m _identify(pydyna_simple\launch) by extension 'ignore_ament_install'
[1.106s] [34mcolcon.colcon_core.package_identification[0m [1;30mLevel 1[0m _identify(pydyna_simple\launch) by extensions ['colcon_pkg']
[1.106s] [34mcolcon.colcon_core.package_identification[0m [1;30mLevel 1[0m _identify(pydyna_simple\launch) by extension 'colcon_pkg'
[1.106s] [34mcolcon.colcon_core.package_identification[0m [1;30mLevel 1[0m _identify(pydyna_simple\launch) by extensions ['colcon_meta']
[1.106s] [34mcolcon.colcon_core.package_identification[0m [1;30mLevel 1[0m _identify(pydyna_simple\launch) by extension 'colcon_meta'
[1.106s] [34mcolcon.colcon_core.package_identification[0m [1;30mLevel 1[0m _identify(pydyna_simple\launch) by extensions ['ros']
[1.106s] [34mcolcon.colcon_core.package_identification[0m [1;30mLevel 1[0m _identify(pydyna_simple\launch) by extension 'ros'
[1.107s] [34mcolcon.colcon_core.package_identification[0m [1;30mLevel 1[0m _identify(pydyna_simple\launch) by extensions ['cmake', 'python']
[1.107s] [34mcolcon.colcon_core.package_identification[0m [1;30mLevel 1[0m _identify(pydyna_simple\launch) by extension 'cmake'
[1.107s] [34mcolcon.colcon_core.package_identification[0m [1;30mLevel 1[0m _identify(pydyna_simple\launch) by extension 'python'
[1.107s] [34mcolcon.colcon_core.package_identification[0m [1;30mLevel 1[0m _identify(pydyna_simple\launch) by extensions ['python_setup_py']
[1.107s] [34mcolcon.colcon_core.package_identification[0m [1;30mLevel 1[0m _identify(pydyna_simple\launch) by extension 'python_setup_py'
[1.107s] [34mcolcon.colcon_core.package_identification[0m [1;30mLevel 1[0m _identify(pydyna_simple\pydyna_simple) by extensions ['ignore', 'ignore_ament_install']
[1.107s] [34mcolcon.colcon_core.package_identification[0m [1;30mLevel 1[0m _identify(pydyna_simple\pydyna_simple) by extension 'ignore'
[1.107s] [34mcolcon.colcon_core.package_identification[0m [1;30mLevel 1[0m _identify(pydyna_simple\pydyna_simple) by extension 'ignore_ament_install'
[1.107s] [34mcolcon.colcon_core.package_identification[0m [1;30mLevel 1[0m _identify(pydyna_simple\pydyna_simple) by extensions ['colcon_pkg']
[1.107s] [34mcolcon.colcon_core.package_identification[0m [1;30mLevel 1[0m _identify(pydyna_simple\pydyna_simple) by extension 'colcon_pkg'
[1.108s] [34mcolcon.colcon_core.package_identification[0m [1;30mLevel 1[0m _identify(pydyna_simple\pydyna_simple) by extensions ['colcon_meta']
[1.108s] [34mcolcon.colcon_core.package_identification[0m [1;30mLevel 1[0m _identify(pydyna_simple\pydyna_simple) by extension 'colcon_meta'
[1.108s] [34mcolcon.colcon_core.package_identification[0m [1;30mLevel 1[0m _identify(pydyna_simple\pydyna_simple) by extensions ['ros']
[1.108s] [34mcolcon.colcon_core.package_identification[0m [1;30mLevel 1[0m _identify(pydyna_simple\pydyna_simple) by extension 'ros'
[1.108s] [34mcolcon.colcon_core.package_identification[0m [1;30mLevel 1[0m _identify(pydyna_simple\pydyna_simple) by extensions ['cmake', 'python']
[1.108s] [34mcolcon.colcon_core.package_identification[0m [1;30mLevel 1[0m _identify(pydyna_simple\pydyna_simple) by extension 'cmake'
[1.109s] [34mcolcon.colcon_core.package_identification[0m [1;30mLevel 1[0m _identify(pydyna_simple\pydyna_simple) by extension 'python'
[1.109s] [34mcolcon.colcon_core.package_identification[0m [1;30mLevel 1[0m _identify(pydyna_simple\pydyna_simple) by extensions ['python_setup_py']
[1.109s] [34mcolcon.colcon_core.package_identification[0m [1;30mLevel 1[0m _identify(pydyna_simple\pydyna_simple) by extension 'python_setup_py'
[1.109s] [34mcolcon.colcon_core.package_identification[0m [1;30mLevel 1[0m _identify(pydyna_simple\resource) by extensions ['ignore', 'ignore_ament_install']
[1.109s] [34mcolcon.colcon_core.package_identification[0m [1;30mLevel 1[0m _identify(pydyna_simple\resource) by extension 'ignore'
[1.109s] [34mcolcon.colcon_core.package_identification[0m [1;30mLevel 1[0m _identify(pydyna_simple\resource) by extension 'ignore_ament_install'
[1.109s] [34mcolcon.colcon_core.package_identification[0m [1;30mLevel 1[0m _identify(pydyna_simple\resource) by extensions ['colcon_pkg']
[1.109s] [34mcolcon.colcon_core.package_identification[0m [1;30mLevel 1[0m _identify(pydyna_simple\resource) by extension 'colcon_pkg'
[1.110s] [34mcolcon.colcon_core.package_identification[0m [1;30mLevel 1[0m _identify(pydyna_simple\resource) by extensions ['colcon_meta']
[1.110s] [34mcolcon.colcon_core.package_identification[0m [1;30mLevel 1[0m _identify(pydyna_simple\resource) by extension 'colcon_meta'
[1.110s] [34mcolcon.colcon_core.package_identification[0m [1;30mLevel 1[0m _identify(pydyna_simple\resource) by extensions ['ros']
[1.110s] [34mcolcon.colcon_core.package_identification[0m [1;30mLevel 1[0m _identify(pydyna_simple\resource) by extension 'ros'
[1.110s] [34mcolcon.colcon_core.package_identification[0m [1;30mLevel 1[0m _identify(pydyna_simple\resource) by extensions ['cmake', 'python']
[1.110s] [34mcolcon.colcon_core.package_identification[0m [1;30mLevel 1[0m _identify(pydyna_simple\resource) by extension 'cmake'
[1.110s] [34mcolcon.colcon_core.package_identification[0m [1;30mLevel 1[0m _identify(pydyna_simple\resource) by extension 'python'
[1.110s] [34mcolcon.colcon_core.package_identification[0m [1;30mLevel 1[0m _identify(pydyna_simple\resource) by extensions ['python_setup_py']
[1.110s] [34mcolcon.colcon_core.package_identification[0m [1;30mLevel 1[0m _identify(pydyna_simple\resource) by extension 'python_setup_py'
[1.110s] [34mcolcon.colcon_core.package_identification[0m [1;30mLevel 1[0m _identify(pydyna_simple\test) by extensions ['ignore', 'ignore_ament_install']
[1.110s] [34mcolcon.colcon_core.package_identification[0m [1;30mLevel 1[0m _identify(pydyna_simple\test) by extension 'ignore'
[1.111s] [34mcolcon.colcon_core.package_identification[0m [1;30mLevel 1[0m _identify(pydyna_simple\test) by extension 'ignore_ament_install'
[1.111s] [34mcolcon.colcon_core.package_identification[0m [1;30mLevel 1[0m _identify(pydyna_simple\test) by extensions ['colcon_pkg']
[1.111s] [34mcolcon.colcon_core.package_identification[0m [1;30mLevel 1[0m _identify(pydyna_simple\test) by extension 'colcon_pkg'
[1.111s] [34mcolcon.colcon_core.package_identification[0m [1;30mLevel 1[0m _identify(pydyna_simple\test) by extensions ['colcon_meta']
[1.111s] [34mcolcon.colcon_core.package_identification[0m [1;30mLevel 1[0m _identify(pydyna_simple\test) by extension 'colcon_meta'
[1.111s] [34mcolcon.colcon_core.package_identification[0m [1;30mLevel 1[0m _identify(pydyna_simple\test) by extensions ['ros']
[1.111s] [34mcolcon.colcon_core.package_identification[0m [1;30mLevel 1[0m _identify(pydyna_simple\test) by extension 'ros'
[1.111s] [34mcolcon.colcon_core.package_identification[0m [1;30mLevel 1[0m _identify(pydyna_simple\test) by extensions ['cmake', 'python']
[1.111s] [34mcolcon.colcon_core.package_identification[0m [1;30mLevel 1[0m _identify(pydyna_simple\test) by extension 'cmake'
[1.111s] [34mcolcon.colcon_core.package_identification[0m [1;30mLevel 1[0m _identify(pydyna_simple\test) by extension 'python'
[1.111s] [34mcolcon.colcon_core.package_identification[0m [1;30mLevel 1[0m _identify(pydyna_simple\test) by extensions ['python_setup_py']
[1.111s] [34mcolcon.colcon_core.package_identification[0m [1;30mLevel 1[0m _identify(pydyna_simple\test) by extension 'python_setup_py'
[1.112s] [34mcolcon.colcon_core.package_discovery[0m [1;30mLevel 1[0m discover_packages(recursive) using defaults
[1.112s] [34mcolcon.colcon_core.package_discovery[0m [1;30mLevel 1[0m discover_packages(ignore) discover
[1.112s] [34mcolcon.colcon_core.package_discovery[0m [1;30mLevel 1[0m discover_packages(ignore) using defaults
[1.112s] [34mcolcon.colcon_core.package_discovery[0m [1;30mLevel 1[0m discover_packages(path) discover
[1.112s] [34mcolcon.colcon_core.package_discovery[0m [1;30mLevel 1[0m discover_packages(path) using defaults
[1.119s] [34mcolcon.colcon_core.package_selection[0m [1;30mWARNING[0m [33mignoring unknown package 'pydyna_simple' in --packages-select[0m
[1.159s] [34mcolcon.colcon_core.package_selection[0m [1;30mINFO[0m Skipping not selected package 'path_following_interfaces' in 'path_following_interfaces'
[1.162s] [34mcolcon.colcon_core.executor[0m [1;30mINFO[0m Executing jobs using 'parallel' executor
[1.189s] [34mcolcon.colcon_parallel_executor.executor.parallel[0m [1;30mDEBUG[0m [32mrun_until_complete[0m
[1.189s] [34mcolcon.colcon_parallel_executor.executor.parallel[0m [1;30mDEBUG[0m [32mrun_until_complete finished with '0'[0m
[1.189s] [34mcolcon.colcon_core.event_reactor[0m [1;30mDEBUG[0m [32mjoining thread[0m
[1.201s] [34mcolcon.colcon_core.plugin_system[0m [1;30mINFO[0m Skipping extension 'colcon_notification.desktop_notification.notify2': 'notify2' not found
[1.201s] [34mcolcon.colcon_core.plugin_system[0m [1;30mINFO[0m Skipping extension 'colcon_notification.desktop_notification.notify_send': Not used on non-Linux systems
[1.201s] [34mcolcon.colcon_core.plugin_system[0m [1;30mINFO[0m Skipping extension 'colcon_notification.desktop_notification.terminal_notifier': Not used on non-Darwin systems
[1.202s] [34mcolcon.colcon_notification.desktop_notification[0m [1;30mINFO[0m Sending desktop notification using 'win32'
[6.216s] [34mcolcon.colcon_core.event_reactor[0m [1;30mDEBUG[0m [32mjoined thread[0m
[6.225s] [34mcolcon.colcon_core.plugin_system[0m [1;30mINFO[0m Skipping extension 'colcon_core.shell.sh': Not used on Windows systems
[6.226s] [34mcolcon.colcon_core.shell[0m [1;30mINFO[0m Creating prefix script 'C:\Users\phmar\Desktop\TCC-Autonomous-Ship\src\main_ws\src\install\local_setup.ps1'
[6.227s] [34mcolcon.colcon_core.shell[0m [1;30mINFO[0m Creating prefix util module 'C:\Users\phmar\Desktop\TCC-Autonomous-Ship\src\main_ws\src\install\_local_setup_util_ps1.py'
[6.229s] [34mcolcon.colcon_core.shell[0m [1;30mINFO[0m Creating prefix chain script 'C:\Users\phmar\Desktop\TCC-Autonomous-Ship\src\main_ws\src\install\setup.ps1'
[6.242s] [34mcolcon.colcon_core.shell[0m [1;30mINFO[0m Creating prefix script 'C:\Users\phmar\Desktop\TCC-Autonomous-Ship\src\main_ws\src\install\local_setup.bat'
[6.243s] [34mcolcon.colcon_core.shell[0m [1;30mINFO[0m Creating prefix util module 'C:\Users\phmar\Desktop\TCC-Autonomous-Ship\src\main_ws\src\install\_local_setup_util_bat.py'
[6.243s] [34mcolcon.colcon_core.shell[0m [1;30mINFO[0m Creating prefix chain script 'C:\Users\phmar\Desktop\TCC-Autonomous-Ship\src\main_ws\src\install\setup.bat'
