running egg_info
writing ..\build\pydyna_simple\pydyna_simple.egg-info\PKG-INFO
writing dependency_links to ..\build\pydyna_simple\pydyna_simple.egg-info\dependency_links.txt
writing entry points to ..\build\pydyna_simple\pydyna_simple.egg-info\entry_points.txt
writing requirements to ..\build\pydyna_simple\pydyna_simple.egg-info\requires.txt
writing top-level names to ..\build\pydyna_simple\pydyna_simple.egg-info\top_level.txt
reading manifest file '..\build\pydyna_simple\pydyna_simple.egg-info\SOURCES.txt'
writing manifest file '..\build\pydyna_simple\pydyna_simple.egg-info\SOURCES.txt'
running build
running build_py
running install
running install_lib
running install_data
running install_egg_info
removing 'C:\TCC-Autonomous-Ship\src\main_ws\src\install\Lib\site-packages\pydyna_simple-0.0.0-py3.6.egg-info' (and everything under it)
Copying ..\build\pydyna_simple\pydyna_simple.egg-info to C:\TCC-Autonomous-Ship\src\main_ws\src\install\Lib\site-packages\pydyna_simple-0.0.0-py3.6.egg-info
running install_scripts
Installing simul-script.py script to C:\TCC-Autonomous-Ship\src\main_ws\src\install\lib\pydyna_simple
Installing simul.exe script to C:\TCC-Autonomous-Ship\src\main_ws\src\install\lib\pydyna_simple
writing list of installed files to 'C:\TCC-Autonomous-Ship\src\main_ws\src\build\pydyna_simple\install.log'
