[0.738s] [34mcolcon[0m [1;30mDEBUG[0m [32mCommand line arguments: ['C:\\Users\\phmar\\AppData\\Local\\Programs\\Python\\Python36\\Scripts\\colcon', 'build', '--merge-install'][0m
[0.738s] [34mcolcon[0m [1;30mDEBUG[0m [32mParsed command line arguments: Namespace(ament_cmake_args=None, base_paths=['.'], build_base='build', catkin_cmake_args=None, catkin_skip_building_tests=False, cmake_args=None, cmake_clean_cache=False, cmake_clean_first=False, cmake_force_configure=False, cmake_target=None, cmake_target_skip_unavailable=False, continue_on_error=False, event_handlers=None, executor='parallel', ignore_user_meta=False, install_base='install', log_base=None, log_level=None, main=<bound method BuildVerb.main of <colcon_core.verb.build.BuildVerb object at 0x0000012F74820518>>, merge_install=True, metas=['./colcon.meta'], packages_above=None, packages_above_and_dependencies=None, packages_above_depth=None, packages_end=None, packages_ignore=None, packages_ignore_regex=None, packages_select=None, packages_select_build_failed=False, packages_select_by_dep=None, packages_select_regex=None, packages_select_test_failures=False, packages_skip=None, packages_skip_build_finished=False, packages_skip_by_dep=None, packages_skip_regex=None, packages_skip_test_passed=False, packages_skip_up_to=None, packages_start=None, packages_up_to=None, packages_up_to_regex=None, parallel_workers=12, paths=None, symlink_install=False, test_result_base=None, verb_extension=<colcon_core.verb.build.BuildVerb object at 0x0000012F74820518>, verb_name='build', verb_parser=<colcon_defaults.argument_parser.defaults.DefaultArgumentsDecorator object at 0x0000012F74820860>)[0m
[0.772s] [34mcolcon.colcon_core.package_discovery[0m [1;30mLevel 1[0m discover_packages(colcon_meta) check parameters
[0.772s] [34mcolcon.colcon_core.package_discovery[0m [1;30mLevel 1[0m discover_packages(recursive) check parameters
[0.772s] [34mcolcon.colcon_core.package_discovery[0m [1;30mLevel 1[0m discover_packages(ignore) check parameters
[0.773s] [34mcolcon.colcon_core.package_discovery[0m [1;30mLevel 1[0m discover_packages(path) check parameters
[0.773s] [34mcolcon.colcon_core.package_discovery[0m [1;30mLevel 1[0m discover_packages(colcon_meta) discover
[0.773s] [34mcolcon.colcon_core.package_discovery[0m [1;30mLevel 1[0m discover_packages(recursive) discover
[0.773s] [34mcolcon.colcon_core.package_discovery[0m [1;30mINFO[0m Crawling recursively for packages in 'C:\TCC-Autonomous-Ship\src\main_ws\src'
[0.773s] [34mcolcon.colcon_core.package_identification[0m [1;30mLevel 1[0m _identify(.) by extensions ['ignore', 'ignore_ament_install']
[0.773s] [34mcolcon.colcon_core.package_identification[0m [1;30mLevel 1[0m _identify(.) by extension 'ignore'
[0.773s] [34mcolcon.colcon_core.package_identification[0m [1;30mLevel 1[0m _identify(.) by extension 'ignore_ament_install'
[0.773s] [34mcolcon.colcon_core.package_identification[0m [1;30mLevel 1[0m _identify(.) by extensions ['colcon_pkg']
[0.773s] [34mcolcon.colcon_core.package_identification[0m [1;30mLevel 1[0m _identify(.) by extension 'colcon_pkg'
[0.774s] [34mcolcon.colcon_core.package_identification[0m [1;30mLevel 1[0m _identify(.) by extensions ['colcon_meta']
[0.774s] [34mcolcon.colcon_core.package_identification[0m [1;30mLevel 1[0m _identify(.) by extension 'colcon_meta'
[0.774s] [34mcolcon.colcon_core.package_identification[0m [1;30mLevel 1[0m _identify(.) by extensions ['ros']
[0.774s] [34mcolcon.colcon_core.package_identification[0m [1;30mLevel 1[0m _identify(.) by extension 'ros'
[0.790s] [34mcolcon.colcon_core.package_identification[0m [1;30mLevel 1[0m _identify(.) by extensions ['cmake', 'python']
[0.790s] [34mcolcon.colcon_core.package_identification[0m [1;30mLevel 1[0m _identify(.) by extension 'cmake'
[0.790s] [34mcolcon.colcon_core.package_identification[0m [1;30mLevel 1[0m _identify(.) by extension 'python'
[0.790s] [34mcolcon.colcon_core.package_identification[0m [1;30mLevel 1[0m _identify(.) by extensions ['python_setup_py']
[0.790s] [34mcolcon.colcon_core.package_identification[0m [1;30mLevel 1[0m _identify(.) by extension 'python_setup_py'
[0.791s] [34mcolcon.colcon_core.package_identification[0m [1;30mLevel 1[0m _identify(build) by extensions ['ignore', 'ignore_ament_install']
[0.791s] [34mcolcon.colcon_core.package_identification[0m [1;30mLevel 1[0m _identify(build) by extension 'ignore'
[0.791s] [34mcolcon.colcon_core.package_identification[0m [1;30mLevel 1[0m _identify(build) ignored
[0.791s] [34mcolcon.colcon_core.package_identification[0m [1;30mLevel 1[0m _identify(install) by extensions ['ignore', 'ignore_ament_install']
[0.791s] [34mcolcon.colcon_core.package_identification[0m [1;30mLevel 1[0m _identify(install) by extension 'ignore'
[0.791s] [34mcolcon.colcon_core.package_identification[0m [1;30mLevel 1[0m _identify(install) ignored
[0.792s] [34mcolcon.colcon_core.package_identification[0m [1;30mLevel 1[0m _identify(log) by extensions ['ignore', 'ignore_ament_install']
[0.792s] [34mcolcon.colcon_core.package_identification[0m [1;30mLevel 1[0m _identify(log) by extension 'ignore'
[0.792s] [34mcolcon.colcon_core.package_identification[0m [1;30mLevel 1[0m _identify(log) ignored
[0.792s] [34mcolcon.colcon_core.package_identification[0m [1;30mLevel 1[0m _identify(path_following) by extensions ['ignore', 'ignore_ament_install']
[0.792s] [34mcolcon.colcon_core.package_identification[0m [1;30mLevel 1[0m _identify(path_following) by extension 'ignore'
[0.792s] [34mcolcon.colcon_core.package_identification[0m [1;30mLevel 1[0m _identify(path_following) by extension 'ignore_ament_install'
[0.792s] [34mcolcon.colcon_core.package_identification[0m [1;30mLevel 1[0m _identify(path_following) by extensions ['colcon_pkg']
[0.792s] [34mcolcon.colcon_core.package_identification[0m [1;30mLevel 1[0m _identify(path_following) by extension 'colcon_pkg'
[0.793s] [34mcolcon.colcon_core.package_identification[0m [1;30mLevel 1[0m _identify(path_following) by extensions ['colcon_meta']
[0.793s] [34mcolcon.colcon_core.package_identification[0m [1;30mLevel 1[0m _identify(path_following) by extension 'colcon_meta'
[0.793s] [34mcolcon.colcon_core.package_identification[0m [1;30mLevel 1[0m _identify(path_following) by extensions ['ros']
[0.793s] [34mcolcon.colcon_core.package_identification[0m [1;30mLevel 1[0m _identify(path_following) by extension 'ros'
[0.796s] [34mcolcon.colcon_core.package_identification[0m [1;30mDEBUG[0m [32mPackage 'path_following' with type 'ros.ament_python' and name 'path_following'[0m
[0.797s] [34mcolcon.colcon_core.package_identification[0m [1;30mLevel 1[0m _identify(path_following_interfaces) by extensions ['ignore', 'ignore_ament_install']
[0.797s] [34mcolcon.colcon_core.package_identification[0m [1;30mLevel 1[0m _identify(path_following_interfaces) by extension 'ignore'
[0.797s] [34mcolcon.colcon_core.package_identification[0m [1;30mLevel 1[0m _identify(path_following_interfaces) by extension 'ignore_ament_install'
[0.797s] [34mcolcon.colcon_core.package_identification[0m [1;30mLevel 1[0m _identify(path_following_interfaces) by extensions ['colcon_pkg']
[0.797s] [34mcolcon.colcon_core.package_identification[0m [1;30mLevel 1[0m _identify(path_following_interfaces) by extension 'colcon_pkg'
[0.797s] [34mcolcon.colcon_core.package_identification[0m [1;30mLevel 1[0m _identify(path_following_interfaces) by extensions ['colcon_meta']
[0.797s] [34mcolcon.colcon_core.package_identification[0m [1;30mLevel 1[0m _identify(path_following_interfaces) by extension 'colcon_meta'
[0.797s] [34mcolcon.colcon_core.package_identification[0m [1;30mLevel 1[0m _identify(path_following_interfaces) by extensions ['ros']
[0.797s] [34mcolcon.colcon_core.package_identification[0m [1;30mLevel 1[0m _identify(path_following_interfaces) by extension 'ros'
[0.798s] [34mcolcon.colcon_core.package_identification[0m [1;30mDEBUG[0m [32mPackage 'path_following_interfaces' with type 'ros.ament_cmake' and name 'path_following_interfaces'[0m
[0.799s] [34mcolcon.colcon_core.package_identification[0m [1;30mLevel 1[0m _identify(pydyna_simple) by extensions ['ignore', 'ignore_ament_install']
[0.799s] [34mcolcon.colcon_core.package_identification[0m [1;30mLevel 1[0m _identify(pydyna_simple) by extension 'ignore'
[0.799s] [34mcolcon.colcon_core.package_identification[0m [1;30mLevel 1[0m _identify(pydyna_simple) by extension 'ignore_ament_install'
[0.799s] [34mcolcon.colcon_core.package_identification[0m [1;30mLevel 1[0m _identify(pydyna_simple) by extensions ['colcon_pkg']
[0.799s] [34mcolcon.colcon_core.package_identification[0m [1;30mLevel 1[0m _identify(pydyna_simple) by extension 'colcon_pkg'
[0.799s] [34mcolcon.colcon_core.package_identification[0m [1;30mLevel 1[0m _identify(pydyna_simple) by extensions ['colcon_meta']
[0.799s] [34mcolcon.colcon_core.package_identification[0m [1;30mLevel 1[0m _identify(pydyna_simple) by extension 'colcon_meta'
[0.799s] [34mcolcon.colcon_core.package_identification[0m [1;30mLevel 1[0m _identify(pydyna_simple) by extensions ['ros']
[0.799s] [34mcolcon.colcon_core.package_identification[0m [1;30mLevel 1[0m _identify(pydyna_simple) by extension 'ros'
[0.801s] [34mcolcon.colcon_core.package_identification[0m [1;30mDEBUG[0m [32mPackage 'pydyna_simple' with type 'ros.ament_python' and name 'pydyna_simple'[0m
[0.801s] [34mcolcon.colcon_core.package_identification[0m [1;30mLevel 1[0m _identify(rosbag2_2021_10_29-16_15_09) by extensions ['ignore', 'ignore_ament_install']
[0.801s] [34mcolcon.colcon_core.package_identification[0m [1;30mLevel 1[0m _identify(rosbag2_2021_10_29-16_15_09) by extension 'ignore'
[0.801s] [34mcolcon.colcon_core.package_identification[0m [1;30mLevel 1[0m _identify(rosbag2_2021_10_29-16_15_09) by extension 'ignore_ament_install'
[0.801s] [34mcolcon.colcon_core.package_identification[0m [1;30mLevel 1[0m _identify(rosbag2_2021_10_29-16_15_09) by extensions ['colcon_pkg']
[0.801s] [34mcolcon.colcon_core.package_identification[0m [1;30mLevel 1[0m _identify(rosbag2_2021_10_29-16_15_09) by extension 'colcon_pkg'
[0.801s] [34mcolcon.colcon_core.package_identification[0m [1;30mLevel 1[0m _identify(rosbag2_2021_10_29-16_15_09) by extensions ['colcon_meta']
[0.801s] [34mcolcon.colcon_core.package_identification[0m [1;30mLevel 1[0m _identify(rosbag2_2021_10_29-16_15_09) by extension 'colcon_meta'
[0.801s] [34mcolcon.colcon_core.package_identification[0m [1;30mLevel 1[0m _identify(rosbag2_2021_10_29-16_15_09) by extensions ['ros']
[0.801s] [34mcolcon.colcon_core.package_identification[0m [1;30mLevel 1[0m _identify(rosbag2_2021_10_29-16_15_09) by extension 'ros'
[0.802s] [34mcolcon.colcon_core.package_identification[0m [1;30mLevel 1[0m _identify(rosbag2_2021_10_29-16_15_09) by extensions ['cmake', 'python']
[0.802s] [34mcolcon.colcon_core.package_identification[0m [1;30mLevel 1[0m _identify(rosbag2_2021_10_29-16_15_09) by extension 'cmake'
[0.802s] [34mcolcon.colcon_core.package_identification[0m [1;30mLevel 1[0m _identify(rosbag2_2021_10_29-16_15_09) by extension 'python'
[0.802s] [34mcolcon.colcon_core.package_identification[0m [1;30mLevel 1[0m _identify(rosbag2_2021_10_29-16_15_09) by extensions ['python_setup_py']
[0.802s] [34mcolcon.colcon_core.package_identification[0m [1;30mLevel 1[0m _identify(rosbag2_2021_10_29-16_15_09) by extension 'python_setup_py'
[0.802s] [34mcolcon.colcon_core.package_discovery[0m [1;30mLevel 1[0m discover_packages(recursive) using defaults
[0.802s] [34mcolcon.colcon_core.package_discovery[0m [1;30mLevel 1[0m discover_packages(ignore) discover
[0.802s] [34mcolcon.colcon_core.package_discovery[0m [1;30mLevel 1[0m discover_packages(ignore) using defaults
[0.802s] [34mcolcon.colcon_core.package_discovery[0m [1;30mLevel 1[0m discover_packages(path) discover
[0.802s] [34mcolcon.colcon_core.package_discovery[0m [1;30mLevel 1[0m discover_packages(path) using defaults
[0.866s] [34mcolcon.colcon_core.verb[0m [1;30mLevel 5[0m set package 'path_following_interfaces' build argument 'cmake_args' from command line to 'None'
[0.867s] [34mcolcon.colcon_core.verb[0m [1;30mLevel 5[0m set package 'path_following_interfaces' build argument 'cmake_target' from command line to 'None'
[0.867s] [34mcolcon.colcon_core.verb[0m [1;30mLevel 5[0m set package 'path_following_interfaces' build argument 'cmake_target_skip_unavailable' from command line to 'False'
[0.867s] [34mcolcon.colcon_core.verb[0m [1;30mLevel 5[0m set package 'path_following_interfaces' build argument 'cmake_clean_cache' from command line to 'False'
[0.867s] [34mcolcon.colcon_core.verb[0m [1;30mLevel 5[0m set package 'path_following_interfaces' build argument 'cmake_clean_first' from command line to 'False'
[0.867s] [34mcolcon.colcon_core.verb[0m [1;30mLevel 5[0m set package 'path_following_interfaces' build argument 'cmake_force_configure' from command line to 'False'
[0.867s] [34mcolcon.colcon_core.verb[0m [1;30mLevel 5[0m set package 'path_following_interfaces' build argument 'ament_cmake_args' from command line to 'None'
[0.867s] [34mcolcon.colcon_core.verb[0m [1;30mLevel 5[0m set package 'path_following_interfaces' build argument 'catkin_cmake_args' from command line to 'None'
[0.867s] [34mcolcon.colcon_core.verb[0m [1;30mLevel 5[0m set package 'path_following_interfaces' build argument 'catkin_skip_building_tests' from command line to 'False'
[0.867s] [34mcolcon.colcon_core.verb[0m [1;30mDEBUG[0m [32mBuilding package 'path_following_interfaces' with the following arguments: {'ament_cmake_args': None, 'build_base': 'C:\\TCC-Autonomous-Ship\\src\\main_ws\\src\\build\\path_following_interfaces', 'catkin_cmake_args': None, 'catkin_skip_building_tests': False, 'cmake_args': None, 'cmake_clean_cache': False, 'cmake_clean_first': False, 'cmake_force_configure': False, 'cmake_target': None, 'cmake_target_skip_unavailable': False, 'install_base': 'C:\\TCC-Autonomous-Ship\\src\\main_ws\\src\\install', 'merge_install': True, 'path': 'C:\\TCC-Autonomous-Ship\\src\\main_ws\\src\\path_following_interfaces', 'symlink_install': False, 'test_result_base': None}[0m
[0.880s] [34mcolcon.colcon_core.verb[0m [1;30mLevel 5[0m set package 'path_following' build argument 'cmake_args' from command line to 'None'
[0.880s] [34mcolcon.colcon_core.verb[0m [1;30mLevel 5[0m set package 'path_following' build argument 'cmake_target' from command line to 'None'
[0.881s] [34mcolcon.colcon_core.verb[0m [1;30mLevel 5[0m set package 'path_following' build argument 'cmake_target_skip_unavailable' from command line to 'False'
[0.881s] [34mcolcon.colcon_core.verb[0m [1;30mLevel 5[0m set package 'path_following' build argument 'cmake_clean_cache' from command line to 'False'
[0.881s] [34mcolcon.colcon_core.verb[0m [1;30mLevel 5[0m set package 'path_following' build argument 'cmake_clean_first' from command line to 'False'
[0.881s] [34mcolcon.colcon_core.verb[0m [1;30mLevel 5[0m set package 'path_following' build argument 'cmake_force_configure' from command line to 'False'
[0.881s] [34mcolcon.colcon_core.verb[0m [1;30mLevel 5[0m set package 'path_following' build argument 'ament_cmake_args' from command line to 'None'
[0.881s] [34mcolcon.colcon_core.verb[0m [1;30mLevel 5[0m set package 'path_following' build argument 'catkin_cmake_args' from command line to 'None'
[0.881s] [34mcolcon.colcon_core.verb[0m [1;30mLevel 5[0m set package 'path_following' build argument 'catkin_skip_building_tests' from command line to 'False'
[0.881s] [34mcolcon.colcon_core.verb[0m [1;30mDEBUG[0m [32mBuilding package 'path_following' with the following arguments: {'ament_cmake_args': None, 'build_base': 'C:\\TCC-Autonomous-Ship\\src\\main_ws\\src\\build\\path_following', 'catkin_cmake_args': None, 'catkin_skip_building_tests': False, 'cmake_args': None, 'cmake_clean_cache': False, 'cmake_clean_first': False, 'cmake_force_configure': False, 'cmake_target': None, 'cmake_target_skip_unavailable': False, 'install_base': 'C:\\TCC-Autonomous-Ship\\src\\main_ws\\src\\install', 'merge_install': True, 'path': 'C:\\TCC-Autonomous-Ship\\src\\main_ws\\src\\path_following', 'symlink_install': False, 'test_result_base': None}[0m
[0.895s] [34mcolcon.colcon_core.verb[0m [1;30mLevel 5[0m set package 'pydyna_simple' build argument 'cmake_args' from command line to 'None'
[0.895s] [34mcolcon.colcon_core.verb[0m [1;30mLevel 5[0m set package 'pydyna_simple' build argument 'cmake_target' from command line to 'None'
[0.895s] [34mcolcon.colcon_core.verb[0m [1;30mLevel 5[0m set package 'pydyna_simple' build argument 'cmake_target_skip_unavailable' from command line to 'False'
[0.896s] [34mcolcon.colcon_core.verb[0m [1;30mLevel 5[0m set package 'pydyna_simple' build argument 'cmake_clean_cache' from command line to 'False'
[0.896s] [34mcolcon.colcon_core.verb[0m [1;30mLevel 5[0m set package 'pydyna_simple' build argument 'cmake_clean_first' from command line to 'False'
[0.896s] [34mcolcon.colcon_core.verb[0m [1;30mLevel 5[0m set package 'pydyna_simple' build argument 'cmake_force_configure' from command line to 'False'
[0.896s] [34mcolcon.colcon_core.verb[0m [1;30mLevel 5[0m set package 'pydyna_simple' build argument 'ament_cmake_args' from command line to 'None'
[0.896s] [34mcolcon.colcon_core.verb[0m [1;30mLevel 5[0m set package 'pydyna_simple' build argument 'catkin_cmake_args' from command line to 'None'
[0.896s] [34mcolcon.colcon_core.verb[0m [1;30mLevel 5[0m set package 'pydyna_simple' build argument 'catkin_skip_building_tests' from command line to 'False'
[0.896s] [34mcolcon.colcon_core.verb[0m [1;30mDEBUG[0m [32mBuilding package 'pydyna_simple' with the following arguments: {'ament_cmake_args': None, 'build_base': 'C:\\TCC-Autonomous-Ship\\src\\main_ws\\src\\build\\pydyna_simple', 'catkin_cmake_args': None, 'catkin_skip_building_tests': False, 'cmake_args': None, 'cmake_clean_cache': False, 'cmake_clean_first': False, 'cmake_force_configure': False, 'cmake_target': None, 'cmake_target_skip_unavailable': False, 'install_base': 'C:\\TCC-Autonomous-Ship\\src\\main_ws\\src\\install', 'merge_install': True, 'path': 'C:\\TCC-Autonomous-Ship\\src\\main_ws\\src\\pydyna_simple', 'symlink_install': False, 'test_result_base': None}[0m
[0.899s] [34mcolcon.colcon_core.executor[0m [1;30mINFO[0m Executing jobs using 'parallel' executor
[0.926s] [34mcolcon.colcon_parallel_executor.executor.parallel[0m [1;30mDEBUG[0m [32mrun_until_complete[0m
[0.926s] [34mcolcon.colcon_ros.task.ament_cmake.build[0m [1;30mINFO[0m Building ROS package in 'C:\TCC-Autonomous-Ship\src\main_ws\src\path_following_interfaces' with build type 'ament_cmake'
[0.926s] [34mcolcon.colcon_cmake.task.cmake.build[0m [1;30mINFO[0m Building CMake package in 'C:\TCC-Autonomous-Ship\src\main_ws\src\path_following_interfaces'
[0.935s] [34mcolcon.colcon_core.plugin_system[0m [1;30mINFO[0m Skipping extension 'colcon_core.shell.sh': Not used on Windows systems
[0.935s] [34mcolcon.colcon_core.shell[0m [1;30mINFO[0m Skip shell extension 'powershell' for command environment: Not usable outside of PowerShell
[0.989s] [34mcolcon.colcon_core.event_handler.log_command[0m [1;30mDEBUG[0m [32mInvoking command in 'C:\TCC-Autonomous-Ship\src\main_ws\src\build\path_following_interfaces': C:\Program Files\CMake\bin\cmake.EXE C:\TCC-Autonomous-Ship\src\main_ws\src\path_following_interfaces -DCMAKE_INSTALL_PREFIX=C:\TCC-Autonomous-Ship\src\main_ws\src\install[0m
[3.339s] [34mcolcon.colcon_core.event_handler.log_command[0m [1;30mDEBUG[0m [32mInvoked command in 'C:\TCC-Autonomous-Ship\src\main_ws\src\build\path_following_interfaces' returned '0': C:\Program Files\CMake\bin\cmake.EXE C:\TCC-Autonomous-Ship\src\main_ws\src\path_following_interfaces -DCMAKE_INSTALL_PREFIX=C:\TCC-Autonomous-Ship\src\main_ws\src\install[0m
[3.345s] [34mcolcon.colcon_core.event_handler.log_command[0m [1;30mDEBUG[0m [32mInvoking command in 'C:\TCC-Autonomous-Ship\src\main_ws\src\build\path_following_interfaces': CL=/MP C:\Program Files\CMake\bin\cmake.EXE --build C:\TCC-Autonomous-Ship\src\main_ws\src\build\path_following_interfaces --config Release[0m
[6.426s] [34mcolcon.colcon_core.event_handler.log_command[0m [1;30mDEBUG[0m [32mInvoked command in 'C:\TCC-Autonomous-Ship\src\main_ws\src\build\path_following_interfaces' returned '0': CL=/MP C:\Program Files\CMake\bin\cmake.EXE --build C:\TCC-Autonomous-Ship\src\main_ws\src\build\path_following_interfaces --config Release[0m
[6.449s] [34mcolcon.colcon_core.event_handler.log_command[0m [1;30mDEBUG[0m [32mInvoking command in 'C:\TCC-Autonomous-Ship\src\main_ws\src\build\path_following_interfaces': C:\Program Files\CMake\bin\cmake.EXE --install C:\TCC-Autonomous-Ship\src\main_ws\src\build\path_following_interfaces --config Release[0m
[6.624s] [34mcolcon.colcon_core.environment[0m [1;30mLevel 1[0m create_environment_scripts_only(path_following_interfaces)
[6.626s] [34mcolcon.colcon_core.event_handler.log_command[0m [1;30mDEBUG[0m [32mInvoked command in 'C:\TCC-Autonomous-Ship\src\main_ws\src\build\path_following_interfaces' returned '0': C:\Program Files\CMake\bin\cmake.EXE --install C:\TCC-Autonomous-Ship\src\main_ws\src\build\path_following_interfaces --config Release[0m
[6.644s] [34mcolcon.colcon_core.environment[0m [1;30mLevel 1[0m checking 'C:\TCC-Autonomous-Ship\src\main_ws\src\install' for CMake module files
[6.646s] [34mcolcon.colcon_core.environment[0m [1;30mLevel 1[0m checking 'C:\TCC-Autonomous-Ship\src\main_ws\src\install' for CMake config files
[6.651s] [34mcolcon.colcon_core.shell[0m [1;30mLevel 1[0m create_environment_hook('path_following_interfaces', 'cmake_prefix_path')
[6.658s] [34mcolcon.colcon_core.shell[0m [1;30mINFO[0m Creating environment hook 'C:\TCC-Autonomous-Ship\src\main_ws\src\install\share\path_following_interfaces\hook\cmake_prefix_path.ps1'
[6.660s] [34mcolcon.colcon_core.shell[0m [1;30mINFO[0m Creating environment hook 'C:\TCC-Autonomous-Ship\src\main_ws\src\install\share\path_following_interfaces\hook\cmake_prefix_path.bat'
[6.661s] [34mcolcon.colcon_core.shell[0m [1;30mINFO[0m Creating environment descriptor 'C:\TCC-Autonomous-Ship\src\main_ws\src\install\share\path_following_interfaces\hook\cmake_prefix_path.dsv'
[6.662s] [34mcolcon.colcon_core.environment[0m [1;30mLevel 1[0m checking 'C:\TCC-Autonomous-Ship\src\main_ws\src\install\bin'
[6.662s] [34mcolcon.colcon_core.shell[0m [1;30mLevel 1[0m create_environment_hook('path_following_interfaces', 'path_dll')
[6.670s] [34mcolcon.colcon_core.shell[0m [1;30mINFO[0m Creating environment hook 'C:\TCC-Autonomous-Ship\src\main_ws\src\install\share\path_following_interfaces\hook\path_dll.ps1'
[6.671s] [34mcolcon.colcon_core.shell[0m [1;30mINFO[0m Creating environment hook 'C:\TCC-Autonomous-Ship\src\main_ws\src\install\share\path_following_interfaces\hook\path_dll.bat'
[6.672s] [34mcolcon.colcon_core.shell[0m [1;30mINFO[0m Creating environment descriptor 'C:\TCC-Autonomous-Ship\src\main_ws\src\install\share\path_following_interfaces\hook\path_dll.dsv'
[6.672s] [34mcolcon.colcon_core.environment[0m [1;30mLevel 1[0m checking 'C:\TCC-Autonomous-Ship\src\main_ws\src\install\bin'
[6.673s] [34mcolcon.colcon_core.shell[0m [1;30mLevel 1[0m create_environment_hook('path_following_interfaces', 'path')
[6.679s] [34mcolcon.colcon_core.shell[0m [1;30mINFO[0m Creating environment hook 'C:\TCC-Autonomous-Ship\src\main_ws\src\install\share\path_following_interfaces\hook\path.ps1'
[6.680s] [34mcolcon.colcon_core.shell[0m [1;30mINFO[0m Creating environment hook 'C:\TCC-Autonomous-Ship\src\main_ws\src\install\share\path_following_interfaces\hook\path.bat'
[6.681s] [34mcolcon.colcon_core.shell[0m [1;30mINFO[0m Creating environment descriptor 'C:\TCC-Autonomous-Ship\src\main_ws\src\install\share\path_following_interfaces\hook\path.dsv'
[6.682s] [34mcolcon.colcon_core.environment[0m [1;30mLevel 1[0m checking 'C:\TCC-Autonomous-Ship\src\main_ws\src\install\Scripts'
[6.682s] [34mcolcon.colcon_core.environment[0m [1;30mLevel 1[0m checking 'C:\TCC-Autonomous-Ship\src\main_ws\src\install\lib\pkgconfig\path_following_interfaces.pc'
[6.682s] [34mcolcon.colcon_core.environment[0m [1;30mLevel 1[0m checking 'C:\TCC-Autonomous-Ship\src\main_ws\src\install\Lib\site-packages'
[6.682s] [34mcolcon.colcon_core.shell[0m [1;30mLevel 1[0m create_environment_hook('path_following_interfaces', 'pythonpath')
[6.690s] [34mcolcon.colcon_core.shell[0m [1;30mINFO[0m Creating environment hook 'C:\TCC-Autonomous-Ship\src\main_ws\src\install\share\path_following_interfaces\hook\pythonpath.ps1'
[6.691s] [34mcolcon.colcon_core.shell[0m [1;30mINFO[0m Creating environment hook 'C:\TCC-Autonomous-Ship\src\main_ws\src\install\share\path_following_interfaces\hook\pythonpath.bat'
[6.692s] [34mcolcon.colcon_core.shell[0m [1;30mINFO[0m Creating environment descriptor 'C:\TCC-Autonomous-Ship\src\main_ws\src\install\share\path_following_interfaces\hook\pythonpath.dsv'
[6.702s] [34mcolcon.colcon_core.shell[0m [1;30mINFO[0m Creating package script 'C:\TCC-Autonomous-Ship\src\main_ws\src\install\share\path_following_interfaces\package.ps1'
[6.703s] [34mcolcon.colcon_core.shell[0m [1;30mINFO[0m Creating package script 'C:\TCC-Autonomous-Ship\src\main_ws\src\install\share\path_following_interfaces\package.bat'
[6.704s] [34mcolcon.colcon_core.shell[0m [1;30mINFO[0m Creating package descriptor 'C:\TCC-Autonomous-Ship\src\main_ws\src\install\share\path_following_interfaces\package.dsv'
[6.705s] [34mcolcon.colcon_core.environment[0m [1;30mLevel 1[0m create_file_with_runtime_dependencies(C:\TCC-Autonomous-Ship\src\main_ws\src\install\share\colcon-core\packages\path_following_interfaces)
[6.714s] [34mcolcon.colcon_core.environment[0m [1;30mLevel 1[0m create_environment_scripts_only(path_following_interfaces)
[6.725s] [34mcolcon.colcon_core.environment[0m [1;30mLevel 1[0m checking 'C:\TCC-Autonomous-Ship\src\main_ws\src\install' for CMake module files
[6.728s] [34mcolcon.colcon_core.environment[0m [1;30mLevel 1[0m checking 'C:\TCC-Autonomous-Ship\src\main_ws\src\install' for CMake config files
[6.732s] [34mcolcon.colcon_core.shell[0m [1;30mLevel 1[0m create_environment_hook('path_following_interfaces', 'cmake_prefix_path')
[6.740s] [34mcolcon.colcon_core.shell[0m [1;30mINFO[0m Creating environment hook 'C:\TCC-Autonomous-Ship\src\main_ws\src\install\share\path_following_interfaces\hook\cmake_prefix_path.ps1'
[6.741s] [34mcolcon.colcon_core.shell[0m [1;30mINFO[0m Creating environment hook 'C:\TCC-Autonomous-Ship\src\main_ws\src\install\share\path_following_interfaces\hook\cmake_prefix_path.bat'
[6.742s] [34mcolcon.colcon_core.shell[0m [1;30mINFO[0m Creating environment descriptor 'C:\TCC-Autonomous-Ship\src\main_ws\src\install\share\path_following_interfaces\hook\cmake_prefix_path.dsv'
[6.743s] [34mcolcon.colcon_core.environment[0m [1;30mLevel 1[0m checking 'C:\TCC-Autonomous-Ship\src\main_ws\src\install\bin'
[6.743s] [34mcolcon.colcon_core.shell[0m [1;30mLevel 1[0m create_environment_hook('path_following_interfaces', 'path_dll')
[6.750s] [34mcolcon.colcon_core.shell[0m [1;30mINFO[0m Creating environment hook 'C:\TCC-Autonomous-Ship\src\main_ws\src\install\share\path_following_interfaces\hook\path_dll.ps1'
[6.750s] [34mcolcon.colcon_core.shell[0m [1;30mINFO[0m Creating environment hook 'C:\TCC-Autonomous-Ship\src\main_ws\src\install\share\path_following_interfaces\hook\path_dll.bat'
[6.751s] [34mcolcon.colcon_core.shell[0m [1;30mINFO[0m Creating environment descriptor 'C:\TCC-Autonomous-Ship\src\main_ws\src\install\share\path_following_interfaces\hook\path_dll.dsv'
[6.752s] [34mcolcon.colcon_core.environment[0m [1;30mLevel 1[0m checking 'C:\TCC-Autonomous-Ship\src\main_ws\src\install\bin'
[6.752s] [34mcolcon.colcon_core.shell[0m [1;30mLevel 1[0m create_environment_hook('path_following_interfaces', 'path')
[6.759s] [34mcolcon.colcon_core.shell[0m [1;30mINFO[0m Creating environment hook 'C:\TCC-Autonomous-Ship\src\main_ws\src\install\share\path_following_interfaces\hook\path.ps1'
[6.760s] [34mcolcon.colcon_core.shell[0m [1;30mINFO[0m Creating environment hook 'C:\TCC-Autonomous-Ship\src\main_ws\src\install\share\path_following_interfaces\hook\path.bat'
[6.761s] [34mcolcon.colcon_core.shell[0m [1;30mINFO[0m Creating environment descriptor 'C:\TCC-Autonomous-Ship\src\main_ws\src\install\share\path_following_interfaces\hook\path.dsv'
[6.761s] [34mcolcon.colcon_core.environment[0m [1;30mLevel 1[0m checking 'C:\TCC-Autonomous-Ship\src\main_ws\src\install\Scripts'
[6.762s] [34mcolcon.colcon_core.environment[0m [1;30mLevel 1[0m checking 'C:\TCC-Autonomous-Ship\src\main_ws\src\install\lib\pkgconfig\path_following_interfaces.pc'
[6.762s] [34mcolcon.colcon_core.environment[0m [1;30mLevel 1[0m checking 'C:\TCC-Autonomous-Ship\src\main_ws\src\install\Lib\site-packages'
[6.762s] [34mcolcon.colcon_core.shell[0m [1;30mLevel 1[0m create_environment_hook('path_following_interfaces', 'pythonpath')
[6.770s] [34mcolcon.colcon_core.shell[0m [1;30mINFO[0m Creating environment hook 'C:\TCC-Autonomous-Ship\src\main_ws\src\install\share\path_following_interfaces\hook\pythonpath.ps1'
[6.771s] [34mcolcon.colcon_core.shell[0m [1;30mINFO[0m Creating environment hook 'C:\TCC-Autonomous-Ship\src\main_ws\src\install\share\path_following_interfaces\hook\pythonpath.bat'
[6.771s] [34mcolcon.colcon_core.shell[0m [1;30mINFO[0m Creating environment descriptor 'C:\TCC-Autonomous-Ship\src\main_ws\src\install\share\path_following_interfaces\hook\pythonpath.dsv'
[6.779s] [34mcolcon.colcon_core.shell[0m [1;30mINFO[0m Creating package script 'C:\TCC-Autonomous-Ship\src\main_ws\src\install\share\path_following_interfaces\package.ps1'
[6.780s] [34mcolcon.colcon_core.shell[0m [1;30mINFO[0m Creating package script 'C:\TCC-Autonomous-Ship\src\main_ws\src\install\share\path_following_interfaces\package.bat'
[6.781s] [34mcolcon.colcon_core.shell[0m [1;30mINFO[0m Creating package descriptor 'C:\TCC-Autonomous-Ship\src\main_ws\src\install\share\path_following_interfaces\package.dsv'
[6.782s] [34mcolcon.colcon_core.environment[0m [1;30mLevel 1[0m create_file_with_runtime_dependencies(C:\TCC-Autonomous-Ship\src\main_ws\src\install\share\colcon-core\packages\path_following_interfaces)
[6.782s] [34mcolcon.colcon_ros.task.ament_python.build[0m [1;30mINFO[0m Building ROS package in 'C:\TCC-Autonomous-Ship\src\main_ws\src\path_following' with build type 'ament_python'
[6.782s] [34mcolcon.colcon_core.shell[0m [1;30mLevel 1[0m create_environment_hook('path_following', 'ament_prefix_path')
[6.790s] [34mcolcon.colcon_core.shell[0m [1;30mINFO[0m Creating environment hook 'C:\TCC-Autonomous-Ship\src\main_ws\src\install\share\path_following\hook\ament_prefix_path.ps1'
[6.791s] [34mcolcon.colcon_core.shell[0m [1;30mINFO[0m Creating environment hook 'C:\TCC-Autonomous-Ship\src\main_ws\src\install\share\path_following\hook\ament_prefix_path.bat'
[6.792s] [34mcolcon.colcon_core.shell[0m [1;30mINFO[0m Creating environment descriptor 'C:\TCC-Autonomous-Ship\src\main_ws\src\install\share\path_following\hook\ament_prefix_path.dsv'
[6.801s] [34mcolcon.colcon_core.shell[0m [1;30mINFO[0m Skip shell extension 'powershell' for command environment: Not usable outside of PowerShell
[6.838s] [34mcolcon.colcon_ros.task.ament_python.build[0m [1;30mINFO[0m Building ROS package in 'C:\TCC-Autonomous-Ship\src\main_ws\src\pydyna_simple' with build type 'ament_python'
[6.839s] [34mcolcon.colcon_core.shell[0m [1;30mLevel 1[0m create_environment_hook('pydyna_simple', 'ament_prefix_path')
[6.846s] [34mcolcon.colcon_core.shell[0m [1;30mINFO[0m Creating environment hook 'C:\TCC-Autonomous-Ship\src\main_ws\src\install\share\pydyna_simple\hook\ament_prefix_path.ps1'
[6.847s] [34mcolcon.colcon_core.shell[0m [1;30mINFO[0m Creating environment hook 'C:\TCC-Autonomous-Ship\src\main_ws\src\install\share\pydyna_simple\hook\ament_prefix_path.bat'
[6.848s] [34mcolcon.colcon_core.shell[0m [1;30mINFO[0m Creating environment descriptor 'C:\TCC-Autonomous-Ship\src\main_ws\src\install\share\pydyna_simple\hook\ament_prefix_path.dsv'
[6.856s] [34mcolcon.colcon_core.shell[0m [1;30mINFO[0m Skip shell extension 'powershell' for command environment: Not usable outside of PowerShell
[7.393s] [34mcolcon.colcon_core.task.python.build[0m [1;30mINFO[0m Building Python package in 'C:\TCC-Autonomous-Ship\src\main_ws\src\path_following'
[7.401s] [34mcolcon.colcon_core.shell[0m [1;30mINFO[0m Skip shell extension 'powershell' for command environment: Not usable outside of PowerShell
[7.929s] [34mcolcon.colcon_core.task.python.build[0m [1;30mINFO[0m Building Python package in 'C:\TCC-Autonomous-Ship\src\main_ws\src\pydyna_simple'
[7.936s] [34mcolcon.colcon_core.shell[0m [1;30mINFO[0m Skip shell extension 'powershell' for command environment: Not usable outside of PowerShell
[7.980s] [34mcolcon.colcon_core.event_handler.log_command[0m [1;30mDEBUG[0m [32mInvoking command in 'C:\TCC-Autonomous-Ship\src\main_ws\src\path_following': PYTHONPATH=C:\TCC-Autonomous-Ship\src\main_ws\src\install\Lib\site-packages;%PYTHONPATH% Path=C:\TCC-Autonomous-Ship\src\main_ws\src\install\bin;c:\users\phmar\appdata\local\programs\python\python36\lib\site-packages\pywin32_system32;C:\dev\ros2_galactic\install\opt\yaml_cpp_vendor\bin;C:\dev\ros2_galactic\install\opt\rviz_ogre_vendor\bin;C:\dev\ros2_galactic\install\opt\rviz_assimp_vendor\bin;C:\dev\ros2_galactic\install\opt\libcurl_vendor\bin;C:\dev\ros2_galactic\install\Scripts;C:\dev\ros2_galactic\install\bin;C:\Program Files (x86)\Microsoft Visual Studio\2019\Community\Common7\IDE\\Extensions\Microsoft\IntelliCode\CLI;C:\Program Files (x86)\Microsoft Visual Studio\2019\Community\VC\Tools\MSVC\14.29.30133\bin\HostX64\x64;C:\Program Files (x86)\Microsoft Visual Studio\2019\Community\Common7\IDE\VC\VCPackages;C:\Program Files (x86)\Microsoft Visual Studio\2019\Community\Common7\IDE\CommonExtensions\Microsoft\TestWindow;C:\Program Files (x86)\Microsoft Visual Studio\2019\Community\Common7\IDE\CommonExtensions\Microsoft\TeamFoundation\Team Explorer;C:\Program Files (x86)\Microsoft Visual Studio\2019\Community\MSBuild\Current\bin\Roslyn;C:\Program Files (x86)\Microsoft Visual Studio\2019\Community\Team Tools\Performance Tools\x64;C:\Program Files (x86)\Microsoft Visual Studio\2019\Community\Team Tools\Performance Tools;C:\Program Files (x86)\Microsoft Visual Studio\Shared\Common\VSPerfCollectionTools\vs2019\\x64;C:\Program Files (x86)\Microsoft Visual Studio\Shared\Common\VSPerfCollectionTools\vs2019\;C:\Program Files (x86)\Microsoft Visual Studio\2019\Community\Common7\Tools\devinit;C:\Program Files (x86)\Windows Kits\10\bin\10.0.19041.0\x64;C:\Program Files (x86)\Windows Kits\10\bin\x64;C:\Program Files (x86)\Microsoft Visual Studio\2019\Community\\MSBuild\Current\Bin;C:\Windows\Microsoft.NET\Framework64\v4.0.30319;C:\Program Files (x86)\Microsoft Visual Studio\2019\Community\Common7\IDE\;C:\Program Files (x86)\Microsoft Visual Studio\2019\Community\Common7\Tools\;C:\Program Files\ImageMagick-7.1.0-Q16-HDRI;C:\Python36\Scripts\;C:\Python36\;C:\Users\phmar\AppData\Local\Programs\Python\Python38\Scripts\;C:\Users\phmar\AppData\Local\Programs\Python\Python38\;C:\Program Files (x86)\VMware\VMware Player\bin\;C:\Python38\Scripts\;C:\Python38\;C:\Windows\system32;C:\Windows;C:\Windows\System32\Wbem;C:\Windows\System32\WindowsPowerShell\v1.0\;C:\Windows\System32\OpenSSH\;C:\Program Files (x86)\NVIDIA Corporation\PhysX\Common;C:\Program Files\NVIDIA Corporation\NVIDIA NvDLISR;C:\ProgramData\chocolatey\bin;C:\ProgramData\chocolatey\lib\cunit\lib;C:\ProgramData\chocolatey\lib\tinyxml2\lib;C:\ProgramData\chocolatey\lib\log4cxx\lib;C:\ProgramData\chocolatey\lib\bullet\lib;C:\Program Files\Graphviz\bin;C:\Program Files\Cppcheck;C:\Program Files\Git\cmd;C:\Users\phmar\AppData\Local\Programs\Python\Python36\Scripts\;C:\Users\phmar\AppData\Local\Programs\Python\Python36\;C:\Users\phmar\AppData\Local\Microsoft\WindowsApps;C:\Program Files\OpenSSL-Win64\bin\;C:\opencv\x64\vc16\bin;C:\Program Files\CMake\bin;C:\Program Files\rti_connext_dds-6.1.0;C:\Users\phmar\AppData\Local\Programs\Microsoft VS Code\bin;C:\Program Files\Git\cmd;C:\Program Files\Git\usr\bin;C:\xmllint\bin;C:\Qt\5.15.0\msvc2019_64\plugins\platforms c:\users\phmar\appdata\local\programs\python\python36\python.exe setup.py egg_info --egg-base ..\build\path_following build --build-base C:\TCC-Autonomous-Ship\src\main_ws\src\build\path_following\build install --prefix C:\TCC-Autonomous-Ship\src\main_ws\src\install --record C:\TCC-Autonomous-Ship\src\main_ws\src\build\path_following\install.log --single-version-externally-managed[0m
[8.139s] [34mcolcon.colcon_core.event_handler.log_command[0m [1;30mDEBUG[0m [32mInvoking command in 'C:\TCC-Autonomous-Ship\src\main_ws\src\pydyna_simple': PYTHONPATH=C:\TCC-Autonomous-Ship\src\main_ws\src\install\Lib\site-packages;%PYTHONPATH% Path=C:\TCC-Autonomous-Ship\src\main_ws\src\install\bin;c:\users\phmar\appdata\local\programs\python\python36\lib\site-packages\pywin32_system32;C:\dev\ros2_galactic\install\opt\yaml_cpp_vendor\bin;C:\dev\ros2_galactic\install\opt\rviz_ogre_vendor\bin;C:\dev\ros2_galactic\install\opt\rviz_assimp_vendor\bin;C:\dev\ros2_galactic\install\opt\libcurl_vendor\bin;C:\dev\ros2_galactic\install\Scripts;C:\dev\ros2_galactic\install\bin;C:\Program Files (x86)\Microsoft Visual Studio\2019\Community\Common7\IDE\\Extensions\Microsoft\IntelliCode\CLI;C:\Program Files (x86)\Microsoft Visual Studio\2019\Community\VC\Tools\MSVC\14.29.30133\bin\HostX64\x64;C:\Program Files (x86)\Microsoft Visual Studio\2019\Community\Common7\IDE\VC\VCPackages;C:\Program Files (x86)\Microsoft Visual Studio\2019\Community\Common7\IDE\CommonExtensions\Microsoft\TestWindow;C:\Program Files (x86)\Microsoft Visual Studio\2019\Community\Common7\IDE\CommonExtensions\Microsoft\TeamFoundation\Team Explorer;C:\Program Files (x86)\Microsoft Visual Studio\2019\Community\MSBuild\Current\bin\Roslyn;C:\Program Files (x86)\Microsoft Visual Studio\2019\Community\Team Tools\Performance Tools\x64;C:\Program Files (x86)\Microsoft Visual Studio\2019\Community\Team Tools\Performance Tools;C:\Program Files (x86)\Microsoft Visual Studio\Shared\Common\VSPerfCollectionTools\vs2019\\x64;C:\Program Files (x86)\Microsoft Visual Studio\Shared\Common\VSPerfCollectionTools\vs2019\;C:\Program Files (x86)\Microsoft Visual Studio\2019\Community\Common7\Tools\devinit;C:\Program Files (x86)\Windows Kits\10\bin\10.0.19041.0\x64;C:\Program Files (x86)\Windows Kits\10\bin\x64;C:\Program Files (x86)\Microsoft Visual Studio\2019\Community\\MSBuild\Current\Bin;C:\Windows\Microsoft.NET\Framework64\v4.0.30319;C:\Program Files (x86)\Microsoft Visual Studio\2019\Community\Common7\IDE\;C:\Program Files (x86)\Microsoft Visual Studio\2019\Community\Common7\Tools\;C:\Program Files\ImageMagick-7.1.0-Q16-HDRI;C:\Python36\Scripts\;C:\Python36\;C:\Users\phmar\AppData\Local\Programs\Python\Python38\Scripts\;C:\Users\phmar\AppData\Local\Programs\Python\Python38\;C:\Program Files (x86)\VMware\VMware Player\bin\;C:\Python38\Scripts\;C:\Python38\;C:\Windows\system32;C:\Windows;C:\Windows\System32\Wbem;C:\Windows\System32\WindowsPowerShell\v1.0\;C:\Windows\System32\OpenSSH\;C:\Program Files (x86)\NVIDIA Corporation\PhysX\Common;C:\Program Files\NVIDIA Corporation\NVIDIA NvDLISR;C:\ProgramData\chocolatey\bin;C:\ProgramData\chocolatey\lib\cunit\lib;C:\ProgramData\chocolatey\lib\tinyxml2\lib;C:\ProgramData\chocolatey\lib\log4cxx\lib;C:\ProgramData\chocolatey\lib\bullet\lib;C:\Program Files\Graphviz\bin;C:\Program Files\Cppcheck;C:\Program Files\Git\cmd;C:\Users\phmar\AppData\Local\Programs\Python\Python36\Scripts\;C:\Users\phmar\AppData\Local\Programs\Python\Python36\;C:\Users\phmar\AppData\Local\Microsoft\WindowsApps;C:\Program Files\OpenSSL-Win64\bin\;C:\opencv\x64\vc16\bin;C:\Program Files\CMake\bin;C:\Program Files\rti_connext_dds-6.1.0;C:\Users\phmar\AppData\Local\Programs\Microsoft VS Code\bin;C:\Program Files\Git\cmd;C:\Program Files\Git\usr\bin;C:\xmllint\bin;C:\Qt\5.15.0\msvc2019_64\plugins\platforms c:\users\phmar\appdata\local\programs\python\python36\python.exe setup.py egg_info --egg-base ..\build\pydyna_simple build --build-base C:\TCC-Autonomous-Ship\src\main_ws\src\build\pydyna_simple\build install --prefix C:\TCC-Autonomous-Ship\src\main_ws\src\install --record C:\TCC-Autonomous-Ship\src\main_ws\src\build\pydyna_simple\install.log --single-version-externally-managed[0m
[8.759s] [34mcolcon.colcon_core.environment[0m [1;30mLevel 1[0m checking 'C:\TCC-Autonomous-Ship\src\main_ws\src\install' for CMake module files
[8.760s] [34mcolcon.colcon_core.event_handler.log_command[0m [1;30mDEBUG[0m [32mInvoked command in 'C:\TCC-Autonomous-Ship\src\main_ws\src\path_following' returned '0': PYTHONPATH=C:\TCC-Autonomous-Ship\src\main_ws\src\install\Lib\site-packages;%PYTHONPATH% Path=C:\TCC-Autonomous-Ship\src\main_ws\src\install\bin;c:\users\phmar\appdata\local\programs\python\python36\lib\site-packages\pywin32_system32;C:\dev\ros2_galactic\install\opt\yaml_cpp_vendor\bin;C:\dev\ros2_galactic\install\opt\rviz_ogre_vendor\bin;C:\dev\ros2_galactic\install\opt\rviz_assimp_vendor\bin;C:\dev\ros2_galactic\install\opt\libcurl_vendor\bin;C:\dev\ros2_galactic\install\Scripts;C:\dev\ros2_galactic\install\bin;C:\Program Files (x86)\Microsoft Visual Studio\2019\Community\Common7\IDE\\Extensions\Microsoft\IntelliCode\CLI;C:\Program Files (x86)\Microsoft Visual Studio\2019\Community\VC\Tools\MSVC\14.29.30133\bin\HostX64\x64;C:\Program Files (x86)\Microsoft Visual Studio\2019\Community\Common7\IDE\VC\VCPackages;C:\Program Files (x86)\Microsoft Visual Studio\2019\Community\Common7\IDE\CommonExtensions\Microsoft\TestWindow;C:\Program Files (x86)\Microsoft Visual Studio\2019\Community\Common7\IDE\CommonExtensions\Microsoft\TeamFoundation\Team Explorer;C:\Program Files (x86)\Microsoft Visual Studio\2019\Community\MSBuild\Current\bin\Roslyn;C:\Program Files (x86)\Microsoft Visual Studio\2019\Community\Team Tools\Performance Tools\x64;C:\Program Files (x86)\Microsoft Visual Studio\2019\Community\Team Tools\Performance Tools;C:\Program Files (x86)\Microsoft Visual Studio\Shared\Common\VSPerfCollectionTools\vs2019\\x64;C:\Program Files (x86)\Microsoft Visual Studio\Shared\Common\VSPerfCollectionTools\vs2019\;C:\Program Files (x86)\Microsoft Visual Studio\2019\Community\Common7\Tools\devinit;C:\Program Files (x86)\Windows Kits\10\bin\10.0.19041.0\x64;C:\Program Files (x86)\Windows Kits\10\bin\x64;C:\Program Files (x86)\Microsoft Visual Studio\2019\Community\\MSBuild\Current\Bin;C:\Windows\Microsoft.NET\Framework64\v4.0.30319;C:\Program Files (x86)\Microsoft Visual Studio\2019\Community\Common7\IDE\;C:\Program Files (x86)\Microsoft Visual Studio\2019\Community\Common7\Tools\;C:\Program Files\ImageMagick-7.1.0-Q16-HDRI;C:\Python36\Scripts\;C:\Python36\;C:\Users\phmar\AppData\Local\Programs\Python\Python38\Scripts\;C:\Users\phmar\AppData\Local\Programs\Python\Python38\;C:\Program Files (x86)\VMware\VMware Player\bin\;C:\Python38\Scripts\;C:\Python38\;C:\Windows\system32;C:\Windows;C:\Windows\System32\Wbem;C:\Windows\System32\WindowsPowerShell\v1.0\;C:\Windows\System32\OpenSSH\;C:\Program Files (x86)\NVIDIA Corporation\PhysX\Common;C:\Program Files\NVIDIA Corporation\NVIDIA NvDLISR;C:\ProgramData\chocolatey\bin;C:\ProgramData\chocolatey\lib\cunit\lib;C:\ProgramData\chocolatey\lib\tinyxml2\lib;C:\ProgramData\chocolatey\lib\log4cxx\lib;C:\ProgramData\chocolatey\lib\bullet\lib;C:\Program Files\Graphviz\bin;C:\Program Files\Cppcheck;C:\Program Files\Git\cmd;C:\Users\phmar\AppData\Local\Programs\Python\Python36\Scripts\;C:\Users\phmar\AppData\Local\Programs\Python\Python36\;C:\Users\phmar\AppData\Local\Microsoft\WindowsApps;C:\Program Files\OpenSSL-Win64\bin\;C:\opencv\x64\vc16\bin;C:\Program Files\CMake\bin;C:\Program Files\rti_connext_dds-6.1.0;C:\Users\phmar\AppData\Local\Programs\Microsoft VS Code\bin;C:\Program Files\Git\cmd;C:\Program Files\Git\usr\bin;C:\xmllint\bin;C:\Qt\5.15.0\msvc2019_64\plugins\platforms c:\users\phmar\appdata\local\programs\python\python36\python.exe setup.py egg_info --egg-base ..\build\path_following build --build-base C:\TCC-Autonomous-Ship\src\main_ws\src\build\path_following\build install --prefix C:\TCC-Autonomous-Ship\src\main_ws\src\install --record C:\TCC-Autonomous-Ship\src\main_ws\src\build\path_following\install.log --single-version-externally-managed[0m
[8.762s] [34mcolcon.colcon_core.environment[0m [1;30mLevel 1[0m checking 'C:\TCC-Autonomous-Ship\src\main_ws\src\install' for CMake config files
[8.768s] [34mcolcon.colcon_core.shell[0m [1;30mLevel 1[0m create_environment_hook('path_following', 'cmake_prefix_path')
[8.782s] [34mcolcon.colcon_core.shell[0m [1;30mINFO[0m Creating environment hook 'C:\TCC-Autonomous-Ship\src\main_ws\src\install\share\path_following\hook\cmake_prefix_path.ps1'
[8.783s] [34mcolcon.colcon_core.shell[0m [1;30mINFO[0m Creating environment hook 'C:\TCC-Autonomous-Ship\src\main_ws\src\install\share\path_following\hook\cmake_prefix_path.bat'
[8.784s] [34mcolcon.colcon_core.shell[0m [1;30mINFO[0m Creating environment descriptor 'C:\TCC-Autonomous-Ship\src\main_ws\src\install\share\path_following\hook\cmake_prefix_path.dsv'
[8.786s] [34mcolcon.colcon_core.environment[0m [1;30mLevel 1[0m checking 'C:\TCC-Autonomous-Ship\src\main_ws\src\install\bin'
[8.787s] [34mcolcon.colcon_core.shell[0m [1;30mLevel 1[0m create_environment_hook('path_following', 'path_dll')
[8.797s] [34mcolcon.colcon_core.shell[0m [1;30mINFO[0m Creating environment hook 'C:\TCC-Autonomous-Ship\src\main_ws\src\install\share\path_following\hook\path_dll.ps1'
[8.798s] [34mcolcon.colcon_core.shell[0m [1;30mINFO[0m Creating environment hook 'C:\TCC-Autonomous-Ship\src\main_ws\src\install\share\path_following\hook\path_dll.bat'
[8.800s] [34mcolcon.colcon_core.shell[0m [1;30mINFO[0m Creating environment descriptor 'C:\TCC-Autonomous-Ship\src\main_ws\src\install\share\path_following\hook\path_dll.dsv'
[8.801s] [34mcolcon.colcon_core.environment[0m [1;30mLevel 1[0m checking 'C:\TCC-Autonomous-Ship\src\main_ws\src\install\bin'
[8.801s] [34mcolcon.colcon_core.shell[0m [1;30mLevel 1[0m create_environment_hook('path_following', 'path')
[8.812s] [34mcolcon.colcon_core.shell[0m [1;30mINFO[0m Creating environment hook 'C:\TCC-Autonomous-Ship\src\main_ws\src\install\share\path_following\hook\path.ps1'
[8.814s] [34mcolcon.colcon_core.shell[0m [1;30mINFO[0m Creating environment hook 'C:\TCC-Autonomous-Ship\src\main_ws\src\install\share\path_following\hook\path.bat'
[8.815s] [34mcolcon.colcon_core.shell[0m [1;30mINFO[0m Creating environment descriptor 'C:\TCC-Autonomous-Ship\src\main_ws\src\install\share\path_following\hook\path.dsv'
[8.816s] [34mcolcon.colcon_core.environment[0m [1;30mLevel 1[0m checking 'C:\TCC-Autonomous-Ship\src\main_ws\src\install\Scripts'
[8.816s] [34mcolcon.colcon_core.environment[0m [1;30mLevel 1[0m checking 'C:\TCC-Autonomous-Ship\src\main_ws\src\install\lib\pkgconfig\path_following.pc'
[8.816s] [34mcolcon.colcon_core.environment[0m [1;30mLevel 1[0m checking 'C:\TCC-Autonomous-Ship\src\main_ws\src\install\Lib\site-packages'
[8.816s] [34mcolcon.colcon_core.shell[0m [1;30mLevel 1[0m create_environment_hook('path_following', 'pythonpath')
[8.826s] [34mcolcon.colcon_core.shell[0m [1;30mINFO[0m Creating environment hook 'C:\TCC-Autonomous-Ship\src\main_ws\src\install\share\path_following\hook\pythonpath.ps1'
[8.827s] [34mcolcon.colcon_core.shell[0m [1;30mINFO[0m Creating environment hook 'C:\TCC-Autonomous-Ship\src\main_ws\src\install\share\path_following\hook\pythonpath.bat'
[8.829s] [34mcolcon.colcon_core.shell[0m [1;30mINFO[0m Creating environment descriptor 'C:\TCC-Autonomous-Ship\src\main_ws\src\install\share\path_following\hook\pythonpath.dsv'
[8.831s] [34mcolcon.colcon_core.environment[0m [1;30mLevel 1[0m create_environment_scripts_only(path_following)
[8.842s] [34mcolcon.colcon_core.shell[0m [1;30mINFO[0m Creating package script 'C:\TCC-Autonomous-Ship\src\main_ws\src\install\share\path_following\package.ps1'
[8.844s] [34mcolcon.colcon_core.shell[0m [1;30mINFO[0m Creating package script 'C:\TCC-Autonomous-Ship\src\main_ws\src\install\share\path_following\package.bat'
[8.846s] [34mcolcon.colcon_core.shell[0m [1;30mINFO[0m Creating package descriptor 'C:\TCC-Autonomous-Ship\src\main_ws\src\install\share\path_following\package.dsv'
[8.849s] [34mcolcon.colcon_core.environment[0m [1;30mLevel 1[0m create_file_with_runtime_dependencies(C:\TCC-Autonomous-Ship\src\main_ws\src\install\share\colcon-core\packages\path_following)
[8.915s] [34mcolcon.colcon_core.environment[0m [1;30mLevel 1[0m checking 'C:\TCC-Autonomous-Ship\src\main_ws\src\install' for CMake module files
[8.916s] [34mcolcon.colcon_core.event_handler.log_command[0m [1;30mDEBUG[0m [32mInvoked command in 'C:\TCC-Autonomous-Ship\src\main_ws\src\pydyna_simple' returned '0': PYTHONPATH=C:\TCC-Autonomous-Ship\src\main_ws\src\install\Lib\site-packages;%PYTHONPATH% Path=C:\TCC-Autonomous-Ship\src\main_ws\src\install\bin;c:\users\phmar\appdata\local\programs\python\python36\lib\site-packages\pywin32_system32;C:\dev\ros2_galactic\install\opt\yaml_cpp_vendor\bin;C:\dev\ros2_galactic\install\opt\rviz_ogre_vendor\bin;C:\dev\ros2_galactic\install\opt\rviz_assimp_vendor\bin;C:\dev\ros2_galactic\install\opt\libcurl_vendor\bin;C:\dev\ros2_galactic\install\Scripts;C:\dev\ros2_galactic\install\bin;C:\Program Files (x86)\Microsoft Visual Studio\2019\Community\Common7\IDE\\Extensions\Microsoft\IntelliCode\CLI;C:\Program Files (x86)\Microsoft Visual Studio\2019\Community\VC\Tools\MSVC\14.29.30133\bin\HostX64\x64;C:\Program Files (x86)\Microsoft Visual Studio\2019\Community\Common7\IDE\VC\VCPackages;C:\Program Files (x86)\Microsoft Visual Studio\2019\Community\Common7\IDE\CommonExtensions\Microsoft\TestWindow;C:\Program Files (x86)\Microsoft Visual Studio\2019\Community\Common7\IDE\CommonExtensions\Microsoft\TeamFoundation\Team Explorer;C:\Program Files (x86)\Microsoft Visual Studio\2019\Community\MSBuild\Current\bin\Roslyn;C:\Program Files (x86)\Microsoft Visual Studio\2019\Community\Team Tools\Performance Tools\x64;C:\Program Files (x86)\Microsoft Visual Studio\2019\Community\Team Tools\Performance Tools;C:\Program Files (x86)\Microsoft Visual Studio\Shared\Common\VSPerfCollectionTools\vs2019\\x64;C:\Program Files (x86)\Microsoft Visual Studio\Shared\Common\VSPerfCollectionTools\vs2019\;C:\Program Files (x86)\Microsoft Visual Studio\2019\Community\Common7\Tools\devinit;C:\Program Files (x86)\Windows Kits\10\bin\10.0.19041.0\x64;C:\Program Files (x86)\Windows Kits\10\bin\x64;C:\Program Files (x86)\Microsoft Visual Studio\2019\Community\\MSBuild\Current\Bin;C:\Windows\Microsoft.NET\Framework64\v4.0.30319;C:\Program Files (x86)\Microsoft Visual Studio\2019\Community\Common7\IDE\;C:\Program Files (x86)\Microsoft Visual Studio\2019\Community\Common7\Tools\;C:\Program Files\ImageMagick-7.1.0-Q16-HDRI;C:\Python36\Scripts\;C:\Python36\;C:\Users\phmar\AppData\Local\Programs\Python\Python38\Scripts\;C:\Users\phmar\AppData\Local\Programs\Python\Python38\;C:\Program Files (x86)\VMware\VMware Player\bin\;C:\Python38\Scripts\;C:\Python38\;C:\Windows\system32;C:\Windows;C:\Windows\System32\Wbem;C:\Windows\System32\WindowsPowerShell\v1.0\;C:\Windows\System32\OpenSSH\;C:\Program Files (x86)\NVIDIA Corporation\PhysX\Common;C:\Program Files\NVIDIA Corporation\NVIDIA NvDLISR;C:\ProgramData\chocolatey\bin;C:\ProgramData\chocolatey\lib\cunit\lib;C:\ProgramData\chocolatey\lib\tinyxml2\lib;C:\ProgramData\chocolatey\lib\log4cxx\lib;C:\ProgramData\chocolatey\lib\bullet\lib;C:\Program Files\Graphviz\bin;C:\Program Files\Cppcheck;C:\Program Files\Git\cmd;C:\Users\phmar\AppData\Local\Programs\Python\Python36\Scripts\;C:\Users\phmar\AppData\Local\Programs\Python\Python36\;C:\Users\phmar\AppData\Local\Microsoft\WindowsApps;C:\Program Files\OpenSSL-Win64\bin\;C:\opencv\x64\vc16\bin;C:\Program Files\CMake\bin;C:\Program Files\rti_connext_dds-6.1.0;C:\Users\phmar\AppData\Local\Programs\Microsoft VS Code\bin;C:\Program Files\Git\cmd;C:\Program Files\Git\usr\bin;C:\xmllint\bin;C:\Qt\5.15.0\msvc2019_64\plugins\platforms c:\users\phmar\appdata\local\programs\python\python36\python.exe setup.py egg_info --egg-base ..\build\pydyna_simple build --build-base C:\TCC-Autonomous-Ship\src\main_ws\src\build\pydyna_simple\build install --prefix C:\TCC-Autonomous-Ship\src\main_ws\src\install --record C:\TCC-Autonomous-Ship\src\main_ws\src\build\pydyna_simple\install.log --single-version-externally-managed[0m
[8.918s] [34mcolcon.colcon_core.environment[0m [1;30mLevel 1[0m checking 'C:\TCC-Autonomous-Ship\src\main_ws\src\install' for CMake config files
[8.923s] [34mcolcon.colcon_core.shell[0m [1;30mLevel 1[0m create_environment_hook('pydyna_simple', 'cmake_prefix_path')
[8.933s] [34mcolcon.colcon_core.shell[0m [1;30mINFO[0m Creating environment hook 'C:\TCC-Autonomous-Ship\src\main_ws\src\install\share\pydyna_simple\hook\cmake_prefix_path.ps1'
[8.934s] [34mcolcon.colcon_core.shell[0m [1;30mINFO[0m Creating environment hook 'C:\TCC-Autonomous-Ship\src\main_ws\src\install\share\pydyna_simple\hook\cmake_prefix_path.bat'
[8.934s] [34mcolcon.colcon_core.shell[0m [1;30mINFO[0m Creating environment descriptor 'C:\TCC-Autonomous-Ship\src\main_ws\src\install\share\pydyna_simple\hook\cmake_prefix_path.dsv'
[8.936s] [34mcolcon.colcon_core.environment[0m [1;30mLevel 1[0m checking 'C:\TCC-Autonomous-Ship\src\main_ws\src\install\bin'
[8.937s] [34mcolcon.colcon_core.shell[0m [1;30mLevel 1[0m create_environment_hook('pydyna_simple', 'path_dll')
[8.946s] [34mcolcon.colcon_core.shell[0m [1;30mINFO[0m Creating environment hook 'C:\TCC-Autonomous-Ship\src\main_ws\src\install\share\pydyna_simple\hook\path_dll.ps1'
[8.948s] [34mcolcon.colcon_core.shell[0m [1;30mINFO[0m Creating environment hook 'C:\TCC-Autonomous-Ship\src\main_ws\src\install\share\pydyna_simple\hook\path_dll.bat'
[8.949s] [34mcolcon.colcon_core.shell[0m [1;30mINFO[0m Creating environment descriptor 'C:\TCC-Autonomous-Ship\src\main_ws\src\install\share\pydyna_simple\hook\path_dll.dsv'
[8.950s] [34mcolcon.colcon_core.environment[0m [1;30mLevel 1[0m checking 'C:\TCC-Autonomous-Ship\src\main_ws\src\install\bin'
[8.950s] [34mcolcon.colcon_core.shell[0m [1;30mLevel 1[0m create_environment_hook('pydyna_simple', 'path')
[8.959s] [34mcolcon.colcon_core.shell[0m [1;30mINFO[0m Creating environment hook 'C:\TCC-Autonomous-Ship\src\main_ws\src\install\share\pydyna_simple\hook\path.ps1'
[8.960s] [34mcolcon.colcon_core.shell[0m [1;30mINFO[0m Creating environment hook 'C:\TCC-Autonomous-Ship\src\main_ws\src\install\share\pydyna_simple\hook\path.bat'
[8.961s] [34mcolcon.colcon_core.shell[0m [1;30mINFO[0m Creating environment descriptor 'C:\TCC-Autonomous-Ship\src\main_ws\src\install\share\pydyna_simple\hook\path.dsv'
[8.962s] [34mcolcon.colcon_core.environment[0m [1;30mLevel 1[0m checking 'C:\TCC-Autonomous-Ship\src\main_ws\src\install\Scripts'
[8.963s] [34mcolcon.colcon_core.environment[0m [1;30mLevel 1[0m checking 'C:\TCC-Autonomous-Ship\src\main_ws\src\install\lib\pkgconfig\pydyna_simple.pc'
[8.963s] [34mcolcon.colcon_core.environment[0m [1;30mLevel 1[0m checking 'C:\TCC-Autonomous-Ship\src\main_ws\src\install\Lib\site-packages'
[8.963s] [34mcolcon.colcon_core.shell[0m [1;30mLevel 1[0m create_environment_hook('pydyna_simple', 'pythonpath')
[8.971s] [34mcolcon.colcon_core.shell[0m [1;30mINFO[0m Creating environment hook 'C:\TCC-Autonomous-Ship\src\main_ws\src\install\share\pydyna_simple\hook\pythonpath.ps1'
[8.973s] [34mcolcon.colcon_core.shell[0m [1;30mINFO[0m Creating environment hook 'C:\TCC-Autonomous-Ship\src\main_ws\src\install\share\pydyna_simple\hook\pythonpath.bat'
[8.974s] [34mcolcon.colcon_core.shell[0m [1;30mINFO[0m Creating environment descriptor 'C:\TCC-Autonomous-Ship\src\main_ws\src\install\share\pydyna_simple\hook\pythonpath.dsv'
[8.975s] [34mcolcon.colcon_core.environment[0m [1;30mLevel 1[0m create_environment_scripts_only(pydyna_simple)
[8.986s] [34mcolcon.colcon_core.shell[0m [1;30mINFO[0m Creating package script 'C:\TCC-Autonomous-Ship\src\main_ws\src\install\share\pydyna_simple\package.ps1'
[8.987s] [34mcolcon.colcon_core.shell[0m [1;30mINFO[0m Creating package script 'C:\TCC-Autonomous-Ship\src\main_ws\src\install\share\pydyna_simple\package.bat'
[8.989s] [34mcolcon.colcon_core.shell[0m [1;30mINFO[0m Creating package descriptor 'C:\TCC-Autonomous-Ship\src\main_ws\src\install\share\pydyna_simple\package.dsv'
[8.990s] [34mcolcon.colcon_core.environment[0m [1;30mLevel 1[0m create_file_with_runtime_dependencies(C:\TCC-Autonomous-Ship\src\main_ws\src\install\share\colcon-core\packages\pydyna_simple)
[8.991s] [34mcolcon.colcon_parallel_executor.executor.parallel[0m [1;30mDEBUG[0m [32mrun_until_complete finished with '0'[0m
[8.991s] [34mcolcon.colcon_core.event_reactor[0m [1;30mDEBUG[0m [32mjoining thread[0m
[9.009s] [34mcolcon.colcon_core.plugin_system[0m [1;30mINFO[0m Skipping extension 'colcon_notification.desktop_notification.notify2': 'notify2' not found
[9.009s] [34mcolcon.colcon_core.plugin_system[0m [1;30mINFO[0m Skipping extension 'colcon_notification.desktop_notification.notify_send': Not used on non-Linux systems
[9.009s] [34mcolcon.colcon_core.plugin_system[0m [1;30mINFO[0m Skipping extension 'colcon_notification.desktop_notification.terminal_notifier': Not used on non-Darwin systems
[9.010s] [34mcolcon.colcon_notification.desktop_notification[0m [1;30mINFO[0m Sending desktop notification using 'win32'
[14.037s] [34mcolcon.colcon_core.event_reactor[0m [1;30mDEBUG[0m [32mjoined thread[0m
[14.045s] [34mcolcon.colcon_core.shell[0m [1;30mINFO[0m Creating prefix script 'C:\TCC-Autonomous-Ship\src\main_ws\src\install\local_setup.ps1'
[14.047s] [34mcolcon.colcon_core.shell[0m [1;30mINFO[0m Creating prefix util module 'C:\TCC-Autonomous-Ship\src\main_ws\src\install\_local_setup_util_ps1.py'
[14.049s] [34mcolcon.colcon_core.shell[0m [1;30mINFO[0m Creating prefix chain script 'C:\TCC-Autonomous-Ship\src\main_ws\src\install\setup.ps1'
[14.058s] [34mcolcon.colcon_core.shell[0m [1;30mINFO[0m Creating prefix script 'C:\TCC-Autonomous-Ship\src\main_ws\src\install\local_setup.bat'
[14.059s] [34mcolcon.colcon_core.shell[0m [1;30mINFO[0m Creating prefix util module 'C:\TCC-Autonomous-Ship\src\main_ws\src\install\_local_setup_util_bat.py'
[14.059s] [34mcolcon.colcon_core.shell[0m [1;30mINFO[0m Creating prefix chain script 'C:\TCC-Autonomous-Ship\src\main_ws\src\install\setup.bat'
