C:\TCC-Autonomous-Ship\src\main_ws\src\install\Lib\site-packages\path_following\backend.py
C:\TCC-Autonomous-Ship\src\main_ws\src\install\Lib\site-packages\path_following\control_allocation.py
C:\TCC-Autonomous-Ship\src\main_ws\src\install\Lib\site-packages\path_following\gps_imu_simul.py
C:\TCC-Autonomous-Ship\src\main_ws\src\install\Lib\site-packages\path_following\kalman_filter.py
C:\TCC-Autonomous-Ship\src\main_ws\src\install\Lib\site-packages\path_following\los_guidance.py
C:\TCC-Autonomous-Ship\src\main_ws\src\install\Lib\site-packages\path_following\surge_controller.py
C:\TCC-Autonomous-Ship\src\main_ws\src\install\Lib\site-packages\path_following\venus.py
C:\TCC-Autonomous-Ship\src\main_ws\src\install\Lib\site-packages\path_following\wave_filter.py
C:\TCC-Autonomous-Ship\src\main_ws\src\install\Lib\site-packages\path_following\yaw_controller.py
C:\TCC-Autonomous-Ship\src\main_ws\src\install\Lib\site-packages\path_following\__init__.py
C:\TCC-Autonomous-Ship\src\main_ws\src\install\Lib\site-packages\path_following\__pycache__\backend.cpython-36.pyc
C:\TCC-Autonomous-Ship\src\main_ws\src\install\Lib\site-packages\path_following\__pycache__\control_allocation.cpython-36.pyc
C:\TCC-Autonomous-Ship\src\main_ws\src\install\Lib\site-packages\path_following\__pycache__\gps_imu_simul.cpython-36.pyc
C:\TCC-Autonomous-Ship\src\main_ws\src\install\Lib\site-packages\path_following\__pycache__\kalman_filter.cpython-36.pyc
C:\TCC-Autonomous-Ship\src\main_ws\src\install\Lib\site-packages\path_following\__pycache__\los_guidance.cpython-36.pyc
C:\TCC-Autonomous-Ship\src\main_ws\src\install\Lib\site-packages\path_following\__pycache__\surge_controller.cpython-36.pyc
C:\TCC-Autonomous-Ship\src\main_ws\src\install\Lib\site-packages\path_following\__pycache__\venus.cpython-36.pyc
C:\TCC-Autonomous-Ship\src\main_ws\src\install\Lib\site-packages\path_following\__pycache__\wave_filter.cpython-36.pyc
C:\TCC-Autonomous-Ship\src\main_ws\src\install\Lib\site-packages\path_following\__pycache__\yaw_controller.cpython-36.pyc
C:\TCC-Autonomous-Ship\src\main_ws\src\install\Lib\site-packages\path_following\__pycache__\__init__.cpython-36.pyc
C:\TCC-Autonomous-Ship\src\main_ws\src\install\share\ament_index\resource_index\packages\path_following
C:\TCC-Autonomous-Ship\src\main_ws\src\install\share\path_following\package.xml
C:\TCC-Autonomous-Ship\src\main_ws\src\install\share\path_following\logs\mylogs
C:\TCC-Autonomous-Ship\src\main_ws\src\install\share\path_following\logs\pydynalogs
C:\TCC-Autonomous-Ship\src\main_ws\src\install\share\path_following\logs\roslogs
C:\TCC-Autonomous-Ship\src\main_ws\src\install\share\path_following\db
C:\TCC-Autonomous-Ship\src\main_ws\src\install\share\path_following\path_following.launch.py
C:\TCC-Autonomous-Ship\src\main_ws\src\install\Lib\site-packages\path_following-0.0.0-py3.6.egg-info\dependency_links.txt
C:\TCC-Autonomous-Ship\src\main_ws\src\install\Lib\site-packages\path_following-0.0.0-py3.6.egg-info\entry_points.txt
C:\TCC-Autonomous-Ship\src\main_ws\src\install\Lib\site-packages\path_following-0.0.0-py3.6.egg-info\PKG-INFO
C:\TCC-Autonomous-Ship\src\main_ws\src\install\Lib\site-packages\path_following-0.0.0-py3.6.egg-info\requires.txt
C:\TCC-Autonomous-Ship\src\main_ws\src\install\Lib\site-packages\path_following-0.0.0-py3.6.egg-info\SOURCES.txt
C:\TCC-Autonomous-Ship\src\main_ws\src\install\Lib\site-packages\path_following-0.0.0-py3.6.egg-info\top_level.txt
C:\TCC-Autonomous-Ship\src\main_ws\src\install\Lib\site-packages\path_following-0.0.0-py3.6.egg-info\zip-safe
C:\TCC-Autonomous-Ship\src\main_ws\src\install\lib\path_following\backend-script.py
C:\TCC-Autonomous-Ship\src\main_ws\src\install\lib\path_following\backend.exe
C:\TCC-Autonomous-Ship\src\main_ws\src\install\lib\path_following\control_allocation-script.py
C:\TCC-Autonomous-Ship\src\main_ws\src\install\lib\path_following\control_allocation.exe
C:\TCC-Autonomous-Ship\src\main_ws\src\install\lib\path_following\gps_imu_simul-script.py
C:\TCC-Autonomous-Ship\src\main_ws\src\install\lib\path_following\gps_imu_simul.exe
C:\TCC-Autonomous-Ship\src\main_ws\src\install\lib\path_following\kalman_filter-script.py
C:\TCC-Autonomous-Ship\src\main_ws\src\install\lib\path_following\kalman_filter.exe
C:\TCC-Autonomous-Ship\src\main_ws\src\install\lib\path_following\los_guidance-script.py
C:\TCC-Autonomous-Ship\src\main_ws\src\install\lib\path_following\los_guidance.exe
C:\TCC-Autonomous-Ship\src\main_ws\src\install\lib\path_following\surge_controller-script.py
C:\TCC-Autonomous-Ship\src\main_ws\src\install\lib\path_following\surge_controller.exe
C:\TCC-Autonomous-Ship\src\main_ws\src\install\lib\path_following\venus-script.py
C:\TCC-Autonomous-Ship\src\main_ws\src\install\lib\path_following\venus.exe
C:\TCC-Autonomous-Ship\src\main_ws\src\install\lib\path_following\wave_filter-script.py
C:\TCC-Autonomous-Ship\src\main_ws\src\install\lib\path_following\wave_filter.exe
C:\TCC-Autonomous-Ship\src\main_ws\src\install\lib\path_following\yaw_controller-script.py
C:\TCC-Autonomous-Ship\src\main_ws\src\install\lib\path_following\yaw_controller.exe
