[0.778s] [34mcolcon[0m [1;30mDEBUG[0m [32mCommand line arguments: ['C:\\Users\\phmar\\AppData\\Local\\Programs\\Python\\Python36\\Scripts\\colcon', 'build', '--merge-install'][0m
[0.778s] [34mcolcon[0m [1;30mDEBUG[0m [32mParsed command line arguments: Namespace(ament_cmake_args=None, base_paths=['.'], build_base='build', catkin_cmake_args=None, catkin_skip_building_tests=False, cmake_args=None, cmake_clean_cache=False, cmake_clean_first=False, cmake_force_configure=False, cmake_target=None, cmake_target_skip_unavailable=False, continue_on_error=False, event_handlers=None, executor='parallel', ignore_user_meta=False, install_base='install', log_base=None, log_level=None, main=<bound method BuildVerb.main of <colcon_core.verb.build.BuildVerb object at 0x0000017245FDF518>>, merge_install=True, metas=['./colcon.meta'], packages_above=None, packages_above_and_dependencies=None, packages_above_depth=None, packages_end=None, packages_ignore=None, packages_ignore_regex=None, packages_select=None, packages_select_build_failed=False, packages_select_by_dep=None, packages_select_regex=None, packages_select_test_failures=False, packages_skip=None, packages_skip_build_finished=False, packages_skip_by_dep=None, packages_skip_regex=None, packages_skip_test_passed=False, packages_skip_up_to=None, packages_start=None, packages_up_to=None, packages_up_to_regex=None, parallel_workers=12, paths=None, symlink_install=False, test_result_base=None, verb_extension=<colcon_core.verb.build.BuildVerb object at 0x0000017245FDF518>, verb_name='build', verb_parser=<colcon_defaults.argument_parser.defaults.DefaultArgumentsDecorator object at 0x0000017245FDF860>)[0m
[0.814s] [34mcolcon.colcon_core.package_discovery[0m [1;30mLevel 1[0m discover_packages(colcon_meta) check parameters
[0.815s] [34mcolcon.colcon_core.package_discovery[0m [1;30mLevel 1[0m discover_packages(recursive) check parameters
[0.815s] [34mcolcon.colcon_core.package_discovery[0m [1;30mLevel 1[0m discover_packages(ignore) check parameters
[0.815s] [34mcolcon.colcon_core.package_discovery[0m [1;30mLevel 1[0m discover_packages(path) check parameters
[0.815s] [34mcolcon.colcon_core.package_discovery[0m [1;30mLevel 1[0m discover_packages(colcon_meta) discover
[0.815s] [34mcolcon.colcon_core.package_discovery[0m [1;30mLevel 1[0m discover_packages(recursive) discover
[0.815s] [34mcolcon.colcon_core.package_discovery[0m [1;30mINFO[0m Crawling recursively for packages in 'C:\TCC-Autonomous-Ship\src\main_ws\src'
[0.815s] [34mcolcon.colcon_core.package_identification[0m [1;30mLevel 1[0m _identify(.) by extensions ['ignore', 'ignore_ament_install']
[0.815s] [34mcolcon.colcon_core.package_identification[0m [1;30mLevel 1[0m _identify(.) by extension 'ignore'
[0.815s] [34mcolcon.colcon_core.package_identification[0m [1;30mLevel 1[0m _identify(.) by extension 'ignore_ament_install'
[0.816s] [34mcolcon.colcon_core.package_identification[0m [1;30mLevel 1[0m _identify(.) by extensions ['colcon_pkg']
[0.816s] [34mcolcon.colcon_core.package_identification[0m [1;30mLevel 1[0m _identify(.) by extension 'colcon_pkg'
[0.816s] [34mcolcon.colcon_core.package_identification[0m [1;30mLevel 1[0m _identify(.) by extensions ['colcon_meta']
[0.816s] [34mcolcon.colcon_core.package_identification[0m [1;30mLevel 1[0m _identify(.) by extension 'colcon_meta'
[0.816s] [34mcolcon.colcon_core.package_identification[0m [1;30mLevel 1[0m _identify(.) by extensions ['ros']
[0.816s] [34mcolcon.colcon_core.package_identification[0m [1;30mLevel 1[0m _identify(.) by extension 'ros'
[0.832s] [34mcolcon.colcon_core.package_identification[0m [1;30mLevel 1[0m _identify(.) by extensions ['cmake', 'python']
[0.832s] [34mcolcon.colcon_core.package_identification[0m [1;30mLevel 1[0m _identify(.) by extension 'cmake'
[0.832s] [34mcolcon.colcon_core.package_identification[0m [1;30mLevel 1[0m _identify(.) by extension 'python'
[0.832s] [34mcolcon.colcon_core.package_identification[0m [1;30mLevel 1[0m _identify(.) by extensions ['python_setup_py']
[0.832s] [34mcolcon.colcon_core.package_identification[0m [1;30mLevel 1[0m _identify(.) by extension 'python_setup_py'
[0.832s] [34mcolcon.colcon_core.package_identification[0m [1;30mLevel 1[0m _identify(build) by extensions ['ignore', 'ignore_ament_install']
[0.832s] [34mcolcon.colcon_core.package_identification[0m [1;30mLevel 1[0m _identify(build) by extension 'ignore'
[0.832s] [34mcolcon.colcon_core.package_identification[0m [1;30mLevel 1[0m _identify(build) ignored
[0.833s] [34mcolcon.colcon_core.package_identification[0m [1;30mLevel 1[0m _identify(install) by extensions ['ignore', 'ignore_ament_install']
[0.833s] [34mcolcon.colcon_core.package_identification[0m [1;30mLevel 1[0m _identify(install) by extension 'ignore'
[0.833s] [34mcolcon.colcon_core.package_identification[0m [1;30mLevel 1[0m _identify(install) ignored
[0.833s] [34mcolcon.colcon_core.package_identification[0m [1;30mLevel 1[0m _identify(log) by extensions ['ignore', 'ignore_ament_install']
[0.833s] [34mcolcon.colcon_core.package_identification[0m [1;30mLevel 1[0m _identify(log) by extension 'ignore'
[0.833s] [34mcolcon.colcon_core.package_identification[0m [1;30mLevel 1[0m _identify(log) ignored
[0.833s] [34mcolcon.colcon_core.package_identification[0m [1;30mLevel 1[0m _identify(path_following) by extensions ['ignore', 'ignore_ament_install']
[0.834s] [34mcolcon.colcon_core.package_identification[0m [1;30mLevel 1[0m _identify(path_following) by extension 'ignore'
[0.834s] [34mcolcon.colcon_core.package_identification[0m [1;30mLevel 1[0m _identify(path_following) by extension 'ignore_ament_install'
[0.834s] [34mcolcon.colcon_core.package_identification[0m [1;30mLevel 1[0m _identify(path_following) by extensions ['colcon_pkg']
[0.834s] [34mcolcon.colcon_core.package_identification[0m [1;30mLevel 1[0m _identify(path_following) by extension 'colcon_pkg'
[0.834s] [34mcolcon.colcon_core.package_identification[0m [1;30mLevel 1[0m _identify(path_following) by extensions ['colcon_meta']
[0.834s] [34mcolcon.colcon_core.package_identification[0m [1;30mLevel 1[0m _identify(path_following) by extension 'colcon_meta'
[0.834s] [34mcolcon.colcon_core.package_identification[0m [1;30mLevel 1[0m _identify(path_following) by extensions ['ros']
[0.834s] [34mcolcon.colcon_core.package_identification[0m [1;30mLevel 1[0m _identify(path_following) by extension 'ros'
[0.838s] [34mcolcon.colcon_core.package_identification[0m [1;30mDEBUG[0m [32mPackage 'path_following' with type 'ros.ament_python' and name 'path_following'[0m
[0.838s] [34mcolcon.colcon_core.package_identification[0m [1;30mLevel 1[0m _identify(path_following_interfaces) by extensions ['ignore', 'ignore_ament_install']
[0.838s] [34mcolcon.colcon_core.package_identification[0m [1;30mLevel 1[0m _identify(path_following_interfaces) by extension 'ignore'
[0.839s] [34mcolcon.colcon_core.package_identification[0m [1;30mLevel 1[0m _identify(path_following_interfaces) by extension 'ignore_ament_install'
[0.839s] [34mcolcon.colcon_core.package_identification[0m [1;30mLevel 1[0m _identify(path_following_interfaces) by extensions ['colcon_pkg']
[0.839s] [34mcolcon.colcon_core.package_identification[0m [1;30mLevel 1[0m _identify(path_following_interfaces) by extension 'colcon_pkg'
[0.839s] [34mcolcon.colcon_core.package_identification[0m [1;30mLevel 1[0m _identify(path_following_interfaces) by extensions ['colcon_meta']
[0.839s] [34mcolcon.colcon_core.package_identification[0m [1;30mLevel 1[0m _identify(path_following_interfaces) by extension 'colcon_meta'
[0.839s] [34mcolcon.colcon_core.package_identification[0m [1;30mLevel 1[0m _identify(path_following_interfaces) by extensions ['ros']
[0.839s] [34mcolcon.colcon_core.package_identification[0m [1;30mLevel 1[0m _identify(path_following_interfaces) by extension 'ros'
[0.840s] [34mcolcon.colcon_core.package_identification[0m [1;30mDEBUG[0m [32mPackage 'path_following_interfaces' with type 'ros.ament_cmake' and name 'path_following_interfaces'[0m
[0.840s] [34mcolcon.colcon_core.package_identification[0m [1;30mLevel 1[0m _identify(pydyna_simple) by extensions ['ignore', 'ignore_ament_install']
[0.840s] [34mcolcon.colcon_core.package_identification[0m [1;30mLevel 1[0m _identify(pydyna_simple) by extension 'ignore'
[0.840s] [34mcolcon.colcon_core.package_identification[0m [1;30mLevel 1[0m _identify(pydyna_simple) by extension 'ignore_ament_install'
[0.840s] [34mcolcon.colcon_core.package_identification[0m [1;30mLevel 1[0m _identify(pydyna_simple) by extensions ['colcon_pkg']
[0.840s] [34mcolcon.colcon_core.package_identification[0m [1;30mLevel 1[0m _identify(pydyna_simple) by extension 'colcon_pkg'
[0.840s] [34mcolcon.colcon_core.package_identification[0m [1;30mLevel 1[0m _identify(pydyna_simple) by extensions ['colcon_meta']
[0.840s] [34mcolcon.colcon_core.package_identification[0m [1;30mLevel 1[0m _identify(pydyna_simple) by extension 'colcon_meta'
[0.841s] [34mcolcon.colcon_core.package_identification[0m [1;30mLevel 1[0m _identify(pydyna_simple) by extensions ['ros']
[0.841s] [34mcolcon.colcon_core.package_identification[0m [1;30mLevel 1[0m _identify(pydyna_simple) by extension 'ros'
[0.842s] [34mcolcon.colcon_core.package_identification[0m [1;30mDEBUG[0m [32mPackage 'pydyna_simple' with type 'ros.ament_python' and name 'pydyna_simple'[0m
[0.842s] [34mcolcon.colcon_core.package_identification[0m [1;30mLevel 1[0m _identify(rosbag2_2021_10_29-09_35_54) by extensions ['ignore', 'ignore_ament_install']
[0.842s] [34mcolcon.colcon_core.package_identification[0m [1;30mLevel 1[0m _identify(rosbag2_2021_10_29-09_35_54) by extension 'ignore'
[0.842s] [34mcolcon.colcon_core.package_identification[0m [1;30mLevel 1[0m _identify(rosbag2_2021_10_29-09_35_54) by extension 'ignore_ament_install'
[0.842s] [34mcolcon.colcon_core.package_identification[0m [1;30mLevel 1[0m _identify(rosbag2_2021_10_29-09_35_54) by extensions ['colcon_pkg']
[0.842s] [34mcolcon.colcon_core.package_identification[0m [1;30mLevel 1[0m _identify(rosbag2_2021_10_29-09_35_54) by extension 'colcon_pkg'
[0.842s] [34mcolcon.colcon_core.package_identification[0m [1;30mLevel 1[0m _identify(rosbag2_2021_10_29-09_35_54) by extensions ['colcon_meta']
[0.843s] [34mcolcon.colcon_core.package_identification[0m [1;30mLevel 1[0m _identify(rosbag2_2021_10_29-09_35_54) by extension 'colcon_meta'
[0.843s] [34mcolcon.colcon_core.package_identification[0m [1;30mLevel 1[0m _identify(rosbag2_2021_10_29-09_35_54) by extensions ['ros']
[0.843s] [34mcolcon.colcon_core.package_identification[0m [1;30mLevel 1[0m _identify(rosbag2_2021_10_29-09_35_54) by extension 'ros'
[0.843s] [34mcolcon.colcon_core.package_identification[0m [1;30mLevel 1[0m _identify(rosbag2_2021_10_29-09_35_54) by extensions ['cmake', 'python']
[0.843s] [34mcolcon.colcon_core.package_identification[0m [1;30mLevel 1[0m _identify(rosbag2_2021_10_29-09_35_54) by extension 'cmake'
[0.843s] [34mcolcon.colcon_core.package_identification[0m [1;30mLevel 1[0m _identify(rosbag2_2021_10_29-09_35_54) by extension 'python'
[0.843s] [34mcolcon.colcon_core.package_identification[0m [1;30mLevel 1[0m _identify(rosbag2_2021_10_29-09_35_54) by extensions ['python_setup_py']
[0.843s] [34mcolcon.colcon_core.package_identification[0m [1;30mLevel 1[0m _identify(rosbag2_2021_10_29-09_35_54) by extension 'python_setup_py'
[0.843s] [34mcolcon.colcon_core.package_discovery[0m [1;30mLevel 1[0m discover_packages(recursive) using defaults
[0.843s] [34mcolcon.colcon_core.package_discovery[0m [1;30mLevel 1[0m discover_packages(ignore) discover
[0.843s] [34mcolcon.colcon_core.package_discovery[0m [1;30mLevel 1[0m discover_packages(ignore) using defaults
[0.844s] [34mcolcon.colcon_core.package_discovery[0m [1;30mLevel 1[0m discover_packages(path) discover
[0.844s] [34mcolcon.colcon_core.package_discovery[0m [1;30mLevel 1[0m discover_packages(path) using defaults
[0.925s] [34mcolcon.colcon_core.verb[0m [1;30mLevel 5[0m set package 'path_following_interfaces' build argument 'cmake_args' from command line to 'None'
[0.926s] [34mcolcon.colcon_core.verb[0m [1;30mLevel 5[0m set package 'path_following_interfaces' build argument 'cmake_target' from command line to 'None'
[0.926s] [34mcolcon.colcon_core.verb[0m [1;30mLevel 5[0m set package 'path_following_interfaces' build argument 'cmake_target_skip_unavailable' from command line to 'False'
[0.926s] [34mcolcon.colcon_core.verb[0m [1;30mLevel 5[0m set package 'path_following_interfaces' build argument 'cmake_clean_cache' from command line to 'False'
[0.926s] [34mcolcon.colcon_core.verb[0m [1;30mLevel 5[0m set package 'path_following_interfaces' build argument 'cmake_clean_first' from command line to 'False'
[0.926s] [34mcolcon.colcon_core.verb[0m [1;30mLevel 5[0m set package 'path_following_interfaces' build argument 'cmake_force_configure' from command line to 'False'
[0.926s] [34mcolcon.colcon_core.verb[0m [1;30mLevel 5[0m set package 'path_following_interfaces' build argument 'ament_cmake_args' from command line to 'None'
[0.926s] [34mcolcon.colcon_core.verb[0m [1;30mLevel 5[0m set package 'path_following_interfaces' build argument 'catkin_cmake_args' from command line to 'None'
[0.926s] [34mcolcon.colcon_core.verb[0m [1;30mLevel 5[0m set package 'path_following_interfaces' build argument 'catkin_skip_building_tests' from command line to 'False'
[0.926s] [34mcolcon.colcon_core.verb[0m [1;30mDEBUG[0m [32mBuilding package 'path_following_interfaces' with the following arguments: {'ament_cmake_args': None, 'build_base': 'C:\\TCC-Autonomous-Ship\\src\\main_ws\\src\\build\\path_following_interfaces', 'catkin_cmake_args': None, 'catkin_skip_building_tests': False, 'cmake_args': None, 'cmake_clean_cache': False, 'cmake_clean_first': False, 'cmake_force_configure': False, 'cmake_target': None, 'cmake_target_skip_unavailable': False, 'install_base': 'C:\\TCC-Autonomous-Ship\\src\\main_ws\\src\\install', 'merge_install': True, 'path': 'C:\\TCC-Autonomous-Ship\\src\\main_ws\\src\\path_following_interfaces', 'symlink_install': False, 'test_result_base': None}[0m
[0.948s] [34mcolcon.colcon_core.verb[0m [1;30mLevel 5[0m set package 'path_following' build argument 'cmake_args' from command line to 'None'
[0.948s] [34mcolcon.colcon_core.verb[0m [1;30mLevel 5[0m set package 'path_following' build argument 'cmake_target' from command line to 'None'
[0.948s] [34mcolcon.colcon_core.verb[0m [1;30mLevel 5[0m set package 'path_following' build argument 'cmake_target_skip_unavailable' from command line to 'False'
[0.948s] [34mcolcon.colcon_core.verb[0m [1;30mLevel 5[0m set package 'path_following' build argument 'cmake_clean_cache' from command line to 'False'
[0.948s] [34mcolcon.colcon_core.verb[0m [1;30mLevel 5[0m set package 'path_following' build argument 'cmake_clean_first' from command line to 'False'
[0.948s] [34mcolcon.colcon_core.verb[0m [1;30mLevel 5[0m set package 'path_following' build argument 'cmake_force_configure' from command line to 'False'
[0.948s] [34mcolcon.colcon_core.verb[0m [1;30mLevel 5[0m set package 'path_following' build argument 'ament_cmake_args' from command line to 'None'
[0.948s] [34mcolcon.colcon_core.verb[0m [1;30mLevel 5[0m set package 'path_following' build argument 'catkin_cmake_args' from command line to 'None'
[0.949s] [34mcolcon.colcon_core.verb[0m [1;30mLevel 5[0m set package 'path_following' build argument 'catkin_skip_building_tests' from command line to 'False'
[0.949s] [34mcolcon.colcon_core.verb[0m [1;30mDEBUG[0m [32mBuilding package 'path_following' with the following arguments: {'ament_cmake_args': None, 'build_base': 'C:\\TCC-Autonomous-Ship\\src\\main_ws\\src\\build\\path_following', 'catkin_cmake_args': None, 'catkin_skip_building_tests': False, 'cmake_args': None, 'cmake_clean_cache': False, 'cmake_clean_first': False, 'cmake_force_configure': False, 'cmake_target': None, 'cmake_target_skip_unavailable': False, 'install_base': 'C:\\TCC-Autonomous-Ship\\src\\main_ws\\src\\install', 'merge_install': True, 'path': 'C:\\TCC-Autonomous-Ship\\src\\main_ws\\src\\path_following', 'symlink_install': False, 'test_result_base': None}[0m
[0.971s] [34mcolcon.colcon_core.verb[0m [1;30mLevel 5[0m set package 'pydyna_simple' build argument 'cmake_args' from command line to 'None'
[0.972s] [34mcolcon.colcon_core.verb[0m [1;30mLevel 5[0m set package 'pydyna_simple' build argument 'cmake_target' from command line to 'None'
[0.972s] [34mcolcon.colcon_core.verb[0m [1;30mLevel 5[0m set package 'pydyna_simple' build argument 'cmake_target_skip_unavailable' from command line to 'False'
[0.972s] [34mcolcon.colcon_core.verb[0m [1;30mLevel 5[0m set package 'pydyna_simple' build argument 'cmake_clean_cache' from command line to 'False'
[0.972s] [34mcolcon.colcon_core.verb[0m [1;30mLevel 5[0m set package 'pydyna_simple' build argument 'cmake_clean_first' from command line to 'False'
[0.972s] [34mcolcon.colcon_core.verb[0m [1;30mLevel 5[0m set package 'pydyna_simple' build argument 'cmake_force_configure' from command line to 'False'
[0.972s] [34mcolcon.colcon_core.verb[0m [1;30mLevel 5[0m set package 'pydyna_simple' build argument 'ament_cmake_args' from command line to 'None'
[0.972s] [34mcolcon.colcon_core.verb[0m [1;30mLevel 5[0m set package 'pydyna_simple' build argument 'catkin_cmake_args' from command line to 'None'
[0.972s] [34mcolcon.colcon_core.verb[0m [1;30mLevel 5[0m set package 'pydyna_simple' build argument 'catkin_skip_building_tests' from command line to 'False'
[0.972s] [34mcolcon.colcon_core.verb[0m [1;30mDEBUG[0m [32mBuilding package 'pydyna_simple' with the following arguments: {'ament_cmake_args': None, 'build_base': 'C:\\TCC-Autonomous-Ship\\src\\main_ws\\src\\build\\pydyna_simple', 'catkin_cmake_args': None, 'catkin_skip_building_tests': False, 'cmake_args': None, 'cmake_clean_cache': False, 'cmake_clean_first': False, 'cmake_force_configure': False, 'cmake_target': None, 'cmake_target_skip_unavailable': False, 'install_base': 'C:\\TCC-Autonomous-Ship\\src\\main_ws\\src\\install', 'merge_install': True, 'path': 'C:\\TCC-Autonomous-Ship\\src\\main_ws\\src\\pydyna_simple', 'symlink_install': False, 'test_result_base': None}[0m
[0.977s] [34mcolcon.colcon_core.executor[0m [1;30mINFO[0m Executing jobs using 'parallel' executor
[1.005s] [34mcolcon.colcon_parallel_executor.executor.parallel[0m [1;30mDEBUG[0m [32mrun_until_complete[0m
[1.006s] [34mcolcon.colcon_ros.task.ament_cmake.build[0m [1;30mINFO[0m Building ROS package in 'C:\TCC-Autonomous-Ship\src\main_ws\src\path_following_interfaces' with build type 'ament_cmake'
[1.006s] [34mcolcon.colcon_cmake.task.cmake.build[0m [1;30mINFO[0m Building CMake package in 'C:\TCC-Autonomous-Ship\src\main_ws\src\path_following_interfaces'
[1.015s] [34mcolcon.colcon_core.plugin_system[0m [1;30mINFO[0m Skipping extension 'colcon_core.shell.sh': Not used on Windows systems
[1.015s] [34mcolcon.colcon_core.shell[0m [1;30mINFO[0m Skip shell extension 'powershell' for command environment: Not usable outside of PowerShell
[1.073s] [34mcolcon.colcon_core.event_handler.log_command[0m [1;30mDEBUG[0m [32mInvoking command in 'C:\TCC-Autonomous-Ship\src\main_ws\src\build\path_following_interfaces': C:\Program Files\CMake\bin\cmake.EXE C:\TCC-Autonomous-Ship\src\main_ws\src\path_following_interfaces -DCMAKE_INSTALL_PREFIX=C:\TCC-Autonomous-Ship\src\main_ws\src\install[0m
[3.566s] [34mcolcon.colcon_core.event_handler.log_command[0m [1;30mDEBUG[0m [32mInvoked command in 'C:\TCC-Autonomous-Ship\src\main_ws\src\build\path_following_interfaces' returned '0': C:\Program Files\CMake\bin\cmake.EXE C:\TCC-Autonomous-Ship\src\main_ws\src\path_following_interfaces -DCMAKE_INSTALL_PREFIX=C:\TCC-Autonomous-Ship\src\main_ws\src\install[0m
[3.572s] [34mcolcon.colcon_core.event_handler.log_command[0m [1;30mDEBUG[0m [32mInvoking command in 'C:\TCC-Autonomous-Ship\src\main_ws\src\build\path_following_interfaces': CL=/MP C:\Program Files\CMake\bin\cmake.EXE --build C:\TCC-Autonomous-Ship\src\main_ws\src\build\path_following_interfaces --config Release[0m
[6.283s] [34mcolcon.colcon_core.event_handler.log_command[0m [1;30mDEBUG[0m [32mInvoked command in 'C:\TCC-Autonomous-Ship\src\main_ws\src\build\path_following_interfaces' returned '0': CL=/MP C:\Program Files\CMake\bin\cmake.EXE --build C:\TCC-Autonomous-Ship\src\main_ws\src\build\path_following_interfaces --config Release[0m
[6.305s] [34mcolcon.colcon_core.event_handler.log_command[0m [1;30mDEBUG[0m [32mInvoking command in 'C:\TCC-Autonomous-Ship\src\main_ws\src\build\path_following_interfaces': C:\Program Files\CMake\bin\cmake.EXE --install C:\TCC-Autonomous-Ship\src\main_ws\src\build\path_following_interfaces --config Release[0m
[6.472s] [34mcolcon.colcon_core.environment[0m [1;30mLevel 1[0m create_environment_scripts_only(path_following_interfaces)
[6.474s] [34mcolcon.colcon_core.event_handler.log_command[0m [1;30mDEBUG[0m [32mInvoked command in 'C:\TCC-Autonomous-Ship\src\main_ws\src\build\path_following_interfaces' returned '0': C:\Program Files\CMake\bin\cmake.EXE --install C:\TCC-Autonomous-Ship\src\main_ws\src\build\path_following_interfaces --config Release[0m
[6.489s] [34mcolcon.colcon_core.environment[0m [1;30mLevel 1[0m checking 'C:\TCC-Autonomous-Ship\src\main_ws\src\install' for CMake module files
[6.492s] [34mcolcon.colcon_core.environment[0m [1;30mLevel 1[0m checking 'C:\TCC-Autonomous-Ship\src\main_ws\src\install' for CMake config files
[6.497s] [34mcolcon.colcon_core.shell[0m [1;30mLevel 1[0m create_environment_hook('path_following_interfaces', 'cmake_prefix_path')
[6.504s] [34mcolcon.colcon_core.shell[0m [1;30mINFO[0m Creating environment hook 'C:\TCC-Autonomous-Ship\src\main_ws\src\install\share\path_following_interfaces\hook\cmake_prefix_path.ps1'
[6.505s] [34mcolcon.colcon_core.shell[0m [1;30mINFO[0m Creating environment hook 'C:\TCC-Autonomous-Ship\src\main_ws\src\install\share\path_following_interfaces\hook\cmake_prefix_path.bat'
[6.506s] [34mcolcon.colcon_core.shell[0m [1;30mINFO[0m Creating environment descriptor 'C:\TCC-Autonomous-Ship\src\main_ws\src\install\share\path_following_interfaces\hook\cmake_prefix_path.dsv'
[6.507s] [34mcolcon.colcon_core.environment[0m [1;30mLevel 1[0m checking 'C:\TCC-Autonomous-Ship\src\main_ws\src\install\bin'
[6.508s] [34mcolcon.colcon_core.shell[0m [1;30mLevel 1[0m create_environment_hook('path_following_interfaces', 'path_dll')
[6.515s] [34mcolcon.colcon_core.shell[0m [1;30mINFO[0m Creating environment hook 'C:\TCC-Autonomous-Ship\src\main_ws\src\install\share\path_following_interfaces\hook\path_dll.ps1'
[6.516s] [34mcolcon.colcon_core.shell[0m [1;30mINFO[0m Creating environment hook 'C:\TCC-Autonomous-Ship\src\main_ws\src\install\share\path_following_interfaces\hook\path_dll.bat'
[6.517s] [34mcolcon.colcon_core.shell[0m [1;30mINFO[0m Creating environment descriptor 'C:\TCC-Autonomous-Ship\src\main_ws\src\install\share\path_following_interfaces\hook\path_dll.dsv'
[6.517s] [34mcolcon.colcon_core.environment[0m [1;30mLevel 1[0m checking 'C:\TCC-Autonomous-Ship\src\main_ws\src\install\bin'
[6.518s] [34mcolcon.colcon_core.shell[0m [1;30mLevel 1[0m create_environment_hook('path_following_interfaces', 'path')
[6.525s] [34mcolcon.colcon_core.shell[0m [1;30mINFO[0m Creating environment hook 'C:\TCC-Autonomous-Ship\src\main_ws\src\install\share\path_following_interfaces\hook\path.ps1'
[6.526s] [34mcolcon.colcon_core.shell[0m [1;30mINFO[0m Creating environment hook 'C:\TCC-Autonomous-Ship\src\main_ws\src\install\share\path_following_interfaces\hook\path.bat'
[6.527s] [34mcolcon.colcon_core.shell[0m [1;30mINFO[0m Creating environment descriptor 'C:\TCC-Autonomous-Ship\src\main_ws\src\install\share\path_following_interfaces\hook\path.dsv'
[6.527s] [34mcolcon.colcon_core.environment[0m [1;30mLevel 1[0m checking 'C:\TCC-Autonomous-Ship\src\main_ws\src\install\Scripts'
[6.527s] [34mcolcon.colcon_core.environment[0m [1;30mLevel 1[0m checking 'C:\TCC-Autonomous-Ship\src\main_ws\src\install\lib\pkgconfig\path_following_interfaces.pc'
[6.528s] [34mcolcon.colcon_core.environment[0m [1;30mLevel 1[0m checking 'C:\TCC-Autonomous-Ship\src\main_ws\src\install\Lib\site-packages'
[6.528s] [34mcolcon.colcon_core.shell[0m [1;30mLevel 1[0m create_environment_hook('path_following_interfaces', 'pythonpath')
[6.535s] [34mcolcon.colcon_core.shell[0m [1;30mINFO[0m Creating environment hook 'C:\TCC-Autonomous-Ship\src\main_ws\src\install\share\path_following_interfaces\hook\pythonpath.ps1'
[6.536s] [34mcolcon.colcon_core.shell[0m [1;30mINFO[0m Creating environment hook 'C:\TCC-Autonomous-Ship\src\main_ws\src\install\share\path_following_interfaces\hook\pythonpath.bat'
[6.537s] [34mcolcon.colcon_core.shell[0m [1;30mINFO[0m Creating environment descriptor 'C:\TCC-Autonomous-Ship\src\main_ws\src\install\share\path_following_interfaces\hook\pythonpath.dsv'
[6.545s] [34mcolcon.colcon_core.shell[0m [1;30mINFO[0m Creating package script 'C:\TCC-Autonomous-Ship\src\main_ws\src\install\share\path_following_interfaces\package.ps1'
[6.547s] [34mcolcon.colcon_core.shell[0m [1;30mINFO[0m Creating package script 'C:\TCC-Autonomous-Ship\src\main_ws\src\install\share\path_following_interfaces\package.bat'
[6.548s] [34mcolcon.colcon_core.shell[0m [1;30mINFO[0m Creating package descriptor 'C:\TCC-Autonomous-Ship\src\main_ws\src\install\share\path_following_interfaces\package.dsv'
[6.549s] [34mcolcon.colcon_core.environment[0m [1;30mLevel 1[0m create_file_with_runtime_dependencies(C:\TCC-Autonomous-Ship\src\main_ws\src\install\share\colcon-core\packages\path_following_interfaces)
[6.557s] [34mcolcon.colcon_core.environment[0m [1;30mLevel 1[0m create_environment_scripts_only(path_following_interfaces)
[6.568s] [34mcolcon.colcon_core.environment[0m [1;30mLevel 1[0m checking 'C:\TCC-Autonomous-Ship\src\main_ws\src\install' for CMake module files
[6.571s] [34mcolcon.colcon_core.environment[0m [1;30mLevel 1[0m checking 'C:\TCC-Autonomous-Ship\src\main_ws\src\install' for CMake config files
[6.576s] [34mcolcon.colcon_core.shell[0m [1;30mLevel 1[0m create_environment_hook('path_following_interfaces', 'cmake_prefix_path')
[6.583s] [34mcolcon.colcon_core.shell[0m [1;30mINFO[0m Creating environment hook 'C:\TCC-Autonomous-Ship\src\main_ws\src\install\share\path_following_interfaces\hook\cmake_prefix_path.ps1'
[6.584s] [34mcolcon.colcon_core.shell[0m [1;30mINFO[0m Creating environment hook 'C:\TCC-Autonomous-Ship\src\main_ws\src\install\share\path_following_interfaces\hook\cmake_prefix_path.bat'
[6.585s] [34mcolcon.colcon_core.shell[0m [1;30mINFO[0m Creating environment descriptor 'C:\TCC-Autonomous-Ship\src\main_ws\src\install\share\path_following_interfaces\hook\cmake_prefix_path.dsv'
[6.586s] [34mcolcon.colcon_core.environment[0m [1;30mLevel 1[0m checking 'C:\TCC-Autonomous-Ship\src\main_ws\src\install\bin'
[6.586s] [34mcolcon.colcon_core.shell[0m [1;30mLevel 1[0m create_environment_hook('path_following_interfaces', 'path_dll')
[6.593s] [34mcolcon.colcon_core.shell[0m [1;30mINFO[0m Creating environment hook 'C:\TCC-Autonomous-Ship\src\main_ws\src\install\share\path_following_interfaces\hook\path_dll.ps1'
[6.594s] [34mcolcon.colcon_core.shell[0m [1;30mINFO[0m Creating environment hook 'C:\TCC-Autonomous-Ship\src\main_ws\src\install\share\path_following_interfaces\hook\path_dll.bat'
[6.595s] [34mcolcon.colcon_core.shell[0m [1;30mINFO[0m Creating environment descriptor 'C:\TCC-Autonomous-Ship\src\main_ws\src\install\share\path_following_interfaces\hook\path_dll.dsv'
[6.596s] [34mcolcon.colcon_core.environment[0m [1;30mLevel 1[0m checking 'C:\TCC-Autonomous-Ship\src\main_ws\src\install\bin'
[6.596s] [34mcolcon.colcon_core.shell[0m [1;30mLevel 1[0m create_environment_hook('path_following_interfaces', 'path')
[6.604s] [34mcolcon.colcon_core.shell[0m [1;30mINFO[0m Creating environment hook 'C:\TCC-Autonomous-Ship\src\main_ws\src\install\share\path_following_interfaces\hook\path.ps1'
[6.605s] [34mcolcon.colcon_core.shell[0m [1;30mINFO[0m Creating environment hook 'C:\TCC-Autonomous-Ship\src\main_ws\src\install\share\path_following_interfaces\hook\path.bat'
[6.606s] [34mcolcon.colcon_core.shell[0m [1;30mINFO[0m Creating environment descriptor 'C:\TCC-Autonomous-Ship\src\main_ws\src\install\share\path_following_interfaces\hook\path.dsv'
[6.606s] [34mcolcon.colcon_core.environment[0m [1;30mLevel 1[0m checking 'C:\TCC-Autonomous-Ship\src\main_ws\src\install\Scripts'
[6.607s] [34mcolcon.colcon_core.environment[0m [1;30mLevel 1[0m checking 'C:\TCC-Autonomous-Ship\src\main_ws\src\install\lib\pkgconfig\path_following_interfaces.pc'
[6.607s] [34mcolcon.colcon_core.environment[0m [1;30mLevel 1[0m checking 'C:\TCC-Autonomous-Ship\src\main_ws\src\install\Lib\site-packages'
[6.607s] [34mcolcon.colcon_core.shell[0m [1;30mLevel 1[0m create_environment_hook('path_following_interfaces', 'pythonpath')
[6.616s] [34mcolcon.colcon_core.shell[0m [1;30mINFO[0m Creating environment hook 'C:\TCC-Autonomous-Ship\src\main_ws\src\install\share\path_following_interfaces\hook\pythonpath.ps1'
[6.617s] [34mcolcon.colcon_core.shell[0m [1;30mINFO[0m Creating environment hook 'C:\TCC-Autonomous-Ship\src\main_ws\src\install\share\path_following_interfaces\hook\pythonpath.bat'
[6.618s] [34mcolcon.colcon_core.shell[0m [1;30mINFO[0m Creating environment descriptor 'C:\TCC-Autonomous-Ship\src\main_ws\src\install\share\path_following_interfaces\hook\pythonpath.dsv'
[6.627s] [34mcolcon.colcon_core.shell[0m [1;30mINFO[0m Creating package script 'C:\TCC-Autonomous-Ship\src\main_ws\src\install\share\path_following_interfaces\package.ps1'
[6.628s] [34mcolcon.colcon_core.shell[0m [1;30mINFO[0m Creating package script 'C:\TCC-Autonomous-Ship\src\main_ws\src\install\share\path_following_interfaces\package.bat'
[6.629s] [34mcolcon.colcon_core.shell[0m [1;30mINFO[0m Creating package descriptor 'C:\TCC-Autonomous-Ship\src\main_ws\src\install\share\path_following_interfaces\package.dsv'
[6.631s] [34mcolcon.colcon_core.environment[0m [1;30mLevel 1[0m create_file_with_runtime_dependencies(C:\TCC-Autonomous-Ship\src\main_ws\src\install\share\colcon-core\packages\path_following_interfaces)
[6.631s] [34mcolcon.colcon_ros.task.ament_python.build[0m [1;30mINFO[0m Building ROS package in 'C:\TCC-Autonomous-Ship\src\main_ws\src\path_following' with build type 'ament_python'
[6.631s] [34mcolcon.colcon_core.shell[0m [1;30mLevel 1[0m create_environment_hook('path_following', 'ament_prefix_path')
[6.640s] [34mcolcon.colcon_core.shell[0m [1;30mINFO[0m Creating environment hook 'C:\TCC-Autonomous-Ship\src\main_ws\src\install\share\path_following\hook\ament_prefix_path.ps1'
[6.641s] [34mcolcon.colcon_core.shell[0m [1;30mINFO[0m Creating environment hook 'C:\TCC-Autonomous-Ship\src\main_ws\src\install\share\path_following\hook\ament_prefix_path.bat'
[6.643s] [34mcolcon.colcon_core.shell[0m [1;30mINFO[0m Creating environment descriptor 'C:\TCC-Autonomous-Ship\src\main_ws\src\install\share\path_following\hook\ament_prefix_path.dsv'
[6.652s] [34mcolcon.colcon_core.shell[0m [1;30mINFO[0m Skip shell extension 'powershell' for command environment: Not usable outside of PowerShell
[6.691s] [34mcolcon.colcon_ros.task.ament_python.build[0m [1;30mINFO[0m Building ROS package in 'C:\TCC-Autonomous-Ship\src\main_ws\src\pydyna_simple' with build type 'ament_python'
[6.692s] [34mcolcon.colcon_core.shell[0m [1;30mLevel 1[0m create_environment_hook('pydyna_simple', 'ament_prefix_path')
[6.701s] [34mcolcon.colcon_core.shell[0m [1;30mINFO[0m Creating environment hook 'C:\TCC-Autonomous-Ship\src\main_ws\src\install\share\pydyna_simple\hook\ament_prefix_path.ps1'
[6.702s] [34mcolcon.colcon_core.shell[0m [1;30mINFO[0m Creating environment hook 'C:\TCC-Autonomous-Ship\src\main_ws\src\install\share\pydyna_simple\hook\ament_prefix_path.bat'
[6.703s] [34mcolcon.colcon_core.shell[0m [1;30mINFO[0m Creating environment descriptor 'C:\TCC-Autonomous-Ship\src\main_ws\src\install\share\pydyna_simple\hook\ament_prefix_path.dsv'
[6.713s] [34mcolcon.colcon_core.shell[0m [1;30mINFO[0m Skip shell extension 'powershell' for command environment: Not usable outside of PowerShell
[7.435s] [34mcolcon.colcon_core.task.python.build[0m [1;30mINFO[0m Building Python package in 'C:\TCC-Autonomous-Ship\src\main_ws\src\path_following'
[7.442s] [34mcolcon.colcon_core.shell[0m [1;30mINFO[0m Skip shell extension 'powershell' for command environment: Not usable outside of PowerShell
[7.904s] [34mcolcon.colcon_core.task.python.build[0m [1;30mINFO[0m Building Python package in 'C:\TCC-Autonomous-Ship\src\main_ws\src\pydyna_simple'
[7.912s] [34mcolcon.colcon_core.shell[0m [1;30mINFO[0m Skip shell extension 'powershell' for command environment: Not usable outside of PowerShell
[7.953s] [34mcolcon.colcon_core.event_handler.log_command[0m [1;30mDEBUG[0m [32mInvoking command in 'C:\TCC-Autonomous-Ship\src\main_ws\src\path_following': PYTHONPATH=C:\TCC-Autonomous-Ship\src\main_ws\src\install\Lib\site-packages;%PYTHONPATH% Path=C:\TCC-Autonomous-Ship\src\main_ws\src\install\bin;c:\users\phmar\appdata\local\programs\python\python36\lib\site-packages\pywin32_system32;C:\dev\ros2_galactic\install\opt\yaml_cpp_vendor\bin;C:\dev\ros2_galactic\install\opt\rviz_ogre_vendor\bin;C:\dev\ros2_galactic\install\opt\rviz_assimp_vendor\bin;C:\dev\ros2_galactic\install\opt\libcurl_vendor\bin;C:\dev\ros2_galactic\install\Scripts;C:\dev\ros2_galactic\install\bin;C:\Program Files (x86)\Microsoft Visual Studio\2019\Community\Common7\IDE\\Extensions\Microsoft\IntelliCode\CLI;C:\Program Files (x86)\Microsoft Visual Studio\2019\Community\VC\Tools\MSVC\14.29.30133\bin\HostX64\x64;C:\Program Files (x86)\Microsoft Visual Studio\2019\Community\Common7\IDE\VC\VCPackages;C:\Program Files (x86)\Microsoft Visual Studio\2019\Community\Common7\IDE\CommonExtensions\Microsoft\TestWindow;C:\Program Files (x86)\Microsoft Visual Studio\2019\Community\Common7\IDE\CommonExtensions\Microsoft\TeamFoundation\Team Explorer;C:\Program Files (x86)\Microsoft Visual Studio\2019\Community\MSBuild\Current\bin\Roslyn;C:\Program Files (x86)\Microsoft Visual Studio\2019\Community\Team Tools\Performance Tools\x64;C:\Program Files (x86)\Microsoft Visual Studio\2019\Community\Team Tools\Performance Tools;C:\Program Files (x86)\Microsoft Visual Studio\Shared\Common\VSPerfCollectionTools\vs2019\\x64;C:\Program Files (x86)\Microsoft Visual Studio\Shared\Common\VSPerfCollectionTools\vs2019\;C:\Program Files (x86)\Microsoft Visual Studio\2019\Community\Common7\Tools\devinit;C:\Program Files (x86)\Windows Kits\10\bin\10.0.19041.0\x64;C:\Program Files (x86)\Windows Kits\10\bin\x64;C:\Program Files (x86)\Microsoft Visual Studio\2019\Community\\MSBuild\Current\Bin;C:\Windows\Microsoft.NET\Framework64\v4.0.30319;C:\Program Files (x86)\Microsoft Visual Studio\2019\Community\Common7\IDE\;C:\Program Files (x86)\Microsoft Visual Studio\2019\Community\Common7\Tools\;C:\Program Files\ImageMagick-7.1.0-Q16-HDRI;C:\Python36\Scripts\;C:\Python36\;C:\Users\phmar\AppData\Local\Programs\Python\Python38\Scripts\;C:\Users\phmar\AppData\Local\Programs\Python\Python38\;C:\Program Files (x86)\VMware\VMware Player\bin\;C:\Python38\Scripts\;C:\Python38\;C:\Windows\system32;C:\Windows;C:\Windows\System32\Wbem;C:\Windows\System32\WindowsPowerShell\v1.0\;C:\Windows\System32\OpenSSH\;C:\Program Files (x86)\NVIDIA Corporation\PhysX\Common;C:\Program Files\NVIDIA Corporation\NVIDIA NvDLISR;C:\ProgramData\chocolatey\bin;C:\ProgramData\chocolatey\lib\cunit\lib;C:\ProgramData\chocolatey\lib\tinyxml2\lib;C:\ProgramData\chocolatey\lib\log4cxx\lib;C:\ProgramData\chocolatey\lib\bullet\lib;C:\Program Files\Graphviz\bin;C:\Program Files\Cppcheck;C:\Program Files\Git\cmd;C:\Users\phmar\AppData\Local\Programs\Python\Python36\Scripts\;C:\Users\phmar\AppData\Local\Programs\Python\Python36\;C:\Users\phmar\AppData\Local\Microsoft\WindowsApps;C:\Program Files\OpenSSL-Win64\bin\;C:\opencv\x64\vc16\bin;C:\Program Files\CMake\bin;C:\Program Files\rti_connext_dds-6.1.0;C:\Users\phmar\AppData\Local\Programs\Microsoft VS Code\bin;C:\Program Files\Git\cmd;C:\Program Files\Git\usr\bin;C:\xmllint\bin;C:\Qt\5.15.0\msvc2019_64\plugins\platforms c:\users\phmar\appdata\local\programs\python\python36\python.exe setup.py egg_info --egg-base ..\build\path_following build --build-base C:\TCC-Autonomous-Ship\src\main_ws\src\build\path_following\build install --prefix C:\TCC-Autonomous-Ship\src\main_ws\src\install --record C:\TCC-Autonomous-Ship\src\main_ws\src\build\path_following\install.log --single-version-externally-managed[0m
[8.054s] [34mcolcon.colcon_core.event_handler.log_command[0m [1;30mDEBUG[0m [32mInvoking command in 'C:\TCC-Autonomous-Ship\src\main_ws\src\pydyna_simple': PYTHONPATH=C:\TCC-Autonomous-Ship\src\main_ws\src\install\Lib\site-packages;%PYTHONPATH% Path=C:\TCC-Autonomous-Ship\src\main_ws\src\install\bin;c:\users\phmar\appdata\local\programs\python\python36\lib\site-packages\pywin32_system32;C:\dev\ros2_galactic\install\opt\yaml_cpp_vendor\bin;C:\dev\ros2_galactic\install\opt\rviz_ogre_vendor\bin;C:\dev\ros2_galactic\install\opt\rviz_assimp_vendor\bin;C:\dev\ros2_galactic\install\opt\libcurl_vendor\bin;C:\dev\ros2_galactic\install\Scripts;C:\dev\ros2_galactic\install\bin;C:\Program Files (x86)\Microsoft Visual Studio\2019\Community\Common7\IDE\\Extensions\Microsoft\IntelliCode\CLI;C:\Program Files (x86)\Microsoft Visual Studio\2019\Community\VC\Tools\MSVC\14.29.30133\bin\HostX64\x64;C:\Program Files (x86)\Microsoft Visual Studio\2019\Community\Common7\IDE\VC\VCPackages;C:\Program Files (x86)\Microsoft Visual Studio\2019\Community\Common7\IDE\CommonExtensions\Microsoft\TestWindow;C:\Program Files (x86)\Microsoft Visual Studio\2019\Community\Common7\IDE\CommonExtensions\Microsoft\TeamFoundation\Team Explorer;C:\Program Files (x86)\Microsoft Visual Studio\2019\Community\MSBuild\Current\bin\Roslyn;C:\Program Files (x86)\Microsoft Visual Studio\2019\Community\Team Tools\Performance Tools\x64;C:\Program Files (x86)\Microsoft Visual Studio\2019\Community\Team Tools\Performance Tools;C:\Program Files (x86)\Microsoft Visual Studio\Shared\Common\VSPerfCollectionTools\vs2019\\x64;C:\Program Files (x86)\Microsoft Visual Studio\Shared\Common\VSPerfCollectionTools\vs2019\;C:\Program Files (x86)\Microsoft Visual Studio\2019\Community\Common7\Tools\devinit;C:\Program Files (x86)\Windows Kits\10\bin\10.0.19041.0\x64;C:\Program Files (x86)\Windows Kits\10\bin\x64;C:\Program Files (x86)\Microsoft Visual Studio\2019\Community\\MSBuild\Current\Bin;C:\Windows\Microsoft.NET\Framework64\v4.0.30319;C:\Program Files (x86)\Microsoft Visual Studio\2019\Community\Common7\IDE\;C:\Program Files (x86)\Microsoft Visual Studio\2019\Community\Common7\Tools\;C:\Program Files\ImageMagick-7.1.0-Q16-HDRI;C:\Python36\Scripts\;C:\Python36\;C:\Users\phmar\AppData\Local\Programs\Python\Python38\Scripts\;C:\Users\phmar\AppData\Local\Programs\Python\Python38\;C:\Program Files (x86)\VMware\VMware Player\bin\;C:\Python38\Scripts\;C:\Python38\;C:\Windows\system32;C:\Windows;C:\Windows\System32\Wbem;C:\Windows\System32\WindowsPowerShell\v1.0\;C:\Windows\System32\OpenSSH\;C:\Program Files (x86)\NVIDIA Corporation\PhysX\Common;C:\Program Files\NVIDIA Corporation\NVIDIA NvDLISR;C:\ProgramData\chocolatey\bin;C:\ProgramData\chocolatey\lib\cunit\lib;C:\ProgramData\chocolatey\lib\tinyxml2\lib;C:\ProgramData\chocolatey\lib\log4cxx\lib;C:\ProgramData\chocolatey\lib\bullet\lib;C:\Program Files\Graphviz\bin;C:\Program Files\Cppcheck;C:\Program Files\Git\cmd;C:\Users\phmar\AppData\Local\Programs\Python\Python36\Scripts\;C:\Users\phmar\AppData\Local\Programs\Python\Python36\;C:\Users\phmar\AppData\Local\Microsoft\WindowsApps;C:\Program Files\OpenSSL-Win64\bin\;C:\opencv\x64\vc16\bin;C:\Program Files\CMake\bin;C:\Program Files\rti_connext_dds-6.1.0;C:\Users\phmar\AppData\Local\Programs\Microsoft VS Code\bin;C:\Program Files\Git\cmd;C:\Program Files\Git\usr\bin;C:\xmllint\bin;C:\Qt\5.15.0\msvc2019_64\plugins\platforms c:\users\phmar\appdata\local\programs\python\python36\python.exe setup.py egg_info --egg-base ..\build\pydyna_simple build --build-base C:\TCC-Autonomous-Ship\src\main_ws\src\build\pydyna_simple\build install --prefix C:\TCC-Autonomous-Ship\src\main_ws\src\install --record C:\TCC-Autonomous-Ship\src\main_ws\src\build\pydyna_simple\install.log --single-version-externally-managed[0m
[8.511s] [34mcolcon.colcon_core.environment[0m [1;30mLevel 1[0m checking 'C:\TCC-Autonomous-Ship\src\main_ws\src\install' for CMake module files
[8.511s] [34mcolcon.colcon_core.event_handler.log_command[0m [1;30mDEBUG[0m [32mInvoked command in 'C:\TCC-Autonomous-Ship\src\main_ws\src\path_following' returned '0': PYTHONPATH=C:\TCC-Autonomous-Ship\src\main_ws\src\install\Lib\site-packages;%PYTHONPATH% Path=C:\TCC-Autonomous-Ship\src\main_ws\src\install\bin;c:\users\phmar\appdata\local\programs\python\python36\lib\site-packages\pywin32_system32;C:\dev\ros2_galactic\install\opt\yaml_cpp_vendor\bin;C:\dev\ros2_galactic\install\opt\rviz_ogre_vendor\bin;C:\dev\ros2_galactic\install\opt\rviz_assimp_vendor\bin;C:\dev\ros2_galactic\install\opt\libcurl_vendor\bin;C:\dev\ros2_galactic\install\Scripts;C:\dev\ros2_galactic\install\bin;C:\Program Files (x86)\Microsoft Visual Studio\2019\Community\Common7\IDE\\Extensions\Microsoft\IntelliCode\CLI;C:\Program Files (x86)\Microsoft Visual Studio\2019\Community\VC\Tools\MSVC\14.29.30133\bin\HostX64\x64;C:\Program Files (x86)\Microsoft Visual Studio\2019\Community\Common7\IDE\VC\VCPackages;C:\Program Files (x86)\Microsoft Visual Studio\2019\Community\Common7\IDE\CommonExtensions\Microsoft\TestWindow;C:\Program Files (x86)\Microsoft Visual Studio\2019\Community\Common7\IDE\CommonExtensions\Microsoft\TeamFoundation\Team Explorer;C:\Program Files (x86)\Microsoft Visual Studio\2019\Community\MSBuild\Current\bin\Roslyn;C:\Program Files (x86)\Microsoft Visual Studio\2019\Community\Team Tools\Performance Tools\x64;C:\Program Files (x86)\Microsoft Visual Studio\2019\Community\Team Tools\Performance Tools;C:\Program Files (x86)\Microsoft Visual Studio\Shared\Common\VSPerfCollectionTools\vs2019\\x64;C:\Program Files (x86)\Microsoft Visual Studio\Shared\Common\VSPerfCollectionTools\vs2019\;C:\Program Files (x86)\Microsoft Visual Studio\2019\Community\Common7\Tools\devinit;C:\Program Files (x86)\Windows Kits\10\bin\10.0.19041.0\x64;C:\Program Files (x86)\Windows Kits\10\bin\x64;C:\Program Files (x86)\Microsoft Visual Studio\2019\Community\\MSBuild\Current\Bin;C:\Windows\Microsoft.NET\Framework64\v4.0.30319;C:\Program Files (x86)\Microsoft Visual Studio\2019\Community\Common7\IDE\;C:\Program Files (x86)\Microsoft Visual Studio\2019\Community\Common7\Tools\;C:\Program Files\ImageMagick-7.1.0-Q16-HDRI;C:\Python36\Scripts\;C:\Python36\;C:\Users\phmar\AppData\Local\Programs\Python\Python38\Scripts\;C:\Users\phmar\AppData\Local\Programs\Python\Python38\;C:\Program Files (x86)\VMware\VMware Player\bin\;C:\Python38\Scripts\;C:\Python38\;C:\Windows\system32;C:\Windows;C:\Windows\System32\Wbem;C:\Windows\System32\WindowsPowerShell\v1.0\;C:\Windows\System32\OpenSSH\;C:\Program Files (x86)\NVIDIA Corporation\PhysX\Common;C:\Program Files\NVIDIA Corporation\NVIDIA NvDLISR;C:\ProgramData\chocolatey\bin;C:\ProgramData\chocolatey\lib\cunit\lib;C:\ProgramData\chocolatey\lib\tinyxml2\lib;C:\ProgramData\chocolatey\lib\log4cxx\lib;C:\ProgramData\chocolatey\lib\bullet\lib;C:\Program Files\Graphviz\bin;C:\Program Files\Cppcheck;C:\Program Files\Git\cmd;C:\Users\phmar\AppData\Local\Programs\Python\Python36\Scripts\;C:\Users\phmar\AppData\Local\Programs\Python\Python36\;C:\Users\phmar\AppData\Local\Microsoft\WindowsApps;C:\Program Files\OpenSSL-Win64\bin\;C:\opencv\x64\vc16\bin;C:\Program Files\CMake\bin;C:\Program Files\rti_connext_dds-6.1.0;C:\Users\phmar\AppData\Local\Programs\Microsoft VS Code\bin;C:\Program Files\Git\cmd;C:\Program Files\Git\usr\bin;C:\xmllint\bin;C:\Qt\5.15.0\msvc2019_64\plugins\platforms c:\users\phmar\appdata\local\programs\python\python36\python.exe setup.py egg_info --egg-base ..\build\path_following build --build-base C:\TCC-Autonomous-Ship\src\main_ws\src\build\path_following\build install --prefix C:\TCC-Autonomous-Ship\src\main_ws\src\install --record C:\TCC-Autonomous-Ship\src\main_ws\src\build\path_following\install.log --single-version-externally-managed[0m
[8.513s] [34mcolcon.colcon_core.environment[0m [1;30mLevel 1[0m checking 'C:\TCC-Autonomous-Ship\src\main_ws\src\install' for CMake config files
[8.518s] [34mcolcon.colcon_core.shell[0m [1;30mLevel 1[0m create_environment_hook('path_following', 'cmake_prefix_path')
[8.525s] [34mcolcon.colcon_core.shell[0m [1;30mINFO[0m Creating environment hook 'C:\TCC-Autonomous-Ship\src\main_ws\src\install\share\path_following\hook\cmake_prefix_path.ps1'
[8.526s] [34mcolcon.colcon_core.shell[0m [1;30mINFO[0m Creating environment hook 'C:\TCC-Autonomous-Ship\src\main_ws\src\install\share\path_following\hook\cmake_prefix_path.bat'
[8.527s] [34mcolcon.colcon_core.shell[0m [1;30mINFO[0m Creating environment descriptor 'C:\TCC-Autonomous-Ship\src\main_ws\src\install\share\path_following\hook\cmake_prefix_path.dsv'
[8.528s] [34mcolcon.colcon_core.environment[0m [1;30mLevel 1[0m checking 'C:\TCC-Autonomous-Ship\src\main_ws\src\install\bin'
[8.528s] [34mcolcon.colcon_core.shell[0m [1;30mLevel 1[0m create_environment_hook('path_following', 'path_dll')
[8.536s] [34mcolcon.colcon_core.shell[0m [1;30mINFO[0m Creating environment hook 'C:\TCC-Autonomous-Ship\src\main_ws\src\install\share\path_following\hook\path_dll.ps1'
[8.536s] [34mcolcon.colcon_core.shell[0m [1;30mINFO[0m Creating environment hook 'C:\TCC-Autonomous-Ship\src\main_ws\src\install\share\path_following\hook\path_dll.bat'
[8.537s] [34mcolcon.colcon_core.shell[0m [1;30mINFO[0m Creating environment descriptor 'C:\TCC-Autonomous-Ship\src\main_ws\src\install\share\path_following\hook\path_dll.dsv'
[8.538s] [34mcolcon.colcon_core.environment[0m [1;30mLevel 1[0m checking 'C:\TCC-Autonomous-Ship\src\main_ws\src\install\bin'
[8.538s] [34mcolcon.colcon_core.shell[0m [1;30mLevel 1[0m create_environment_hook('path_following', 'path')
[8.545s] [34mcolcon.colcon_core.shell[0m [1;30mINFO[0m Creating environment hook 'C:\TCC-Autonomous-Ship\src\main_ws\src\install\share\path_following\hook\path.ps1'
[8.546s] [34mcolcon.colcon_core.shell[0m [1;30mINFO[0m Creating environment hook 'C:\TCC-Autonomous-Ship\src\main_ws\src\install\share\path_following\hook\path.bat'
[8.547s] [34mcolcon.colcon_core.shell[0m [1;30mINFO[0m Creating environment descriptor 'C:\TCC-Autonomous-Ship\src\main_ws\src\install\share\path_following\hook\path.dsv'
[8.548s] [34mcolcon.colcon_core.environment[0m [1;30mLevel 1[0m checking 'C:\TCC-Autonomous-Ship\src\main_ws\src\install\Scripts'
[8.548s] [34mcolcon.colcon_core.environment[0m [1;30mLevel 1[0m checking 'C:\TCC-Autonomous-Ship\src\main_ws\src\install\lib\pkgconfig\path_following.pc'
[8.548s] [34mcolcon.colcon_core.environment[0m [1;30mLevel 1[0m checking 'C:\TCC-Autonomous-Ship\src\main_ws\src\install\Lib\site-packages'
[8.548s] [34mcolcon.colcon_core.shell[0m [1;30mLevel 1[0m create_environment_hook('path_following', 'pythonpath')
[8.556s] [34mcolcon.colcon_core.shell[0m [1;30mINFO[0m Creating environment hook 'C:\TCC-Autonomous-Ship\src\main_ws\src\install\share\path_following\hook\pythonpath.ps1'
[8.556s] [34mcolcon.colcon_core.shell[0m [1;30mINFO[0m Creating environment hook 'C:\TCC-Autonomous-Ship\src\main_ws\src\install\share\path_following\hook\pythonpath.bat'
[8.557s] [34mcolcon.colcon_core.shell[0m [1;30mINFO[0m Creating environment descriptor 'C:\TCC-Autonomous-Ship\src\main_ws\src\install\share\path_following\hook\pythonpath.dsv'
[8.558s] [34mcolcon.colcon_core.environment[0m [1;30mLevel 1[0m create_environment_scripts_only(path_following)
[8.566s] [34mcolcon.colcon_core.shell[0m [1;30mINFO[0m Creating package script 'C:\TCC-Autonomous-Ship\src\main_ws\src\install\share\path_following\package.ps1'
[8.567s] [34mcolcon.colcon_core.shell[0m [1;30mINFO[0m Creating package script 'C:\TCC-Autonomous-Ship\src\main_ws\src\install\share\path_following\package.bat'
[8.568s] [34mcolcon.colcon_core.shell[0m [1;30mINFO[0m Creating package descriptor 'C:\TCC-Autonomous-Ship\src\main_ws\src\install\share\path_following\package.dsv'
[8.569s] [34mcolcon.colcon_core.environment[0m [1;30mLevel 1[0m create_file_with_runtime_dependencies(C:\TCC-Autonomous-Ship\src\main_ws\src\install\share\colcon-core\packages\path_following)
[8.604s] [34mcolcon.colcon_core.environment[0m [1;30mLevel 1[0m checking 'C:\TCC-Autonomous-Ship\src\main_ws\src\install' for CMake module files
[8.604s] [34mcolcon.colcon_core.event_handler.log_command[0m [1;30mDEBUG[0m [32mInvoked command in 'C:\TCC-Autonomous-Ship\src\main_ws\src\pydyna_simple' returned '0': PYTHONPATH=C:\TCC-Autonomous-Ship\src\main_ws\src\install\Lib\site-packages;%PYTHONPATH% Path=C:\TCC-Autonomous-Ship\src\main_ws\src\install\bin;c:\users\phmar\appdata\local\programs\python\python36\lib\site-packages\pywin32_system32;C:\dev\ros2_galactic\install\opt\yaml_cpp_vendor\bin;C:\dev\ros2_galactic\install\opt\rviz_ogre_vendor\bin;C:\dev\ros2_galactic\install\opt\rviz_assimp_vendor\bin;C:\dev\ros2_galactic\install\opt\libcurl_vendor\bin;C:\dev\ros2_galactic\install\Scripts;C:\dev\ros2_galactic\install\bin;C:\Program Files (x86)\Microsoft Visual Studio\2019\Community\Common7\IDE\\Extensions\Microsoft\IntelliCode\CLI;C:\Program Files (x86)\Microsoft Visual Studio\2019\Community\VC\Tools\MSVC\14.29.30133\bin\HostX64\x64;C:\Program Files (x86)\Microsoft Visual Studio\2019\Community\Common7\IDE\VC\VCPackages;C:\Program Files (x86)\Microsoft Visual Studio\2019\Community\Common7\IDE\CommonExtensions\Microsoft\TestWindow;C:\Program Files (x86)\Microsoft Visual Studio\2019\Community\Common7\IDE\CommonExtensions\Microsoft\TeamFoundation\Team Explorer;C:\Program Files (x86)\Microsoft Visual Studio\2019\Community\MSBuild\Current\bin\Roslyn;C:\Program Files (x86)\Microsoft Visual Studio\2019\Community\Team Tools\Performance Tools\x64;C:\Program Files (x86)\Microsoft Visual Studio\2019\Community\Team Tools\Performance Tools;C:\Program Files (x86)\Microsoft Visual Studio\Shared\Common\VSPerfCollectionTools\vs2019\\x64;C:\Program Files (x86)\Microsoft Visual Studio\Shared\Common\VSPerfCollectionTools\vs2019\;C:\Program Files (x86)\Microsoft Visual Studio\2019\Community\Common7\Tools\devinit;C:\Program Files (x86)\Windows Kits\10\bin\10.0.19041.0\x64;C:\Program Files (x86)\Windows Kits\10\bin\x64;C:\Program Files (x86)\Microsoft Visual Studio\2019\Community\\MSBuild\Current\Bin;C:\Windows\Microsoft.NET\Framework64\v4.0.30319;C:\Program Files (x86)\Microsoft Visual Studio\2019\Community\Common7\IDE\;C:\Program Files (x86)\Microsoft Visual Studio\2019\Community\Common7\Tools\;C:\Program Files\ImageMagick-7.1.0-Q16-HDRI;C:\Python36\Scripts\;C:\Python36\;C:\Users\phmar\AppData\Local\Programs\Python\Python38\Scripts\;C:\Users\phmar\AppData\Local\Programs\Python\Python38\;C:\Program Files (x86)\VMware\VMware Player\bin\;C:\Python38\Scripts\;C:\Python38\;C:\Windows\system32;C:\Windows;C:\Windows\System32\Wbem;C:\Windows\System32\WindowsPowerShell\v1.0\;C:\Windows\System32\OpenSSH\;C:\Program Files (x86)\NVIDIA Corporation\PhysX\Common;C:\Program Files\NVIDIA Corporation\NVIDIA NvDLISR;C:\ProgramData\chocolatey\bin;C:\ProgramData\chocolatey\lib\cunit\lib;C:\ProgramData\chocolatey\lib\tinyxml2\lib;C:\ProgramData\chocolatey\lib\log4cxx\lib;C:\ProgramData\chocolatey\lib\bullet\lib;C:\Program Files\Graphviz\bin;C:\Program Files\Cppcheck;C:\Program Files\Git\cmd;C:\Users\phmar\AppData\Local\Programs\Python\Python36\Scripts\;C:\Users\phmar\AppData\Local\Programs\Python\Python36\;C:\Users\phmar\AppData\Local\Microsoft\WindowsApps;C:\Program Files\OpenSSL-Win64\bin\;C:\opencv\x64\vc16\bin;C:\Program Files\CMake\bin;C:\Program Files\rti_connext_dds-6.1.0;C:\Users\phmar\AppData\Local\Programs\Microsoft VS Code\bin;C:\Program Files\Git\cmd;C:\Program Files\Git\usr\bin;C:\xmllint\bin;C:\Qt\5.15.0\msvc2019_64\plugins\platforms c:\users\phmar\appdata\local\programs\python\python36\python.exe setup.py egg_info --egg-base ..\build\pydyna_simple build --build-base C:\TCC-Autonomous-Ship\src\main_ws\src\build\pydyna_simple\build install --prefix C:\TCC-Autonomous-Ship\src\main_ws\src\install --record C:\TCC-Autonomous-Ship\src\main_ws\src\build\pydyna_simple\install.log --single-version-externally-managed[0m
[8.606s] [34mcolcon.colcon_core.environment[0m [1;30mLevel 1[0m checking 'C:\TCC-Autonomous-Ship\src\main_ws\src\install' for CMake config files
[8.610s] [34mcolcon.colcon_core.shell[0m [1;30mLevel 1[0m create_environment_hook('pydyna_simple', 'cmake_prefix_path')
[8.617s] [34mcolcon.colcon_core.shell[0m [1;30mINFO[0m Creating environment hook 'C:\TCC-Autonomous-Ship\src\main_ws\src\install\share\pydyna_simple\hook\cmake_prefix_path.ps1'
[8.618s] [34mcolcon.colcon_core.shell[0m [1;30mINFO[0m Creating environment hook 'C:\TCC-Autonomous-Ship\src\main_ws\src\install\share\pydyna_simple\hook\cmake_prefix_path.bat'
[8.619s] [34mcolcon.colcon_core.shell[0m [1;30mINFO[0m Creating environment descriptor 'C:\TCC-Autonomous-Ship\src\main_ws\src\install\share\pydyna_simple\hook\cmake_prefix_path.dsv'
[8.620s] [34mcolcon.colcon_core.environment[0m [1;30mLevel 1[0m checking 'C:\TCC-Autonomous-Ship\src\main_ws\src\install\bin'
[8.620s] [34mcolcon.colcon_core.shell[0m [1;30mLevel 1[0m create_environment_hook('pydyna_simple', 'path_dll')
[8.627s] [34mcolcon.colcon_core.shell[0m [1;30mINFO[0m Creating environment hook 'C:\TCC-Autonomous-Ship\src\main_ws\src\install\share\pydyna_simple\hook\path_dll.ps1'
[8.628s] [34mcolcon.colcon_core.shell[0m [1;30mINFO[0m Creating environment hook 'C:\TCC-Autonomous-Ship\src\main_ws\src\install\share\pydyna_simple\hook\path_dll.bat'
[8.629s] [34mcolcon.colcon_core.shell[0m [1;30mINFO[0m Creating environment descriptor 'C:\TCC-Autonomous-Ship\src\main_ws\src\install\share\pydyna_simple\hook\path_dll.dsv'
[8.629s] [34mcolcon.colcon_core.environment[0m [1;30mLevel 1[0m checking 'C:\TCC-Autonomous-Ship\src\main_ws\src\install\bin'
[8.629s] [34mcolcon.colcon_core.shell[0m [1;30mLevel 1[0m create_environment_hook('pydyna_simple', 'path')
[8.637s] [34mcolcon.colcon_core.shell[0m [1;30mINFO[0m Creating environment hook 'C:\TCC-Autonomous-Ship\src\main_ws\src\install\share\pydyna_simple\hook\path.ps1'
[8.637s] [34mcolcon.colcon_core.shell[0m [1;30mINFO[0m Creating environment hook 'C:\TCC-Autonomous-Ship\src\main_ws\src\install\share\pydyna_simple\hook\path.bat'
[8.638s] [34mcolcon.colcon_core.shell[0m [1;30mINFO[0m Creating environment descriptor 'C:\TCC-Autonomous-Ship\src\main_ws\src\install\share\pydyna_simple\hook\path.dsv'
[8.639s] [34mcolcon.colcon_core.environment[0m [1;30mLevel 1[0m checking 'C:\TCC-Autonomous-Ship\src\main_ws\src\install\Scripts'
[8.639s] [34mcolcon.colcon_core.environment[0m [1;30mLevel 1[0m checking 'C:\TCC-Autonomous-Ship\src\main_ws\src\install\lib\pkgconfig\pydyna_simple.pc'
[8.639s] [34mcolcon.colcon_core.environment[0m [1;30mLevel 1[0m checking 'C:\TCC-Autonomous-Ship\src\main_ws\src\install\Lib\site-packages'
[8.639s] [34mcolcon.colcon_core.shell[0m [1;30mLevel 1[0m create_environment_hook('pydyna_simple', 'pythonpath')
[8.646s] [34mcolcon.colcon_core.shell[0m [1;30mINFO[0m Creating environment hook 'C:\TCC-Autonomous-Ship\src\main_ws\src\install\share\pydyna_simple\hook\pythonpath.ps1'
[8.647s] [34mcolcon.colcon_core.shell[0m [1;30mINFO[0m Creating environment hook 'C:\TCC-Autonomous-Ship\src\main_ws\src\install\share\pydyna_simple\hook\pythonpath.bat'
[8.648s] [34mcolcon.colcon_core.shell[0m [1;30mINFO[0m Creating environment descriptor 'C:\TCC-Autonomous-Ship\src\main_ws\src\install\share\pydyna_simple\hook\pythonpath.dsv'
[8.648s] [34mcolcon.colcon_core.environment[0m [1;30mLevel 1[0m create_environment_scripts_only(pydyna_simple)
[8.656s] [34mcolcon.colcon_core.shell[0m [1;30mINFO[0m Creating package script 'C:\TCC-Autonomous-Ship\src\main_ws\src\install\share\pydyna_simple\package.ps1'
[8.657s] [34mcolcon.colcon_core.shell[0m [1;30mINFO[0m Creating package script 'C:\TCC-Autonomous-Ship\src\main_ws\src\install\share\pydyna_simple\package.bat'
[8.657s] [34mcolcon.colcon_core.shell[0m [1;30mINFO[0m Creating package descriptor 'C:\TCC-Autonomous-Ship\src\main_ws\src\install\share\pydyna_simple\package.dsv'
[8.658s] [34mcolcon.colcon_core.environment[0m [1;30mLevel 1[0m create_file_with_runtime_dependencies(C:\TCC-Autonomous-Ship\src\main_ws\src\install\share\colcon-core\packages\pydyna_simple)
[8.659s] [34mcolcon.colcon_parallel_executor.executor.parallel[0m [1;30mDEBUG[0m [32mrun_until_complete finished with '0'[0m
[8.659s] [34mcolcon.colcon_core.event_reactor[0m [1;30mDEBUG[0m [32mjoining thread[0m
[8.671s] [34mcolcon.colcon_core.plugin_system[0m [1;30mINFO[0m Skipping extension 'colcon_notification.desktop_notification.notify2': 'notify2' not found
[8.672s] [34mcolcon.colcon_core.plugin_system[0m [1;30mINFO[0m Skipping extension 'colcon_notification.desktop_notification.notify_send': Not used on non-Linux systems
[8.672s] [34mcolcon.colcon_core.plugin_system[0m [1;30mINFO[0m Skipping extension 'colcon_notification.desktop_notification.terminal_notifier': Not used on non-Darwin systems
[8.672s] [34mcolcon.colcon_notification.desktop_notification[0m [1;30mINFO[0m Sending desktop notification using 'win32'
[13.695s] [34mcolcon.colcon_core.event_reactor[0m [1;30mDEBUG[0m [32mjoined thread[0m
[13.703s] [34mcolcon.colcon_core.shell[0m [1;30mINFO[0m Creating prefix script 'C:\TCC-Autonomous-Ship\src\main_ws\src\install\local_setup.ps1'
[13.704s] [34mcolcon.colcon_core.shell[0m [1;30mINFO[0m Creating prefix util module 'C:\TCC-Autonomous-Ship\src\main_ws\src\install\_local_setup_util_ps1.py'
[13.706s] [34mcolcon.colcon_core.shell[0m [1;30mINFO[0m Creating prefix chain script 'C:\TCC-Autonomous-Ship\src\main_ws\src\install\setup.ps1'
[13.715s] [34mcolcon.colcon_core.shell[0m [1;30mINFO[0m Creating prefix script 'C:\TCC-Autonomous-Ship\src\main_ws\src\install\local_setup.bat'
[13.716s] [34mcolcon.colcon_core.shell[0m [1;30mINFO[0m Creating prefix util module 'C:\TCC-Autonomous-Ship\src\main_ws\src\install\_local_setup_util_bat.py'
[13.717s] [34mcolcon.colcon_core.shell[0m [1;30mINFO[0m Creating prefix chain script 'C:\TCC-Autonomous-Ship\src\main_ws\src\install\setup.bat'
