running egg_info
writing ..\build\path_following\path_following.egg-info\PKG-INFO
writing dependency_links to ..\build\path_following\path_following.egg-info\dependency_links.txt
writing entry points to ..\build\path_following\path_following.egg-info\entry_points.txt
writing requirements to ..\build\path_following\path_following.egg-info\requires.txt
writing top-level names to ..\build\path_following\path_following.egg-info\top_level.txt
reading manifest file '..\build\path_following\path_following.egg-info\SOURCES.txt'
writing manifest file '..\build\path_following\path_following.egg-info\SOURCES.txt'
running build
running build_py
copying path_following\surge_controller.py -> C:\TCC-Autonomous-Ship\src\main_ws\src\build\path_following\build\lib\path_following
copying path_following\yaw_controller.py -> C:\TCC-Autonomous-Ship\src\main_ws\src\build\path_following\build\lib\path_following
running install
running install_lib
copying C:\TCC-Autonomous-Ship\src\main_ws\src\build\path_following\build\lib\path_following\surge_controller.py -> C:\TCC-Autonomous-Ship\src\main_ws\src\install\Lib\site-packages\path_following
copying C:\TCC-Autonomous-Ship\src\main_ws\src\build\path_following\build\lib\path_following\yaw_controller.py -> C:\TCC-Autonomous-Ship\src\main_ws\src\install\Lib\site-packages\path_following
byte-compiling C:\TCC-Autonomous-Ship\src\main_ws\src\install\Lib\site-packages\path_following\surge_controller.py to surge_controller.cpython-36.pyc
byte-compiling C:\TCC-Autonomous-Ship\src\main_ws\src\install\Lib\site-packages\path_following\yaw_controller.py to yaw_controller.cpython-36.pyc
running install_data
running install_egg_info
removing 'C:\TCC-Autonomous-Ship\src\main_ws\src\install\Lib\site-packages\path_following-0.0.0-py3.6.egg-info' (and everything under it)
Copying ..\build\path_following\path_following.egg-info to C:\TCC-Autonomous-Ship\src\main_ws\src\install\Lib\site-packages\path_following-0.0.0-py3.6.egg-info
running install_scripts
Installing backend-script.py script to C:\TCC-Autonomous-Ship\src\main_ws\src\install\lib\path_following
Installing backend.exe script to C:\TCC-Autonomous-Ship\src\main_ws\src\install\lib\path_following
Installing control_allocation-script.py script to C:\TCC-Autonomous-Ship\src\main_ws\src\install\lib\path_following
Installing control_allocation.exe script to C:\TCC-Autonomous-Ship\src\main_ws\src\install\lib\path_following
Installing gps_imu_simul-script.py script to C:\TCC-Autonomous-Ship\src\main_ws\src\install\lib\path_following
Installing gps_imu_simul.exe script to C:\TCC-Autonomous-Ship\src\main_ws\src\install\lib\path_following
Installing kalman_filter-script.py script to C:\TCC-Autonomous-Ship\src\main_ws\src\install\lib\path_following
Installing kalman_filter.exe script to C:\TCC-Autonomous-Ship\src\main_ws\src\install\lib\path_following
Installing los_guidance-script.py script to C:\TCC-Autonomous-Ship\src\main_ws\src\install\lib\path_following
Installing los_guidance.exe script to C:\TCC-Autonomous-Ship\src\main_ws\src\install\lib\path_following
Installing surge_controller-script.py script to C:\TCC-Autonomous-Ship\src\main_ws\src\install\lib\path_following
Installing surge_controller.exe script to C:\TCC-Autonomous-Ship\src\main_ws\src\install\lib\path_following
Installing venus-script.py script to C:\TCC-Autonomous-Ship\src\main_ws\src\install\lib\path_following
Installing venus.exe script to C:\TCC-Autonomous-Ship\src\main_ws\src\install\lib\path_following
Installing wave_filter-script.py script to C:\TCC-Autonomous-Ship\src\main_ws\src\install\lib\path_following
Installing wave_filter.exe script to C:\TCC-Autonomous-Ship\src\main_ws\src\install\lib\path_following
Installing yaw_controller-script.py script to C:\TCC-Autonomous-Ship\src\main_ws\src\install\lib\path_following
Installing yaw_controller.exe script to C:\TCC-Autonomous-Ship\src\main_ws\src\install\lib\path_following
writing list of installed files to 'C:\TCC-Autonomous-Ship\src\main_ws\src\build\path_following\install.log'
