-- Selecting Windows SDK version 10.0.19041.0 to target Windows 10.0.19042.
-- Found ament_cmake: 1.1.4 (C:/dev/ros2_galactic/install/share/ament_cmake/cmake)
-- Found PythonInterp: C:/Users/phmar/AppData/Local/Programs/Python/Python36/python.exe (found suitable version "3.6.8", minimum required is "3") 
-- Using PYTHON_EXECUTABLE: C:/Users/phmar/AppData/Local/Programs/Python/Python36/python.exe
-- Found rosidl_default_generators: 1.1.1 (C:/dev/ros2_galactic/install/share/rosidl_default_generators/cmake)
-- Using all available rosidl_typesupport_c: rosidl_typesupport_fastrtps_c;rosidl_typesupport_introspection_c
-- Found rosidl_adapter: 2.2.1 (C:/dev/ros2_galactic/install/share/rosidl_adapter/cmake)
-- Using all available rosidl_typesupport_cpp: rosidl_typesupport_fastrtps_cpp;rosidl_typesupport_introspection_cpp
-- Found PythonInterp: C:/Users/phmar/AppData/Local/Programs/Python/Python36/python.exe (found version "3.6.8") 
-- Found ament_cmake_ros: 0.9.2 (C:/dev/ros2_galactic/install/share/ament_cmake_ros/cmake)
-- Using all available rosidl_typesupport_c: rosidl_typesupport_fastrtps_c;rosidl_typesupport_introspection_c
-- Using all available rosidl_typesupport_cpp: rosidl_typesupport_fastrtps_cpp;rosidl_typesupport_introspection_cpp
-- Found PythonInterp: C:/Users/phmar/AppData/Local/Programs/Python/Python36/python.exe (found suitable version "3.6.8", minimum required is "3.5") 
-- Found python_cmake_module: 0.8.1 (C:/dev/ros2_galactic/install/share/python_cmake_module/cmake)
-- Using PYTHON_EXECUTABLE: C:/Users/phmar/AppData/Local/Programs/Python/Python36/python.exe
-- Using PYTHON_INCLUDE_DIRS: C:/Users/phmar/AppData/Local/Programs/Python/Python36/include
-- Using PYTHON_LIBRARIES: C:/Users/phmar/AppData/Local/Programs/Python/Python36/libs/python36.lib
-- Using numpy include directory: C:\Users\phmar\AppData\Local\Programs\Python\Python36\lib\site-packages\numpy\core\include
-- Found ament_lint_auto: 0.10.6 (C:/dev/ros2_galactic/install/share/ament_lint_auto/cmake)
-- Added test 'copyright' to check source files copyright and LICENSE
-- Added test 'lint_cmake' to check CMake code style
-- Added test 'xmllint' to check XML markup files
-- Configuring done
-- Generating done
-- Build files have been written to: C:/TCC-Autonomous-Ship/src/main_ws/src/build/path_following_interfaces
Microsoft (R) Build Engine version 16.11.0+0538acc04 for .NET Framework
Copyright (C) Microsoft Corporation. All rights reserved.

  Checking Build System
  Building Custom Rule C:/TCC-Autonomous-Ship/src/main_ws/src/path_following_interfaces/CMakeLists.txt
  Building Custom Rule C:/TCC-Autonomous-Ship/src/main_ws/src/path_following_interfaces/CMakeLists.txt
  path_following_interfaces__rosidl_generator_c.vcxproj -> C:\TCC-Autonomous-Ship\src\main_ws\src\build\path_following_interfaces\Release\path_following_interfaces__rosidl_generator_c.dll
  Building Custom Rule C:/TCC-Autonomous-Ship/src/main_ws/src/path_following_interfaces/CMakeLists.txt
  path_following_interfaces__rosidl_typesupport_c.vcxproj -> C:\TCC-Autonomous-Ship\src\main_ws\src\build\path_following_interfaces\Release\path_following_interfaces__rosidl_typesupport_c.dll
  Building Custom Rule C:/TCC-Autonomous-Ship/src/main_ws/src/path_following_interfaces/CMakeLists.txt
  path_following_interfaces__rosidl_typesupport_cpp.vcxproj -> C:\TCC-Autonomous-Ship\src\main_ws\src\build\path_following_interfaces\Release\path_following_interfaces__rosidl_typesupport_cpp.dll
  Building Custom Rule C:/TCC-Autonomous-Ship/src/main_ws/src/path_following_interfaces/CMakeLists.txt
  path_following_interfaces__rosidl_typesupport_fastrtps_cpp.vcxproj -> C:\TCC-Autonomous-Ship\src\main_ws\src\build\path_following_interfaces\Release\path_following_interfaces__rosidl_typesupport_fastrtps_cpp.dll
  Building Custom Rule C:/TCC-Autonomous-Ship/src/main_ws/src/path_following_interfaces/CMakeLists.txt
  path_following_interfaces__rosidl_typesupport_fastrtps_c.vcxproj -> C:\TCC-Autonomous-Ship\src\main_ws\src\build\path_following_interfaces\Release\path_following_interfaces__rosidl_typesupport_fastrtps_c.dll
  Building Custom Rule C:/TCC-Autonomous-Ship/src/main_ws/src/path_following_interfaces/CMakeLists.txt
  path_following_interfaces__rosidl_typesupport_introspection_c.vcxproj -> C:\TCC-Autonomous-Ship\src\main_ws\src\build\path_following_interfaces\Release\path_following_interfaces__rosidl_typesupport_introspection_c.dll
  Building Custom Rule C:/TCC-Autonomous-Ship/src/main_ws/src/path_following_interfaces/CMakeLists.txt
  path_following_interfaces__rosidl_typesupport_introspection_cpp.vcxproj -> C:\TCC-Autonomous-Ship\src\main_ws\src\build\path_following_interfaces\Release\path_following_interfaces__rosidl_typesupport_introspection_cpp.dll
  Building Custom Rule C:/TCC-Autonomous-Ship/src/main_ws/src/path_following_interfaces/CMakeLists.txt
  Building Custom Rule C:/TCC-Autonomous-Ship/src/main_ws/src/path_following_interfaces/CMakeLists.txt
  path_following_interfaces__python.vcxproj -> C:\TCC-Autonomous-Ship\src\main_ws\src\build\path_following_interfaces\rosidl_generator_py\path_following_interfaces\path_following_interfaces__python.dll
  Building Custom Rule C:/TCC-Autonomous-Ship/src/main_ws/src/path_following_interfaces/CMakeLists.txt
  path_following_interfaces__rosidl_typesupport_c__pyext.vcxproj -> C:\TCC-Autonomous-Ship\src\main_ws\src\build\path_following_interfaces\rosidl_generator_py\path_following_interfaces\path_following_interfaces_s__rosidl_typesupport_c.pyd
  Building Custom Rule C:/TCC-Autonomous-Ship/src/main_ws/src/path_following_interfaces/CMakeLists.txt
  path_following_interfaces__rosidl_typesupport_fastrtps_c__pyext.vcxproj -> C:\TCC-Autonomous-Ship\src\main_ws\src\build\path_following_interfaces\rosidl_generator_py\path_following_interfaces\path_following_interfaces_s__rosidl_typesupport_fastrtps_c.pyd
  Building Custom Rule C:/TCC-Autonomous-Ship/src/main_ws/src/path_following_interfaces/CMakeLists.txt
  path_following_interfaces__rosidl_typesupport_introspection_c__pyext.vcxproj -> C:\TCC-Autonomous-Ship\src\main_ws\src\build\path_following_interfaces\rosidl_generator_py\path_following_interfaces\path_following_interfaces_s__rosidl_typesupport_introspection_c.pyd
  Building Custom Rule C:/TCC-Autonomous-Ship/src/main_ws/src/path_following_interfaces/CMakeLists.txt
-- Up-to-date: C:/TCC-Autonomous-Ship/src/main_ws/src/install/share/ament_index/resource_index/rosidl_interfaces/path_following_interfaces
-- Up-to-date: C:/TCC-Autonomous-Ship/src/main_ws/src/install/include/path_following_interfaces
-- Up-to-date: C:/TCC-Autonomous-Ship/src/main_ws/src/install/include/path_following_interfaces/msg
-- Up-to-date: C:/TCC-Autonomous-Ship/src/main_ws/src/install/include/path_following_interfaces/msg/control.h
-- Up-to-date: C:/TCC-Autonomous-Ship/src/main_ws/src/install/include/path_following_interfaces/msg/detail
-- Up-to-date: C:/TCC-Autonomous-Ship/src/main_ws/src/install/include/path_following_interfaces/msg/detail/control__functions.c
-- Up-to-date: C:/TCC-Autonomous-Ship/src/main_ws/src/install/include/path_following_interfaces/msg/detail/control__functions.h
-- Up-to-date: C:/TCC-Autonomous-Ship/src/main_ws/src/install/include/path_following_interfaces/msg/detail/control__struct.h
-- Up-to-date: C:/TCC-Autonomous-Ship/src/main_ws/src/install/include/path_following_interfaces/msg/detail/control__type_support.h
-- Up-to-date: C:/TCC-Autonomous-Ship/src/main_ws/src/install/include/path_following_interfaces/msg/detail/positions_xy__functions.c
-- Up-to-date: C:/TCC-Autonomous-Ship/src/main_ws/src/install/include/path_following_interfaces/msg/detail/positions_xy__functions.h
-- Up-to-date: C:/TCC-Autonomous-Ship/src/main_ws/src/install/include/path_following_interfaces/msg/detail/positions_xy__struct.h
-- Up-to-date: C:/TCC-Autonomous-Ship/src/main_ws/src/install/include/path_following_interfaces/msg/detail/positions_xy__type_support.h
-- Up-to-date: C:/TCC-Autonomous-Ship/src/main_ws/src/install/include/path_following_interfaces/msg/detail/position__functions.c
-- Up-to-date: C:/TCC-Autonomous-Ship/src/main_ws/src/install/include/path_following_interfaces/msg/detail/position__functions.h
-- Up-to-date: C:/TCC-Autonomous-Ship/src/main_ws/src/install/include/path_following_interfaces/msg/detail/position__struct.h
-- Up-to-date: C:/TCC-Autonomous-Ship/src/main_ws/src/install/include/path_following_interfaces/msg/detail/position__type_support.h
-- Up-to-date: C:/TCC-Autonomous-Ship/src/main_ws/src/install/include/path_following_interfaces/msg/detail/state__functions.c
-- Up-to-date: C:/TCC-Autonomous-Ship/src/main_ws/src/install/include/path_following_interfaces/msg/detail/state__functions.h
-- Up-to-date: C:/TCC-Autonomous-Ship/src/main_ws/src/install/include/path_following_interfaces/msg/detail/state__struct.h
-- Up-to-date: C:/TCC-Autonomous-Ship/src/main_ws/src/install/include/path_following_interfaces/msg/detail/state__type_support.h
-- Up-to-date: C:/TCC-Autonomous-Ship/src/main_ws/src/install/include/path_following_interfaces/msg/detail/velocity__functions.c
-- Up-to-date: C:/TCC-Autonomous-Ship/src/main_ws/src/install/include/path_following_interfaces/msg/detail/velocity__functions.h
-- Up-to-date: C:/TCC-Autonomous-Ship/src/main_ws/src/install/include/path_following_interfaces/msg/detail/velocity__struct.h
-- Up-to-date: C:/TCC-Autonomous-Ship/src/main_ws/src/install/include/path_following_interfaces/msg/detail/velocity__type_support.h
-- Up-to-date: C:/TCC-Autonomous-Ship/src/main_ws/src/install/include/path_following_interfaces/msg/detail/waypoints__functions.c
-- Up-to-date: C:/TCC-Autonomous-Ship/src/main_ws/src/install/include/path_following_interfaces/msg/detail/waypoints__functions.h
-- Up-to-date: C:/TCC-Autonomous-Ship/src/main_ws/src/install/include/path_following_interfaces/msg/detail/waypoints__struct.h
-- Up-to-date: C:/TCC-Autonomous-Ship/src/main_ws/src/install/include/path_following_interfaces/msg/detail/waypoints__type_support.h
-- Up-to-date: C:/TCC-Autonomous-Ship/src/main_ws/src/install/include/path_following_interfaces/msg/position.h
-- Up-to-date: C:/TCC-Autonomous-Ship/src/main_ws/src/install/include/path_following_interfaces/msg/positions_xy.h
-- Up-to-date: C:/TCC-Autonomous-Ship/src/main_ws/src/install/include/path_following_interfaces/msg/rosidl_generator_c__visibility_control.h
-- Up-to-date: C:/TCC-Autonomous-Ship/src/main_ws/src/install/include/path_following_interfaces/msg/state.h
-- Up-to-date: C:/TCC-Autonomous-Ship/src/main_ws/src/install/include/path_following_interfaces/msg/velocity.h
-- Up-to-date: C:/TCC-Autonomous-Ship/src/main_ws/src/install/include/path_following_interfaces/msg/waypoints.h
-- Up-to-date: C:/TCC-Autonomous-Ship/src/main_ws/src/install/include/path_following_interfaces/srv
-- Up-to-date: C:/TCC-Autonomous-Ship/src/main_ws/src/install/include/path_following_interfaces/srv/detail
-- Up-to-date: C:/TCC-Autonomous-Ship/src/main_ws/src/install/include/path_following_interfaces/srv/detail/init_values__functions.c
-- Up-to-date: C:/TCC-Autonomous-Ship/src/main_ws/src/install/include/path_following_interfaces/srv/detail/init_values__functions.h
-- Up-to-date: C:/TCC-Autonomous-Ship/src/main_ws/src/install/include/path_following_interfaces/srv/detail/init_values__struct.h
-- Up-to-date: C:/TCC-Autonomous-Ship/src/main_ws/src/install/include/path_following_interfaces/srv/detail/init_values__type_support.h
-- Up-to-date: C:/TCC-Autonomous-Ship/src/main_ws/src/install/include/path_following_interfaces/srv/init_values.h
-- Up-to-date: C:/TCC-Autonomous-Ship/src/main_ws/src/install/lib/path_following_interfaces__rosidl_generator_c.lib
-- Up-to-date: C:/TCC-Autonomous-Ship/src/main_ws/src/install/bin/path_following_interfaces__rosidl_generator_c.dll
-- Up-to-date: C:/TCC-Autonomous-Ship/src/main_ws/src/install/include/path_following_interfaces
-- Up-to-date: C:/TCC-Autonomous-Ship/src/main_ws/src/install/include/path_following_interfaces/msg
-- Up-to-date: C:/TCC-Autonomous-Ship/src/main_ws/src/install/include/path_following_interfaces/msg/detail
-- Up-to-date: C:/TCC-Autonomous-Ship/src/main_ws/src/install/include/path_following_interfaces/msg/detail/control__rosidl_typesupport_fastrtps_c.h
-- Up-to-date: C:/TCC-Autonomous-Ship/src/main_ws/src/install/include/path_following_interfaces/msg/detail/positions_xy__rosidl_typesupport_fastrtps_c.h
-- Up-to-date: C:/TCC-Autonomous-Ship/src/main_ws/src/install/include/path_following_interfaces/msg/detail/position__rosidl_typesupport_fastrtps_c.h
-- Up-to-date: C:/TCC-Autonomous-Ship/src/main_ws/src/install/include/path_following_interfaces/msg/detail/state__rosidl_typesupport_fastrtps_c.h
-- Up-to-date: C:/TCC-Autonomous-Ship/src/main_ws/src/install/include/path_following_interfaces/msg/detail/velocity__rosidl_typesupport_fastrtps_c.h
-- Up-to-date: C:/TCC-Autonomous-Ship/src/main_ws/src/install/include/path_following_interfaces/msg/detail/waypoints__rosidl_typesupport_fastrtps_c.h
-- Up-to-date: C:/TCC-Autonomous-Ship/src/main_ws/src/install/include/path_following_interfaces/msg/rosidl_typesupport_fastrtps_c__visibility_control.h
-- Up-to-date: C:/TCC-Autonomous-Ship/src/main_ws/src/install/include/path_following_interfaces/srv
-- Up-to-date: C:/TCC-Autonomous-Ship/src/main_ws/src/install/include/path_following_interfaces/srv/detail
-- Up-to-date: C:/TCC-Autonomous-Ship/src/main_ws/src/install/include/path_following_interfaces/srv/detail/init_values__rosidl_typesupport_fastrtps_c.h
-- Up-to-date: C:/TCC-Autonomous-Ship/src/main_ws/src/install/lib/path_following_interfaces__rosidl_typesupport_fastrtps_c.lib
-- Up-to-date: C:/TCC-Autonomous-Ship/src/main_ws/src/install/bin/path_following_interfaces__rosidl_typesupport_fastrtps_c.dll
-- Up-to-date: C:/TCC-Autonomous-Ship/src/main_ws/src/install/include/path_following_interfaces
-- Up-to-date: C:/TCC-Autonomous-Ship/src/main_ws/src/install/include/path_following_interfaces/msg
-- Up-to-date: C:/TCC-Autonomous-Ship/src/main_ws/src/install/include/path_following_interfaces/msg/detail
-- Up-to-date: C:/TCC-Autonomous-Ship/src/main_ws/src/install/include/path_following_interfaces/msg/detail/control__rosidl_typesupport_fastrtps_cpp.hpp
-- Up-to-date: C:/TCC-Autonomous-Ship/src/main_ws/src/install/include/path_following_interfaces/msg/detail/dds_fastrtps
-- Up-to-date: C:/TCC-Autonomous-Ship/src/main_ws/src/install/include/path_following_interfaces/msg/detail/positions_xy__rosidl_typesupport_fastrtps_cpp.hpp
-- Up-to-date: C:/TCC-Autonomous-Ship/src/main_ws/src/install/include/path_following_interfaces/msg/detail/position__rosidl_typesupport_fastrtps_cpp.hpp
-- Up-to-date: C:/TCC-Autonomous-Ship/src/main_ws/src/install/include/path_following_interfaces/msg/detail/state__rosidl_typesupport_fastrtps_cpp.hpp
-- Up-to-date: C:/TCC-Autonomous-Ship/src/main_ws/src/install/include/path_following_interfaces/msg/detail/velocity__rosidl_typesupport_fastrtps_cpp.hpp
-- Up-to-date: C:/TCC-Autonomous-Ship/src/main_ws/src/install/include/path_following_interfaces/msg/detail/waypoints__rosidl_typesupport_fastrtps_cpp.hpp
-- Up-to-date: C:/TCC-Autonomous-Ship/src/main_ws/src/install/include/path_following_interfaces/msg/rosidl_typesupport_fastrtps_cpp__visibility_control.h
-- Up-to-date: C:/TCC-Autonomous-Ship/src/main_ws/src/install/include/path_following_interfaces/srv
-- Up-to-date: C:/TCC-Autonomous-Ship/src/main_ws/src/install/include/path_following_interfaces/srv/detail
-- Up-to-date: C:/TCC-Autonomous-Ship/src/main_ws/src/install/include/path_following_interfaces/srv/detail/dds_fastrtps
-- Up-to-date: C:/TCC-Autonomous-Ship/src/main_ws/src/install/include/path_following_interfaces/srv/detail/init_values__rosidl_typesupport_fastrtps_cpp.hpp
-- Up-to-date: C:/TCC-Autonomous-Ship/src/main_ws/src/install/lib/path_following_interfaces__rosidl_typesupport_fastrtps_cpp.lib
-- Up-to-date: C:/TCC-Autonomous-Ship/src/main_ws/src/install/bin/path_following_interfaces__rosidl_typesupport_fastrtps_cpp.dll
-- Up-to-date: C:/TCC-Autonomous-Ship/src/main_ws/src/install/include/path_following_interfaces
-- Up-to-date: C:/TCC-Autonomous-Ship/src/main_ws/src/install/include/path_following_interfaces/msg
-- Up-to-date: C:/TCC-Autonomous-Ship/src/main_ws/src/install/include/path_following_interfaces/msg/detail
-- Up-to-date: C:/TCC-Autonomous-Ship/src/main_ws/src/install/include/path_following_interfaces/msg/detail/control__rosidl_typesupport_introspection_c.h
-- Up-to-date: C:/TCC-Autonomous-Ship/src/main_ws/src/install/include/path_following_interfaces/msg/detail/control__type_support.c
-- Up-to-date: C:/TCC-Autonomous-Ship/src/main_ws/src/install/include/path_following_interfaces/msg/detail/positions_xy__rosidl_typesupport_introspection_c.h
-- Up-to-date: C:/TCC-Autonomous-Ship/src/main_ws/src/install/include/path_following_interfaces/msg/detail/positions_xy__type_support.c
-- Up-to-date: C:/TCC-Autonomous-Ship/src/main_ws/src/install/include/path_following_interfaces/msg/detail/position__rosidl_typesupport_introspection_c.h
-- Up-to-date: C:/TCC-Autonomous-Ship/src/main_ws/src/install/include/path_following_interfaces/msg/detail/position__type_support.c
-- Up-to-date: C:/TCC-Autonomous-Ship/src/main_ws/src/install/include/path_following_interfaces/msg/detail/state__rosidl_typesupport_introspection_c.h
-- Up-to-date: C:/TCC-Autonomous-Ship/src/main_ws/src/install/include/path_following_interfaces/msg/detail/state__type_support.c
-- Up-to-date: C:/TCC-Autonomous-Ship/src/main_ws/src/install/include/path_following_interfaces/msg/detail/velocity__rosidl_typesupport_introspection_c.h
-- Up-to-date: C:/TCC-Autonomous-Ship/src/main_ws/src/install/include/path_following_interfaces/msg/detail/velocity__type_support.c
-- Up-to-date: C:/TCC-Autonomous-Ship/src/main_ws/src/install/include/path_following_interfaces/msg/detail/waypoints__rosidl_typesupport_introspection_c.h
-- Up-to-date: C:/TCC-Autonomous-Ship/src/main_ws/src/install/include/path_following_interfaces/msg/detail/waypoints__type_support.c
-- Up-to-date: C:/TCC-Autonomous-Ship/src/main_ws/src/install/include/path_following_interfaces/msg/rosidl_typesupport_introspection_c__visibility_control.h
-- Up-to-date: C:/TCC-Autonomous-Ship/src/main_ws/src/install/include/path_following_interfaces/srv
-- Up-to-date: C:/TCC-Autonomous-Ship/src/main_ws/src/install/include/path_following_interfaces/srv/detail
-- Up-to-date: C:/TCC-Autonomous-Ship/src/main_ws/src/install/include/path_following_interfaces/srv/detail/init_values__rosidl_typesupport_introspection_c.h
-- Up-to-date: C:/TCC-Autonomous-Ship/src/main_ws/src/install/include/path_following_interfaces/srv/detail/init_values__type_support.c
-- Up-to-date: C:/TCC-Autonomous-Ship/src/main_ws/src/install/lib/path_following_interfaces__rosidl_typesupport_introspection_c.lib
-- Up-to-date: C:/TCC-Autonomous-Ship/src/main_ws/src/install/bin/path_following_interfaces__rosidl_typesupport_introspection_c.dll
-- Up-to-date: C:/TCC-Autonomous-Ship/src/main_ws/src/install/lib/path_following_interfaces__rosidl_typesupport_c.lib
-- Up-to-date: C:/TCC-Autonomous-Ship/src/main_ws/src/install/bin/path_following_interfaces__rosidl_typesupport_c.dll
-- Up-to-date: C:/TCC-Autonomous-Ship/src/main_ws/src/install/include/path_following_interfaces
-- Up-to-date: C:/TCC-Autonomous-Ship/src/main_ws/src/install/include/path_following_interfaces/msg
-- Up-to-date: C:/TCC-Autonomous-Ship/src/main_ws/src/install/include/path_following_interfaces/msg/control.hpp
-- Up-to-date: C:/TCC-Autonomous-Ship/src/main_ws/src/install/include/path_following_interfaces/msg/detail
-- Up-to-date: C:/TCC-Autonomous-Ship/src/main_ws/src/install/include/path_following_interfaces/msg/detail/control__builder.hpp
-- Up-to-date: C:/TCC-Autonomous-Ship/src/main_ws/src/install/include/path_following_interfaces/msg/detail/control__struct.hpp
-- Up-to-date: C:/TCC-Autonomous-Ship/src/main_ws/src/install/include/path_following_interfaces/msg/detail/control__traits.hpp
-- Up-to-date: C:/TCC-Autonomous-Ship/src/main_ws/src/install/include/path_following_interfaces/msg/detail/positions_xy__builder.hpp
-- Up-to-date: C:/TCC-Autonomous-Ship/src/main_ws/src/install/include/path_following_interfaces/msg/detail/positions_xy__struct.hpp
-- Up-to-date: C:/TCC-Autonomous-Ship/src/main_ws/src/install/include/path_following_interfaces/msg/detail/positions_xy__traits.hpp
-- Up-to-date: C:/TCC-Autonomous-Ship/src/main_ws/src/install/include/path_following_interfaces/msg/detail/position__builder.hpp
-- Up-to-date: C:/TCC-Autonomous-Ship/src/main_ws/src/install/include/path_following_interfaces/msg/detail/position__struct.hpp
-- Up-to-date: C:/TCC-Autonomous-Ship/src/main_ws/src/install/include/path_following_interfaces/msg/detail/position__traits.hpp
-- Up-to-date: C:/TCC-Autonomous-Ship/src/main_ws/src/install/include/path_following_interfaces/msg/detail/state__builder.hpp
-- Up-to-date: C:/TCC-Autonomous-Ship/src/main_ws/src/install/include/path_following_interfaces/msg/detail/state__struct.hpp
-- Up-to-date: C:/TCC-Autonomous-Ship/src/main_ws/src/install/include/path_following_interfaces/msg/detail/state__traits.hpp
-- Up-to-date: C:/TCC-Autonomous-Ship/src/main_ws/src/install/include/path_following_interfaces/msg/detail/velocity__builder.hpp
-- Up-to-date: C:/TCC-Autonomous-Ship/src/main_ws/src/install/include/path_following_interfaces/msg/detail/velocity__struct.hpp
-- Up-to-date: C:/TCC-Autonomous-Ship/src/main_ws/src/install/include/path_following_interfaces/msg/detail/velocity__traits.hpp
-- Up-to-date: C:/TCC-Autonomous-Ship/src/main_ws/src/install/include/path_following_interfaces/msg/detail/waypoints__builder.hpp
-- Up-to-date: C:/TCC-Autonomous-Ship/src/main_ws/src/install/include/path_following_interfaces/msg/detail/waypoints__struct.hpp
-- Up-to-date: C:/TCC-Autonomous-Ship/src/main_ws/src/install/include/path_following_interfaces/msg/detail/waypoints__traits.hpp
-- Up-to-date: C:/TCC-Autonomous-Ship/src/main_ws/src/install/include/path_following_interfaces/msg/position.hpp
-- Up-to-date: C:/TCC-Autonomous-Ship/src/main_ws/src/install/include/path_following_interfaces/msg/positions_xy.hpp
-- Up-to-date: C:/TCC-Autonomous-Ship/src/main_ws/src/install/include/path_following_interfaces/msg/state.hpp
-- Up-to-date: C:/TCC-Autonomous-Ship/src/main_ws/src/install/include/path_following_interfaces/msg/velocity.hpp
-- Up-to-date: C:/TCC-Autonomous-Ship/src/main_ws/src/install/include/path_following_interfaces/msg/waypoints.hpp
-- Up-to-date: C:/TCC-Autonomous-Ship/src/main_ws/src/install/include/path_following_interfaces/srv
-- Up-to-date: C:/TCC-Autonomous-Ship/src/main_ws/src/install/include/path_following_interfaces/srv/detail
-- Up-to-date: C:/TCC-Autonomous-Ship/src/main_ws/src/install/include/path_following_interfaces/srv/detail/init_values__builder.hpp
-- Up-to-date: C:/TCC-Autonomous-Ship/src/main_ws/src/install/include/path_following_interfaces/srv/detail/init_values__struct.hpp
-- Up-to-date: C:/TCC-Autonomous-Ship/src/main_ws/src/install/include/path_following_interfaces/srv/detail/init_values__traits.hpp
-- Up-to-date: C:/TCC-Autonomous-Ship/src/main_ws/src/install/include/path_following_interfaces/srv/init_values.hpp
-- Up-to-date: C:/TCC-Autonomous-Ship/src/main_ws/src/install/include/path_following_interfaces
-- Up-to-date: C:/TCC-Autonomous-Ship/src/main_ws/src/install/include/path_following_interfaces/msg
-- Up-to-date: C:/TCC-Autonomous-Ship/src/main_ws/src/install/include/path_following_interfaces/msg/detail
-- Up-to-date: C:/TCC-Autonomous-Ship/src/main_ws/src/install/include/path_following_interfaces/msg/detail/control__rosidl_typesupport_introspection_cpp.hpp
-- Up-to-date: C:/TCC-Autonomous-Ship/src/main_ws/src/install/include/path_following_interfaces/msg/detail/control__type_support.cpp
-- Up-to-date: C:/TCC-Autonomous-Ship/src/main_ws/src/install/include/path_following_interfaces/msg/detail/positions_xy__rosidl_typesupport_introspection_cpp.hpp
-- Up-to-date: C:/TCC-Autonomous-Ship/src/main_ws/src/install/include/path_following_interfaces/msg/detail/positions_xy__type_support.cpp
-- Up-to-date: C:/TCC-Autonomous-Ship/src/main_ws/src/install/include/path_following_interfaces/msg/detail/position__rosidl_typesupport_introspection_cpp.hpp
-- Up-to-date: C:/TCC-Autonomous-Ship/src/main_ws/src/install/include/path_following_interfaces/msg/detail/position__type_support.cpp
-- Up-to-date: C:/TCC-Autonomous-Ship/src/main_ws/src/install/include/path_following_interfaces/msg/detail/state__rosidl_typesupport_introspection_cpp.hpp
-- Up-to-date: C:/TCC-Autonomous-Ship/src/main_ws/src/install/include/path_following_interfaces/msg/detail/state__type_support.cpp
-- Up-to-date: C:/TCC-Autonomous-Ship/src/main_ws/src/install/include/path_following_interfaces/msg/detail/velocity__rosidl_typesupport_introspection_cpp.hpp
-- Up-to-date: C:/TCC-Autonomous-Ship/src/main_ws/src/install/include/path_following_interfaces/msg/detail/velocity__type_support.cpp
-- Up-to-date: C:/TCC-Autonomous-Ship/src/main_ws/src/install/include/path_following_interfaces/msg/detail/waypoints__rosidl_typesupport_introspection_cpp.hpp
-- Up-to-date: C:/TCC-Autonomous-Ship/src/main_ws/src/install/include/path_following_interfaces/msg/detail/waypoints__type_support.cpp
-- Up-to-date: C:/TCC-Autonomous-Ship/src/main_ws/src/install/include/path_following_interfaces/srv
-- Up-to-date: C:/TCC-Autonomous-Ship/src/main_ws/src/install/include/path_following_interfaces/srv/detail
-- Up-to-date: C:/TCC-Autonomous-Ship/src/main_ws/src/install/include/path_following_interfaces/srv/detail/init_values__rosidl_typesupport_introspection_cpp.hpp
-- Up-to-date: C:/TCC-Autonomous-Ship/src/main_ws/src/install/include/path_following_interfaces/srv/detail/init_values__type_support.cpp
-- Up-to-date: C:/TCC-Autonomous-Ship/src/main_ws/src/install/lib/path_following_interfaces__rosidl_typesupport_introspection_cpp.lib
-- Up-to-date: C:/TCC-Autonomous-Ship/src/main_ws/src/install/bin/path_following_interfaces__rosidl_typesupport_introspection_cpp.dll
-- Up-to-date: C:/TCC-Autonomous-Ship/src/main_ws/src/install/lib/path_following_interfaces__rosidl_typesupport_cpp.lib
-- Up-to-date: C:/TCC-Autonomous-Ship/src/main_ws/src/install/bin/path_following_interfaces__rosidl_typesupport_cpp.dll
-- Up-to-date: C:/TCC-Autonomous-Ship/src/main_ws/src/install/share/path_following_interfaces/environment/pythonpath.bat
-- Installing: C:/TCC-Autonomous-Ship/src/main_ws/src/install/share/path_following_interfaces/environment/pythonpath.dsv
-- Installing: C:/TCC-Autonomous-Ship/src/main_ws/src/install/Lib/site-packages/path_following_interfaces/__init__.py
Compiling 'C:/TCC-Autonomous-Ship/src/main_ws/src/install/Lib/site-packages/path_following_interfaces/__init__.py'...
-- Up-to-date: C:/TCC-Autonomous-Ship/src/main_ws/src/install/Lib/site-packages/path_following_interfaces/msg
-- Up-to-date: C:/TCC-Autonomous-Ship/src/main_ws/src/install/Lib/site-packages/path_following_interfaces/msg/_control.py
-- Up-to-date: C:/TCC-Autonomous-Ship/src/main_ws/src/install/Lib/site-packages/path_following_interfaces/msg/_control_s.c
-- Up-to-date: C:/TCC-Autonomous-Ship/src/main_ws/src/install/Lib/site-packages/path_following_interfaces/msg/_position.py
-- Up-to-date: C:/TCC-Autonomous-Ship/src/main_ws/src/install/Lib/site-packages/path_following_interfaces/msg/_positions_xy.py
-- Up-to-date: C:/TCC-Autonomous-Ship/src/main_ws/src/install/Lib/site-packages/path_following_interfaces/msg/_positions_xy_s.c
-- Up-to-date: C:/TCC-Autonomous-Ship/src/main_ws/src/install/Lib/site-packages/path_following_interfaces/msg/_position_s.c
-- Up-to-date: C:/TCC-Autonomous-Ship/src/main_ws/src/install/Lib/site-packages/path_following_interfaces/msg/_state.py
-- Up-to-date: C:/TCC-Autonomous-Ship/src/main_ws/src/install/Lib/site-packages/path_following_interfaces/msg/_state_s.c
-- Up-to-date: C:/TCC-Autonomous-Ship/src/main_ws/src/install/Lib/site-packages/path_following_interfaces/msg/_velocity.py
-- Up-to-date: C:/TCC-Autonomous-Ship/src/main_ws/src/install/Lib/site-packages/path_following_interfaces/msg/_velocity_s.c
-- Up-to-date: C:/TCC-Autonomous-Ship/src/main_ws/src/install/Lib/site-packages/path_following_interfaces/msg/_waypoints.py
-- Up-to-date: C:/TCC-Autonomous-Ship/src/main_ws/src/install/Lib/site-packages/path_following_interfaces/msg/_waypoints_s.c
-- Up-to-date: C:/TCC-Autonomous-Ship/src/main_ws/src/install/Lib/site-packages/path_following_interfaces/msg/__init__.py
-- Up-to-date: C:/TCC-Autonomous-Ship/src/main_ws/src/install/Lib/site-packages/path_following_interfaces/srv
-- Up-to-date: C:/TCC-Autonomous-Ship/src/main_ws/src/install/Lib/site-packages/path_following_interfaces/srv/_init_values.py
-- Up-to-date: C:/TCC-Autonomous-Ship/src/main_ws/src/install/Lib/site-packages/path_following_interfaces/srv/_init_values_s.c
-- Up-to-date: C:/TCC-Autonomous-Ship/src/main_ws/src/install/Lib/site-packages/path_following_interfaces/srv/__init__.py
-- Up-to-date: C:/TCC-Autonomous-Ship/src/main_ws/src/install/Lib/site-packages/path_following_interfaces/path_following_interfaces_s__rosidl_typesupport_fastrtps_c.lib
-- Up-to-date: C:/TCC-Autonomous-Ship/src/main_ws/src/install/Lib/site-packages/path_following_interfaces/path_following_interfaces_s__rosidl_typesupport_fastrtps_c.pyd
-- Up-to-date: C:/TCC-Autonomous-Ship/src/main_ws/src/install/Lib/site-packages/path_following_interfaces/path_following_interfaces_s__rosidl_typesupport_introspection_c.lib
-- Up-to-date: C:/TCC-Autonomous-Ship/src/main_ws/src/install/Lib/site-packages/path_following_interfaces/path_following_interfaces_s__rosidl_typesupport_introspection_c.pyd
-- Up-to-date: C:/TCC-Autonomous-Ship/src/main_ws/src/install/Lib/site-packages/path_following_interfaces/path_following_interfaces_s__rosidl_typesupport_c.lib
-- Up-to-date: C:/TCC-Autonomous-Ship/src/main_ws/src/install/Lib/site-packages/path_following_interfaces/path_following_interfaces_s__rosidl_typesupport_c.pyd
-- Up-to-date: C:/TCC-Autonomous-Ship/src/main_ws/src/install/lib/path_following_interfaces__python.lib
-- Up-to-date: C:/TCC-Autonomous-Ship/src/main_ws/src/install/bin/path_following_interfaces__python.dll
-- Up-to-date: C:/TCC-Autonomous-Ship/src/main_ws/src/install/share/path_following_interfaces/msg/Position.idl
-- Up-to-date: C:/TCC-Autonomous-Ship/src/main_ws/src/install/share/path_following_interfaces/msg/Velocity.idl
-- Up-to-date: C:/TCC-Autonomous-Ship/src/main_ws/src/install/share/path_following_interfaces/msg/State.idl
-- Up-to-date: C:/TCC-Autonomous-Ship/src/main_ws/src/install/share/path_following_interfaces/msg/PositionsXY.idl
-- Up-to-date: C:/TCC-Autonomous-Ship/src/main_ws/src/install/share/path_following_interfaces/msg/Waypoints.idl
-- Up-to-date: C:/TCC-Autonomous-Ship/src/main_ws/src/install/share/path_following_interfaces/msg/Control.idl
-- Up-to-date: C:/TCC-Autonomous-Ship/src/main_ws/src/install/share/path_following_interfaces/srv/InitValues.idl
-- Up-to-date: C:/TCC-Autonomous-Ship/src/main_ws/src/install/share/path_following_interfaces/msg/Position.msg
-- Up-to-date: C:/TCC-Autonomous-Ship/src/main_ws/src/install/share/path_following_interfaces/msg/Velocity.msg
-- Up-to-date: C:/TCC-Autonomous-Ship/src/main_ws/src/install/share/path_following_interfaces/msg/State.msg
-- Up-to-date: C:/TCC-Autonomous-Ship/src/main_ws/src/install/share/path_following_interfaces/msg/PositionsXY.msg
-- Up-to-date: C:/TCC-Autonomous-Ship/src/main_ws/src/install/share/path_following_interfaces/msg/Waypoints.msg
-- Up-to-date: C:/TCC-Autonomous-Ship/src/main_ws/src/install/share/path_following_interfaces/msg/Control.msg
-- Up-to-date: C:/TCC-Autonomous-Ship/src/main_ws/src/install/share/path_following_interfaces/srv/InitValues.srv
-- Up-to-date: C:/TCC-Autonomous-Ship/src/main_ws/src/install/share/path_following_interfaces/srv/InitValues_Request.msg
-- Up-to-date: C:/TCC-Autonomous-Ship/src/main_ws/src/install/share/path_following_interfaces/srv/InitValues_Response.msg
-- Up-to-date: C:/TCC-Autonomous-Ship/src/main_ws/src/install/share/ament_index/resource_index/package_run_dependencies/path_following_interfaces
-- Installing: C:/TCC-Autonomous-Ship/src/main_ws/src/install/share/ament_index/resource_index/parent_prefix_path/path_following_interfaces
-- Up-to-date: C:/TCC-Autonomous-Ship/src/main_ws/src/install/share/path_following_interfaces/environment/ament_prefix_path.bat
-- Installing: C:/TCC-Autonomous-Ship/src/main_ws/src/install/share/path_following_interfaces/environment/ament_prefix_path.dsv
-- Up-to-date: C:/TCC-Autonomous-Ship/src/main_ws/src/install/share/path_following_interfaces/environment/path.bat
-- Installing: C:/TCC-Autonomous-Ship/src/main_ws/src/install/share/path_following_interfaces/environment/path.dsv
-- Up-to-date: C:/TCC-Autonomous-Ship/src/main_ws/src/install/share/path_following_interfaces/local_setup.bat
-- Installing: C:/TCC-Autonomous-Ship/src/main_ws/src/install/share/path_following_interfaces/local_setup.dsv
-- Installing: C:/TCC-Autonomous-Ship/src/main_ws/src/install/share/path_following_interfaces/package.dsv
-- Up-to-date: C:/TCC-Autonomous-Ship/src/main_ws/src/install/share/ament_index/resource_index/packages/path_following_interfaces
-- Up-to-date: C:/TCC-Autonomous-Ship/src/main_ws/src/install/share/path_following_interfaces/cmake/path_following_interfaces__rosidl_generator_cExport.cmake
-- Up-to-date: C:/TCC-Autonomous-Ship/src/main_ws/src/install/share/path_following_interfaces/cmake/path_following_interfaces__rosidl_generator_cExport-release.cmake
-- Up-to-date: C:/TCC-Autonomous-Ship/src/main_ws/src/install/share/path_following_interfaces/cmake/path_following_interfaces__rosidl_typesupport_introspection_cExport.cmake
-- Up-to-date: C:/TCC-Autonomous-Ship/src/main_ws/src/install/share/path_following_interfaces/cmake/path_following_interfaces__rosidl_typesupport_introspection_cExport-release.cmake
-- Up-to-date: C:/TCC-Autonomous-Ship/src/main_ws/src/install/share/path_following_interfaces/cmake/path_following_interfaces__rosidl_typesupport_cExport.cmake
-- Up-to-date: C:/TCC-Autonomous-Ship/src/main_ws/src/install/share/path_following_interfaces/cmake/path_following_interfaces__rosidl_typesupport_cExport-release.cmake
-- Up-to-date: C:/TCC-Autonomous-Ship/src/main_ws/src/install/share/path_following_interfaces/cmake/path_following_interfaces__rosidl_generator_cppExport.cmake
-- Up-to-date: C:/TCC-Autonomous-Ship/src/main_ws/src/install/share/path_following_interfaces/cmake/path_following_interfaces__rosidl_typesupport_introspection_cppExport.cmake
-- Up-to-date: C:/TCC-Autonomous-Ship/src/main_ws/src/install/share/path_following_interfaces/cmake/path_following_interfaces__rosidl_typesupport_introspection_cppExport-release.cmake
-- Up-to-date: C:/TCC-Autonomous-Ship/src/main_ws/src/install/share/path_following_interfaces/cmake/path_following_interfaces__rosidl_typesupport_cppExport.cmake
-- Up-to-date: C:/TCC-Autonomous-Ship/src/main_ws/src/install/share/path_following_interfaces/cmake/path_following_interfaces__rosidl_typesupport_cppExport-release.cmake
-- Up-to-date: C:/TCC-Autonomous-Ship/src/main_ws/src/install/share/path_following_interfaces/cmake/rosidl_cmake-extras.cmake
-- Up-to-date: C:/TCC-Autonomous-Ship/src/main_ws/src/install/share/path_following_interfaces/cmake/ament_cmake_export_dependencies-extras.cmake
-- Up-to-date: C:/TCC-Autonomous-Ship/src/main_ws/src/install/share/path_following_interfaces/cmake/ament_cmake_export_libraries-extras.cmake
-- Up-to-date: C:/TCC-Autonomous-Ship/src/main_ws/src/install/share/path_following_interfaces/cmake/ament_cmake_export_targets-extras.cmake
-- Up-to-date: C:/TCC-Autonomous-Ship/src/main_ws/src/install/share/path_following_interfaces/cmake/ament_cmake_export_include_directories-extras.cmake
-- Up-to-date: C:/TCC-Autonomous-Ship/src/main_ws/src/install/share/path_following_interfaces/cmake/rosidl_cmake_export_typesupport_libraries-extras.cmake
-- Up-to-date: C:/TCC-Autonomous-Ship/src/main_ws/src/install/share/path_following_interfaces/cmake/rosidl_cmake_export_typesupport_targets-extras.cmake
-- Up-to-date: C:/TCC-Autonomous-Ship/src/main_ws/src/install/share/path_following_interfaces/cmake/path_following_interfacesConfig.cmake
-- Up-to-date: C:/TCC-Autonomous-Ship/src/main_ws/src/install/share/path_following_interfaces/cmake/path_following_interfacesConfig-version.cmake
-- Up-to-date: C:/TCC-Autonomous-Ship/src/main_ws/src/install/share/path_following_interfaces/package.xml
